<?xml version="1.0" encoding="UTF-8"?>
<testsuite xmlns:xsi="http://www.w3.org/2001/XMLSchema-instance" xsi:noNamespaceSchemaLocation="https://maven.apache.org/surefire/maven-surefire-plugin/xsd/surefire-test-report-3.0.xsd" version="3.0" name="TestSuite" time="1789.649" tests="43" errors="0" skipped="0" failures="0">
  <properties>
    <property name="sun.desktop" value="windows"/>
    <property name="awt.toolkit" value="sun.awt.windows.WToolkit"/>
    <property name="file.encoding.pkg" value="sun.io"/>
    <property name="java.specification.version" value="1.8"/>
    <property name="webdriver.chrome.driver" value="C:\Users\vs106039\.cache\selenium\chromedriver\win64\122.0.6261.111\chromedriver.exe"/>
    <property name="sun.cpu.isalist" value="amd64"/>
    <property name="sun.jnu.encoding" value="Cp1252"/>
    <property name="java.class.path" value="C:\ISG_Automation\ISG_Latest\qa_automation_isgngs_com\target\test-classes;C:\ISG_Automation\ISG_Latest\qa_automation_isgngs_com\target\classes;C:\Users\vs106039\.m2\repository\org\slf4j\slf4j-simple\1.6.1\slf4j-simple-1.6.1.jar;C:\Users\vs106039\.m2\repository\org\slf4j\slf4j-api\1.6.1\slf4j-api-1.6.1.jar;C:\Users\vs106039\.m2\repository\com\aventstack\extentreports\4.0.9\extentreports-4.0.9.jar;C:\Users\vs106039\.m2\repository\org\freemarker\freemarker\2.3.23\freemarker-2.3.23.jar;C:\Users\vs106039\.m2\repository\org\mongodb\mongodb-driver\3.3.0\mongodb-driver-3.3.0.jar;C:\Users\vs106039\.m2\repository\org\mongodb\mongodb-driver-core\3.3.0\mongodb-driver-core-3.3.0.jar;C:\Users\vs106039\.m2\repository\org\mongodb\bson\3.3.0\bson-3.3.0.jar;C:\Users\vs106039\.m2\repository\org\apache\httpcomponents\httpclient\4.5.2\httpclient-4.5.2.jar;C:\Users\vs106039\.m2\repository\org\apache\httpcomponents\httpcore\4.4.4\httpcore-4.4.4.jar;C:\Users\vs106039\.m2\repository\commons-codec\commons-codec\1.9\commons-codec-1.9.jar;C:\Users\vs106039\.m2\repository\org\apache\httpcomponents\httpmime\4.5.2\httpmime-4.5.2.jar;C:\Users\vs106039\.m2\repository\com\google\code\gson\gson\2.8.5\gson-2.8.5.jar;C:\Users\vs106039\.m2\repository\com\relevantcodes\extentreports\2.41.2\extentreports-2.41.2.jar;C:\Users\vs106039\.m2\repository\org\jsoup\jsoup\1.8.3\jsoup-1.8.3.jar;C:\Users\vs106039\.m2\repository\org\xerial\sqlite-jdbc\3.8.11.1\sqlite-jdbc-3.8.11.1.jar;C:\Users\vs106039\.m2\repository\org\testng\testng\6.14.3\testng-6.14.3.jar;C:\Users\vs106039\.m2\repository\com\beust\jcommander\1.72\jcommander-1.72.jar;C:\Users\vs106039\.m2\repository\org\apache-extras\beanshell\bsh\2.0b6\bsh-2.0b6.jar;C:\Users\vs106039\.m2\repository\io\appium\java-client\7.6.0\java-client-7.6.0.jar;C:\Users\vs106039\.m2\repository\org\seleniumhq\selenium\selenium-java\3.141.59\selenium-java-3.141.59.jar;C:\Users\vs106039\.m2\repository\org\seleniumhq\selenium\selenium-chrome-driver\3.141.59\selenium-chrome-driver-3.141.59.jar;C:\Users\vs106039\.m2\repository\org\seleniumhq\selenium\selenium-edge-driver\3.141.59\selenium-edge-driver-3.141.59.jar;C:\Users\vs106039\.m2\repository\org\seleniumhq\selenium\selenium-firefox-driver\3.141.59\selenium-firefox-driver-3.141.59.jar;C:\Users\vs106039\.m2\repository\org\seleniumhq\selenium\selenium-ie-driver\3.141.59\selenium-ie-driver-3.141.59.jar;C:\Users\vs106039\.m2\repository\org\seleniumhq\selenium\selenium-opera-driver\3.141.59\selenium-opera-driver-3.141.59.jar;C:\Users\vs106039\.m2\repository\org\seleniumhq\selenium\selenium-remote-driver\3.141.59\selenium-remote-driver-3.141.59.jar;C:\Users\vs106039\.m2\repository\org\seleniumhq\selenium\selenium-safari-driver\3.141.59\selenium-safari-driver-3.141.59.jar;C:\Users\vs106039\.m2\repository\net\bytebuddy\byte-buddy\1.8.15\byte-buddy-1.8.15.jar;C:\Users\vs106039\.m2\repository\org\apache\commons\commons-exec\1.3\commons-exec-1.3.jar;C:\Users\vs106039\.m2\repository\com\squareup\okhttp3\okhttp\3.11.0\okhttp-3.11.0.jar;C:\Users\vs106039\.m2\repository\com\squareup\okio\okio\1.14.0\okio-1.14.0.jar;C:\Users\vs106039\.m2\repository\org\seleniumhq\selenium\selenium-support\3.141.59\selenium-support-3.141.59.jar;C:\Users\vs106039\.m2\repository\org\seleniumhq\selenium\selenium-api\3.141.59\selenium-api-3.141.59.jar;C:\Users\vs106039\.m2\repository\cglib\cglib\3.3.0\cglib-3.3.0.jar;C:\Users\vs106039\.m2\repository\org\ow2\asm\asm\7.1\asm-7.1.jar;C:\Users\vs106039\.m2\repository\commons-validator\commons-validator\1.7\commons-validator-1.7.jar;C:\Users\vs106039\.m2\repository\commons-digester\commons-digester\2.1\commons-digester-2.1.jar;C:\Users\vs106039\.m2\repository\commons-collections\commons-collections\3.2.2\commons-collections-3.2.2.jar;C:\Users\vs106039\.m2\repository\org\apache\commons\commons-lang3\3.12.0\commons-lang3-3.12.0.jar;C:\Users\vs106039\.m2\repository\org\springframework\spring-context\5.3.10\spring-context-5.3.10.jar;C:\Users\vs106039\.m2\repository\org\springframework\spring-aop\5.3.10\spring-aop-5.3.10.jar;C:\Users\vs106039\.m2\repository\org\springframework\spring-beans\5.3.10\spring-beans-5.3.10.jar;C:\Users\vs106039\.m2\repository\org\springframework\spring-core\5.3.10\spring-core-5.3.10.jar;C:\Users\vs106039\.m2\repository\org\springframework\spring-jcl\5.3.10\spring-jcl-5.3.10.jar;C:\Users\vs106039\.m2\repository\org\springframework\spring-expression\5.3.10\spring-expression-5.3.10.jar;C:\Users\vs106039\.m2\repository\org\aspectj\aspectjweaver\1.9.7\aspectjweaver-1.9.7.jar;C:\Users\vs106039\.m2\repository\org\java-websocket\Java-WebSocket\1.5.3\Java-WebSocket-1.5.3.jar;C:\Users\vs106039\.m2\repository\io\cucumber\cucumber-testng\4.2.0\cucumber-testng-4.2.0.jar;C:\Users\vs106039\.m2\repository\io\cucumber\cucumber-core\4.2.0\cucumber-core-4.2.0.jar;C:\Users\vs106039\.m2\repository\io\cucumber\cucumber-html\0.2.7\cucumber-html-0.2.7.jar;C:\Users\vs106039\.m2\repository\io\cucumber\tag-expressions\1.1.1\tag-expressions-1.1.1.jar;C:\Users\vs106039\.m2\repository\io\cucumber\cucumber-expressions\6.2.0\cucumber-expressions-6.2.0.jar;C:\Users\vs106039\.m2\repository\io\cucumber\datatable\1.1.7\datatable-1.1.7.jar;C:\Users\vs106039\.m2\repository\io\cucumber\datatable-dependencies\1.1.7\datatable-dependencies-1.1.7.jar;C:\Users\vs106039\.m2\repository\io\cucumber\cucumber-picocontainer\4.2.0\cucumber-picocontainer-4.2.0.jar;C:\Users\vs106039\.m2\repository\io\cucumber\gherkin\5.1.0\gherkin-5.1.0.jar;C:\Users\vs106039\.m2\repository\org\picocontainer\picocontainer\2.15\picocontainer-2.15.jar;C:\Users\vs106039\.m2\repository\io\cucumber\cucumber-java\4.2.0\cucumber-java-4.2.0.jar;C:\Users\vs106039\.m2\repository\io\cucumber\cucumber-jvm-deps\1.0.6\cucumber-jvm-deps-1.0.6.jar;C:\Users\vs106039\.m2\repository\net\masterthought\cucumber-reporting\3.8.0\cucumber-reporting-3.8.0.jar;C:\Users\vs106039\.m2\repository\org\apache\logging\log4j\log4j-api\2.6\log4j-api-2.6.jar;C:\Users\vs106039\.m2\repository\org\apache\logging\log4j\log4j-core\2.6\log4j-core-2.6.jar;C:\Users\vs106039\.m2\repository\org\apache\velocity\velocity\1.7\velocity-1.7.jar;C:\Users\vs106039\.m2\repository\commons-lang\commons-lang\2.4\commons-lang-2.4.jar;C:\Users\vs106039\.m2\repository\velocity-tools\velocity-tools\1.4\velocity-tools-1.4.jar;C:\Users\vs106039\.m2\repository\joda-time\joda-time\2.9.6\joda-time-2.9.6.jar;C:\Users\vs106039\.m2\repository\net\lingala\zip4j\zip4j\1.3.2\zip4j-1.3.2.jar;C:\Users\vs106039\.m2\repository\org\codehaus\plexus\plexus-utils\3.0.24\plexus-utils-3.0.24.jar;C:\Users\vs106039\.m2\repository\com\googlecode\owasp-java-html-sanitizer\owasp-java-html-sanitizer\20160924.1\owasp-java-html-sanitizer-20160924.1.jar;C:\Users\vs106039\.m2\repository\org\apache\poi\poi-ooxml\3.9\poi-ooxml-3.9.jar;C:\Users\vs106039\.m2\repository\org\apache\poi\poi\3.9\poi-3.9.jar;C:\Users\vs106039\.m2\repository\org\apache\poi\poi-ooxml-schemas\3.9\poi-ooxml-schemas-3.9.jar;C:\Users\vs106039\.m2\repository\org\apache\xmlbeans\xmlbeans\2.3.0\xmlbeans-2.3.0.jar;C:\Users\vs106039\.m2\repository\stax\stax-api\1.0.1\stax-api-1.0.1.jar;C:\Users\vs106039\.m2\repository\dom4j\dom4j\1.6.1\dom4j-1.6.1.jar;C:\Users\vs106039\.m2\repository\xml-apis\xml-apis\1.0.b2\xml-apis-1.0.b2.jar;C:\Users\vs106039\.m2\repository\org\apache\pdfbox\pdfbox\2.0.11\pdfbox-2.0.11.jar;C:\Users\vs106039\.m2\repository\org\apache\pdfbox\fontbox\2.0.11\fontbox-2.0.11.jar;C:\Users\vs106039\.m2\repository\commons-logging\commons-logging\1.2\commons-logging-1.2.jar;C:\Users\vs106039\.m2\repository\junit\junit\4.12\junit-4.12.jar;C:\Users\vs106039\.m2\repository\org\hamcrest\hamcrest-core\1.3\hamcrest-core-1.3.jar;C:\Users\vs106039\.m2\repository\com\codoid\products\fillo\1.16\fillo-1.16.jar;C:\Users\vs106039\.m2\repository\net\lightbody\bmp\browsermob-core\2.1.5\browsermob-core-2.1.5.jar;C:\Users\vs106039\.m2\repository\net\lightbody\bmp\littleproxy\1.1.0-beta-bmp-17\littleproxy-1.1.0-beta-bmp-17.jar;C:\Users\vs106039\.m2\repository\dnsjava\dnsjava\2.1.8\dnsjava-2.1.8.jar;C:\Users\vs106039\.m2\repository\org\slf4j\jcl-over-slf4j\1.7.25\jcl-over-slf4j-1.7.25.jar;C:\Users\vs106039\.m2\repository\com\jcraft\jzlib\1.1.3\jzlib-1.1.3.jar;C:\Users\vs106039\.m2\repository\io\netty\netty-all\4.0.51.Final\netty-all-4.0.51.Final.jar;C:\Users\vs106039\.m2\repository\org\bouncycastle\bcprov-jdk15on\1.58\bcprov-jdk15on-1.58.jar;C:\Users\vs106039\.m2\repository\org\bouncycastle\bcpkix-jdk15on\1.58\bcpkix-jdk15on-1.58.jar;C:\Users\vs106039\.m2\repository\net\lightbody\bmp\mitm\2.1.5\mitm-2.1.5.jar;C:\Users\vs106039\.m2\repository\com\google\guava\guava\26.0-jre\guava-26.0-jre.jar;C:\Users\vs106039\.m2\repository\com\google\code\findbugs\jsr305\3.0.2\jsr305-3.0.2.jar;C:\Users\vs106039\.m2\repository\org\checkerframework\checker-qual\2.5.2\checker-qual-2.5.2.jar;C:\Users\vs106039\.m2\repository\com\google\errorprone\error_prone_annotations\2.1.3\error_prone_annotations-2.1.3.jar;C:\Users\vs106039\.m2\repository\com\google\j2objc\j2objc-annotations\1.1\j2objc-annotations-1.1.jar;C:\Users\vs106039\.m2\repository\org\codehaus\mojo\animal-sniffer-annotations\1.14\animal-sniffer-annotations-1.14.jar;C:\Users\vs106039\.m2\repository\org\glassfish\jersey\inject\jersey-hk2\2.27\jersey-hk2-2.27.jar;C:\Users\vs106039\.m2\repository\org\glassfish\hk2\hk2-locator\2.5.0-b42\hk2-locator-2.5.0-b42.jar;C:\Users\vs106039\.m2\repository\org\glassfish\hk2\external\aopalliance-repackaged\2.5.0-b42\aopalliance-repackaged-2.5.0-b42.jar;C:\Users\vs106039\.m2\repository\org\glassfish\hk2\hk2-api\2.5.0-b42\hk2-api-2.5.0-b42.jar;C:\Users\vs106039\.m2\repository\javax\inject\javax.inject\1\javax.inject-1.jar;C:\Users\vs106039\.m2\repository\org\glassfish\hk2\hk2-utils\2.5.0-b42\hk2-utils-2.5.0-b42.jar;C:\Users\vs106039\.m2\repository\org\javassist\javassist\3.22.0-CR2\javassist-3.22.0-CR2.jar;C:\Users\vs106039\.m2\repository\org\eclipse\jetty\jetty-servlet\9.4.11.v20180605\jetty-servlet-9.4.11.v20180605.jar;C:\Users\vs106039\.m2\repository\org\eclipse\jetty\jetty-security\9.4.11.v20180605\jetty-security-9.4.11.v20180605.jar;C:\Users\vs106039\.m2\repository\org\eclipse\jetty\jetty-server\9.4.11.v20180605\jetty-server-9.4.11.v20180605.jar;C:\Users\vs106039\.m2\repository\javax\servlet\javax.servlet-api\3.1.0\javax.servlet-api-3.1.0.jar;C:\Users\vs106039\.m2\repository\org\eclipse\jetty\jetty-http\9.4.11.v20180605\jetty-http-9.4.11.v20180605.jar;C:\Users\vs106039\.m2\repository\org\eclipse\jetty\jetty-util\9.4.11.v20180605\jetty-util-9.4.11.v20180605.jar;C:\Users\vs106039\.m2\repository\org\eclipse\jetty\jetty-io\9.4.11.v20180605\jetty-io-9.4.11.v20180605.jar;C:\Users\vs106039\.m2\repository\org\eclipse\jetty\jetty-http-spi\9.4.11.v20180605\jetty-http-spi-9.4.11.v20180605.jar;C:\Users\vs106039\.m2\repository\commons-io\commons-io\2.5\commons-io-2.5.jar;C:\Users\vs106039\.m2\repository\org\glassfish\jersey\core\jersey-server\2.27\jersey-server-2.27.jar;C:\Users\vs106039\.m2\repository\org\glassfish\jersey\core\jersey-client\2.27\jersey-client-2.27.jar;C:\Users\vs106039\.m2\repository\javax\ws\rs\javax.ws.rs-api\2.1\javax.ws.rs-api-2.1.jar;C:\Users\vs106039\.m2\repository\org\glassfish\jersey\media\jersey-media-jaxb\2.27\jersey-media-jaxb-2.27.jar;C:\Users\vs106039\.m2\repository\javax\annotation\javax.annotation-api\1.2\javax.annotation-api-1.2.jar;C:\Users\vs106039\.m2\repository\org\glassfish\hk2\external\javax.inject\2.5.0-b42\javax.inject-2.5.0-b42.jar;C:\Users\vs106039\.m2\repository\javax\validation\validation-api\1.1.0.Final\validation-api-1.1.0.Final.jar;C:\Users\vs106039\.m2\repository\org\glassfish\jersey\containers\jersey-container-servlet-core\2.27\jersey-container-servlet-core-2.27.jar;C:\Users\vs106039\.m2\repository\org\glassfish\jersey\core\jersey-common\2.27\jersey-common-2.27.jar;C:\Users\vs106039\.m2\repository\org\glassfish\hk2\osgi-resource-locator\1.0.1\osgi-resource-locator-1.0.1.jar;C:\Users\vs106039\.m2\repository\com\sun\jersey\jersey-client\1.19.4\jersey-client-1.19.4.jar;C:\Users\vs106039\.m2\repository\com\sun\jersey\jersey-core\1.19.4\jersey-core-1.19.4.jar;C:\Users\vs106039\.m2\repository\javax\ws\rs\jsr311-api\1.1.1\jsr311-api-1.1.1.jar;C:\Users\vs106039\.m2\repository\org\glassfish\jersey\media\jersey-media-multipart\2.27\jersey-media-multipart-2.27.jar;C:\Users\vs106039\.m2\repository\org\jvnet\mimepull\mimepull\1.9.6\mimepull-1.9.6.jar;C:\Users\vs106039\.m2\repository\org\json\json\20180130\json-20180130.jar;C:\Users\vs106039\.m2\repository\com\googlecode\json-simple\json-simple\1.1.1\json-simple-1.1.1.jar;C:\Users\vs106039\.m2\repository\com\networknt\json-schema-validator\1.0.72\json-schema-validator-1.0.72.jar;C:\Users\vs106039\.m2\repository\com\ethlo\time\itu\1.7.0\itu-1.7.0.jar;C:\Users\vs106039\.m2\repository\org\glassfish\jersey\media\jersey-media-json-jackson\2.27\jersey-media-json-jackson-2.27.jar;C:\Users\vs106039\.m2\repository\org\glassfish\jersey\ext\jersey-entity-filtering\2.27\jersey-entity-filtering-2.27.jar;C:\Users\vs106039\.m2\repository\com\fasterxml\jackson\module\jackson-module-jaxb-annotations\2.8.10\jackson-module-jaxb-annotations-2.8.10.jar;C:\Users\vs106039\.m2\repository\com\opencsv\opencsv\4.2\opencsv-4.2.jar;C:\Users\vs106039\.m2\repository\org\apache\commons\commons-text\1.3\commons-text-1.3.jar;C:\Users\vs106039\.m2\repository\commons-beanutils\commons-beanutils\1.9.3\commons-beanutils-1.9.3.jar;C:\Users\vs106039\.m2\repository\org\apache\commons\commons-collections4\4.1\commons-collections4-4.1.jar;C:\Users\vs106039\.m2\repository\org\glassfish\jersey\containers\jersey-container-simple-http\2.27\jersey-container-simple-http-2.27.jar;C:\Users\vs106039\.m2\repository\org\simpleframework\simple-http\6.0.1\simple-http-6.0.1.jar;C:\Users\vs106039\.m2\repository\org\simpleframework\simple-transport\6.0.1\simple-transport-6.0.1.jar;C:\Users\vs106039\.m2\repository\org\simpleframework\simple-common\6.0.1\simple-common-6.0.1.jar;C:\Users\vs106039\.m2\repository\com\fasterxml\jackson\core\jackson-core\2.9.6\jackson-core-2.9.6.jar;C:\Users\vs106039\.m2\repository\com\fasterxml\jackson\core\jackson-databind\2.9.6\jackson-databind-2.9.6.jar;C:\Users\vs106039\.m2\repository\com\fasterxml\jackson\core\jackson-annotations\2.9.6\jackson-annotations-2.9.6.jar;C:\Users\vs106039\.m2\repository\io\github\bonigarcia\webdrivermanager\5.5.3\webdrivermanager-5.5.3.jar;C:\Users\vs106039\.m2\repository\com\github\docker-java\docker-java\3.3.3\docker-java-3.3.3.jar;C:\Users\vs106039\.m2\repository\com\github\docker-java\docker-java-core\3.3.3\docker-java-core-3.3.3.jar;C:\Users\vs106039\.m2\repository\com\github\docker-java\docker-java-api\3.3.3\docker-java-api-3.3.3.jar;C:\Users\vs106039\.m2\repository\org\apache\commons\commons-compress\1.21\commons-compress-1.21.jar;C:\Users\vs106039\.m2\repository\org\bouncycastle\bcpkix-jdk18on\1.75\bcpkix-jdk18on-1.75.jar;C:\Users\vs106039\.m2\repository\org\bouncycastle\bcprov-jdk18on\1.75\bcprov-jdk18on-1.75.jar;C:\Users\vs106039\.m2\repository\org\bouncycastle\bcutil-jdk18on\1.75\bcutil-jdk18on-1.75.jar;C:\Users\vs106039\.m2\repository\com\github\docker-java\docker-java-transport-httpclient5\3.3.3\docker-java-transport-httpclient5-3.3.3.jar;C:\Users\vs106039\.m2\repository\com\github\docker-java\docker-java-transport\3.3.3\docker-java-transport-3.3.3.jar;C:\Users\vs106039\.m2\repository\net\java\dev\jna\jna\5.12.1\jna-5.12.1.jar;C:\Users\vs106039\.m2\repository\org\brotli\dec\0.1.2\dec-0.1.2.jar;C:\Users\vs106039\.m2\repository\org\apache\httpcomponents\client5\httpclient5\5.2.1\httpclient5-5.2.1.jar;C:\Users\vs106039\.m2\repository\org\apache\httpcomponents\core5\httpcore5\5.2\httpcore5-5.2.jar;C:\Users\vs106039\.m2\repository\org\apache\httpcomponents\core5\httpcore5-h2\5.2\httpcore5-h2-5.2.jar;"/>
    <property name="java.vm.vendor" value="Oracle Corporation"/>
    <property name="sun.arch.data.model" value="64"/>
    <property name="user.variant" value=""/>
    <property name="java.vendor.url" value="http://java.oracle.com/"/>
    <property name="user.timezone" value="Asia/Calcutta"/>
    <property name="java.vm.specification.version" value="1.8"/>
    <property name="os.name" value="Windows 10"/>
    <property name="user.country" value="US"/>
    <property name="sun.java.launcher" value="SUN_STANDARD"/>
    <property name="sun.boot.library.path" value="C:\Program Files\Java\jdk1.8.0_221\jre\bin"/>
    <property name="sun.java.command" value="C:\Users\vs106039\AppData\Local\Temp\surefire5495239357243938798\surefirebooter-20240312131746612_3.jar C:\Users\vs106039\AppData\Local\Temp\surefire5495239357243938798 2024-03-12T13-17-46_013-jvmRun1 surefire-20240312131746612_1tmp surefire_0-20240312131746612_2tmp"/>
    <property name="surefire.test.class.path" value="C:\ISG_Automation\ISG_Latest\qa_automation_isgngs_com\target\test-classes;C:\ISG_Automation\ISG_Latest\qa_automation_isgngs_com\target\classes;C:\Users\vs106039\.m2\repository\org\slf4j\slf4j-simple\1.6.1\slf4j-simple-1.6.1.jar;C:\Users\vs106039\.m2\repository\org\slf4j\slf4j-api\1.6.1\slf4j-api-1.6.1.jar;C:\Users\vs106039\.m2\repository\com\aventstack\extentreports\4.0.9\extentreports-4.0.9.jar;C:\Users\vs106039\.m2\repository\org\freemarker\freemarker\2.3.23\freemarker-2.3.23.jar;C:\Users\vs106039\.m2\repository\org\mongodb\mongodb-driver\3.3.0\mongodb-driver-3.3.0.jar;C:\Users\vs106039\.m2\repository\org\mongodb\mongodb-driver-core\3.3.0\mongodb-driver-core-3.3.0.jar;C:\Users\vs106039\.m2\repository\org\mongodb\bson\3.3.0\bson-3.3.0.jar;C:\Users\vs106039\.m2\repository\org\apache\httpcomponents\httpclient\4.5.2\httpclient-4.5.2.jar;C:\Users\vs106039\.m2\repository\org\apache\httpcomponents\httpcore\4.4.4\httpcore-4.4.4.jar;C:\Users\vs106039\.m2\repository\commons-codec\commons-codec\1.9\commons-codec-1.9.jar;C:\Users\vs106039\.m2\repository\org\apache\httpcomponents\httpmime\4.5.2\httpmime-4.5.2.jar;C:\Users\vs106039\.m2\repository\com\google\code\gson\gson\2.8.5\gson-2.8.5.jar;C:\Users\vs106039\.m2\repository\com\relevantcodes\extentreports\2.41.2\extentreports-2.41.2.jar;C:\Users\vs106039\.m2\repository\org\jsoup\jsoup\1.8.3\jsoup-1.8.3.jar;C:\Users\vs106039\.m2\repository\org\xerial\sqlite-jdbc\3.8.11.1\sqlite-jdbc-3.8.11.1.jar;C:\Users\vs106039\.m2\repository\org\testng\testng\6.14.3\testng-6.14.3.jar;C:\Users\vs106039\.m2\repository\com\beust\jcommander\1.72\jcommander-1.72.jar;C:\Users\vs106039\.m2\repository\org\apache-extras\beanshell\bsh\2.0b6\bsh-2.0b6.jar;C:\Users\vs106039\.m2\repository\io\appium\java-client\7.6.0\java-client-7.6.0.jar;C:\Users\vs106039\.m2\repository\org\seleniumhq\selenium\selenium-java\3.141.59\selenium-java-3.141.59.jar;C:\Users\vs106039\.m2\repository\org\seleniumhq\selenium\selenium-chrome-driver\3.141.59\selenium-chrome-driver-3.141.59.jar;C:\Users\vs106039\.m2\repository\org\seleniumhq\selenium\selenium-edge-driver\3.141.59\selenium-edge-driver-3.141.59.jar;C:\Users\vs106039\.m2\repository\org\seleniumhq\selenium\selenium-firefox-driver\3.141.59\selenium-firefox-driver-3.141.59.jar;C:\Users\vs106039\.m2\repository\org\seleniumhq\selenium\selenium-ie-driver\3.141.59\selenium-ie-driver-3.141.59.jar;C:\Users\vs106039\.m2\repository\org\seleniumhq\selenium\selenium-opera-driver\3.141.59\selenium-opera-driver-3.141.59.jar;C:\Users\vs106039\.m2\repository\org\seleniumhq\selenium\selenium-remote-driver\3.141.59\selenium-remote-driver-3.141.59.jar;C:\Users\vs106039\.m2\repository\org\seleniumhq\selenium\selenium-safari-driver\3.141.59\selenium-safari-driver-3.141.59.jar;C:\Users\vs106039\.m2\repository\net\bytebuddy\byte-buddy\1.8.15\byte-buddy-1.8.15.jar;C:\Users\vs106039\.m2\repository\org\apache\commons\commons-exec\1.3\commons-exec-1.3.jar;C:\Users\vs106039\.m2\repository\com\squareup\okhttp3\okhttp\3.11.0\okhttp-3.11.0.jar;C:\Users\vs106039\.m2\repository\com\squareup\okio\okio\1.14.0\okio-1.14.0.jar;C:\Users\vs106039\.m2\repository\org\seleniumhq\selenium\selenium-support\3.141.59\selenium-support-3.141.59.jar;C:\Users\vs106039\.m2\repository\org\seleniumhq\selenium\selenium-api\3.141.59\selenium-api-3.141.59.jar;C:\Users\vs106039\.m2\repository\cglib\cglib\3.3.0\cglib-3.3.0.jar;C:\Users\vs106039\.m2\repository\org\ow2\asm\asm\7.1\asm-7.1.jar;C:\Users\vs106039\.m2\repository\commons-validator\commons-validator\1.7\commons-validator-1.7.jar;C:\Users\vs106039\.m2\repository\commons-digester\commons-digester\2.1\commons-digester-2.1.jar;C:\Users\vs106039\.m2\repository\commons-collections\commons-collections\3.2.2\commons-collections-3.2.2.jar;C:\Users\vs106039\.m2\repository\org\apache\commons\commons-lang3\3.12.0\commons-lang3-3.12.0.jar;C:\Users\vs106039\.m2\repository\org\springframework\spring-context\5.3.10\spring-context-5.3.10.jar;C:\Users\vs106039\.m2\repository\org\springframework\spring-aop\5.3.10\spring-aop-5.3.10.jar;C:\Users\vs106039\.m2\repository\org\springframework\spring-beans\5.3.10\spring-beans-5.3.10.jar;C:\Users\vs106039\.m2\repository\org\springframework\spring-core\5.3.10\spring-core-5.3.10.jar;C:\Users\vs106039\.m2\repository\org\springframework\spring-jcl\5.3.10\spring-jcl-5.3.10.jar;C:\Users\vs106039\.m2\repository\org\springframework\spring-expression\5.3.10\spring-expression-5.3.10.jar;C:\Users\vs106039\.m2\repository\org\aspectj\aspectjweaver\1.9.7\aspectjweaver-1.9.7.jar;C:\Users\vs106039\.m2\repository\org\java-websocket\Java-WebSocket\1.5.3\Java-WebSocket-1.5.3.jar;C:\Users\vs106039\.m2\repository\io\cucumber\cucumber-testng\4.2.0\cucumber-testng-4.2.0.jar;C:\Users\vs106039\.m2\repository\io\cucumber\cucumber-core\4.2.0\cucumber-core-4.2.0.jar;C:\Users\vs106039\.m2\repository\io\cucumber\cucumber-html\0.2.7\cucumber-html-0.2.7.jar;C:\Users\vs106039\.m2\repository\io\cucumber\tag-expressions\1.1.1\tag-expressions-1.1.1.jar;C:\Users\vs106039\.m2\repository\io\cucumber\cucumber-expressions\6.2.0\cucumber-expressions-6.2.0.jar;C:\Users\vs106039\.m2\repository\io\cucumber\datatable\1.1.7\datatable-1.1.7.jar;C:\Users\vs106039\.m2\repository\io\cucumber\datatable-dependencies\1.1.7\datatable-dependencies-1.1.7.jar;C:\Users\vs106039\.m2\repository\io\cucumber\cucumber-picocontainer\4.2.0\cucumber-picocontainer-4.2.0.jar;C:\Users\vs106039\.m2\repository\io\cucumber\gherkin\5.1.0\gherkin-5.1.0.jar;C:\Users\vs106039\.m2\repository\org\picocontainer\picocontainer\2.15\picocontainer-2.15.jar;C:\Users\vs106039\.m2\repository\io\cucumber\cucumber-java\4.2.0\cucumber-java-4.2.0.jar;C:\Users\vs106039\.m2\repository\io\cucumber\cucumber-jvm-deps\1.0.6\cucumber-jvm-deps-1.0.6.jar;C:\Users\vs106039\.m2\repository\net\masterthought\cucumber-reporting\3.8.0\cucumber-reporting-3.8.0.jar;C:\Users\vs106039\.m2\repository\org\apache\logging\log4j\log4j-api\2.6\log4j-api-2.6.jar;C:\Users\vs106039\.m2\repository\org\apache\logging\log4j\log4j-core\2.6\log4j-core-2.6.jar;C:\Users\vs106039\.m2\repository\org\apache\velocity\velocity\1.7\velocity-1.7.jar;C:\Users\vs106039\.m2\repository\commons-lang\commons-lang\2.4\commons-lang-2.4.jar;C:\Users\vs106039\.m2\repository\velocity-tools\velocity-tools\1.4\velocity-tools-1.4.jar;C:\Users\vs106039\.m2\repository\joda-time\joda-time\2.9.6\joda-time-2.9.6.jar;C:\Users\vs106039\.m2\repository\net\lingala\zip4j\zip4j\1.3.2\zip4j-1.3.2.jar;C:\Users\vs106039\.m2\repository\org\codehaus\plexus\plexus-utils\3.0.24\plexus-utils-3.0.24.jar;C:\Users\vs106039\.m2\repository\com\googlecode\owasp-java-html-sanitizer\owasp-java-html-sanitizer\20160924.1\owasp-java-html-sanitizer-20160924.1.jar;C:\Users\vs106039\.m2\repository\org\apache\poi\poi-ooxml\3.9\poi-ooxml-3.9.jar;C:\Users\vs106039\.m2\repository\org\apache\poi\poi\3.9\poi-3.9.jar;C:\Users\vs106039\.m2\repository\org\apache\poi\poi-ooxml-schemas\3.9\poi-ooxml-schemas-3.9.jar;C:\Users\vs106039\.m2\repository\org\apache\xmlbeans\xmlbeans\2.3.0\xmlbeans-2.3.0.jar;C:\Users\vs106039\.m2\repository\stax\stax-api\1.0.1\stax-api-1.0.1.jar;C:\Users\vs106039\.m2\repository\dom4j\dom4j\1.6.1\dom4j-1.6.1.jar;C:\Users\vs106039\.m2\repository\xml-apis\xml-apis\1.0.b2\xml-apis-1.0.b2.jar;C:\Users\vs106039\.m2\repository\org\apache\pdfbox\pdfbox\2.0.11\pdfbox-2.0.11.jar;C:\Users\vs106039\.m2\repository\org\apache\pdfbox\fontbox\2.0.11\fontbox-2.0.11.jar;C:\Users\vs106039\.m2\repository\commons-logging\commons-logging\1.2\commons-logging-1.2.jar;C:\Users\vs106039\.m2\repository\junit\junit\4.12\junit-4.12.jar;C:\Users\vs106039\.m2\repository\org\hamcrest\hamcrest-core\1.3\hamcrest-core-1.3.jar;C:\Users\vs106039\.m2\repository\com\codoid\products\fillo\1.16\fillo-1.16.jar;C:\Users\vs106039\.m2\repository\net\lightbody\bmp\browsermob-core\2.1.5\browsermob-core-2.1.5.jar;C:\Users\vs106039\.m2\repository\net\lightbody\bmp\littleproxy\1.1.0-beta-bmp-17\littleproxy-1.1.0-beta-bmp-17.jar;C:\Users\vs106039\.m2\repository\dnsjava\dnsjava\2.1.8\dnsjava-2.1.8.jar;C:\Users\vs106039\.m2\repository\org\slf4j\jcl-over-slf4j\1.7.25\jcl-over-slf4j-1.7.25.jar;C:\Users\vs106039\.m2\repository\com\jcraft\jzlib\1.1.3\jzlib-1.1.3.jar;C:\Users\vs106039\.m2\repository\io\netty\netty-all\4.0.51.Final\netty-all-4.0.51.Final.jar;C:\Users\vs106039\.m2\repository\org\bouncycastle\bcprov-jdk15on\1.58\bcprov-jdk15on-1.58.jar;C:\Users\vs106039\.m2\repository\org\bouncycastle\bcpkix-jdk15on\1.58\bcpkix-jdk15on-1.58.jar;C:\Users\vs106039\.m2\repository\net\lightbody\bmp\mitm\2.1.5\mitm-2.1.5.jar;C:\Users\vs106039\.m2\repository\com\google\guava\guava\26.0-jre\guava-26.0-jre.jar;C:\Users\vs106039\.m2\repository\com\google\code\findbugs\jsr305\3.0.2\jsr305-3.0.2.jar;C:\Users\vs106039\.m2\repository\org\checkerframework\checker-qual\2.5.2\checker-qual-2.5.2.jar;C:\Users\vs106039\.m2\repository\com\google\errorprone\error_prone_annotations\2.1.3\error_prone_annotations-2.1.3.jar;C:\Users\vs106039\.m2\repository\com\google\j2objc\j2objc-annotations\1.1\j2objc-annotations-1.1.jar;C:\Users\vs106039\.m2\repository\org\codehaus\mojo\animal-sniffer-annotations\1.14\animal-sniffer-annotations-1.14.jar;C:\Users\vs106039\.m2\repository\org\glassfish\jersey\inject\jersey-hk2\2.27\jersey-hk2-2.27.jar;C:\Users\vs106039\.m2\repository\org\glassfish\hk2\hk2-locator\2.5.0-b42\hk2-locator-2.5.0-b42.jar;C:\Users\vs106039\.m2\repository\org\glassfish\hk2\external\aopalliance-repackaged\2.5.0-b42\aopalliance-repackaged-2.5.0-b42.jar;C:\Users\vs106039\.m2\repository\org\glassfish\hk2\hk2-api\2.5.0-b42\hk2-api-2.5.0-b42.jar;C:\Users\vs106039\.m2\repository\javax\inject\javax.inject\1\javax.inject-1.jar;C:\Users\vs106039\.m2\repository\org\glassfish\hk2\hk2-utils\2.5.0-b42\hk2-utils-2.5.0-b42.jar;C:\Users\vs106039\.m2\repository\org\javassist\javassist\3.22.0-CR2\javassist-3.22.0-CR2.jar;C:\Users\vs106039\.m2\repository\org\eclipse\jetty\jetty-servlet\9.4.11.v20180605\jetty-servlet-9.4.11.v20180605.jar;C:\Users\vs106039\.m2\repository\org\eclipse\jetty\jetty-security\9.4.11.v20180605\jetty-security-9.4.11.v20180605.jar;C:\Users\vs106039\.m2\repository\org\eclipse\jetty\jetty-server\9.4.11.v20180605\jetty-server-9.4.11.v20180605.jar;C:\Users\vs106039\.m2\repository\javax\servlet\javax.servlet-api\3.1.0\javax.servlet-api-3.1.0.jar;C:\Users\vs106039\.m2\repository\org\eclipse\jetty\jetty-http\9.4.11.v20180605\jetty-http-9.4.11.v20180605.jar;C:\Users\vs106039\.m2\repository\org\eclipse\jetty\jetty-util\9.4.11.v20180605\jetty-util-9.4.11.v20180605.jar;C:\Users\vs106039\.m2\repository\org\eclipse\jetty\jetty-io\9.4.11.v20180605\jetty-io-9.4.11.v20180605.jar;C:\Users\vs106039\.m2\repository\org\eclipse\jetty\jetty-http-spi\9.4.11.v20180605\jetty-http-spi-9.4.11.v20180605.jar;C:\Users\vs106039\.m2\repository\commons-io\commons-io\2.5\commons-io-2.5.jar;C:\Users\vs106039\.m2\repository\org\glassfish\jersey\core\jersey-server\2.27\jersey-server-2.27.jar;C:\Users\vs106039\.m2\repository\org\glassfish\jersey\core\jersey-client\2.27\jersey-client-2.27.jar;C:\Users\vs106039\.m2\repository\javax\ws\rs\javax.ws.rs-api\2.1\javax.ws.rs-api-2.1.jar;C:\Users\vs106039\.m2\repository\org\glassfish\jersey\media\jersey-media-jaxb\2.27\jersey-media-jaxb-2.27.jar;C:\Users\vs106039\.m2\repository\javax\annotation\javax.annotation-api\1.2\javax.annotation-api-1.2.jar;C:\Users\vs106039\.m2\repository\org\glassfish\hk2\external\javax.inject\2.5.0-b42\javax.inject-2.5.0-b42.jar;C:\Users\vs106039\.m2\repository\javax\validation\validation-api\1.1.0.Final\validation-api-1.1.0.Final.jar;C:\Users\vs106039\.m2\repository\org\glassfish\jersey\containers\jersey-container-servlet-core\2.27\jersey-container-servlet-core-2.27.jar;C:\Users\vs106039\.m2\repository\org\glassfish\jersey\core\jersey-common\2.27\jersey-common-2.27.jar;C:\Users\vs106039\.m2\repository\org\glassfish\hk2\osgi-resource-locator\1.0.1\osgi-resource-locator-1.0.1.jar;C:\Users\vs106039\.m2\repository\com\sun\jersey\jersey-client\1.19.4\jersey-client-1.19.4.jar;C:\Users\vs106039\.m2\repository\com\sun\jersey\jersey-core\1.19.4\jersey-core-1.19.4.jar;C:\Users\vs106039\.m2\repository\javax\ws\rs\jsr311-api\1.1.1\jsr311-api-1.1.1.jar;C:\Users\vs106039\.m2\repository\org\glassfish\jersey\media\jersey-media-multipart\2.27\jersey-media-multipart-2.27.jar;C:\Users\vs106039\.m2\repository\org\jvnet\mimepull\mimepull\1.9.6\mimepull-1.9.6.jar;C:\Users\vs106039\.m2\repository\org\json\json\20180130\json-20180130.jar;C:\Users\vs106039\.m2\repository\com\googlecode\json-simple\json-simple\1.1.1\json-simple-1.1.1.jar;C:\Users\vs106039\.m2\repository\com\networknt\json-schema-validator\1.0.72\json-schema-validator-1.0.72.jar;C:\Users\vs106039\.m2\repository\com\ethlo\time\itu\1.7.0\itu-1.7.0.jar;C:\Users\vs106039\.m2\repository\org\glassfish\jersey\media\jersey-media-json-jackson\2.27\jersey-media-json-jackson-2.27.jar;C:\Users\vs106039\.m2\repository\org\glassfish\jersey\ext\jersey-entity-filtering\2.27\jersey-entity-filtering-2.27.jar;C:\Users\vs106039\.m2\repository\com\fasterxml\jackson\module\jackson-module-jaxb-annotations\2.8.10\jackson-module-jaxb-annotations-2.8.10.jar;C:\Users\vs106039\.m2\repository\com\opencsv\opencsv\4.2\opencsv-4.2.jar;C:\Users\vs106039\.m2\repository\org\apache\commons\commons-text\1.3\commons-text-1.3.jar;C:\Users\vs106039\.m2\repository\commons-beanutils\commons-beanutils\1.9.3\commons-beanutils-1.9.3.jar;C:\Users\vs106039\.m2\repository\org\apache\commons\commons-collections4\4.1\commons-collections4-4.1.jar;C:\Users\vs106039\.m2\repository\org\glassfish\jersey\containers\jersey-container-simple-http\2.27\jersey-container-simple-http-2.27.jar;C:\Users\vs106039\.m2\repository\org\simpleframework\simple-http\6.0.1\simple-http-6.0.1.jar;C:\Users\vs106039\.m2\repository\org\simpleframework\simple-transport\6.0.1\simple-transport-6.0.1.jar;C:\Users\vs106039\.m2\repository\org\simpleframework\simple-common\6.0.1\simple-common-6.0.1.jar;C:\Users\vs106039\.m2\repository\com\fasterxml\jackson\core\jackson-core\2.9.6\jackson-core-2.9.6.jar;C:\Users\vs106039\.m2\repository\com\fasterxml\jackson\core\jackson-databind\2.9.6\jackson-databind-2.9.6.jar;C:\Users\vs106039\.m2\repository\com\fasterxml\jackson\core\jackson-annotations\2.9.6\jackson-annotations-2.9.6.jar;C:\Users\vs106039\.m2\repository\io\github\bonigarcia\webdrivermanager\5.5.3\webdrivermanager-5.5.3.jar;C:\Users\vs106039\.m2\repository\com\github\docker-java\docker-java\3.3.3\docker-java-3.3.3.jar;C:\Users\vs106039\.m2\repository\com\github\docker-java\docker-java-core\3.3.3\docker-java-core-3.3.3.jar;C:\Users\vs106039\.m2\repository\com\github\docker-java\docker-java-api\3.3.3\docker-java-api-3.3.3.jar;C:\Users\vs106039\.m2\repository\org\apache\commons\commons-compress\1.21\commons-compress-1.21.jar;C:\Users\vs106039\.m2\repository\org\bouncycastle\bcpkix-jdk18on\1.75\bcpkix-jdk18on-1.75.jar;C:\Users\vs106039\.m2\repository\org\bouncycastle\bcprov-jdk18on\1.75\bcprov-jdk18on-1.75.jar;C:\Users\vs106039\.m2\repository\org\bouncycastle\bcutil-jdk18on\1.75\bcutil-jdk18on-1.75.jar;C:\Users\vs106039\.m2\repository\com\github\docker-java\docker-java-transport-httpclient5\3.3.3\docker-java-transport-httpclient5-3.3.3.jar;C:\Users\vs106039\.m2\repository\com\github\docker-java\docker-java-transport\3.3.3\docker-java-transport-3.3.3.jar;C:\Users\vs106039\.m2\repository\net\java\dev\jna\jna\5.12.1\jna-5.12.1.jar;C:\Users\vs106039\.m2\repository\org\brotli\dec\0.1.2\dec-0.1.2.jar;C:\Users\vs106039\.m2\repository\org\apache\httpcomponents\client5\httpclient5\5.2.1\httpclient5-5.2.1.jar;C:\Users\vs106039\.m2\repository\org\apache\httpcomponents\core5\httpcore5\5.2\httpcore5-5.2.jar;C:\Users\vs106039\.m2\repository\org\apache\httpcomponents\core5\httpcore5-h2\5.2\httpcore5-h2-5.2.jar;"/>
    <property name="sun.cpu.endian" value="little"/>
    <property name="user.home" value="C:\Users\vs106039"/>
    <property name="user.language" value="en"/>
    <property name="java.specification.vendor" value="Oracle Corporation"/>
    <property name="java.home" value="C:\Program Files\Java\jdk1.8.0_221\jre"/>
    <property name="basedir" value="C:\ISG_Automation\ISG_Latest\qa_automation_isgngs_com"/>
    <property name="file.separator" value="\"/>
    <property name="line.separator" value="&#10;"/>
    <property name="java.vm.specification.vendor" value="Oracle Corporation"/>
    <property name="java.specification.name" value="Java Platform API Specification"/>
    <property name="java.awt.graphicsenv" value="sun.awt.Win32GraphicsEnvironment"/>
    <property name="surefire.real.class.path" value="C:\Users\vs106039\AppData\Local\Temp\surefire5495239357243938798\surefirebooter-20240312131746612_3.jar"/>
    <property name="sun.boot.class.path" value="C:\Program Files\Java\jdk1.8.0_221\jre\lib\resources.jar;C:\Program Files\Java\jdk1.8.0_221\jre\lib\rt.jar;C:\Program Files\Java\jdk1.8.0_221\jre\lib\sunrsasign.jar;C:\Program Files\Java\jdk1.8.0_221\jre\lib\jsse.jar;C:\Program Files\Java\jdk1.8.0_221\jre\lib\jce.jar;C:\Program Files\Java\jdk1.8.0_221\jre\lib\charsets.jar;C:\Program Files\Java\jdk1.8.0_221\jre\lib\jfr.jar;C:\Program Files\Java\jdk1.8.0_221\jre\classes"/>
    <property name="user.script" value=""/>
    <property name="sun.management.compiler" value="HotSpot 64-Bit Tiered Compilers"/>
    <property name="java.runtime.version" value="1.8.0_221-b11"/>
    <property name="user.name" value="vs106039"/>
    <property name="path.separator" value=";"/>
    <property name="os.version" value="10.0"/>
    <property name="java.endorsed.dirs" value="C:\Program Files\Java\jdk1.8.0_221\jre\lib\endorsed"/>
    <property name="java.runtime.name" value="Java(TM) SE Runtime Environment"/>
    <property name="file.encoding" value="Cp1252"/>
    <property name="java.vm.name" value="Java HotSpot(TM) 64-Bit Server VM"/>
    <property name="localRepository" value="C:\Users\vs106039\.m2\repository"/>
    <property name="java.vendor.url.bug" value="http://bugreport.sun.com/bugreport/"/>
    <property name="java.io.tmpdir" value="C:\Users\vs106039\AppData\Local\Temp\"/>
    <property name="java.version" value="1.8.0_221"/>
    <property name="user.dir" value="C:\ISG_Automation\ISG_Latest\qa_automation_isgngs_com"/>
    <property name="os.arch" value="amd64"/>
    <property name="java.vm.specification.name" value="Java Virtual Machine Specification"/>
    <property name="java.awt.printerjob" value="sun.awt.windows.WPrinterJob"/>
    <property name="sun.os.patch.level" value=""/>
    <property name="java.library.path" value="C:\Program Files\Java\jdk1.8.0_221\jre\bin;C:\Windows\Sun\Java\bin;C:\Windows\system32;C:\Windows;C:/Program Files/Java/jre1.8.0_221/bin/server;C:/Program Files/Java/jre1.8.0_221/bin;C:/Program Files/Java/jre1.8.0_221/lib/amd64;C:\Program Files (x86)\Common Files\Oracle\Java\javapath;C:\Windows\system32;C:\Windows;C:\Windows\System32\Wbem;C:\Windows\System32\WindowsPowerShell\v1.0\;C:\Windows\System32\OpenSSH\;C:\Users\vs106039\AppData\Local\Microsoft\WindowsApps;C:\Users\vs106039\AppData\Local\Programs\Git\cmd;C:\Users\vs106039\AppData\Local\GitHubDesktop\bin;C:\eclipse\eclipse;;."/>
    <property name="java.vm.info" value="mixed mode"/>
    <property name="java.vendor" value="Oracle Corporation"/>
    <property name="java.vm.version" value="25.221-b11"/>
    <property name="java.ext.dirs" value="C:\Program Files\Java\jdk1.8.0_221\jre\lib\ext;C:\Windows\Sun\Java\lib\ext"/>
    <property name="sun.io.unicode.encoding" value="UnicodeLittle"/>
    <property name="java.class.version" value="52.0"/>
  </properties>
  <testcase name="stub" classname="com.zensar.runner.InitializeExecution" time="0.001">
    <system-out><![CDATA[=============================Execution Start====================================
]]></system-out>
  </testcase>
  <testcase name="stub" classname="com.zensar.runner.InitializeExecution" time="0.0">
    <system-out><![CDATA[=============================Execution Start====================================	 >>>>>> (InitializeExecution.java:32)	13:17:48
]]></system-out>
  </testcase>
  <testcase name="stub" classname="com.zensar.runner.ConcludeExecution" time="0.0"/>
  <testcase name="stub" classname="com.zensar.runner.ConcludeExecution" time="0.0">
    <system-out><![CDATA[Feature: ProjectContact

  Scenario Outline: Verify user able add Client to Project contact list #<DataSetName> # src/main/java/com/zensar/features/ProjectContact.feature:6
    When user logs in to ISG
    Then Verify for Active Transaction
    Then User clicks on first Active Transaction
    And Click on go to Project contact list
    Then Add the new client contact
    Then Add Client First Name
    And Add Client Last Name
    Then Select Pronouns
    Then Select job Tittle
    Then Select Project Role
    Then Select Project Responsibilties
    Then Add Email Address for the Member
    And Add mobile and Click on save Contact

    Examples: 

  Background:                                          # src/main/java/com/zensar/features/ProjectContact.feature:3
    Given User navigates to ISG Landing Page and Login # SetupProjectStepDefinitions.user_navigates_to_Isg_Landing_Page()

  Scenario Outline: Verify user able add Client to Project contact list #AddContact # src/main/java/com/zensar/features/ProjectContact.feature:23
    When user logs in to ISG                                                        # SetupProjectStepDefinitions.user_clicks_on_submit_another_item()
[INFO]	[Assertion Pass]	Number of Active Transaction =  Active transactions (2)
    Then Verify for Active Transaction                                              # ActiveTransactionProjectContactStepDefinitions.verify_for_Active_Notifications()
    Then User clicks on first Active Transaction                                    # ActiveTransactionProjectContactStepDefinitions.User_clicks_first_Active_Transaction()
    And Click on go to Project contact list                                         # ActiveTransactionProjectContactStepDefinitions.navigate_Project_Overview_section_add_project_overview()
    Then Add the new client contact                                                 # ActiveTransactionProjectContactStepDefinitions.clicks_on_Next_Add_Client_Lead()
[INFO]	[Assertion Pass]	User entered first Name
    Then Add Client First Name                                                      # ActiveTransactionProjectContactStepDefinitions.select_Anticipated_award_Date()
[INFO]	[Assertion Pass]	User entered last Name
    And Add Client Last Name                                                        # ActiveTransactionProjectContactStepDefinitions.select_Competitive_Project()
    Then Select Pronouns                                                            # ActiveTransactionProjectContactStepDefinitions.select_Primary_objevtives_of_sourcing()
    Then Select job Tittle                                                          # ActiveTransactionProjectContactStepDefinitions.enter_Client_First_Name_Last_Name()
    Then Select Project Role                                                        # ActiveTransactionProjectContactStepDefinitions.add_Client_Lead_Email_Address_click_on_next()
    Then Select Project Responsibilties                                             # ActiveTransactionProjectContactStepDefinitions.user_Select_Project_Responsibilties()
[INFO]	[Assertion Pass]	User entered Email Address
    Then Add Email Address for the Member                                           # ActiveTransactionProjectContactStepDefinitions.user_Add_Email_Address_for_the_Member()
[INFO]	[Assertion Pass]	User entered Mobile Number
    And Add mobile and Click on save Contact                                        # ActiveTransactionProjectContactStepDefinitions.user_Add_mobile_and_Click_on_save_Contact()

  Scenario Outline: Verify user able add Client to Project contact list after adding only Required field #<DataSetName> # src/main/java/com/zensar/features/ProjectContact.feature:25
    When user logs in to ISG
    Then Verify for Active Transaction
    Then User clicks on first Active Transaction
    And Click on go to Project contact list
    Then Add the new client contact
    Then Add Client First Name
    And Add Client Last Name
    Then Select Project Role
    Then Add Email Address for the Member and Click on save Contact

    Examples: 

  Background:                                          # src/main/java/com/zensar/features/ProjectContact.feature:3
    Given User navigates to ISG Landing Page and Login # SetupProjectStepDefinitions.user_navigates_to_Isg_Landing_Page()

  Scenario Outline: Verify user able add Client to Project contact list after adding only Required field #AddContact # src/main/java/com/zensar/features/ProjectContact.feature:38
    When user logs in to ISG                                                                                         # SetupProjectStepDefinitions.user_clicks_on_submit_another_item()
[INFO]	[Assertion Pass]	Number of Active Transaction =  Active transactions (2)
    Then Verify for Active Transaction                                                                               # ActiveTransactionProjectContactStepDefinitions.verify_for_Active_Notifications()
    Then User clicks on first Active Transaction                                                                     # ActiveTransactionProjectContactStepDefinitions.User_clicks_first_Active_Transaction()
    And Click on go to Project contact list                                                                          # ActiveTransactionProjectContactStepDefinitions.navigate_Project_Overview_section_add_project_overview()
    Then Add the new client contact                                                                                  # ActiveTransactionProjectContactStepDefinitions.clicks_on_Next_Add_Client_Lead()
[INFO]	[Assertion Pass]	User entered first Name
    Then Add Client First Name                                                                                       # ActiveTransactionProjectContactStepDefinitions.select_Anticipated_award_Date()
[INFO]	[Assertion Pass]	User entered last Name
    And Add Client Last Name                                                                                         # ActiveTransactionProjectContactStepDefinitions.select_Competitive_Project()
    Then Select Project Role                                                                                         # ActiveTransactionProjectContactStepDefinitions.add_Client_Lead_Email_Address_click_on_next()
[INFO]	[Assertion Pass]	User entered Email Address
    Then Add Email Address for the Member and Click on save Contact                                                  # ActiveTransactionProjectContactStepDefinitions.add_Email_Address_for_the_Member_and_Click_on_save_Contact()

  Scenario Outline: Verify user able add Lead Attorney to Project contact list #<DataSetName> # src/main/java/com/zensar/features/ProjectContact.feature:40
    When user logs in to ISG
    Then Verify for Active Transaction
    Then User clicks on first Active Transaction
    And Click on go to Project contact list
    Then Add the new Lead Attorney
    Then Add Lead Attorney First Name
    And Add Lead Attorney Last Name
    Then Select Lead Attorney Pronouns
    Then Select Lead Attorney Legal firm
    Then Select Job tittle of lead Attorney
    Then Add Email Address for the Lead Attorney
    And Add mobile for Lead Attorney and Click on save Contact

    Examples: 

  Background:                                          # src/main/java/com/zensar/features/ProjectContact.feature:3
    Given User navigates to ISG Landing Page and Login # SetupProjectStepDefinitions.user_navigates_to_Isg_Landing_Page()

  Scenario Outline: Verify user able add Lead Attorney to Project contact list #AddContact # src/main/java/com/zensar/features/ProjectContact.feature:56
    When user logs in to ISG                                                               # SetupProjectStepDefinitions.user_clicks_on_submit_another_item()
[INFO]	[Assertion Pass]	Number of Active Transaction =  Active transactions (2)
    Then Verify for Active Transaction                                                     # ActiveTransactionProjectContactStepDefinitions.verify_for_Active_Notifications()
    Then User clicks on first Active Transaction                                           # ActiveTransactionProjectContactStepDefinitions.User_clicks_first_Active_Transaction()
    And Click on go to Project contact list                                                # ActiveTransactionProjectContactStepDefinitions.navigate_Project_Overview_section_add_project_overview()
    Then Add the new Lead Attorney                                                         # ActiveTransactionProjectContactStepDefinitions.add_the_new_Lead_Attorney()
[INFO]	[Assertion Pass]	User entered Attorney first Name
    Then Add Lead Attorney First Name                                                      # ActiveTransactionProjectContactStepDefinitions.add_Lead_Attorney_First_Name()
[INFO]	[Assertion Pass]	User entered Attorney Last Name
    And Add Lead Attorney Last Name                                                        # ActiveTransactionProjectContactStepDefinitions.Add_Lead_Attorney_Last_Name()
    Then Select Lead Attorney Pronouns                                                     # ActiveTransactionProjectContactStepDefinitions.select_Lead_Attorney_Pronouns()
[INFO]	[Assertion Pass]	User entered Attorney Last Name
    Then Select Lead Attorney Legal firm                                                   # ActiveTransactionProjectContactStepDefinitions.select_Lead_Attorney_Legal_firm()
    Then Select Job tittle of lead Attorney                                                # ActiveTransactionProjectContactStepDefinitions.select_Job_tittle_of_lead_Attorney()
[INFO]	[Assertion Pass]	User entered Attorney Email Address
    Then Add Email Address for the Lead Attorney                                           # ActiveTransactionProjectContactStepDefinitions.add_Email_Address_for_the_Lead_Attorney()
[INFO]	[Assertion Pass]	User entered Attorney Mobile Number
    And Add mobile for Lead Attorney and Click on save Contact                             # ActiveTransactionProjectContactStepDefinitions.add_mobile_for_Lead_Attorney_and_Click_on_save_Contact()

  Scenario Outline: Verify user able add Lead Attorney to Project contact list After adding only required field #<DataSetName> # src/main/java/com/zensar/features/ProjectContact.feature:58
    When user logs in to ISG
    Then Verify for Active Transaction
    Then User clicks on first Active Transaction
    And Click on go to Project contact list
    Then Add the new Lead Attorney
    Then Add Lead Attorney First Name
    And Add Lead Attorney Last Name
    Then Select Lead Attorney Legal firm
    Then Add Email Address for the Lead Attorney and click on save contact

    Examples: 

  Background:                                          # src/main/java/com/zensar/features/ProjectContact.feature:3
    Given User navigates to ISG Landing Page and Login # SetupProjectStepDefinitions.user_navigates_to_Isg_Landing_Page()

  Scenario Outline: Verify user able add Lead Attorney to Project contact list After adding only required field #AddContact # src/main/java/com/zensar/features/ProjectContact.feature:71
    When user logs in to ISG                                                                                                # SetupProjectStepDefinitions.user_clicks_on_submit_another_item()
[INFO]	[Assertion Pass]	Number of Active Transaction =  Active transactions (2)
    Then Verify for Active Transaction                                                                                      # ActiveTransactionProjectContactStepDefinitions.verify_for_Active_Notifications()
    Then User clicks on first Active Transaction                                                                            # ActiveTransactionProjectContactStepDefinitions.User_clicks_first_Active_Transaction()
    And Click on go to Project contact list                                                                                 # ActiveTransactionProjectContactStepDefinitions.navigate_Project_Overview_section_add_project_overview()
    Then Add the new Lead Attorney                                                                                          # ActiveTransactionProjectContactStepDefinitions.add_the_new_Lead_Attorney()
[INFO]	[Assertion Pass]	User entered Attorney first Name
    Then Add Lead Attorney First Name                                                                                       # ActiveTransactionProjectContactStepDefinitions.add_Lead_Attorney_First_Name()
[INFO]	[Assertion Pass]	User entered Attorney Last Name
    And Add Lead Attorney Last Name                                                                                         # ActiveTransactionProjectContactStepDefinitions.Add_Lead_Attorney_Last_Name()
[INFO]	[Assertion Pass]	User entered Attorney Last Name
    Then Select Lead Attorney Legal firm                                                                                    # ActiveTransactionProjectContactStepDefinitions.select_Lead_Attorney_Legal_firm()
[INFO]	[Assertion Pass]	User entered Attorney Email Address
    Then Add Email Address for the Lead Attorney and click on save contact                                                  # ActiveTransactionProjectContactStepDefinitions.Add_Email_Address_for_the_Lead_Attorney_and_click_on_save_contact()

  Scenario Outline: Verify user able add Client Lead to Project contact list  #<DataSetName> # src/main/java/com/zensar/features/ProjectContact.feature:73
    When user logs in to ISG
    Then Verify for Active Transaction
    Then User clicks on first Active Transaction
    And Click on go to Project contact list
    Then Add the new client contact
    Then Add Client First Name
    And Add Client Last Name
    Then Select Project Role as Client lead
    Then Add Email Address for the Client Lead and Click on save Contact
    Then Confirm for the new client lead

    Examples: 

  Background:                                          # src/main/java/com/zensar/features/ProjectContact.feature:3
    Given User navigates to ISG Landing Page and Login # SetupProjectStepDefinitions.user_navigates_to_Isg_Landing_Page()

  Scenario Outline: Verify user able add Client Lead to Project contact list  #AddContact # src/main/java/com/zensar/features/ProjectContact.feature:87
    When user logs in to ISG                                                              # SetupProjectStepDefinitions.user_clicks_on_submit_another_item()
[INFO]	[Assertion Pass]	Number of Active Transaction =  Active transactions (2)
    Then Verify for Active Transaction                                                    # ActiveTransactionProjectContactStepDefinitions.verify_for_Active_Notifications()
    Then User clicks on first Active Transaction                                          # ActiveTransactionProjectContactStepDefinitions.User_clicks_first_Active_Transaction()
    And Click on go to Project contact list                                               # ActiveTransactionProjectContactStepDefinitions.navigate_Project_Overview_section_add_project_overview()
    Then Add the new client contact                                                       # ActiveTransactionProjectContactStepDefinitions.clicks_on_Next_Add_Client_Lead()
[INFO]	[Assertion Pass]	User entered first Name
    Then Add Client First Name                                                            # ActiveTransactionProjectContactStepDefinitions.select_Anticipated_award_Date()
[INFO]	[Assertion Pass]	User entered last Name
    And Add Client Last Name                                                              # ActiveTransactionProjectContactStepDefinitions.select_Competitive_Project()
[INFO]	[Assertion Pass]	User role as client lead is selected
    Then Select Project Role as Client lead                                               # ActiveTransactionProjectContactStepDefinitions.select_Project_Role_Client_lead()
[INFO]	[Assertion Pass]	User entered Email Address
    Then Add Email Address for the Client Lead and Click on save Contact                  # ActiveTransactionProjectContactStepDefinitions.add_Email_Address_for_Member_save_Contact()
    Then Confirm for the new client lead                                                  # ActiveTransactionProjectContactStepDefinitions.confirm_new_client_lead()

  Scenario Outline: Verify user able view removed contact in contact list  #<DataSetName> # src/main/java/com/zensar/features/ProjectContact.feature:89
    When user logs in to ISG
    Then Verify for Active Transaction
    Then User clicks on first Active Transaction
    And Click on go to Project contact list
    Then Click on show removed contact
    And check view option in removed contact

    Examples: 

  Background:                                          # src/main/java/com/zensar/features/ProjectContact.feature:3
    Given User navigates to ISG Landing Page and Login # SetupProjectStepDefinitions.user_navigates_to_Isg_Landing_Page()

  Scenario Outline: Verify user able view removed contact in contact list  #AddContact # src/main/java/com/zensar/features/ProjectContact.feature:99
    When user logs in to ISG                                                           # SetupProjectStepDefinitions.user_clicks_on_submit_another_item()
[INFO]	[Assertion Pass]	Number of Active Transaction =  Active transactions (2)
    Then Verify for Active Transaction                                                 # ActiveTransactionProjectContactStepDefinitions.verify_for_Active_Notifications()
    Then User clicks on first Active Transaction                                       # ActiveTransactionProjectContactStepDefinitions.User_clicks_first_Active_Transaction()
    And Click on go to Project contact list                                            # ActiveTransactionProjectContactStepDefinitions.navigate_Project_Overview_section_add_project_overview()
    Then Click on show removed contact                                                 # ActiveTransactionProjectContactStepDefinitions.click_show_removed_contact()
    And check view option in removed contact                                           # ActiveTransactionProjectContactStepDefinitions.check_view_option_in_removed_contact()

  Scenario Outline: Verify user able view ISG Contact & add Project responsibilities  #<DataSetName> # src/main/java/com/zensar/features/ProjectContact.feature:101
    When user logs in to ISG
    Then Verify for Active Transaction
    Then User clicks on first Active Transaction
    And Click on go to Project contact list
    Then Click on isg contact
    And Verify for Project Responsibilities & data room owner role

    Examples: 

  Background:                                          # src/main/java/com/zensar/features/ProjectContact.feature:3
    Given User navigates to ISG Landing Page and Login # SetupProjectStepDefinitions.user_navigates_to_Isg_Landing_Page()

  Scenario Outline: Verify user able view ISG Contact & add Project responsibilities  #AddContact # src/main/java/com/zensar/features/ProjectContact.feature:111
    When user logs in to ISG                                                                      # SetupProjectStepDefinitions.user_clicks_on_submit_another_item()
[INFO]	[Assertion Pass]	Number of Active Transaction =  Active transactions (2)
    Then Verify for Active Transaction                                                            # ActiveTransactionProjectContactStepDefinitions.verify_for_Active_Notifications()
    Then User clicks on first Active Transaction                                                  # ActiveTransactionProjectContactStepDefinitions.User_clicks_first_Active_Transaction()
    And Click on go to Project contact list                                                       # ActiveTransactionProjectContactStepDefinitions.navigate_Project_Overview_section_add_project_overview()
    Then Click on isg contact                                                                     # ActiveTransactionProjectContactStepDefinitions.click_isg_contact()
[INFO]	[Assertion Pass]	User responsibilities for ISG contact is selected
[INFO]	[Assertion Pass]	ISG role as data room owner can be assigned
    And Verify for Project Responsibilities & data room owner role                                # ActiveTransactionProjectContactStepDefinitions.verify_Project_Responsibilities_data_room_owner_role()

  Scenario Outline: Verify user not able to remove ISG Contact  #<DataSetName> # src/main/java/com/zensar/features/ProjectContact.feature:113
    When user logs in to ISG
    Then Verify for Active Transaction
    Then User clicks on first Active Transaction
    And Click on go to Project contact list
    Then Click on isg contact
    And Verify there is no remove contact button

    Examples: 

  Background:                                          # src/main/java/com/zensar/features/ProjectContact.feature:3
    Given User navigates to ISG Landing Page and Login # SetupProjectStepDefinitions.user_navigates_to_Isg_Landing_Page()

  Scenario Outline: Verify user not able to remove ISG Contact  #AddContact # src/main/java/com/zensar/features/ProjectContact.feature:122
    When user logs in to ISG                                                # SetupProjectStepDefinitions.user_clicks_on_submit_another_item()
[INFO]	[Assertion Pass]	Number of Active Transaction =  Active transactions (2)
    Then Verify for Active Transaction                                      # ActiveTransactionProjectContactStepDefinitions.verify_for_Active_Notifications()
    Then User clicks on first Active Transaction                            # ActiveTransactionProjectContactStepDefinitions.User_clicks_first_Active_Transaction()
    And Click on go to Project contact list                                 # ActiveTransactionProjectContactStepDefinitions.navigate_Project_Overview_section_add_project_overview()
    Then Click on isg contact                                               # ActiveTransactionProjectContactStepDefinitions.click_isg_contact()
    And Verify there is no remove contact button                            # ActiveTransactionProjectContactStepDefinitions.verify_remove_contact_button()
      org.openqa.selenium.NoSuchElementException: no such element: Unable to locate element: {"method":"xpath","selector":"//button[@class='btn secondary-btn-large ng-star-inserted']"}
  (Session info: chrome=122.0.6261.112)
For documentation on this error, please visit: https://www.seleniumhq.org/exceptions/no_such_element.html
Build info: version: '3.141.59', revision: 'e82be7d358', time: '2018-11-14T08:17:03'
System info: host: 'EUROW42SLPC5721', ip: '192.168.29.116', os.name: 'Windows 10', os.arch: 'amd64', os.version: '10.0', java.version: '1.8.0_221'
Driver info: org.openqa.selenium.chrome.ChromeDriver
Capabilities {acceptInsecureCerts: false, browserName: chrome, browserVersion: 122.0.6261.112, chrome: {chromedriverVersion: 122.0.6261.111 (9d4c1072da6..., userDataDir: C:\Users\vs106039\AppData\L...}, fedcm:accounts: true, goog:chromeOptions: {debuggerAddress: localhost:56285}, javascriptEnabled: true, networkConnectionEnabled: false, pageLoadStrategy: normal, platform: WINDOWS, platformName: WINDOWS, proxy: Proxy(), setWindowRect: true, strictFileInteractability: false, timeouts: {implicit: 0, pageLoad: 300000, script: 30000}, unhandledPromptBehavior: dismiss and notify, webauthn:extension:credBlob: true, webauthn:extension:largeBlob: true, webauthn:extension:minPinLength: true, webauthn:extension:prf: true, webauthn:virtualAuthenticators: true}
Session ID: cdaa79e0da912d93e202e077c6d4cd1f
*** Element info: {Using=xpath, value=//button[@class='btn secondary-btn-large ng-star-inserted']}
	at sun.reflect.GeneratedConstructorAccessor91.newInstance(Unknown Source)
	at sun.reflect.DelegatingConstructorAccessorImpl.newInstance(DelegatingConstructorAccessorImpl.java:45)
	at java.lang.reflect.Constructor.newInstance(Constructor.java:423)
	at org.openqa.selenium.remote.http.W3CHttpResponseCodec.createException(W3CHttpResponseCodec.java:187)
	at org.openqa.selenium.remote.http.W3CHttpResponseCodec.decode(W3CHttpResponseCodec.java:122)
	at org.openqa.selenium.remote.http.W3CHttpResponseCodec.decode(W3CHttpResponseCodec.java:49)
	at org.openqa.selenium.remote.HttpCommandExecutor.execute(HttpCommandExecutor.java:158)
	at org.openqa.selenium.remote.service.DriverCommandExecutor.execute(DriverCommandExecutor.java:83)
	at org.openqa.selenium.remote.RemoteWebDriver.execute(RemoteWebDriver.java:552)
	at org.openqa.selenium.remote.RemoteWebDriver.findElement(RemoteWebDriver.java:323)
	at org.openqa.selenium.remote.RemoteWebDriver.findElementByXPath(RemoteWebDriver.java:428)
	at org.openqa.selenium.By$ByXPath.findElement(By.java:353)
	at org.openqa.selenium.remote.RemoteWebDriver.findElement(RemoteWebDriver.java:315)
	at sun.reflect.GeneratedMethodAccessor8.invoke(Unknown Source)
	at sun.reflect.DelegatingMethodAccessorImpl.invoke(DelegatingMethodAccessorImpl.java:43)
	at java.lang.reflect.Method.invoke(Method.java:498)
	at org.openqa.selenium.support.events.EventFiringWebDriver.lambda$new$1(EventFiringWebDriver.java:105)
	at com.sun.proxy.$Proxy25.findElement(Unknown Source)
	at org.openqa.selenium.support.events.EventFiringWebDriver.findElement(EventFiringWebDriver.java:194)
	at org.openqa.selenium.support.pagefactory.DefaultElementLocator.findElement(DefaultElementLocator.java:69)
	at org.openqa.selenium.support.pagefactory.internal.LocatingElementHandler.invoke(LocatingElementHandler.java:38)
	at com.sun.proxy.$Proxy28.isDisplayed(Unknown Source)
	at com.zensar.scriptutils.GlobalFunction.waitForElement(GlobalFunction.java:1677)
	at com.zensar.pageobjects.ProjectContact.RemoveContactButton(ProjectContact.java:355)
	at com.zensar.stepDefinations.ActiveTransactionProjectContactStepDefinitions.verify_remove_contact_button(ActiveTransactionProjectContactStepDefinitions.java:158)
	at ?.Verify there is no remove contact button(src/main/java/com/zensar/features/ProjectContact.feature:119)


  Scenario Outline: Verify user not able to see Edit contact & remove contact button for non ISG Contact  #<DataSetName> # src/main/java/com/zensar/features/ProjectContact.feature:124
    When user logs in to ISG
    Then Verify for Active Transaction
    Then User clicks on first Active Transaction
    And Click on go to Project contact list
    Then Click on isg contact
    And Verify there is no remove contact button & Edit contact

    Examples: 

  Background:                                          # src/main/java/com/zensar/features/ProjectContact.feature:3
    Given User navigates to ISG Landing Page and Login # SetupProjectStepDefinitions.user_navigates_to_Isg_Landing_Page()

  Scenario Outline: Verify user not able to see Edit contact & remove contact button for non ISG Contact  #AddContact # src/main/java/com/zensar/features/ProjectContact.feature:133
    When user logs in to ISG                                                                                          # SetupProjectStepDefinitions.user_clicks_on_submit_another_item()
[INFO]	[Assertion Pass]	Number of Active Transaction =  Active transactions (2)
    Then Verify for Active Transaction                                                                                # ActiveTransactionProjectContactStepDefinitions.verify_for_Active_Notifications()
    Then User clicks on first Active Transaction                                                                      # ActiveTransactionProjectContactStepDefinitions.User_clicks_first_Active_Transaction()
    And Click on go to Project contact list                                                                           # ActiveTransactionProjectContactStepDefinitions.navigate_Project_Overview_section_add_project_overview()
    Then Click on isg contact                                                                                         # ActiveTransactionProjectContactStepDefinitions.click_isg_contact()
    And Verify there is no remove contact button & Edit contact                                                       # null

  Scenario Outline: Verify user can not add duplicate contact #<DataSetName> # src/main/java/com/zensar/features/ProjectContact.feature:135
    When user logs in to ISG
    Then Verify for Active Transaction
    Then User clicks on first Active Transaction
    And Click on go to Project contact list
    Then Add the new client contact
    Then Add Client First Name
    And Add Client Last Name
    Then Select Project Role
    Then Add Email Address for the Member and Click on save Contact for Duplicate

    Examples: 

  Background:                                          # src/main/java/com/zensar/features/ProjectContact.feature:3
    Given User navigates to ISG Landing Page and Login # SetupProjectStepDefinitions.user_navigates_to_Isg_Landing_Page()

  Scenario Outline: Verify user can not add duplicate contact #AddContact         # src/main/java/com/zensar/features/ProjectContact.feature:148
    When user logs in to ISG                                                      # SetupProjectStepDefinitions.user_clicks_on_submit_another_item()
[INFO]	[Assertion Pass]	Number of Active Transaction =  Active transactions (2)
    Then Verify for Active Transaction                                            # ActiveTransactionProjectContactStepDefinitions.verify_for_Active_Notifications()
    Then User clicks on first Active Transaction                                  # ActiveTransactionProjectContactStepDefinitions.User_clicks_first_Active_Transaction()
    And Click on go to Project contact list                                       # ActiveTransactionProjectContactStepDefinitions.navigate_Project_Overview_section_add_project_overview()
    Then Add the new client contact                                               # ActiveTransactionProjectContactStepDefinitions.clicks_on_Next_Add_Client_Lead()
[INFO]	[Assertion Pass]	User entered first Name
    Then Add Client First Name                                                    # ActiveTransactionProjectContactStepDefinitions.select_Anticipated_award_Date()
[INFO]	[Assertion Pass]	User entered last Name
    And Add Client Last Name                                                      # ActiveTransactionProjectContactStepDefinitions.select_Competitive_Project()
    Then Select Project Role                                                      # ActiveTransactionProjectContactStepDefinitions.add_Client_Lead_Email_Address_click_on_next()
[INFO]	[Assertion Pass]	User entered Member Email Address
    Then Add Email Address for the Member and Click on save Contact for Duplicate # ActiveTransactionProjectContactStepDefinitions.add_Email_Address_Member_Click_on_save_Contact()
      org.openqa.selenium.NoSuchElementException: no such element: Unable to locate element: {"method":"xpath","selector":"//p[@class='errorMsg ng-star-inserted']"}
  (Session info: chrome=122.0.6261.112)
For documentation on this error, please visit: https://www.seleniumhq.org/exceptions/no_such_element.html
Build info: version: '3.141.59', revision: 'e82be7d358', time: '2018-11-14T08:17:03'
System info: host: 'EUROW42SLPC5721', ip: '192.168.29.116', os.name: 'Windows 10', os.arch: 'amd64', os.version: '10.0', java.version: '1.8.0_221'
Driver info: org.openqa.selenium.chrome.ChromeDriver
Capabilities {acceptInsecureCerts: false, browserName: chrome, browserVersion: 122.0.6261.112, chrome: {chromedriverVersion: 122.0.6261.111 (9d4c1072da6..., userDataDir: C:\Users\vs106039\AppData\L...}, fedcm:accounts: true, goog:chromeOptions: {debuggerAddress: localhost:56428}, javascriptEnabled: true, networkConnectionEnabled: false, pageLoadStrategy: normal, platform: WINDOWS, platformName: WINDOWS, proxy: Proxy(), setWindowRect: true, strictFileInteractability: false, timeouts: {implicit: 0, pageLoad: 300000, script: 30000}, unhandledPromptBehavior: dismiss and notify, webauthn:extension:credBlob: true, webauthn:extension:largeBlob: true, webauthn:extension:minPinLength: true, webauthn:extension:prf: true, webauthn:virtualAuthenticators: true}
Session ID: cf8557607df68a4193a954dc25041c85
*** Element info: {Using=xpath, value=//p[@class='errorMsg ng-star-inserted']}
	at sun.reflect.GeneratedConstructorAccessor91.newInstance(Unknown Source)
	at sun.reflect.DelegatingConstructorAccessorImpl.newInstance(DelegatingConstructorAccessorImpl.java:45)
	at java.lang.reflect.Constructor.newInstance(Constructor.java:423)
	at org.openqa.selenium.remote.http.W3CHttpResponseCodec.createException(W3CHttpResponseCodec.java:187)
	at org.openqa.selenium.remote.http.W3CHttpResponseCodec.decode(W3CHttpResponseCodec.java:122)
	at org.openqa.selenium.remote.http.W3CHttpResponseCodec.decode(W3CHttpResponseCodec.java:49)
	at org.openqa.selenium.remote.HttpCommandExecutor.execute(HttpCommandExecutor.java:158)
	at org.openqa.selenium.remote.service.DriverCommandExecutor.execute(DriverCommandExecutor.java:83)
	at org.openqa.selenium.remote.RemoteWebDriver.execute(RemoteWebDriver.java:552)
	at org.openqa.selenium.remote.RemoteWebDriver.findElement(RemoteWebDriver.java:323)
	at org.openqa.selenium.remote.RemoteWebDriver.findElementByXPath(RemoteWebDriver.java:428)
	at org.openqa.selenium.By$ByXPath.findElement(By.java:353)
	at org.openqa.selenium.remote.RemoteWebDriver.findElement(RemoteWebDriver.java:315)
	at sun.reflect.GeneratedMethodAccessor8.invoke(Unknown Source)
	at sun.reflect.DelegatingMethodAccessorImpl.invoke(DelegatingMethodAccessorImpl.java:43)
	at java.lang.reflect.Method.invoke(Method.java:498)
	at org.openqa.selenium.support.events.EventFiringWebDriver.lambda$new$1(EventFiringWebDriver.java:105)
	at com.sun.proxy.$Proxy25.findElement(Unknown Source)
	at org.openqa.selenium.support.events.EventFiringWebDriver.findElement(EventFiringWebDriver.java:194)
	at org.openqa.selenium.support.pagefactory.DefaultElementLocator.findElement(DefaultElementLocator.java:69)
	at org.openqa.selenium.support.pagefactory.internal.LocatingElementHandler.invoke(LocatingElementHandler.java:38)
	at com.sun.proxy.$Proxy28.isDisplayed(Unknown Source)
	at com.zensar.pageobjects.ProjectContact.DuplicateContactAdd(ProjectContact.java:371)
	at com.zensar.stepDefinations.ActiveTransactionProjectContactStepDefinitions.add_Email_Address_Member_Click_on_save_Contact(ActiveTransactionProjectContactStepDefinitions.java:163)
	at ?.Add Email Address for the Member and Click on save Contact for Duplicate(src/main/java/com/zensar/features/ProjectContact.feature:144)


  Scenario Outline: Verify user can not add ISG contact #<DataSetName> # src/main/java/com/zensar/features/ProjectContact.feature:150
    When user logs in to ISG
    Then Verify for Active Transaction
    Then User clicks on first Active Transaction
    And Click on go to Project contact list
    Then Add the new client contact
    Then Add Client First Name
    And Add Client Last Name
    Then Select Project Role
    Then Add Email Address for the ISG and Click on save Contact

    Examples: 

  Background:                                          # src/main/java/com/zensar/features/ProjectContact.feature:3
    Given User navigates to ISG Landing Page and Login # SetupProjectStepDefinitions.user_navigates_to_Isg_Landing_Page()

  Scenario Outline: Verify user can not add ISG contact #AddContact # src/main/java/com/zensar/features/ProjectContact.feature:163
    When user logs in to ISG                                        # SetupProjectStepDefinitions.user_clicks_on_submit_another_item()
[INFO]	[Assertion Pass]	Number of Active Transaction =  Active transactions (2)
    Then Verify for Active Transaction                              # ActiveTransactionProjectContactStepDefinitions.verify_for_Active_Notifications()
    Then User clicks on first Active Transaction                    # ActiveTransactionProjectContactStepDefinitions.User_clicks_first_Active_Transaction()
    And Click on go to Project contact list                         # ActiveTransactionProjectContactStepDefinitions.navigate_Project_Overview_section_add_project_overview()
    Then Add the new client contact                                 # ActiveTransactionProjectContactStepDefinitions.clicks_on_Next_Add_Client_Lead()
[INFO]	[Assertion Pass]	User entered first Name
    Then Add Client First Name                                      # ActiveTransactionProjectContactStepDefinitions.select_Anticipated_award_Date()
[INFO]	[Assertion Pass]	User entered last Name
    And Add Client Last Name                                        # ActiveTransactionProjectContactStepDefinitions.select_Competitive_Project()
    Then Select Project Role                                        # ActiveTransactionProjectContactStepDefinitions.add_Client_Lead_Email_Address_click_on_next()
[INFO]	[Assertion Pass]	User entered ISG Email Address
    Then Add Email Address for the ISG and Click on save Contact    # ActiveTransactionProjectContactStepDefinitions.add_Email_Address_ISG_Click_save_Contact()
      org.openqa.selenium.json.JsonException: java.lang.reflect.InvocationTargetException
Build info: version: '3.141.59', revision: 'e82be7d358', time: '2018-11-14T08:17:03'
System info: host: 'EUROW42SLPC5721', ip: '192.168.29.116', os.name: 'Windows 10', os.arch: 'amd64', os.version: '10.0', java.version: '1.8.0_221'
Driver info: driver.version: EventFiringWebDriver
	at org.openqa.selenium.json.JsonOutput.convertUsingMethod(JsonOutput.java:332)
	at org.openqa.selenium.json.JsonOutput.lambda$new$16(JsonOutput.java:155)
	at org.openqa.selenium.json.JsonOutput.write(JsonOutput.java:264)
	at org.openqa.selenium.json.JsonOutput.lambda$null$21(JsonOutput.java:168)
	at java.util.LinkedHashMap$LinkedValues.forEach(LinkedHashMap.java:608)
	at org.openqa.selenium.json.JsonOutput.lambda$new$22(JsonOutput.java:168)
	at org.openqa.selenium.json.JsonOutput.write(JsonOutput.java:264)
	at org.openqa.selenium.json.JsonOutput.lambda$null$23(JsonOutput.java:177)
	at com.google.common.collect.SingletonImmutableBiMap.forEach(SingletonImmutableBiMap.java:65)
	at org.openqa.selenium.json.JsonOutput.lambda$new$24(JsonOutput.java:176)
	at org.openqa.selenium.json.JsonOutput.write(JsonOutput.java:264)
	at org.openqa.selenium.json.JsonOutput.write(JsonOutput.java:255)
	at org.openqa.selenium.json.Json.toJson(Json.java:42)
	at org.openqa.selenium.remote.http.AbstractHttpCommandCodec.encode(AbstractHttpCommandCodec.java:227)
	at org.openqa.selenium.remote.http.AbstractHttpCommandCodec.encode(AbstractHttpCommandCodec.java:117)
	at org.openqa.selenium.remote.HttpCommandExecutor.execute(HttpCommandExecutor.java:152)
	at org.openqa.selenium.remote.service.DriverCommandExecutor.execute(DriverCommandExecutor.java:83)
	at org.openqa.selenium.remote.RemoteWebDriver.execute(RemoteWebDriver.java:552)
	at org.openqa.selenium.remote.RemoteWebDriver.perform(RemoteWebDriver.java:618)
	at sun.reflect.GeneratedMethodAccessor19.invoke(Unknown Source)
	at sun.reflect.DelegatingMethodAccessorImpl.invoke(DelegatingMethodAccessorImpl.java:43)
	at java.lang.reflect.Method.invoke(Method.java:498)
	at org.openqa.selenium.support.events.EventFiringWebDriver.lambda$new$1(EventFiringWebDriver.java:105)
	at com.sun.proxy.$Proxy25.perform(Unknown Source)
	at org.openqa.selenium.support.events.EventFiringWebDriver.perform(EventFiringWebDriver.java:360)
	at org.openqa.selenium.interactions.Actions$BuiltAction.perform(Actions.java:639)
	at com.zensar.scriptutils.GlobalFunction.click(GlobalFunction.java:408)
	at com.zensar.pageobjects.ProjectContact.ISGContactAdd(ProjectContact.java:380)
	at com.zensar.stepDefinations.ActiveTransactionProjectContactStepDefinitions.add_Email_Address_ISG_Click_save_Contact(ActiveTransactionProjectContactStepDefinitions.java:168)
	at ?.Add Email Address for the ISG and Click on save Contact(src/main/java/com/zensar/features/ProjectContact.feature:159)
	Suppressed: org.openqa.selenium.json.JsonException: Attempting to close incomplete json stream
Build info: version: '3.141.59', revision: 'e82be7d358', time: '2018-11-14T08:17:03'
System info: host: 'EUROW42SLPC5721', ip: '192.168.29.116', os.name: 'Windows 10', os.arch: 'amd64', os.version: '10.0', java.version: '1.8.0_221'
Driver info: driver.version: EventFiringWebDriver
		at org.openqa.selenium.json.JsonOutput.close(JsonOutput.java:279)
		at org.openqa.selenium.json.Json.toJson(Json.java:44)
		at org.openqa.selenium.remote.http.AbstractHttpCommandCodec.encode(AbstractHttpCommandCodec.java:227)
		at org.openqa.selenium.remote.http.AbstractHttpCommandCodec.encode(AbstractHttpCommandCodec.java:117)
		at org.openqa.selenium.remote.HttpCommandExecutor.execute(HttpCommandExecutor.java:152)
		at org.openqa.selenium.remote.service.DriverCommandExecutor.execute(DriverCommandExecutor.java:83)
		at org.openqa.selenium.remote.RemoteWebDriver.execute(RemoteWebDriver.java:552)
		at org.openqa.selenium.remote.RemoteWebDriver.perform(RemoteWebDriver.java:618)
		at sun.reflect.GeneratedMethodAccessor19.invoke(Unknown Source)
		at sun.reflect.DelegatingMethodAccessorImpl.invoke(DelegatingMethodAccessorImpl.java:43)
		at java.lang.reflect.Method.invoke(Method.java:498)
		at org.openqa.selenium.support.events.EventFiringWebDriver.lambda$new$1(EventFiringWebDriver.java:105)
		at com.sun.proxy.$Proxy25.perform(Unknown Source)
		at org.openqa.selenium.support.events.EventFiringWebDriver.perform(EventFiringWebDriver.java:360)
		at org.openqa.selenium.interactions.Actions$BuiltAction.perform(Actions.java:639)
		at com.zensar.scriptutils.GlobalFunction.click(GlobalFunction.java:408)
		at com.zensar.pageobjects.ProjectContact.ISGContactAdd(ProjectContact.java:380)
		at com.zensar.stepDefinations.ActiveTransactionProjectContactStepDefinitions.add_Email_Address_ISG_Click_save_Contact(ActiveTransactionProjectContactStepDefinitions.java:168)
		at sun.reflect.NativeMethodAccessorImpl.invoke0(Native Method)
		at sun.reflect.NativeMethodAccessorImpl.invoke(NativeMethodAccessorImpl.java:62)
		at sun.reflect.DelegatingMethodAccessorImpl.invoke(DelegatingMethodAccessorImpl.java:43)
		at java.lang.reflect.Method.invoke(Method.java:498)
		at cucumber.runtime.Utils$1.call(Utils.java:26)
		at cucumber.runtime.Timeout.timeout(Timeout.java:16)
		at cucumber.runtime.Utils.invoke(Utils.java:20)
		at cucumber.runtime.java.JavaStepDefinition.execute(JavaStepDefinition.java:49)
		at cucumber.runner.PickleStepDefinitionMatch.runStep(PickleStepDefinitionMatch.java:50)
		at cucumber.runner.TestStep.executeStep(TestStep.java:63)
		at cucumber.runner.TestStep.run(TestStep.java:49)
		at cucumber.runner.PickleStepTestStep.run(PickleStepTestStep.java:43)
		at cucumber.runner.TestCase.run(TestCase.java:44)
		at cucumber.runner.Runner.runPickle(Runner.java:40)
		at cucumber.api.testng.TestNGCucumberRunner.runScenario(TestNGCucumberRunner.java:68)
		at com.zensar.runner.ProjectContact.feature(ProjectContact.java:37)
		at sun.reflect.NativeMethodAccessorImpl.invoke0(Native Method)
		at sun.reflect.NativeMethodAccessorImpl.invoke(NativeMethodAccessorImpl.java:62)
		at sun.reflect.DelegatingMethodAccessorImpl.invoke(DelegatingMethodAccessorImpl.java:43)
		at java.lang.reflect.Method.invoke(Method.java:498)
		at org.testng.internal.MethodInvocationHelper.invokeMethod(MethodInvocationHelper.java:124)
		at org.testng.internal.Invoker.invokeMethod(Invoker.java:583)
		at org.testng.internal.Invoker.invokeTestMethod(Invoker.java:719)
		at org.testng.internal.Invoker.invokeTestMethods(Invoker.java:989)
		at org.testng.internal.TestMethodWorker.invokeTestMethods(TestMethodWorker.java:125)
		at org.testng.internal.TestMethodWorker.run(TestMethodWorker.java:109)
		at org.testng.TestRunner.privateRun(TestRunner.java:648)
		at org.testng.TestRunner.run(TestRunner.java:505)
		at org.testng.SuiteRunner.runTest(SuiteRunner.java:455)
		at org.testng.SuiteRunner.access$000(SuiteRunner.java:40)
		at org.testng.SuiteRunner$SuiteWorker.run(SuiteRunner.java:489)
		at org.testng.internal.thread.ThreadUtil$1.call(ThreadUtil.java:52)
		at java.util.concurrent.FutureTask.run(FutureTask.java:266)
		at java.util.concurrent.ThreadPoolExecutor.runWorker(ThreadPoolExecutor.java:1149)
		at java.util.concurrent.ThreadPoolExecutor$Worker.run(ThreadPoolExecutor.java:624)
		at java.lang.Thread.run(Thread.java:748)
Caused by: java.lang.reflect.InvocationTargetException
	at sun.reflect.GeneratedMethodAccessor20.invoke(Unknown Source)
	at sun.reflect.DelegatingMethodAccessorImpl.invoke(DelegatingMethodAccessorImpl.java:43)
	at java.lang.reflect.Method.invoke(Method.java:498)
	at org.openqa.selenium.json.JsonOutput.convertUsingMethod(JsonOutput.java:328)
	at org.openqa.selenium.json.JsonOutput.lambda$new$16(JsonOutput.java:155)
	at org.openqa.selenium.json.JsonOutput.write(JsonOutput.java:264)
	at org.openqa.selenium.json.JsonOutput.lambda$null$21(JsonOutput.java:168)
	at java.util.LinkedHashMap$LinkedValues.forEach(LinkedHashMap.java:608)
	at org.openqa.selenium.json.JsonOutput.lambda$new$22(JsonOutput.java:168)
	at org.openqa.selenium.json.JsonOutput.write(JsonOutput.java:264)
	at org.openqa.selenium.json.JsonOutput.lambda$null$23(JsonOutput.java:177)
	at com.google.common.collect.SingletonImmutableBiMap.forEach(SingletonImmutableBiMap.java:65)
	at org.openqa.selenium.json.JsonOutput.lambda$new$24(JsonOutput.java:176)
	at org.openqa.selenium.json.JsonOutput.write(JsonOutput.java:264)
	at org.openqa.selenium.json.JsonOutput.write(JsonOutput.java:255)
	at org.openqa.selenium.json.Json.toJson(Json.java:42)
	at org.openqa.selenium.remote.http.AbstractHttpCommandCodec.encode(AbstractHttpCommandCodec.java:227)
	at org.openqa.selenium.remote.http.AbstractHttpCommandCodec.encode(AbstractHttpCommandCodec.java:117)
	at org.openqa.selenium.remote.HttpCommandExecutor.execute(HttpCommandExecutor.java:152)
	at org.openqa.selenium.remote.service.DriverCommandExecutor.execute(DriverCommandExecutor.java:83)
	at org.openqa.selenium.remote.RemoteWebDriver.execute(RemoteWebDriver.java:552)
	at org.openqa.selenium.remote.RemoteWebDriver.perform(RemoteWebDriver.java:618)
	at sun.reflect.GeneratedMethodAccessor19.invoke(Unknown Source)
	at sun.reflect.DelegatingMethodAccessorImpl.invoke(DelegatingMethodAccessorImpl.java:43)
	at java.lang.reflect.Method.invoke(Method.java:498)
	at org.openqa.selenium.support.events.EventFiringWebDriver.lambda$new$1(EventFiringWebDriver.java:105)
	at com.sun.proxy.$Proxy25.perform(Unknown Source)
	at org.openqa.selenium.support.events.EventFiringWebDriver.perform(EventFiringWebDriver.java:360)
	at org.openqa.selenium.interactions.Actions$BuiltAction.perform(Actions.java:639)
	at com.zensar.scriptutils.GlobalFunction.click(GlobalFunction.java:408)
	at com.zensar.pageobjects.ProjectContact.ISGContactAdd(ProjectContact.java:380)
	at com.zensar.stepDefinations.ActiveTransactionProjectContactStepDefinitions.add_Email_Address_ISG_Click_save_Contact(ActiveTransactionProjectContactStepDefinitions.java:168)
	at sun.reflect.NativeMethodAccessorImpl.invoke0(Native Method)
	at sun.reflect.NativeMethodAccessorImpl.invoke(NativeMethodAccessorImpl.java:62)
	at sun.reflect.DelegatingMethodAccessorImpl.invoke(DelegatingMethodAccessorImpl.java:43)
	at java.lang.reflect.Method.invoke(Method.java:498)
	at cucumber.runtime.Utils$1.call(Utils.java:26)
	at cucumber.runtime.Timeout.timeout(Timeout.java:16)
	at cucumber.runtime.Utils.invoke(Utils.java:20)
	at cucumber.runtime.java.JavaStepDefinition.execute(JavaStepDefinition.java:49)
	at cucumber.runner.PickleStepDefinitionMatch.runStep(PickleStepDefinitionMatch.java:50)
	at cucumber.runner.TestStep.executeStep(TestStep.java:63)
	at cucumber.runner.TestStep.run(TestStep.java:49)
	at cucumber.runner.PickleStepTestStep.run(PickleStepTestStep.java:43)
	at cucumber.runner.TestCase.run(TestCase.java:44)
	at cucumber.runner.Runner.runPickle(Runner.java:40)
	at cucumber.api.testng.TestNGCucumberRunner.runScenario(TestNGCucumberRunner.java:68)
	at com.zensar.runner.ProjectContact.feature(ProjectContact.java:37)
	at sun.reflect.NativeMethodAccessorImpl.invoke0(Native Method)
	at sun.reflect.NativeMethodAccessorImpl.invoke(NativeMethodAccessorImpl.java:62)
	at sun.reflect.DelegatingMethodAccessorImpl.invoke(DelegatingMethodAccessorImpl.java:43)
	at java.lang.reflect.Method.invoke(Method.java:498)
	at org.testng.internal.MethodInvocationHelper.invokeMethod(MethodInvocationHelper.java:124)
	at org.testng.internal.Invoker.invokeMethod(Invoker.java:583)
	at org.testng.internal.Invoker.invokeTestMethod(Invoker.java:719)
	at org.testng.internal.Invoker.invokeTestMethods(Invoker.java:989)
	at org.testng.internal.TestMethodWorker.invokeTestMethods(TestMethodWorker.java:125)
	at org.testng.internal.TestMethodWorker.run(TestMethodWorker.java:109)
	at org.testng.TestRunner.privateRun(TestRunner.java:648)
	at org.testng.TestRunner.run(TestRunner.java:505)
	at org.testng.SuiteRunner.runTest(SuiteRunner.java:455)
	at org.testng.SuiteRunner.access$000(SuiteRunner.java:40)
	at org.testng.SuiteRunner$SuiteWorker.run(SuiteRunner.java:489)
	at org.testng.internal.thread.ThreadUtil$1.call(ThreadUtil.java:52)
	at java.util.concurrent.FutureTask.run(FutureTask.java:266)
	at java.util.concurrent.ThreadPoolExecutor.runWorker(ThreadPoolExecutor.java:1149)
	at java.util.concurrent.ThreadPoolExecutor$Worker.run(ThreadPoolExecutor.java:624)
	at java.lang.Thread.run(Thread.java:748)
Caused by: org.openqa.selenium.NoSuchElementException: no such element: Unable to locate element: {"method":"xpath","selector":"//button[@class='btn primary-btn-large saveFormsDetails saveClientContact ng-star-inserted']"}
  (Session info: chrome=122.0.6261.112)
For documentation on this error, please visit: https://www.seleniumhq.org/exceptions/no_such_element.html
Build info: version: '3.141.59', revision: 'e82be7d358', time: '2018-11-14T08:17:03'
System info: host: 'EUROW42SLPC5721', ip: '192.168.29.116', os.name: 'Windows 10', os.arch: 'amd64', os.version: '10.0', java.version: '1.8.0_221'
Driver info: org.openqa.selenium.chrome.ChromeDriver
Capabilities {acceptInsecureCerts: false, browserName: chrome, browserVersion: 122.0.6261.112, chrome: {chromedriverVersion: 122.0.6261.111 (9d4c1072da6..., userDataDir: C:\Users\vs106039\AppData\L...}, fedcm:accounts: true, goog:chromeOptions: {debuggerAddress: localhost:56512}, javascriptEnabled: true, networkConnectionEnabled: false, pageLoadStrategy: normal, platform: WINDOWS, platformName: WINDOWS, proxy: Proxy(), setWindowRect: true, strictFileInteractability: false, timeouts: {implicit: 0, pageLoad: 300000, script: 30000}, unhandledPromptBehavior: dismiss and notify, webauthn:extension:credBlob: true, webauthn:extension:largeBlob: true, webauthn:extension:minPinLength: true, webauthn:extension:prf: true, webauthn:virtualAuthenticators: true}
Session ID: 57d2ffbfca20815e89a3be4a2db8ba3d
*** Element info: {Using=xpath, value=//button[@class='btn primary-btn-large saveFormsDetails saveClientContact ng-star-inserted']}
	at sun.reflect.GeneratedConstructorAccessor91.newInstance(Unknown Source)
	at sun.reflect.DelegatingConstructorAccessorImpl.newInstance(DelegatingConstructorAccessorImpl.java:45)
	at java.lang.reflect.Constructor.newInstance(Constructor.java:423)
	at org.openqa.selenium.remote.http.W3CHttpResponseCodec.createException(W3CHttpResponseCodec.java:187)
	at org.openqa.selenium.remote.http.W3CHttpResponseCodec.decode(W3CHttpResponseCodec.java:122)
	at org.openqa.selenium.remote.http.W3CHttpResponseCodec.decode(W3CHttpResponseCodec.java:49)
	at org.openqa.selenium.remote.HttpCommandExecutor.execute(HttpCommandExecutor.java:158)
	at org.openqa.selenium.remote.service.DriverCommandExecutor.execute(DriverCommandExecutor.java:83)
	at org.openqa.selenium.remote.RemoteWebDriver.execute(RemoteWebDriver.java:552)
	at org.openqa.selenium.remote.RemoteWebDriver.findElement(RemoteWebDriver.java:323)
	at org.openqa.selenium.remote.RemoteWebDriver.findElementByXPath(RemoteWebDriver.java:428)
	at org.openqa.selenium.By$ByXPath.findElement(By.java:353)
	at org.openqa.selenium.remote.RemoteWebDriver.findElement(RemoteWebDriver.java:315)
	at sun.reflect.GeneratedMethodAccessor8.invoke(Unknown Source)
	at sun.reflect.DelegatingMethodAccessorImpl.invoke(DelegatingMethodAccessorImpl.java:43)
	at java.lang.reflect.Method.invoke(Method.java:498)
	at org.openqa.selenium.support.events.EventFiringWebDriver.lambda$new$1(EventFiringWebDriver.java:105)
	at com.sun.proxy.$Proxy25.findElement(Unknown Source)
	at org.openqa.selenium.support.events.EventFiringWebDriver.findElement(EventFiringWebDriver.java:194)
	at org.openqa.selenium.support.pagefactory.DefaultElementLocator.findElement(DefaultElementLocator.java:69)
	at org.openqa.selenium.support.pagefactory.internal.LocatingElementHandler.invoke(LocatingElementHandler.java:38)
	at com.sun.proxy.$Proxy28.getWrappedElement(Unknown Source)
	at org.openqa.selenium.interactions.PointerInput$Origin.asArg(PointerInput.java:204)
	at org.openqa.selenium.interactions.PointerInput$Move.encode(PointerInput.java:155)
	at org.openqa.selenium.interactions.Sequence.encode(Sequence.java:75)
	at org.openqa.selenium.interactions.Sequence.toJson(Sequence.java:84)
	... 68 more


  Scenario Outline: Verify user can not add duplicate attorney #<DataSetName> # src/main/java/com/zensar/features/ProjectContact.feature:165
    When user logs in to ISG
    Then Verify for Active Transaction
    Then User clicks on first Active Transaction
    And Click on go to Project contact list
    Then Add the new client contact
    Then Add Client First Name
    And Add Client Last Name
    Then Select Project Role
    Then Add Email Address for the Attorney and Click on save Contact

    Examples: 

  Background:                                          # src/main/java/com/zensar/features/ProjectContact.feature:3
    Given User navigates to ISG Landing Page and Login # SetupProjectStepDefinitions.user_navigates_to_Isg_Landing_Page()

  Scenario Outline: Verify user can not add duplicate attorney #AddContact # src/main/java/com/zensar/features/ProjectContact.feature:178
    When user logs in to ISG                                               # SetupProjectStepDefinitions.user_clicks_on_submit_another_item()
[INFO]	[Assertion Pass]	Number of Active Transaction =  Active transactions (2)
    Then Verify for Active Transaction                                     # ActiveTransactionProjectContactStepDefinitions.verify_for_Active_Notifications()
    Then User clicks on first Active Transaction                           # ActiveTransactionProjectContactStepDefinitions.User_clicks_first_Active_Transaction()
    And Click on go to Project contact list                                # ActiveTransactionProjectContactStepDefinitions.navigate_Project_Overview_section_add_project_overview()
    Then Add the new client contact                                        # ActiveTransactionProjectContactStepDefinitions.clicks_on_Next_Add_Client_Lead()
[INFO]	[Assertion Pass]	User entered first Name
    Then Add Client First Name                                             # ActiveTransactionProjectContactStepDefinitions.select_Anticipated_award_Date()
[INFO]	[Assertion Pass]	User entered last Name
    And Add Client Last Name                                               # ActiveTransactionProjectContactStepDefinitions.select_Competitive_Project()
    Then Select Project Role                                               # ActiveTransactionProjectContactStepDefinitions.add_Client_Lead_Email_Address_click_on_next()
[INFO]	[Assertion Pass]	User entered Attorney Email Address
[INFO]	[Assertion Pass]	Email is duplicate
    Then Add Email Address for the Attorney and Click on save Contact      # ActiveTransactionProjectContactStepDefinitions.add_Email_Address_Attorney_Click_save_Contact()

Failed scenarios:	 >>>>>> (Stats.java:172)	13:47:33
src/main/java/com/zensar/features/ProjectContact.feature:122 # Verify user not able to remove ISG Contact  	 >>>>>> (Stats.java:178)	13:47:33
#AddContact	 >>>>>> (Stats.java:178)	13:47:33
src/main/java/com/zensar/features/ProjectContact.feature:148 # Verify user can not add duplicate contact 	 >>>>>> (Stats.java:178)	13:47:33
#AddContact	 >>>>>> (Stats.java:178)	13:47:33
src/main/java/com/zensar/features/ProjectContact.feature:163 # Verify user can not add ISG contact 	 >>>>>> (Stats.java:178)	13:47:33
#AddContact	 >>>>>> (Stats.java:178)	13:47:33

Undefined scenarios:	 >>>>>> (Stats.java:172)	13:47:33
src/main/java/com/zensar/features/ProjectContact.feature:133 # Verify user not able to see Edit contact & remove contact button for non ISG Contact  	 >>>>>> (Stats.java:178)	13:47:33
#AddContact	 >>>>>> (Stats.java:178)	13:47:33

12 Scenarios (3 failed, 1 undefined, 8 passed)	 >>>>>> (Stats.java:129)	13:47:33
116 Steps (3 failed, 1 undefined, 112 passed)	 >>>>>> (Stats.java:122)	13:47:33
19m2.694s	 >>>>>> (Stats.java:157)	13:47:33

org.openqa.selenium.NoSuchElementException: no such element: Unable to locate element: {"method":"xpath","selector":"//button[@class='btn secondary-btn-large ng-star-inserted']"}
  (Session info: chrome=122.0.6261.112)
For documentation on this error, please visit: https://www.seleniumhq.org/exceptions/no_such_element.html
Build info: version: '3.141.59', revision: 'e82be7d358', time: '2018-11-14T08:17:03'
System info: host: 'EUROW42SLPC5721', ip: '192.168.29.116', os.name: 'Windows 10', os.arch: 'amd64', os.version: '10.0', java.version: '1.8.0_221'
Driver info: org.openqa.selenium.chrome.ChromeDriver
Capabilities {acceptInsecureCerts: false, browserName: chrome, browserVersion: 122.0.6261.112, chrome: {chromedriverVersion: 122.0.6261.111 (9d4c1072da6..., userDataDir: C:\Users\vs106039\AppData\L...}, fedcm:accounts: true, goog:chromeOptions: {debuggerAddress: localhost:56285}, javascriptEnabled: true, networkConnectionEnabled: false, pageLoadStrategy: normal, platform: WINDOWS, platformName: WINDOWS, proxy: Proxy(), setWindowRect: true, strictFileInteractability: false, timeouts: {implicit: 0, pageLoad: 300000, script: 30000}, unhandledPromptBehavior: dismiss and notify, webauthn:extension:credBlob: true, webauthn:extension:largeBlob: true, webauthn:extension:minPinLength: true, webauthn:extension:prf: true, webauthn:virtualAuthenticators: true}
Session ID: cdaa79e0da912d93e202e077c6d4cd1f
*** Element info: {Using=xpath, value=//button[@class='btn secondary-btn-large ng-star-inserted']}	 >>>>>> (Throwable.java:749)	13:47:33
	at sun.reflect.GeneratedConstructorAccessor91.newInstance(Unknown Source)	 >>>>>> (Throwable.java:749)	13:47:33
	at sun.reflect.DelegatingConstructorAccessorImpl.newInstance(DelegatingConstructorAccessorImpl.java:45)	 >>>>>> (Throwable.java:749)	13:47:33
	at java.lang.reflect.Constructor.newInstance(Constructor.java:423)	 >>>>>> (Throwable.java:749)	13:47:33
	at org.openqa.selenium.remote.http.W3CHttpResponseCodec.createException(W3CHttpResponseCodec.java:187)	 >>>>>> (Throwable.java:749)	13:47:33
	at org.openqa.selenium.remote.http.W3CHttpResponseCodec.decode(W3CHttpResponseCodec.java:122)	 >>>>>> (Throwable.java:749)	13:47:33
	at org.openqa.selenium.remote.http.W3CHttpResponseCodec.decode(W3CHttpResponseCodec.java:49)	 >>>>>> (Throwable.java:749)	13:47:33
	at org.openqa.selenium.remote.HttpCommandExecutor.execute(HttpCommandExecutor.java:158)	 >>>>>> (Throwable.java:749)	13:47:33
	at org.openqa.selenium.remote.service.DriverCommandExecutor.execute(DriverCommandExecutor.java:83)	 >>>>>> (Throwable.java:749)	13:47:33
	at org.openqa.selenium.remote.RemoteWebDriver.execute(RemoteWebDriver.java:552)	 >>>>>> (Throwable.java:749)	13:47:33
	at org.openqa.selenium.remote.RemoteWebDriver.findElement(RemoteWebDriver.java:323)	 >>>>>> (Throwable.java:749)	13:47:33
	at org.openqa.selenium.remote.RemoteWebDriver.findElementByXPath(RemoteWebDriver.java:428)	 >>>>>> (Throwable.java:749)	13:47:33
	at org.openqa.selenium.By$ByXPath.findElement(By.java:353)	 >>>>>> (Throwable.java:749)	13:47:33
	at org.openqa.selenium.remote.RemoteWebDriver.findElement(RemoteWebDriver.java:315)	 >>>>>> (Throwable.java:749)	13:47:33
	at sun.reflect.GeneratedMethodAccessor8.invoke(Unknown Source)	 >>>>>> (Throwable.java:749)	13:47:33
	at sun.reflect.DelegatingMethodAccessorImpl.invoke(DelegatingMethodAccessorImpl.java:43)	 >>>>>> (Throwable.java:749)	13:47:33
	at java.lang.reflect.Method.invoke(Method.java:498)	 >>>>>> (Throwable.java:749)	13:47:33
	at org.openqa.selenium.support.events.EventFiringWebDriver.lambda$new$1(EventFiringWebDriver.java:105)	 >>>>>> (Throwable.java:749)	13:47:33
	at com.sun.proxy.$Proxy25.findElement(Unknown Source)	 >>>>>> (Throwable.java:749)	13:47:33
	at org.openqa.selenium.support.events.EventFiringWebDriver.findElement(EventFiringWebDriver.java:194)	 >>>>>> (Throwable.java:749)	13:47:33
	at org.openqa.selenium.support.pagefactory.DefaultElementLocator.findElement(DefaultElementLocator.java:69)	 >>>>>> (Throwable.java:749)	13:47:33
	at org.openqa.selenium.support.pagefactory.internal.LocatingElementHandler.invoke(LocatingElementHandler.java:38)	 >>>>>> (Throwable.java:749)	13:47:33
	at com.sun.proxy.$Proxy28.isDisplayed(Unknown Source)	 >>>>>> (Throwable.java:749)	13:47:33
	at com.zensar.scriptutils.GlobalFunction.waitForElement(GlobalFunction.java:1677)	 >>>>>> (Throwable.java:749)	13:47:33
	at com.zensar.pageobjects.ProjectContact.RemoveContactButton(ProjectContact.java:355)	 >>>>>> (Throwable.java:749)	13:47:33
	at com.zensar.stepDefinations.ActiveTransactionProjectContactStepDefinitions.verify_remove_contact_button(ActiveTransactionProjectContactStepDefinitions.java:158)	 >>>>>> (Throwable.java:749)	13:47:33
	at ?.Verify there is no remove contact button(src/main/java/com/zensar/features/ProjectContact.feature:119)	 >>>>>> (Throwable.java:749)	13:47:33

org.openqa.selenium.NoSuchElementException: no such element: Unable to locate element: {"method":"xpath","selector":"//p[@class='errorMsg ng-star-inserted']"}
  (Session info: chrome=122.0.6261.112)
For documentation on this error, please visit: https://www.seleniumhq.org/exceptions/no_such_element.html
Build info: version: '3.141.59', revision: 'e82be7d358', time: '2018-11-14T08:17:03'
System info: host: 'EUROW42SLPC5721', ip: '192.168.29.116', os.name: 'Windows 10', os.arch: 'amd64', os.version: '10.0', java.version: '1.8.0_221'
Driver info: org.openqa.selenium.chrome.ChromeDriver
Capabilities {acceptInsecureCerts: false, browserName: chrome, browserVersion: 122.0.6261.112, chrome: {chromedriverVersion: 122.0.6261.111 (9d4c1072da6..., userDataDir: C:\Users\vs106039\AppData\L...}, fedcm:accounts: true, goog:chromeOptions: {debuggerAddress: localhost:56428}, javascriptEnabled: true, networkConnectionEnabled: false, pageLoadStrategy: normal, platform: WINDOWS, platformName: WINDOWS, proxy: Proxy(), setWindowRect: true, strictFileInteractability: false, timeouts: {implicit: 0, pageLoad: 300000, script: 30000}, unhandledPromptBehavior: dismiss and notify, webauthn:extension:credBlob: true, webauthn:extension:largeBlob: true, webauthn:extension:minPinLength: true, webauthn:extension:prf: true, webauthn:virtualAuthenticators: true}
Session ID: cf8557607df68a4193a954dc25041c85
*** Element info: {Using=xpath, value=//p[@class='errorMsg ng-star-inserted']}	 >>>>>> (Throwable.java:749)	13:47:33
	at sun.reflect.GeneratedConstructorAccessor91.newInstance(Unknown Source)	 >>>>>> (Throwable.java:749)	13:47:33
	at sun.reflect.DelegatingConstructorAccessorImpl.newInstance(DelegatingConstructorAccessorImpl.java:45)	 >>>>>> (Throwable.java:749)	13:47:33
	at java.lang.reflect.Constructor.newInstance(Constructor.java:423)	 >>>>>> (Throwable.java:749)	13:47:33
	at org.openqa.selenium.remote.http.W3CHttpResponseCodec.createException(W3CHttpResponseCodec.java:187)	 >>>>>> (Throwable.java:749)	13:47:33
	at org.openqa.selenium.remote.http.W3CHttpResponseCodec.decode(W3CHttpResponseCodec.java:122)	 >>>>>> (Throwable.java:749)	13:47:33
	at org.openqa.selenium.remote.http.W3CHttpResponseCodec.decode(W3CHttpResponseCodec.java:49)	 >>>>>> (Throwable.java:749)	13:47:33
	at org.openqa.selenium.remote.HttpCommandExecutor.execute(HttpCommandExecutor.java:158)	 >>>>>> (Throwable.java:749)	13:47:33
	at org.openqa.selenium.remote.service.DriverCommandExecutor.execute(DriverCommandExecutor.java:83)	 >>>>>> (Throwable.java:749)	13:47:33
	at org.openqa.selenium.remote.RemoteWebDriver.execute(RemoteWebDriver.java:552)	 >>>>>> (Throwable.java:749)	13:47:33
	at org.openqa.selenium.remote.RemoteWebDriver.findElement(RemoteWebDriver.java:323)	 >>>>>> (Throwable.java:749)	13:47:33
	at org.openqa.selenium.remote.RemoteWebDriver.findElementByXPath(RemoteWebDriver.java:428)	 >>>>>> (Throwable.java:749)	13:47:33
	at org.openqa.selenium.By$ByXPath.findElement(By.java:353)	 >>>>>> (Throwable.java:749)	13:47:33
	at org.openqa.selenium.remote.RemoteWebDriver.findElement(RemoteWebDriver.java:315)	 >>>>>> (Throwable.java:749)	13:47:33
	at sun.reflect.GeneratedMethodAccessor8.invoke(Unknown Source)	 >>>>>> (Throwable.java:749)	13:47:33
	at sun.reflect.DelegatingMethodAccessorImpl.invoke(DelegatingMethodAccessorImpl.java:43)	 >>>>>> (Throwable.java:749)	13:47:33
	at java.lang.reflect.Method.invoke(Method.java:498)	 >>>>>> (Throwable.java:749)	13:47:33
	at org.openqa.selenium.support.events.EventFiringWebDriver.lambda$new$1(EventFiringWebDriver.java:105)	 >>>>>> (Throwable.java:749)	13:47:33
	at com.sun.proxy.$Proxy25.findElement(Unknown Source)	 >>>>>> (Throwable.java:749)	13:47:33
	at org.openqa.selenium.support.events.EventFiringWebDriver.findElement(EventFiringWebDriver.java:194)	 >>>>>> (Throwable.java:749)	13:47:33
	at org.openqa.selenium.support.pagefactory.DefaultElementLocator.findElement(DefaultElementLocator.java:69)	 >>>>>> (Throwable.java:749)	13:47:33
	at org.openqa.selenium.support.pagefactory.internal.LocatingElementHandler.invoke(LocatingElementHandler.java:38)	 >>>>>> (Throwable.java:749)	13:47:33
	at com.sun.proxy.$Proxy28.isDisplayed(Unknown Source)	 >>>>>> (Throwable.java:749)	13:47:33
	at com.zensar.pageobjects.ProjectContact.DuplicateContactAdd(ProjectContact.java:371)	 >>>>>> (Throwable.java:749)	13:47:33
	at com.zensar.stepDefinations.ActiveTransactionProjectContactStepDefinitions.add_Email_Address_Member_Click_on_save_Contact(ActiveTransactionProjectContactStepDefinitions.java:163)	 >>>>>> (Throwable.java:749)	13:47:33
	at ?.Add Email Address for the Member and Click on save Contact for Duplicate(src/main/java/com/zensar/features/ProjectContact.feature:144)	 >>>>>> (Throwable.java:749)	13:47:33

org.openqa.selenium.json.JsonException: java.lang.reflect.InvocationTargetException
Build info: version: '3.141.59', revision: 'e82be7d358', time: '2018-11-14T08:17:03'
System info: host: 'EUROW42SLPC5721', ip: '192.168.29.116', os.name: 'Windows 10', os.arch: 'amd64', os.version: '10.0', java.version: '1.8.0_221'
Driver info: driver.version: EventFiringWebDriver	 >>>>>> (Throwable.java:749)	13:47:33
	at org.openqa.selenium.json.JsonOutput.convertUsingMethod(JsonOutput.java:332)	 >>>>>> (Throwable.java:749)	13:47:33
	at org.openqa.selenium.json.JsonOutput.lambda$new$16(JsonOutput.java:155)	 >>>>>> (Throwable.java:749)	13:47:33
	at org.openqa.selenium.json.JsonOutput.write(JsonOutput.java:264)	 >>>>>> (Throwable.java:749)	13:47:33
	at org.openqa.selenium.json.JsonOutput.lambda$null$21(JsonOutput.java:168)	 >>>>>> (Throwable.java:749)	13:47:33
	at java.util.LinkedHashMap$LinkedValues.forEach(LinkedHashMap.java:608)	 >>>>>> (Throwable.java:749)	13:47:33
	at org.openqa.selenium.json.JsonOutput.lambda$new$22(JsonOutput.java:168)	 >>>>>> (Throwable.java:749)	13:47:33
	at org.openqa.selenium.json.JsonOutput.write(JsonOutput.java:264)	 >>>>>> (Throwable.java:749)	13:47:33
	at org.openqa.selenium.json.JsonOutput.lambda$null$23(JsonOutput.java:177)	 >>>>>> (Throwable.java:749)	13:47:33
	at com.google.common.collect.SingletonImmutableBiMap.forEach(SingletonImmutableBiMap.java:65)	 >>>>>> (Throwable.java:749)	13:47:33
	at org.openqa.selenium.json.JsonOutput.lambda$new$24(JsonOutput.java:176)	 >>>>>> (Throwable.java:749)	13:47:33
	at org.openqa.selenium.json.JsonOutput.write(JsonOutput.java:264)	 >>>>>> (Throwable.java:749)	13:47:33
	at org.openqa.selenium.json.JsonOutput.write(JsonOutput.java:255)	 >>>>>> (Throwable.java:749)	13:47:33
	at org.openqa.selenium.json.Json.toJson(Json.java:42)	 >>>>>> (Throwable.java:749)	13:47:33
	at org.openqa.selenium.remote.http.AbstractHttpCommandCodec.encode(AbstractHttpCommandCodec.java:227)	 >>>>>> (Throwable.java:749)	13:47:33
	at org.openqa.selenium.remote.http.AbstractHttpCommandCodec.encode(AbstractHttpCommandCodec.java:117)	 >>>>>> (Throwable.java:749)	13:47:33
	at org.openqa.selenium.remote.HttpCommandExecutor.execute(HttpCommandExecutor.java:152)	 >>>>>> (Throwable.java:749)	13:47:33
	at org.openqa.selenium.remote.service.DriverCommandExecutor.execute(DriverCommandExecutor.java:83)	 >>>>>> (Throwable.java:749)	13:47:33
	at org.openqa.selenium.remote.RemoteWebDriver.execute(RemoteWebDriver.java:552)	 >>>>>> (Throwable.java:749)	13:47:33
	at org.openqa.selenium.remote.RemoteWebDriver.perform(RemoteWebDriver.java:618)	 >>>>>> (Throwable.java:749)	13:47:33
	at sun.reflect.GeneratedMethodAccessor19.invoke(Unknown Source)	 >>>>>> (Throwable.java:749)	13:47:33
	at sun.reflect.DelegatingMethodAccessorImpl.invoke(DelegatingMethodAccessorImpl.java:43)	 >>>>>> (Throwable.java:749)	13:47:33
	at java.lang.reflect.Method.invoke(Method.java:498)	 >>>>>> (Throwable.java:749)	13:47:33
	at org.openqa.selenium.support.events.EventFiringWebDriver.lambda$new$1(EventFiringWebDriver.java:105)	 >>>>>> (Throwable.java:749)	13:47:33
	at com.sun.proxy.$Proxy25.perform(Unknown Source)	 >>>>>> (Throwable.java:749)	13:47:33
	at org.openqa.selenium.support.events.EventFiringWebDriver.perform(EventFiringWebDriver.java:360)	 >>>>>> (Throwable.java:749)	13:47:33
	at org.openqa.selenium.interactions.Actions$BuiltAction.perform(Actions.java:639)	 >>>>>> (Throwable.java:749)	13:47:33
	at com.zensar.scriptutils.GlobalFunction.click(GlobalFunction.java:408)	 >>>>>> (Throwable.java:749)	13:47:33
	at com.zensar.pageobjects.ProjectContact.ISGContactAdd(ProjectContact.java:380)	 >>>>>> (Throwable.java:749)	13:47:33
	at com.zensar.stepDefinations.ActiveTransactionProjectContactStepDefinitions.add_Email_Address_ISG_Click_save_Contact(ActiveTransactionProjectContactStepDefinitions.java:168)	 >>>>>> (Throwable.java:749)	13:47:33
	at ?.Add Email Address for the ISG and Click on save Contact(src/main/java/com/zensar/features/ProjectContact.feature:159)	 >>>>>> (Throwable.java:749)	13:47:33
	Suppressed: org.openqa.selenium.json.JsonException: Attempting to close incomplete json stream
Build info: version: '3.141.59', revision: 'e82be7d358', time: '2018-11-14T08:17:03'
System info: host: 'EUROW42SLPC5721', ip: '192.168.29.116', os.name: 'Windows 10', os.arch: 'amd64', os.version: '10.0', java.version: '1.8.0_221'
Driver info: driver.version: EventFiringWebDriver	 >>>>>> (Throwable.java:749)	13:47:33
		at org.openqa.selenium.json.JsonOutput.close(JsonOutput.java:279)	 >>>>>> (Throwable.java:749)	13:47:33
		at org.openqa.selenium.json.Json.toJson(Json.java:44)	 >>>>>> (Throwable.java:749)	13:47:33
		at org.openqa.selenium.remote.http.AbstractHttpCommandCodec.encode(AbstractHttpCommandCodec.java:227)	 >>>>>> (Throwable.java:749)	13:47:33
		at org.openqa.selenium.remote.http.AbstractHttpCommandCodec.encode(AbstractHttpCommandCodec.java:117)	 >>>>>> (Throwable.java:749)	13:47:33
		at org.openqa.selenium.remote.HttpCommandExecutor.execute(HttpCommandExecutor.java:152)	 >>>>>> (Throwable.java:749)	13:47:33
		at org.openqa.selenium.remote.service.DriverCommandExecutor.execute(DriverCommandExecutor.java:83)	 >>>>>> (Throwable.java:749)	13:47:33
		at org.openqa.selenium.remote.RemoteWebDriver.execute(RemoteWebDriver.java:552)	 >>>>>> (Throwable.java:749)	13:47:33
		at org.openqa.selenium.remote.RemoteWebDriver.perform(RemoteWebDriver.java:618)	 >>>>>> (Throwable.java:749)	13:47:33
		at sun.reflect.GeneratedMethodAccessor19.invoke(Unknown Source)	 >>>>>> (Throwable.java:749)	13:47:33
		at sun.reflect.DelegatingMethodAccessorImpl.invoke(DelegatingMethodAccessorImpl.java:43)	 >>>>>> (Throwable.java:749)	13:47:33
		at java.lang.reflect.Method.invoke(Method.java:498)	 >>>>>> (Throwable.java:749)	13:47:33
		at org.openqa.selenium.support.events.EventFiringWebDriver.lambda$new$1(EventFiringWebDriver.java:105)	 >>>>>> (Throwable.java:749)	13:47:33
		at com.sun.proxy.$Proxy25.perform(Unknown Source)	 >>>>>> (Throwable.java:749)	13:47:33
		at org.openqa.selenium.support.events.EventFiringWebDriver.perform(EventFiringWebDriver.java:360)	 >>>>>> (Throwable.java:749)	13:47:33
		at org.openqa.selenium.interactions.Actions$BuiltAction.perform(Actions.java:639)	 >>>>>> (Throwable.java:749)	13:47:33
		at com.zensar.scriptutils.GlobalFunction.click(GlobalFunction.java:408)	 >>>>>> (Throwable.java:749)	13:47:33
		at com.zensar.pageobjects.ProjectContact.ISGContactAdd(ProjectContact.java:380)	 >>>>>> (Throwable.java:749)	13:47:33
		at com.zensar.stepDefinations.ActiveTransactionProjectContactStepDefinitions.add_Email_Address_ISG_Click_save_Contact(ActiveTransactionProjectContactStepDefinitions.java:168)	 >>>>>> (Throwable.java:749)	13:47:33
		at sun.reflect.NativeMethodAccessorImpl.invoke0(Native Method)	 >>>>>> (Throwable.java:749)	13:47:33
		at sun.reflect.NativeMethodAccessorImpl.invoke(NativeMethodAccessorImpl.java:62)	 >>>>>> (Throwable.java:749)	13:47:33
		at sun.reflect.DelegatingMethodAccessorImpl.invoke(DelegatingMethodAccessorImpl.java:43)	 >>>>>> (Throwable.java:749)	13:47:33
		at java.lang.reflect.Method.invoke(Method.java:498)	 >>>>>> (Throwable.java:749)	13:47:33
		at cucumber.runtime.Utils$1.call(Utils.java:26)	 >>>>>> (Throwable.java:749)	13:47:33
		at cucumber.runtime.Timeout.timeout(Timeout.java:16)	 >>>>>> (Throwable.java:749)	13:47:33
		at cucumber.runtime.Utils.invoke(Utils.java:20)	 >>>>>> (Throwable.java:749)	13:47:33
		at cucumber.runtime.java.JavaStepDefinition.execute(JavaStepDefinition.java:49)	 >>>>>> (Throwable.java:749)	13:47:33
		at cucumber.runner.PickleStepDefinitionMatch.runStep(PickleStepDefinitionMatch.java:50)	 >>>>>> (Throwable.java:749)	13:47:33
		at cucumber.runner.TestStep.executeStep(TestStep.java:63)	 >>>>>> (Throwable.java:749)	13:47:33
		at cucumber.runner.TestStep.run(TestStep.java:49)	 >>>>>> (Throwable.java:749)	13:47:33
		at cucumber.runner.PickleStepTestStep.run(PickleStepTestStep.java:43)	 >>>>>> (Throwable.java:749)	13:47:33
		at cucumber.runner.TestCase.run(TestCase.java:44)	 >>>>>> (Throwable.java:749)	13:47:33
		at cucumber.runner.Runner.runPickle(Runner.java:40)	 >>>>>> (Throwable.java:749)	13:47:33
		at cucumber.api.testng.TestNGCucumberRunner.runScenario(TestNGCucumberRunner.java:68)	 >>>>>> (Throwable.java:749)	13:47:33
		at com.zensar.runner.ProjectContact.feature(ProjectContact.java:37)	 >>>>>> (Throwable.java:749)	13:47:33
		at sun.reflect.NativeMethodAccessorImpl.invoke0(Native Method)	 >>>>>> (Throwable.java:749)	13:47:33
		at sun.reflect.NativeMethodAccessorImpl.invoke(NativeMethodAccessorImpl.java:62)	 >>>>>> (Throwable.java:749)	13:47:33
		at sun.reflect.DelegatingMethodAccessorImpl.invoke(DelegatingMethodAccessorImpl.java:43)	 >>>>>> (Throwable.java:749)	13:47:33
		at java.lang.reflect.Method.invoke(Method.java:498)	 >>>>>> (Throwable.java:749)	13:47:33
		at org.testng.internal.MethodInvocationHelper.invokeMethod(MethodInvocationHelper.java:124)	 >>>>>> (Throwable.java:749)	13:47:33
		at org.testng.internal.Invoker.invokeMethod(Invoker.java:583)	 >>>>>> (Throwable.java:749)	13:47:33
		at org.testng.internal.Invoker.invokeTestMethod(Invoker.java:719)	 >>>>>> (Throwable.java:749)	13:47:33
		at org.testng.internal.Invoker.invokeTestMethods(Invoker.java:989)	 >>>>>> (Throwable.java:749)	13:47:33
		at org.testng.internal.TestMethodWorker.invokeTestMethods(TestMethodWorker.java:125)	 >>>>>> (Throwable.java:749)	13:47:33
		at org.testng.internal.TestMethodWorker.run(TestMethodWorker.java:109)	 >>>>>> (Throwable.java:749)	13:47:33
		at org.testng.TestRunner.privateRun(TestRunner.java:648)	 >>>>>> (Throwable.java:749)	13:47:33
		at org.testng.TestRunner.run(TestRunner.java:505)	 >>>>>> (Throwable.java:749)	13:47:33
		at org.testng.SuiteRunner.runTest(SuiteRunner.java:455)	 >>>>>> (Throwable.java:749)	13:47:33
		at org.testng.SuiteRunner.access$000(SuiteRunner.java:40)	 >>>>>> (Throwable.java:749)	13:47:33
		at org.testng.SuiteRunner$SuiteWorker.run(SuiteRunner.java:489)	 >>>>>> (Throwable.java:749)	13:47:33
		at org.testng.internal.thread.ThreadUtil$1.call(ThreadUtil.java:52)	 >>>>>> (Throwable.java:749)	13:47:33
		at java.util.concurrent.FutureTask.run(FutureTask.java:266)	 >>>>>> (Throwable.java:749)	13:47:33
		at java.util.concurrent.ThreadPoolExecutor.runWorker(ThreadPoolExecutor.java:1149)	 >>>>>> (Throwable.java:749)	13:47:33
		at java.util.concurrent.ThreadPoolExecutor$Worker.run(ThreadPoolExecutor.java:624)	 >>>>>> (Throwable.java:749)	13:47:33
		at java.lang.Thread.run(Thread.java:748)	 >>>>>> (Throwable.java:749)	13:47:33
Caused by: java.lang.reflect.InvocationTargetException	 >>>>>> (Throwable.java:749)	13:47:33
	at sun.reflect.GeneratedMethodAccessor20.invoke(Unknown Source)	 >>>>>> (Throwable.java:749)	13:47:33
	at sun.reflect.DelegatingMethodAccessorImpl.invoke(DelegatingMethodAccessorImpl.java:43)	 >>>>>> (Throwable.java:749)	13:47:33
	at java.lang.reflect.Method.invoke(Method.java:498)	 >>>>>> (Throwable.java:749)	13:47:33
	at org.openqa.selenium.json.JsonOutput.convertUsingMethod(JsonOutput.java:328)	 >>>>>> (Throwable.java:749)	13:47:33
	at org.openqa.selenium.json.JsonOutput.lambda$new$16(JsonOutput.java:155)	 >>>>>> (Throwable.java:749)	13:47:33
	at org.openqa.selenium.json.JsonOutput.write(JsonOutput.java:264)	 >>>>>> (Throwable.java:749)	13:47:33
	at org.openqa.selenium.json.JsonOutput.lambda$null$21(JsonOutput.java:168)	 >>>>>> (Throwable.java:749)	13:47:33
	at java.util.LinkedHashMap$LinkedValues.forEach(LinkedHashMap.java:608)	 >>>>>> (Throwable.java:749)	13:47:33
	at org.openqa.selenium.json.JsonOutput.lambda$new$22(JsonOutput.java:168)	 >>>>>> (Throwable.java:749)	13:47:33
	at org.openqa.selenium.json.JsonOutput.write(JsonOutput.java:264)	 >>>>>> (Throwable.java:749)	13:47:33
	at org.openqa.selenium.json.JsonOutput.lambda$null$23(JsonOutput.java:177)	 >>>>>> (Throwable.java:749)	13:47:33
	at com.google.common.collect.SingletonImmutableBiMap.forEach(SingletonImmutableBiMap.java:65)	 >>>>>> (Throwable.java:749)	13:47:33
	at org.openqa.selenium.json.JsonOutput.lambda$new$24(JsonOutput.java:176)	 >>>>>> (Throwable.java:749)	13:47:33
	at org.openqa.selenium.json.JsonOutput.write(JsonOutput.java:264)	 >>>>>> (Throwable.java:749)	13:47:33
	at org.openqa.selenium.json.JsonOutput.write(JsonOutput.java:255)	 >>>>>> (Throwable.java:749)	13:47:33
	at org.openqa.selenium.json.Json.toJson(Json.java:42)	 >>>>>> (Throwable.java:749)	13:47:33
	at org.openqa.selenium.remote.http.AbstractHttpCommandCodec.encode(AbstractHttpCommandCodec.java:227)	 >>>>>> (Throwable.java:749)	13:47:33
	at org.openqa.selenium.remote.http.AbstractHttpCommandCodec.encode(AbstractHttpCommandCodec.java:117)	 >>>>>> (Throwable.java:749)	13:47:33
	at org.openqa.selenium.remote.HttpCommandExecutor.execute(HttpCommandExecutor.java:152)	 >>>>>> (Throwable.java:749)	13:47:33
	at org.openqa.selenium.remote.service.DriverCommandExecutor.execute(DriverCommandExecutor.java:83)	 >>>>>> (Throwable.java:749)	13:47:33
	at org.openqa.selenium.remote.RemoteWebDriver.execute(RemoteWebDriver.java:552)	 >>>>>> (Throwable.java:749)	13:47:33
	at org.openqa.selenium.remote.RemoteWebDriver.perform(RemoteWebDriver.java:618)	 >>>>>> (Throwable.java:749)	13:47:33
	at sun.reflect.GeneratedMethodAccessor19.invoke(Unknown Source)	 >>>>>> (Throwable.java:749)	13:47:33
	at sun.reflect.DelegatingMethodAccessorImpl.invoke(DelegatingMethodAccessorImpl.java:43)	 >>>>>> (Throwable.java:749)	13:47:33
	at java.lang.reflect.Method.invoke(Method.java:498)	 >>>>>> (Throwable.java:749)	13:47:33
	at org.openqa.selenium.support.events.EventFiringWebDriver.lambda$new$1(EventFiringWebDriver.java:105)	 >>>>>> (Throwable.java:749)	13:47:33
	at com.sun.proxy.$Proxy25.perform(Unknown Source)	 >>>>>> (Throwable.java:749)	13:47:33
	at org.openqa.selenium.support.events.EventFiringWebDriver.perform(EventFiringWebDriver.java:360)	 >>>>>> (Throwable.java:749)	13:47:33
	at org.openqa.selenium.interactions.Actions$BuiltAction.perform(Actions.java:639)	 >>>>>> (Throwable.java:749)	13:47:33
	at com.zensar.scriptutils.GlobalFunction.click(GlobalFunction.java:408)	 >>>>>> (Throwable.java:749)	13:47:33
	at com.zensar.pageobjects.ProjectContact.ISGContactAdd(ProjectContact.java:380)	 >>>>>> (Throwable.java:749)	13:47:33
	at com.zensar.stepDefinations.ActiveTransactionProjectContactStepDefinitions.add_Email_Address_ISG_Click_save_Contact(ActiveTransactionProjectContactStepDefinitions.java:168)	 >>>>>> (Throwable.java:749)	13:47:33
	at sun.reflect.NativeMethodAccessorImpl.invoke0(Native Method)	 >>>>>> (Throwable.java:749)	13:47:33
	at sun.reflect.NativeMethodAccessorImpl.invoke(NativeMethodAccessorImpl.java:62)	 >>>>>> (Throwable.java:749)	13:47:33
	at sun.reflect.DelegatingMethodAccessorImpl.invoke(DelegatingMethodAccessorImpl.java:43)	 >>>>>> (Throwable.java:749)	13:47:33
	at java.lang.reflect.Method.invoke(Method.java:498)	 >>>>>> (Throwable.java:749)	13:47:33
	at cucumber.runtime.Utils$1.call(Utils.java:26)	 >>>>>> (Throwable.java:749)	13:47:33
	at cucumber.runtime.Timeout.timeout(Timeout.java:16)	 >>>>>> (Throwable.java:749)	13:47:33
	at cucumber.runtime.Utils.invoke(Utils.java:20)	 >>>>>> (Throwable.java:749)	13:47:33
	at cucumber.runtime.java.JavaStepDefinition.execute(JavaStepDefinition.java:49)	 >>>>>> (Throwable.java:749)	13:47:33
	at cucumber.runner.PickleStepDefinitionMatch.runStep(PickleStepDefinitionMatch.java:50)	 >>>>>> (Throwable.java:749)	13:47:33
	at cucumber.runner.TestStep.executeStep(TestStep.java:63)	 >>>>>> (Throwable.java:749)	13:47:33
	at cucumber.runner.TestStep.run(TestStep.java:49)	 >>>>>> (Throwable.java:749)	13:47:33
	at cucumber.runner.PickleStepTestStep.run(PickleStepTestStep.java:43)	 >>>>>> (Throwable.java:749)	13:47:33
	at cucumber.runner.TestCase.run(TestCase.java:44)	 >>>>>> (Throwable.java:749)	13:47:33
	at cucumber.runner.Runner.runPickle(Runner.java:40)	 >>>>>> (Throwable.java:749)	13:47:33
	at cucumber.api.testng.TestNGCucumberRunner.runScenario(TestNGCucumberRunner.java:68)	 >>>>>> (Throwable.java:749)	13:47:33
	at com.zensar.runner.ProjectContact.feature(ProjectContact.java:37)	 >>>>>> (Throwable.java:749)	13:47:33
	at sun.reflect.NativeMethodAccessorImpl.invoke0(Native Method)	 >>>>>> (Throwable.java:749)	13:47:33
	at sun.reflect.NativeMethodAccessorImpl.invoke(NativeMethodAccessorImpl.java:62)	 >>>>>> (Throwable.java:749)	13:47:33
	at sun.reflect.DelegatingMethodAccessorImpl.invoke(DelegatingMethodAccessorImpl.java:43)	 >>>>>> (Throwable.java:749)	13:47:33
	at java.lang.reflect.Method.invoke(Method.java:498)	 >>>>>> (Throwable.java:749)	13:47:33
	at org.testng.internal.MethodInvocationHelper.invokeMethod(MethodInvocationHelper.java:124)	 >>>>>> (Throwable.java:749)	13:47:33
	at org.testng.internal.Invoker.invokeMethod(Invoker.java:583)	 >>>>>> (Throwable.java:749)	13:47:33
	at org.testng.internal.Invoker.invokeTestMethod(Invoker.java:719)	 >>>>>> (Throwable.java:749)	13:47:33
	at org.testng.internal.Invoker.invokeTestMethods(Invoker.java:989)	 >>>>>> (Throwable.java:749)	13:47:33
	at org.testng.internal.TestMethodWorker.invokeTestMethods(TestMethodWorker.java:125)	 >>>>>> (Throwable.java:749)	13:47:33
	at org.testng.internal.TestMethodWorker.run(TestMethodWorker.java:109)	 >>>>>> (Throwable.java:749)	13:47:33
	at org.testng.TestRunner.privateRun(TestRunner.java:648)	 >>>>>> (Throwable.java:749)	13:47:33
	at org.testng.TestRunner.run(TestRunner.java:505)	 >>>>>> (Throwable.java:749)	13:47:33
	at org.testng.SuiteRunner.runTest(SuiteRunner.java:455)	 >>>>>> (Throwable.java:749)	13:47:33
	at org.testng.SuiteRunner.access$000(SuiteRunner.java:40)	 >>>>>> (Throwable.java:749)	13:47:33
	at org.testng.SuiteRunner$SuiteWorker.run(SuiteRunner.java:489)	 >>>>>> (Throwable.java:749)	13:47:33
	at org.testng.internal.thread.ThreadUtil$1.call(ThreadUtil.java:52)	 >>>>>> (Throwable.java:749)	13:47:33
	at java.util.concurrent.FutureTask.run(FutureTask.java:266)	 >>>>>> (Throwable.java:749)	13:47:33
	at java.util.concurrent.ThreadPoolExecutor.runWorker(ThreadPoolExecutor.java:1149)	 >>>>>> (Throwable.java:749)	13:47:33
	at java.util.concurrent.ThreadPoolExecutor$Worker.run(ThreadPoolExecutor.java:624)	 >>>>>> (Throwable.java:749)	13:47:33
	at java.lang.Thread.run(Thread.java:748)	 >>>>>> (Throwable.java:749)	13:47:33
Caused by: org.openqa.selenium.NoSuchElementException: no such element: Unable to locate element: {"method":"xpath","selector":"//button[@class='btn primary-btn-large saveFormsDetails saveClientContact ng-star-inserted']"}
  (Session info: chrome=122.0.6261.112)
For documentation on this error, please visit: https://www.seleniumhq.org/exceptions/no_such_element.html
Build info: version: '3.141.59', revision: 'e82be7d358', time: '2018-11-14T08:17:03'
System info: host: 'EUROW42SLPC5721', ip: '192.168.29.116', os.name: 'Windows 10', os.arch: 'amd64', os.version: '10.0', java.version: '1.8.0_221'
Driver info: org.openqa.selenium.chrome.ChromeDriver
Capabilities {acceptInsecureCerts: false, browserName: chrome, browserVersion: 122.0.6261.112, chrome: {chromedriverVersion: 122.0.6261.111 (9d4c1072da6..., userDataDir: C:\Users\vs106039\AppData\L...}, fedcm:accounts: true, goog:chromeOptions: {debuggerAddress: localhost:56512}, javascriptEnabled: true, networkConnectionEnabled: false, pageLoadStrategy: normal, platform: WINDOWS, platformName: WINDOWS, proxy: Proxy(), setWindowRect: true, strictFileInteractability: false, timeouts: {implicit: 0, pageLoad: 300000, script: 30000}, unhandledPromptBehavior: dismiss and notify, webauthn:extension:credBlob: true, webauthn:extension:largeBlob: true, webauthn:extension:minPinLength: true, webauthn:extension:prf: true, webauthn:virtualAuthenticators: true}
Session ID: 57d2ffbfca20815e89a3be4a2db8ba3d
*** Element info: {Using=xpath, value=//button[@class='btn primary-btn-large saveFormsDetails saveClientContact ng-star-inserted']}	 >>>>>> (Throwable.java:749)	13:47:33
	at sun.reflect.GeneratedConstructorAccessor91.newInstance(Unknown Source)	 >>>>>> (Throwable.java:749)	13:47:33
	at sun.reflect.DelegatingConstructorAccessorImpl.newInstance(DelegatingConstructorAccessorImpl.java:45)	 >>>>>> (Throwable.java:749)	13:47:33
	at java.lang.reflect.Constructor.newInstance(Constructor.java:423)	 >>>>>> (Throwable.java:749)	13:47:33
	at org.openqa.selenium.remote.http.W3CHttpResponseCodec.createException(W3CHttpResponseCodec.java:187)	 >>>>>> (Throwable.java:749)	13:47:33
	at org.openqa.selenium.remote.http.W3CHttpResponseCodec.decode(W3CHttpResponseCodec.java:122)	 >>>>>> (Throwable.java:749)	13:47:33
	at org.openqa.selenium.remote.http.W3CHttpResponseCodec.decode(W3CHttpResponseCodec.java:49)	 >>>>>> (Throwable.java:749)	13:47:33
	at org.openqa.selenium.remote.HttpCommandExecutor.execute(HttpCommandExecutor.java:158)	 >>>>>> (Throwable.java:749)	13:47:33
	at org.openqa.selenium.remote.service.DriverCommandExecutor.execute(DriverCommandExecutor.java:83)	 >>>>>> (Throwable.java:749)	13:47:33
	at org.openqa.selenium.remote.RemoteWebDriver.execute(RemoteWebDriver.java:552)	 >>>>>> (Throwable.java:749)	13:47:33
	at org.openqa.selenium.remote.RemoteWebDriver.findElement(RemoteWebDriver.java:323)	 >>>>>> (Throwable.java:749)	13:47:33
	at org.openqa.selenium.remote.RemoteWebDriver.findElementByXPath(RemoteWebDriver.java:428)	 >>>>>> (Throwable.java:749)	13:47:33
	at org.openqa.selenium.By$ByXPath.findElement(By.java:353)	 >>>>>> (Throwable.java:749)	13:47:33
	at org.openqa.selenium.remote.RemoteWebDriver.findElement(RemoteWebDriver.java:315)	 >>>>>> (Throwable.java:749)	13:47:33
	at sun.reflect.GeneratedMethodAccessor8.invoke(Unknown Source)	 >>>>>> (Throwable.java:749)	13:47:33
	at sun.reflect.DelegatingMethodAccessorImpl.invoke(DelegatingMethodAccessorImpl.java:43)	 >>>>>> (Throwable.java:749)	13:47:33
	at java.lang.reflect.Method.invoke(Method.java:498)	 >>>>>> (Throwable.java:749)	13:47:33
	at org.openqa.selenium.support.events.EventFiringWebDriver.lambda$new$1(EventFiringWebDriver.java:105)	 >>>>>> (Throwable.java:749)	13:47:33
	at com.sun.proxy.$Proxy25.findElement(Unknown Source)	 >>>>>> (Throwable.java:749)	13:47:33
	at org.openqa.selenium.support.events.EventFiringWebDriver.findElement(EventFiringWebDriver.java:194)	 >>>>>> (Throwable.java:749)	13:47:33
	at org.openqa.selenium.support.pagefactory.DefaultElementLocator.findElement(DefaultElementLocator.java:69)	 >>>>>> (Throwable.java:749)	13:47:33
	at org.openqa.selenium.support.pagefactory.internal.LocatingElementHandler.invoke(LocatingElementHandler.java:38)	 >>>>>> (Throwable.java:749)	13:47:33
	at com.sun.proxy.$Proxy28.getWrappedElement(Unknown Source)	 >>>>>> (Throwable.java:749)	13:47:33
	at org.openqa.selenium.interactions.PointerInput$Origin.asArg(PointerInput.java:204)	 >>>>>> (Throwable.java:749)	13:47:33
	at org.openqa.selenium.interactions.PointerInput$Move.encode(PointerInput.java:155)	 >>>>>> (Throwable.java:749)	13:47:33
	at org.openqa.selenium.interactions.Sequence.encode(Sequence.java:75)	 >>>>>> (Throwable.java:749)	13:47:33
	at org.openqa.selenium.interactions.Sequence.toJson(Sequence.java:84)	 >>>>>> (Throwable.java:749)	13:47:33
	... 68 more	 >>>>>> (Throwable.java:749)	13:47:33


You can implement missing steps with the snippets below:	 >>>>>> (DefaultSummaryPrinter.java:49)	13:47:33

@Then("Verify there is no remove contact button & Edit contact")
public void verify_there_is_no_remove_contact_button_Edit_contact() {
    // Write code here that turns the phrase above into concrete actions
    throw new cucumber.api.PendingException();
}
	 >>>>>> (DefaultSummaryPrinter.java:52)	13:47:33
Suite Complete - ProjectContact	 >>>>>> (ProjectContact.java:77)	13:47:33
]]></system-out>
  </testcase>
  <testcase name="feature[com.zensar.scriptutils.PickleWrapper@2febb4d](1)" classname="com.zensar.runner.SetupProject" time="55.91">
    <system-out><![CDATA[[QUERY] select * from RunnerProperties -- 	 >>>>>> (ExcelConnectionManager.java:113)	13:17:48
[INFO]	 Attempt 1 of 1 to execute 	 >>>>>> (SetupProject.java:35)	13:17:49

Feature :	SetupProject	 >>>>>> (SetupProject.java:60)	13:17:49
Scenario :	Verify user able to Setup new Project	 >>>>>> (SetupProject.java:61)	13:17:49
DataSetName :	ValidLogin
	 >>>>>> (SetupProject.java:62)	13:17:49
0 Scenarios	 >>>>>> (Stats.java:109)	13:17:49
0 Steps	 >>>>>> (Stats.java:110)	13:17:49
0m0.805s	 >>>>>> (Stats.java:157)	13:17:49

Suite Complete - Debugger	 >>>>>> (Debugger.java:77)	13:17:49

0 Scenarios	 >>>>>> (Stats.java:109)	13:17:49
0 Steps	 >>>>>> (Stats.java:110)	13:17:49
0m0.004s	 >>>>>> (Stats.java:157)	13:17:49

Suite Complete - TestRunner1	 >>>>>> (TestRunner1.java:77)	13:17:49

0 Scenarios	 >>>>>> (Stats.java:109)	13:17:49
0 Steps	 >>>>>> (Stats.java:110)	13:17:49
0m0.018s	 >>>>>> (Stats.java:157)	13:17:49

Suite Complete - TestRunner2	 >>>>>> (TestRunner2.java:77)	13:17:49

0 Scenarios	 >>>>>> (Stats.java:109)	13:17:49
0 Steps	 >>>>>> (Stats.java:110)	13:17:49
0m0.002s	 >>>>>> (Stats.java:157)	13:17:49

Suite Complete - TestRunner3	 >>>>>> (TestRunner3.java:77)	13:17:49
[INFO]	 Attempt 1 of 1 to execute 	 >>>>>> (ActiveTransaction.java:35)	13:17:49
Feature :	ActiveTransaction	 >>>>>> (ActiveTransaction.java:60)	13:17:49
Scenario :	Verify user able Update project Overview	 >>>>>> (ActiveTransaction.java:61)	13:17:49
DataSetName :	ValidLogin
	 >>>>>> (ActiveTransaction.java:62)	13:17:49
SCENARIO STATE Init	 >>>>>> (Hooks.java:24)	13:17:49
SCENARIO STATE Init	 >>>>>> (Hooks.java:24)	13:17:49
Reports Directory Path  
C:\ISG_Automation\ISG_Latest\qa_automation_isgngs_com\Reports\ISG-NGS_2024-03-12_01-17-48	 >>>>>> (ConcludeExecution.java:105)	13:17:49
Reports Path  
C:\ISG_Automation\ISG_Latest\qa_automation_isgngs_com\Reports\ISG-NGS_2024-03-12_01-17-48/cucumber-html-reports/overview-features.html
	 >>>>>> (ConcludeExecution.java:106)	13:17:49
============================Execution Complete==============================	 >>>>>> (ConcludeExecution.java:74)	13:17:49
[INFO]	 Attempt 1 of 1 to execute 	 >>>>>> (ActiveTransactionProjectContact.java:35)	13:17:49
Feature :	ActiveTransactionProjectContact	 >>>>>> (ActiveTransactionProjectContact.java:60)	13:17:49
Scenario :	Verify user able add Client to Project contact list	 >>>>>> (ActiveTransactionProjectContact.java:61)	13:17:49
DataSetName :	AddContact
	 >>>>>> (ActiveTransactionProjectContact.java:62)	13:17:49
SCENARIO STATE Init	 >>>>>> (Hooks.java:24)	13:17:49
Thread Local getDrive()	 >>>>>> (DriverHandler.java:87)	13:17:53
3 columns(s) affected	 >>>>>> (Connection.java:93)	13:17:53
Thread Local getDrive()	 >>>>>> (DriverHandler.java:87)	13:17:54
1 row(s) affected	 >>>>>> (Connection.java:73)	13:17:54
3 columns(s) affected	 >>>>>> (Connection.java:93)	13:17:54
1 row(s) affected	 >>>>>> (Connection.java:73)	13:17:54
1 row(s) affected	 >>>>>> (Connection.java:73)	13:17:54
1 row(s) affected	 >>>>>> (Connection.java:73)	13:17:54
1 row(s) affected	 >>>>>> (Connection.java:73)	13:17:54
BROWSER STACK SESSION : 	 >>>>>> (OutputSheetLogger.java:174)	13:17:54
Thread Local getDrive()	 >>>>>> (DriverHandler.java:87)	13:17:54
b00cffdf6d8e7ef3c42440e3f08b8dc5	 >>>>>> (OutputSheetLogger.java:175)	13:17:54
1 row(s) affected	 >>>>>> (Connection.java:73)	13:17:54
BROWSER STACK SESSION : 	 >>>>>> (OutputSheetLogger.java:174)	13:17:54
Thread Local getDrive()	 >>>>>> (DriverHandler.java:87)	13:17:54
6e5fad5cd00544af7cc30643a5f297b0	 >>>>>> (OutputSheetLogger.java:175)	13:17:54
Entered try in open	 >>>>>> (IsgLandingPage.java:145)	13:17:54
Entered try in open	 >>>>>> (IsgLandingPage.java:145)	13:17:54
No input file path found. Using default	 >>>>>> (StringLiterals.java:64)	13:17:54
Thread Local getDrive()	 >>>>>> (DriverHandler.java:87)	13:17:54
3 columns(s) affected	 >>>>>> (Connection.java:93)	13:17:54
1 row(s) affected	 >>>>>> (Connection.java:73)	13:17:54
1 row(s) affected	 >>>>>> (Connection.java:73)	13:17:54
1 row(s) affected	 >>>>>> (Connection.java:73)	13:17:54
BROWSER STACK SESSION : 	 >>>>>> (OutputSheetLogger.java:174)	13:17:54
Thread Local getDrive()	 >>>>>> (DriverHandler.java:87)	13:17:54
b90b70f7c28370b0c25eb03890d8b15b	 >>>>>> (OutputSheetLogger.java:175)	13:17:54
Entered try in open	 >>>>>> (IsgLandingPage.java:145)	13:17:54
embedScreenshot	 >>>>>> (GlobalFunction.java:74)	13:17:58
highlightElement	 >>>>>> (GlobalFunction.java:74)	13:17:58
Thread Local getDrive()	 >>>>>> (DriverHandler.java:87)	13:17:58
embedScreenshot	 >>>>>> (GlobalFunction.java:74)	13:17:59
highlightElement	 >>>>>> (GlobalFunction.java:74)	13:17:59
unHighlightElement	 >>>>>> (GlobalFunction.java:74)	13:17:59
forceClick	 >>>>>> (GlobalFunction.java:74)	13:17:59
Thread Local getDrive()	 >>>>>> (DriverHandler.java:87)	13:17:59
unHighlightElement	 >>>>>> (GlobalFunction.java:74)	13:17:59
forceClick	 >>>>>> (GlobalFunction.java:74)	13:17:59
Clicked Login	 >>>>>> (IsgLandingPage.java:179)	13:18:0
Clicked Login	 >>>>>> (IsgLandingPage.java:179)	13:18:0
embedScreenshot	 >>>>>> (GlobalFunction.java:74)	13:18:2
highlightElement	 >>>>>> (GlobalFunction.java:74)	13:18:2
Thread Local getDrive()	 >>>>>> (DriverHandler.java:87)	13:18:3
unHighlightElement	 >>>>>> (GlobalFunction.java:74)	13:18:3
forceClick	 >>>>>> (GlobalFunction.java:74)	13:18:3
username : NGS3@isg-one.com	 >>>>>> (IsgLandingPage.java:181)	13:18:3
password : T|2txZ>UJs	 >>>>>> (IsgLandingPage.java:183)	13:18:4
embedScreenshot	 >>>>>> (GlobalFunction.java:74)	13:18:4
highlightElement	 >>>>>> (GlobalFunction.java:74)	13:18:4
Thread Local getDrive()	 >>>>>> (DriverHandler.java:87)	13:18:4
Clicked Login	 >>>>>> (IsgLandingPage.java:179)	13:18:4
unHighlightElement	 >>>>>> (GlobalFunction.java:74)	13:18:4
click	 >>>>>> (GlobalFunction.java:74)	13:18:4
isPresent	 >>>>>> (GlobalFunction.java:74)	13:18:5
Thread Local getDrive()	 >>>>>> (DriverHandler.java:87)	13:18:5
Thread Local getDrive()	 >>>>>> (DriverHandler.java:87)	13:18:5
Thread Local getDrive()	 >>>>>> (DriverHandler.java:87)	13:18:5
isPresent	 >>>>>> (GlobalFunction.java:74)	13:18:5
waitForElement	 >>>>>> (GlobalFunction.java:74)	13:18:6
isPresent	 >>>>>> (GlobalFunction.java:74)	13:18:6
username : NGS3@isg-one.com	 >>>>>> (IsgLandingPage.java:181)	13:18:6
password : T|2txZ>UJs	 >>>>>> (IsgLandingPage.java:183)	13:18:6
embedScreenshot	 >>>>>> (GlobalFunction.java:74)	13:18:6
highlightElement	 >>>>>> (GlobalFunction.java:74)	13:18:6
Thread Local getDrive()	 >>>>>> (DriverHandler.java:87)	13:18:6
unHighlightElement	 >>>>>> (GlobalFunction.java:74)	13:18:6
click	 >>>>>> (GlobalFunction.java:74)	13:18:6
isPresent	 >>>>>> (GlobalFunction.java:74)	13:18:7
Thread Local getDrive()	 >>>>>> (DriverHandler.java:87)	13:18:7
Thread Local getDrive()	 >>>>>> (DriverHandler.java:87)	13:18:7
Thread Local getDrive()	 >>>>>> (DriverHandler.java:87)	13:18:7
isPresent	 >>>>>> (GlobalFunction.java:74)	13:18:7
username : NGS3@isg-one.com	 >>>>>> (IsgLandingPage.java:181)	13:18:8
waitForElementClickabality	 >>>>>> (GlobalFunction.java:74)	13:18:8
password : T|2txZ>UJs	 >>>>>> (IsgLandingPage.java:183)	13:18:8
embedScreenshot	 >>>>>> (GlobalFunction.java:74)	13:18:8
highlightElement	 >>>>>> (GlobalFunction.java:74)	13:18:8
1
isPresent	 >>>>>> (GlobalFunction.java:74)	13:18:8
Thread Local getDrive()	 >>>>>> (DriverHandler.java:87)	13:18:8
unHighlightElement	 >>>>>> (GlobalFunction.java:74)	13:18:8
click	 >>>>>> (GlobalFunction.java:74)	13:18:8
isPresent	 >>>>>> (GlobalFunction.java:74)	13:18:9
Thread Local getDrive()	 >>>>>> (DriverHandler.java:87)	13:18:9
Thread Local getDrive()	 >>>>>> (DriverHandler.java:87)	13:18:9
Thread Local getDrive()	 >>>>>> (DriverHandler.java:87)	13:18:9
isPresent	 >>>>>> (GlobalFunction.java:74)	13:18:9
waitForElementClickabality	 >>>>>> (GlobalFunction.java:74)	13:18:10
2
isPresent	 >>>>>> (GlobalFunction.java:74)	13:18:11
3
isPresent	 >>>>>> (GlobalFunction.java:74)	13:18:13
4
isPresent	 >>>>>> (GlobalFunction.java:74)	13:18:15
5
isPresent	 >>>>>> (GlobalFunction.java:74)	13:18:17
isPresent	 >>>>>> (GlobalFunction.java:74)	13:18:17
getText	 >>>>>> (GlobalFunction.java:74)	13:18:17
notification for Set up Project: 3	 >>>>>> (IsgLandingPage.java:224)	13:18:17
embedScreenshot	 >>>>>> (GlobalFunction.java:74)	13:18:17
Thread Local getDrive()	 >>>>>> (DriverHandler.java:87)	13:18:17
zAssertTrue	 >>>>>> (GlobalFunction.java:74)	13:18:17
click	 >>>>>> (GlobalFunction.java:74)	13:18:21
embedScreenshot	 >>>>>> (GlobalFunction.java:74)	13:18:22
Thread Local getDrive()	 >>>>>> (DriverHandler.java:87)	13:18:22
getText	 >>>>>> (GlobalFunction.java:74)	13:18:23
Number of Active Transaction: Active transactions (2)	 >>>>>> (ProjectContact.java:113)	13:18:23
embedScreenshot	 >>>>>> (GlobalFunction.java:74)	13:18:23
Thread Local getDrive()	 >>>>>> (DriverHandler.java:87)	13:18:23
zAssertTrue	 >>>>>> (GlobalFunction.java:74)	13:18:23
waitForElement	 >>>>>> (GlobalFunction.java:74)	13:18:23
isPresent	 >>>>>> (GlobalFunction.java:74)	13:18:23
isPresent	 >>>>>> (GlobalFunction.java:74)	13:18:23
getText	 >>>>>> (GlobalFunction.java:74)	13:18:25
Number of Active Transaction: Active transactions (2)	 >>>>>> (ProjectContact.java:113)	13:18:25
embedScreenshot	 >>>>>> (GlobalFunction.java:74)	13:18:25
Thread Local getDrive()	 >>>>>> (DriverHandler.java:87)	13:18:25
zAssertTrue	 >>>>>> (GlobalFunction.java:74)	13:18:25
waitForElement	 >>>>>> (GlobalFunction.java:74)	13:18:25
isPresent	 >>>>>> (GlobalFunction.java:74)	13:18:25
isPresent	 >>>>>> (GlobalFunction.java:74)	13:18:25
waitForElement	 >>>>>> (GlobalFunction.java:74)	13:18:26
isPresent	 >>>>>> (GlobalFunction.java:74)	13:18:26
isPresent	 >>>>>> (GlobalFunction.java:74)	13:18:26
highlightElement	 >>>>>> (GlobalFunction.java:74)	13:18:26
embedScreenshot	 >>>>>> (GlobalFunction.java:74)	13:18:26
Thread Local getDrive()	 >>>>>> (DriverHandler.java:87)	13:18:26
isPresent	 >>>>>> (GlobalFunction.java:74)	13:18:26
zAssertTrue	 >>>>>> (GlobalFunction.java:74)	13:18:26
waitForElement	 >>>>>> (GlobalFunction.java:74)	13:18:26
isPresent	 >>>>>> (GlobalFunction.java:74)	13:18:26
isPresent	 >>>>>> (GlobalFunction.java:74)	13:18:26
getText	 >>>>>> (GlobalFunction.java:74)	13:18:26
notification for Set up Project: 8018122	 >>>>>> (IsgLandingPage.java:250)	13:18:26
zAssertTrue	 >>>>>> (GlobalFunction.java:74)	13:18:26
waitForElement	 >>>>>> (GlobalFunction.java:74)	13:18:26
isPresent	 >>>>>> (GlobalFunction.java:74)	13:18:26
isPresent	 >>>>>> (GlobalFunction.java:74)	13:18:27
getText	 >>>>>> (GlobalFunction.java:74)	13:18:27
notification for Set up Project: ACME Ventures	 >>>>>> (IsgLandingPage.java:255)	13:18:27
zAssertTrue	 >>>>>> (GlobalFunction.java:74)	13:18:27
waitForElement	 >>>>>> (GlobalFunction.java:74)	13:18:27
isPresent	 >>>>>> (GlobalFunction.java:74)	13:18:27
isPresent	 >>>>>> (GlobalFunction.java:74)	13:18:27
getText	 >>>>>> (GlobalFunction.java:74)	13:18:27
notification for Set up Project: ACME NGS Train 98	 >>>>>> (IsgLandingPage.java:260)	13:18:27
zAssertTrue	 >>>>>> (GlobalFunction.java:74)	13:18:27
waitForElement	 >>>>>> (GlobalFunction.java:74)	13:18:27
isPresent	 >>>>>> (GlobalFunction.java:74)	13:18:27
isPresent	 >>>>>> (GlobalFunction.java:74)	13:18:27
getText	 >>>>>> (GlobalFunction.java:74)	13:18:27
notification for Set up Project: Kathy Rudy	 >>>>>> (IsgLandingPage.java:265)	13:18:27
zAssertTrue	 >>>>>> (GlobalFunction.java:74)	13:18:27
waitForElement	 >>>>>> (GlobalFunction.java:74)	13:18:27
isPresent	 >>>>>> (GlobalFunction.java:74)	13:18:27
isPresent	 >>>>>> (GlobalFunction.java:74)	13:18:27
getText	 >>>>>> (GlobalFunction.java:74)	13:18:27
notification for Set up Project: Sourcing 3 Next Gen	 >>>>>> (IsgLandingPage.java:270)	13:18:27
zAssertTrue	 >>>>>> (GlobalFunction.java:74)	13:18:27
waitForElement	 >>>>>> (GlobalFunction.java:74)	13:18:27
isPresent	 >>>>>> (GlobalFunction.java:74)	13:18:27
isPresent	 >>>>>> (GlobalFunction.java:74)	13:18:27
getText	 >>>>>> (GlobalFunction.java:74)	13:18:27
notification for Set up Project: 01 Mar 2024	 >>>>>> (IsgLandingPage.java:275)	13:18:27
zAssertTrue	 >>>>>> (GlobalFunction.java:74)	13:18:27
waitForElement	 >>>>>> (GlobalFunction.java:74)	13:18:27
isPresent	 >>>>>> (GlobalFunction.java:74)	13:18:27
isPresent	 >>>>>> (GlobalFunction.java:74)	13:18:27
getText	 >>>>>> (GlobalFunction.java:74)	13:18:27
notification for Set up Project: 11 Jun 2024	 >>>>>> (IsgLandingPage.java:280)	13:18:28
zAssertTrue	 >>>>>> (GlobalFunction.java:74)	13:18:28
waitForElement	 >>>>>> (GlobalFunction.java:74)	13:18:28
isPresent	 >>>>>> (GlobalFunction.java:74)	13:18:28
isPresent	 >>>>>> (GlobalFunction.java:74)	13:18:28
getText	 >>>>>> (GlobalFunction.java:74)	13:18:28
notification for Set up Project: USA	 >>>>>> (IsgLandingPage.java:285)	13:18:28
zAssertTrue	 >>>>>> (GlobalFunction.java:74)	13:18:28
waitForElement	 >>>>>> (GlobalFunction.java:74)	13:18:28
isPresent	 >>>>>> (GlobalFunction.java:74)	13:18:28
isPresent	 >>>>>> (GlobalFunction.java:74)	13:18:28
getText	 >>>>>> (GlobalFunction.java:74)	13:18:28
notification for Set up Project: Consumer Services	 >>>>>> (IsgLandingPage.java:290)	13:18:28
embedScreenshot	 >>>>>> (GlobalFunction.java:74)	13:18:28
Thread Local getDrive()	 >>>>>> (DriverHandler.java:87)	13:18:28
zAssertTrue	 >>>>>> (GlobalFunction.java:74)	13:18:28
click	 >>>>>> (GlobalFunction.java:74)	13:18:32
embedScreenshot	 >>>>>> (GlobalFunction.java:74)	13:18:32
Thread Local getDrive()	 >>>>>> (DriverHandler.java:87)	13:18:32
>>>ExcelInput  SetupProject  - ValidLogin  - ProjectOverviewdata	 >>>>>> (ExcelInput.java:14)	13:18:33
Value:Vikash	 >>>>>> (ExcelInput.java:22)	13:18:33
clearAndEnterText	 >>>>>> (GlobalFunction.java:74)	13:18:33
click	 >>>>>> (GlobalFunction.java:74)	13:18:33
click	 >>>>>> (GlobalFunction.java:74)	13:18:33
waitForElement	 >>>>>> (GlobalFunction.java:74)	13:18:33
isPresent	 >>>>>> (GlobalFunction.java:74)	13:18:33
embedScreenshot	 >>>>>> (GlobalFunction.java:74)	13:18:33
Thread Local getDrive()	 >>>>>> (DriverHandler.java:87)	13:18:33
isPresent	 >>>>>> (GlobalFunction.java:74)	13:18:33
highlightElement	 >>>>>> (GlobalFunction.java:74)	13:18:33
embedScreenshot	 >>>>>> (GlobalFunction.java:74)	13:18:33
Thread Local getDrive()	 >>>>>> (DriverHandler.java:87)	13:18:33
isPresent	 >>>>>> (GlobalFunction.java:74)	13:18:33
zAssertTrue	 >>>>>> (GlobalFunction.java:74)	13:18:33
click	 >>>>>> (GlobalFunction.java:74)	13:18:35
embedScreenshot	 >>>>>> (GlobalFunction.java:74)	13:18:36
Thread Local getDrive()	 >>>>>> (DriverHandler.java:87)	13:18:36
waitForElement	 >>>>>> (GlobalFunction.java:74)	13:18:36
isPresent	 >>>>>> (GlobalFunction.java:74)	13:18:36
click	 >>>>>> (GlobalFunction.java:74)	13:18:37
isPresent	 >>>>>> (GlobalFunction.java:74)	13:18:38
1
isPresent	 >>>>>> (GlobalFunction.java:74)	13:18:38
zAssertTrue	 >>>>>> (GlobalFunction.java:74)	13:18:38
2
isPresent	 >>>>>> (GlobalFunction.java:74)	13:18:40
click	 >>>>>> (GlobalFunction.java:74)	13:18:40
isPresent	 >>>>>> (GlobalFunction.java:74)	13:18:40
embedScreenshot	 >>>>>> (GlobalFunction.java:74)	13:18:40
Thread Local getDrive()	 >>>>>> (DriverHandler.java:87)	13:18:40
isPresent	 >>>>>> (GlobalFunction.java:74)	13:18:40
zAssertTrue	 >>>>>> (GlobalFunction.java:74)	13:18:40
click	 >>>>>> (GlobalFunction.java:74)	13:18:42
embedScreenshot	 >>>>>> (GlobalFunction.java:74)	13:18:42
Thread Local getDrive()	 >>>>>> (DriverHandler.java:87)	13:18:42
isPresent	 >>>>>> (GlobalFunction.java:74)	13:18:43
zAssertTrue	 >>>>>> (GlobalFunction.java:74)	13:18:43
click	 >>>>>> (GlobalFunction.java:74)	13:18:43
waitForElement	 >>>>>> (GlobalFunction.java:74)	13:18:43
isPresent	 >>>>>> (GlobalFunction.java:74)	13:18:43
isPresent	 >>>>>> (GlobalFunction.java:74)	13:18:43
highlightElement	 >>>>>> (GlobalFunction.java:74)	13:18:43
embedScreenshot	 >>>>>> (GlobalFunction.java:74)	13:18:43
Thread Local getDrive()	 >>>>>> (DriverHandler.java:87)	13:18:43
click	 >>>>>> (GlobalFunction.java:74)	13:18:43
isPresent	 >>>>>> (GlobalFunction.java:74)	13:18:43
zAssertTrue	 >>>>>> (GlobalFunction.java:74)	13:18:43
>>>ExcelInput  SetupProject  - ValidLogin  - FirstName	 >>>>>> (ExcelInput.java:14)	13:18:43
Value:Vikash	 >>>>>> (ExcelInput.java:22)	13:18:43
clearAndEnterText	 >>>>>> (GlobalFunction.java:74)	13:18:43
click	 >>>>>> (GlobalFunction.java:74)	13:18:43
isPresent	 >>>>>> (GlobalFunction.java:74)	13:18:44
zAssertTrue	 >>>>>> (GlobalFunction.java:74)	13:18:44
>>>ExcelInput  SetupProject  - ValidLogin  - LastName	 >>>>>> (ExcelInput.java:14)	13:18:44
Value:Shrivastava	 >>>>>> (ExcelInput.java:22)	13:18:44
clearAndEnterText	 >>>>>> (GlobalFunction.java:74)	13:18:44
embedScreenshot	 >>>>>> (GlobalFunction.java:74)	13:18:44
Thread Local getDrive()	 >>>>>> (DriverHandler.java:87)	13:18:44
isPresent	 >>>>>> (GlobalFunction.java:74)	13:18:44
zAssertTrue	 >>>>>> (GlobalFunction.java:74)	13:18:44
>>>ExcelInput  SetupProject  - ValidLogin  - LeadEmail	 >>>>>> (ExcelInput.java:14)	13:18:44
Value:vikash.shrivastava@zensar.com	 >>>>>> (ExcelInput.java:22)	13:18:44
clearAndEnterText	 >>>>>> (GlobalFunction.java:74)	13:18:44
isPresent	 >>>>>> (GlobalFunction.java:74)	13:18:44
zAssertTrue	 >>>>>> (GlobalFunction.java:74)	13:18:44
click	 >>>>>> (GlobalFunction.java:74)	13:18:44
embedScreenshot	 >>>>>> (GlobalFunction.java:74)	13:18:44
Thread Local getDrive()	 >>>>>> (DriverHandler.java:87)	13:18:44
waitForElement	 >>>>>> (GlobalFunction.java:74)	13:18:45
isPresent	 >>>>>> (GlobalFunction.java:74)	13:18:45
isPresent	 >>>>>> (GlobalFunction.java:74)	13:18:45
highlightElement	 >>>>>> (GlobalFunction.java:74)	13:18:45
embedScreenshot	 >>>>>> (GlobalFunction.java:74)	13:18:45
Thread Local getDrive()	 >>>>>> (DriverHandler.java:87)	13:18:45
1 row(s) affected	 >>>>>> (Connection.java:73)	13:18:45
waitForceScrollClick	 >>>>>> (GlobalFunction.java:74)	13:18:45
waitForElement	 >>>>>> (GlobalFunction.java:74)	13:18:45
1 row(s) affected	 >>>>>> (Connection.java:73)	13:18:45
1 row(s) affected	 >>>>>> (Connection.java:73)	13:18:45
[INFO]	 Attempt 1 of 1 to execute  [PASSED]	 >>>>>> (SetupProject.java:38)	13:18:45
Feature :	SetupProject	 >>>>>> (SetupProject.java:60)	13:18:45
Scenario :	Verify user able to Setup new Project	 >>>>>> (SetupProject.java:61)	13:18:45
DataSetName :	ValidLogin
	 >>>>>> (SetupProject.java:62)	13:18:45
]]></system-out>
    <system-err><![CDATA[ERROR StatusLogger No log4j2 configuration file found. Using default configuration: logging only errors to the console.
748 [TestNG-tests-1] INFO io.github.bonigarcia.wdm.WebDriverManager - Using chromedriver 122.0.6261.111 (resolved driver for Chrome 122)
748 [TestNG-tests-2] INFO io.github.bonigarcia.wdm.WebDriverManager - Using chromedriver 122.0.6261.111 (resolved driver for Chrome 122)
748 [TestNG-tests-3] INFO io.github.bonigarcia.wdm.WebDriverManager - Using chromedriver 122.0.6261.111 (resolved driver for Chrome 122)
774 [TestNG-tests-3] INFO io.github.bonigarcia.wdm.WebDriverManager - Exporting webdriver.chrome.driver as C:\Users\vs106039\.cache\selenium\chromedriver\win64\122.0.6261.111\chromedriver.exe
774 [TestNG-tests-1] INFO io.github.bonigarcia.wdm.WebDriverManager - Exporting webdriver.chrome.driver as C:\Users\vs106039\.cache\selenium\chromedriver\win64\122.0.6261.111\chromedriver.exe
774 [TestNG-tests-2] INFO io.github.bonigarcia.wdm.WebDriverManager - Exporting webdriver.chrome.driver as C:\Users\vs106039\.cache\selenium\chromedriver\win64\122.0.6261.111\chromedriver.exe
Starting ChromeDriver 122.0.6261.111 (9d4c1072da62b411b351a38b9ed6214ab236aa7b-refs/branch-heads/6261@{#1015}) on port 8666
Only local connections are allowed.
Please see https://chromedriver.chromium.org/security-considerations for suggestions on keeping ChromeDriver safe.
ChromeDriver was started successfully.
Starting ChromeDriver 122.0.6261.111 (9d4c1072da62b411b351a38b9ed6214ab236aa7b-refs/branch-heads/6261@{#1015}) on port 33599
Only local connections are allowed.
Please see https://chromedriver.chromium.org/security-considerations for suggestions on keeping ChromeDriver safe.
ChromeDriver was started successfully.
Starting ChromeDriver 122.0.6261.111 (9d4c1072da62b411b351a38b9ed6214ab236aa7b-refs/branch-heads/6261@{#1015}) on port 10085
Only local connections are allowed.
Please see https://chromedriver.chromium.org/security-considerations for suggestions on keeping ChromeDriver safe.
ChromeDriver was started successfully.
Mar 12, 2024 1:17:53 PM org.openqa.selenium.remote.ProtocolHandshake createSession
INFO: Detected dialect: W3C
Mar 12, 2024 1:17:53 PM org.openqa.selenium.remote.ProtocolHandshake createSession
INFO: Detected dialect: W3C
Mar 12, 2024 1:17:54 PM org.openqa.selenium.remote.ProtocolHandshake createSession
INFO: Detected dialect: W3C
]]></system-err>
  </testcase>
  <testcase name="feature[com.zensar.scriptutils.PickleWrapper@4a49cddb](2)" classname="com.zensar.runner.SetupProject" time="30.622">
    <system-out><![CDATA[[INFO]	 Attempt 1 of 1 to execute 	 >>>>>> (ActiveTransaction.java:35)	13:19:7
Feature :	ActiveTransaction	 >>>>>> (ActiveTransaction.java:60)	13:19:7
Scenario :	Verify project Overview maximum character set	 >>>>>> (ActiveTransaction.java:61)	13:19:7
DataSetName :	ValidLogin
	 >>>>>> (ActiveTransaction.java:62)	13:19:7
SCENARIO STATE Init	 >>>>>> (Hooks.java:24)	13:19:7
4
isPresent	 >>>>>> (GlobalFunction.java:74)	13:19:7
5
isPresent	 >>>>>> (GlobalFunction.java:74)	13:19:9
Thread Local getDrive()	 >>>>>> (DriverHandler.java:87)	13:19:9
3 columns(s) affected	 >>>>>> (Connection.java:93)	13:19:9
1 row(s) affected	 >>>>>> (Connection.java:73)	13:19:9
isPresent	 >>>>>> (GlobalFunction.java:74)	13:19:9
1 row(s) affected	 >>>>>> (Connection.java:73)	13:19:9
1 row(s) affected	 >>>>>> (Connection.java:73)	13:19:9
BROWSER STACK SESSION : 	 >>>>>> (OutputSheetLogger.java:174)	13:19:9
Thread Local getDrive()	 >>>>>> (DriverHandler.java:87)	13:19:9
ae5cf79d15de8dbe601d62bac557f2fd	 >>>>>> (OutputSheetLogger.java:175)	13:19:9
Entered try in open	 >>>>>> (IsgLandingPage.java:145)	13:19:9
getText	 >>>>>> (GlobalFunction.java:74)	13:19:10
notification for Set up Project: 3	 >>>>>> (IsgLandingPage.java:224)	13:19:10
embedScreenshot	 >>>>>> (GlobalFunction.java:74)	13:19:10
Thread Local getDrive()	 >>>>>> (DriverHandler.java:87)	13:19:10
zAssertTrue	 >>>>>> (GlobalFunction.java:74)	13:19:10
embedScreenshot	 >>>>>> (GlobalFunction.java:74)	13:19:12
highlightElement	 >>>>>> (GlobalFunction.java:74)	13:19:12
Thread Local getDrive()	 >>>>>> (DriverHandler.java:87)	13:19:12
unHighlightElement	 >>>>>> (GlobalFunction.java:74)	13:19:12
forceClick	 >>>>>> (GlobalFunction.java:74)	13:19:12
Clicked Login	 >>>>>> (IsgLandingPage.java:179)	13:19:13
click	 >>>>>> (GlobalFunction.java:74)	13:19:14
embedScreenshot	 >>>>>> (GlobalFunction.java:74)	13:19:14
Thread Local getDrive()	 >>>>>> (DriverHandler.java:87)	13:19:14
embedScreenshot	 >>>>>> (GlobalFunction.java:74)	13:19:14
highlightElement	 >>>>>> (GlobalFunction.java:74)	13:19:14
Thread Local getDrive()	 >>>>>> (DriverHandler.java:87)	13:19:14
unHighlightElement	 >>>>>> (GlobalFunction.java:74)	13:19:15
forceClick	 >>>>>> (GlobalFunction.java:74)	13:19:15
Clicked Login	 >>>>>> (IsgLandingPage.java:179)	13:19:16
username : NGS3@isg-one.com	 >>>>>> (IsgLandingPage.java:181)	13:19:17
password : T|2txZ>UJs	 >>>>>> (IsgLandingPage.java:183)	13:19:17
embedScreenshot	 >>>>>> (GlobalFunction.java:74)	13:19:17
highlightElement	 >>>>>> (GlobalFunction.java:74)	13:19:17
Thread Local getDrive()	 >>>>>> (DriverHandler.java:87)	13:19:17
unHighlightElement	 >>>>>> (GlobalFunction.java:74)	13:19:17
click	 >>>>>> (GlobalFunction.java:74)	13:19:18
isPresent	 >>>>>> (GlobalFunction.java:74)	13:19:18
Thread Local getDrive()	 >>>>>> (DriverHandler.java:87)	13:19:18
Thread Local getDrive()	 >>>>>> (DriverHandler.java:87)	13:19:18
Thread Local getDrive()	 >>>>>> (DriverHandler.java:87)	13:19:18
isPresent	 >>>>>> (GlobalFunction.java:74)	13:19:18
waitForElement	 >>>>>> (GlobalFunction.java:74)	13:19:18
isPresent	 >>>>>> (GlobalFunction.java:74)	13:19:18
isPresent	 >>>>>> (GlobalFunction.java:74)	13:19:18
highlightElement	 >>>>>> (GlobalFunction.java:74)	13:19:18
embedScreenshot	 >>>>>> (GlobalFunction.java:74)	13:19:18
Thread Local getDrive()	 >>>>>> (DriverHandler.java:87)	13:19:18
isPresent	 >>>>>> (GlobalFunction.java:74)	13:19:18
zAssertTrue	 >>>>>> (GlobalFunction.java:74)	13:19:19
waitForElement	 >>>>>> (GlobalFunction.java:74)	13:19:19
isPresent	 >>>>>> (GlobalFunction.java:74)	13:19:19
isPresent	 >>>>>> (GlobalFunction.java:74)	13:19:19
getText	 >>>>>> (GlobalFunction.java:74)	13:19:19
notification for Set up Project: 8018122	 >>>>>> (IsgLandingPage.java:250)	13:19:19
zAssertTrue	 >>>>>> (GlobalFunction.java:74)	13:19:19
waitForElement	 >>>>>> (GlobalFunction.java:74)	13:19:19
isPresent	 >>>>>> (GlobalFunction.java:74)	13:19:19
isPresent	 >>>>>> (GlobalFunction.java:74)	13:19:19
waitForElementClickabality	 >>>>>> (GlobalFunction.java:74)	13:19:19
getText	 >>>>>> (GlobalFunction.java:74)	13:19:19
notification for Set up Project: ACME Ventures	 >>>>>> (IsgLandingPage.java:255)	13:19:19
zAssertTrue	 >>>>>> (GlobalFunction.java:74)	13:19:19
waitForElement	 >>>>>> (GlobalFunction.java:74)	13:19:19
isPresent	 >>>>>> (GlobalFunction.java:74)	13:19:19
isPresent	 >>>>>> (GlobalFunction.java:74)	13:19:19
getText	 >>>>>> (GlobalFunction.java:74)	13:19:19
notification for Set up Project: ACME NGS Train 98	 >>>>>> (IsgLandingPage.java:260)	13:19:19
zAssertTrue	 >>>>>> (GlobalFunction.java:74)	13:19:19
waitForElement	 >>>>>> (GlobalFunction.java:74)	13:19:19
isPresent	 >>>>>> (GlobalFunction.java:74)	13:19:19
isPresent	 >>>>>> (GlobalFunction.java:74)	13:19:19
username : NGS3@isg-one.com	 >>>>>> (IsgLandingPage.java:181)	13:19:19
getText	 >>>>>> (GlobalFunction.java:74)	13:19:19
notification for Set up Project: Kathy Rudy	 >>>>>> (IsgLandingPage.java:265)	13:19:19
zAssertTrue	 >>>>>> (GlobalFunction.java:74)	13:19:19
waitForElement	 >>>>>> (GlobalFunction.java:74)	13:19:19
isPresent	 >>>>>> (GlobalFunction.java:74)	13:19:19
password : T|2txZ>UJs	 >>>>>> (IsgLandingPage.java:183)	13:19:19
embedScreenshot	 >>>>>> (GlobalFunction.java:74)	13:19:19
highlightElement	 >>>>>> (GlobalFunction.java:74)	13:19:19
isPresent	 >>>>>> (GlobalFunction.java:74)	13:19:19
Thread Local getDrive()	 >>>>>> (DriverHandler.java:87)	13:19:19
getText	 >>>>>> (GlobalFunction.java:74)	13:19:19
notification for Set up Project: Sourcing 3 Next Gen	 >>>>>> (IsgLandingPage.java:270)	13:19:19
zAssertTrue	 >>>>>> (GlobalFunction.java:74)	13:19:19
waitForElement	 >>>>>> (GlobalFunction.java:74)	13:19:19
isPresent	 >>>>>> (GlobalFunction.java:74)	13:19:19
isPresent	 >>>>>> (GlobalFunction.java:74)	13:19:20
getText	 >>>>>> (GlobalFunction.java:74)	13:19:20
notification for Set up Project: 01 Mar 2024	 >>>>>> (IsgLandingPage.java:275)	13:19:20
zAssertTrue	 >>>>>> (GlobalFunction.java:74)	13:19:20
waitForElement	 >>>>>> (GlobalFunction.java:74)	13:19:20
isPresent	 >>>>>> (GlobalFunction.java:74)	13:19:20
isPresent	 >>>>>> (GlobalFunction.java:74)	13:19:20
getText	 >>>>>> (GlobalFunction.java:74)	13:19:20
notification for Set up Project: 11 Jun 2024	 >>>>>> (IsgLandingPage.java:280)	13:19:20
zAssertTrue	 >>>>>> (GlobalFunction.java:74)	13:19:20
waitForElement	 >>>>>> (GlobalFunction.java:74)	13:19:20
isPresent	 >>>>>> (GlobalFunction.java:74)	13:19:20
unHighlightElement	 >>>>>> (GlobalFunction.java:74)	13:19:20
click	 >>>>>> (GlobalFunction.java:74)	13:19:20
isPresent	 >>>>>> (GlobalFunction.java:74)	13:19:20
getText	 >>>>>> (GlobalFunction.java:74)	13:19:20
notification for Set up Project: USA	 >>>>>> (IsgLandingPage.java:285)	13:19:20
zAssertTrue	 >>>>>> (GlobalFunction.java:74)	13:19:20
waitForElement	 >>>>>> (GlobalFunction.java:74)	13:19:20
isPresent	 >>>>>> (GlobalFunction.java:74)	13:19:20
isPresent	 >>>>>> (GlobalFunction.java:74)	13:19:20
Thread Local getDrive()	 >>>>>> (DriverHandler.java:87)	13:19:20
Thread Local getDrive()	 >>>>>> (DriverHandler.java:87)	13:19:20
isPresent	 >>>>>> (GlobalFunction.java:74)	13:19:20
Thread Local getDrive()	 >>>>>> (DriverHandler.java:87)	13:19:20
isPresent	 >>>>>> (GlobalFunction.java:74)	13:19:20
getText	 >>>>>> (GlobalFunction.java:74)	13:19:20
notification for Set up Project: Consumer Services	 >>>>>> (IsgLandingPage.java:290)	13:19:20
embedScreenshot	 >>>>>> (GlobalFunction.java:74)	13:19:20
Thread Local getDrive()	 >>>>>> (DriverHandler.java:87)	13:19:20
zAssertTrue	 >>>>>> (GlobalFunction.java:74)	13:19:20
waitForElementClickabality	 >>>>>> (GlobalFunction.java:74)	13:19:21
click	 >>>>>> (GlobalFunction.java:74)	13:19:24
embedScreenshot	 >>>>>> (GlobalFunction.java:74)	13:19:25
Thread Local getDrive()	 >>>>>> (DriverHandler.java:87)	13:19:25
>>>ExcelInput  SetupProject  - ValidLogin  - ProjectOverviewdata	 >>>>>> (ExcelInput.java:14)	13:19:25
Value:Vikash	 >>>>>> (ExcelInput.java:22)	13:19:25
clearAndEnterText	 >>>>>> (GlobalFunction.java:74)	13:19:25
click	 >>>>>> (GlobalFunction.java:74)	13:19:25
waitForElement	 >>>>>> (GlobalFunction.java:74)	13:19:25
isPresent	 >>>>>> (GlobalFunction.java:74)	13:19:25
isPresent	 >>>>>> (GlobalFunction.java:74)	13:19:25
highlightElement	 >>>>>> (GlobalFunction.java:74)	13:19:26
embedScreenshot	 >>>>>> (GlobalFunction.java:74)	13:19:26
Thread Local getDrive()	 >>>>>> (DriverHandler.java:87)	13:19:26
isPresent	 >>>>>> (GlobalFunction.java:74)	13:19:26
zAssertTrue	 >>>>>> (GlobalFunction.java:74)	13:19:26
click	 >>>>>> (GlobalFunction.java:74)	13:19:30
isPresent	 >>>>>> (GlobalFunction.java:74)	13:19:30
zAssertTrue	 >>>>>> (GlobalFunction.java:74)	13:19:31
click	 >>>>>> (GlobalFunction.java:74)	13:19:33
embedScreenshot	 >>>>>> (GlobalFunction.java:74)	13:19:33
Thread Local getDrive()	 >>>>>> (DriverHandler.java:87)	13:19:33
isPresent	 >>>>>> (GlobalFunction.java:74)	13:19:33
zAssertTrue	 >>>>>> (GlobalFunction.java:74)	13:19:33
getText	 >>>>>> (GlobalFunction.java:74)	13:19:33
Number of Active Transaction: Active transactions (2)	 >>>>>> (ProjectContact.java:113)	13:19:33
embedScreenshot	 >>>>>> (GlobalFunction.java:74)	13:19:33
Thread Local getDrive()	 >>>>>> (DriverHandler.java:87)	13:19:33
zAssertTrue	 >>>>>> (GlobalFunction.java:74)	13:19:33
waitForElement	 >>>>>> (GlobalFunction.java:74)	13:19:33
isPresent	 >>>>>> (GlobalFunction.java:74)	13:19:33
isPresent	 >>>>>> (GlobalFunction.java:74)	13:19:33
click	 >>>>>> (GlobalFunction.java:74)	13:19:35
embedScreenshot	 >>>>>> (GlobalFunction.java:74)	13:19:35
Thread Local getDrive()	 >>>>>> (DriverHandler.java:87)	13:19:35
isPresent	 >>>>>> (GlobalFunction.java:74)	13:19:35
zAssertTrue	 >>>>>> (GlobalFunction.java:74)	13:19:35
click	 >>>>>> (GlobalFunction.java:74)	13:19:35
waitForElement	 >>>>>> (GlobalFunction.java:74)	13:19:35
isPresent	 >>>>>> (GlobalFunction.java:74)	13:19:35
isPresent	 >>>>>> (GlobalFunction.java:74)	13:19:36
highlightElement	 >>>>>> (GlobalFunction.java:74)	13:19:36
embedScreenshot	 >>>>>> (GlobalFunction.java:74)	13:19:36
Thread Local getDrive()	 >>>>>> (DriverHandler.java:87)	13:19:36
isPresent	 >>>>>> (GlobalFunction.java:74)	13:19:36
zAssertTrue	 >>>>>> (GlobalFunction.java:74)	13:19:36
>>>ExcelInput  SetupProject  - ValidLogin  - FirstName	 >>>>>> (ExcelInput.java:14)	13:19:36
Value:Vikash	 >>>>>> (ExcelInput.java:22)	13:19:36
clearAndEnterText	 >>>>>> (GlobalFunction.java:74)	13:19:36
isPresent	 >>>>>> (GlobalFunction.java:74)	13:19:36
zAssertTrue	 >>>>>> (GlobalFunction.java:74)	13:19:36
>>>ExcelInput  SetupProject  - ValidLogin  - LastName	 >>>>>> (ExcelInput.java:14)	13:19:36
Value:Shrivastava	 >>>>>> (ExcelInput.java:22)	13:19:36
clearAndEnterText	 >>>>>> (GlobalFunction.java:74)	13:19:36
getText	 >>>>>> (GlobalFunction.java:74)	13:19:36
Number of Active Transaction: Active transactions (2)	 >>>>>> (ProjectContact.java:113)	13:19:36
embedScreenshot	 >>>>>> (GlobalFunction.java:74)	13:19:36
Thread Local getDrive()	 >>>>>> (DriverHandler.java:87)	13:19:36
zAssertTrue	 >>>>>> (GlobalFunction.java:74)	13:19:36
waitForElement	 >>>>>> (GlobalFunction.java:74)	13:19:36
isPresent	 >>>>>> (GlobalFunction.java:74)	13:19:36
embedScreenshot	 >>>>>> (GlobalFunction.java:74)	13:19:36
Thread Local getDrive()	 >>>>>> (DriverHandler.java:87)	13:19:36
isPresent	 >>>>>> (GlobalFunction.java:74)	13:19:36
isPresent	 >>>>>> (GlobalFunction.java:74)	13:19:36
zAssertTrue	 >>>>>> (GlobalFunction.java:74)	13:19:37
>>>ExcelInput  SetupProject  - ValidLogin  - LeadEmail	 >>>>>> (ExcelInput.java:14)	13:19:37
Value:vikash.shrivastava@zensar.com	 >>>>>> (ExcelInput.java:22)	13:19:37
clearAndEnterText	 >>>>>> (GlobalFunction.java:74)	13:19:37
isPresent	 >>>>>> (GlobalFunction.java:74)	13:19:37
zAssertTrue	 >>>>>> (GlobalFunction.java:74)	13:19:37
click	 >>>>>> (GlobalFunction.java:74)	13:19:37
embedScreenshot	 >>>>>> (GlobalFunction.java:74)	13:19:37
Thread Local getDrive()	 >>>>>> (DriverHandler.java:87)	13:19:37
waitForElement	 >>>>>> (GlobalFunction.java:74)	13:19:37
isPresent	 >>>>>> (GlobalFunction.java:74)	13:19:37
isPresent	 >>>>>> (GlobalFunction.java:74)	13:19:37
highlightElement	 >>>>>> (GlobalFunction.java:74)	13:19:37
embedScreenshot	 >>>>>> (GlobalFunction.java:74)	13:19:37
Thread Local getDrive()	 >>>>>> (DriverHandler.java:87)	13:19:37
1 row(s) affected	 >>>>>> (Connection.java:73)	13:19:38
1 row(s) affected	 >>>>>> (Connection.java:73)	13:19:38
1 row(s) affected	 >>>>>> (Connection.java:73)	13:19:38
[INFO]	 Attempt 1 of 1 to execute  [PASSED]	 >>>>>> (SetupProject.java:38)	13:19:38
Feature :	SetupProject	 >>>>>> (SetupProject.java:60)	13:19:38
Scenario :	Verify user able to Setup new Project with Projet Overview validation	 >>>>>> (SetupProject.java:61)	13:19:38
DataSetName :	ValidLogin
	 >>>>>> (SetupProject.java:62)	13:19:38
]]></system-out>
    <system-err><![CDATA[78064 [TestNG-tests-2] INFO io.github.bonigarcia.wdm.WebDriverManager - Using chromedriver 122.0.6261.111 (resolved driver for Chrome 122)
78076 [TestNG-tests-2] INFO io.github.bonigarcia.wdm.WebDriverManager - Exporting webdriver.chrome.driver as C:\Users\vs106039\.cache\selenium\chromedriver\win64\122.0.6261.111\chromedriver.exe
Starting ChromeDriver 122.0.6261.111 (9d4c1072da62b411b351a38b9ed6214ab236aa7b-refs/branch-heads/6261@{#1015}) on port 37632
Only local connections are allowed.
Please see https://chromedriver.chromium.org/security-considerations for suggestions on keeping ChromeDriver safe.
ChromeDriver was started successfully.
Mar 12, 2024 1:19:09 PM org.openqa.selenium.remote.ProtocolHandshake createSession
INFO: Detected dialect: W3C
]]></system-err>
  </testcase>
  <testcase name="feature[com.zensar.scriptutils.PickleWrapper@1a4c3bb0](3)" classname="com.zensar.runner.SetupProject" time="5.035">
    <system-out><![CDATA[[INFO]	 Attempt 1 of 1 to execute 	 >>>>>> (ActiveTransaction.java:35)	13:20:41
Feature :	ActiveTransaction	 >>>>>> (ActiveTransaction.java:60)	13:20:41
Scenario :	Verify client not able Update project Overview	 >>>>>> (ActiveTransaction.java:61)	13:20:41
DataSetName :	ValidLogin
	 >>>>>> (ActiveTransaction.java:62)	13:20:41
SCENARIO STATE Init	 >>>>>> (Hooks.java:24)	13:20:41
getText	 >>>>>> (GlobalFunction.java:74)	13:20:41
zAssertEquals	 >>>>>> (GlobalFunction.java:74)	13:20:41
embedScreenshot	 >>>>>> (GlobalFunction.java:74)	13:20:41
Thread Local getDrive()	 >>>>>> (DriverHandler.java:87)	13:20:41
>>>ExcelInput  SetupProject  - ValidLogin  - FNSpace	 >>>>>> (ExcelInput.java:14)	13:20:41
Value:              	 >>>>>> (ExcelInput.java:22)	13:20:41
clearAndEnterText	 >>>>>> (GlobalFunction.java:74)	13:20:41
click	 >>>>>> (GlobalFunction.java:74)	13:20:41
Validation for Firstname - having only Space	 >>>>>> (IsgLandingPage.java:381)	13:20:41
isPresent	 >>>>>> (GlobalFunction.java:74)	13:20:41
zAssertTrue	 >>>>>> (GlobalFunction.java:74)	13:20:42
waitForElement	 >>>>>> (GlobalFunction.java:74)	13:20:42
isPresent	 >>>>>> (GlobalFunction.java:74)	13:20:42
isPresent	 >>>>>> (GlobalFunction.java:74)	13:20:42
highlightElement	 >>>>>> (GlobalFunction.java:74)	13:20:42
getText	 >>>>>> (GlobalFunction.java:74)	13:20:42
zAssertEquals	 >>>>>> (GlobalFunction.java:74)	13:20:42
embedScreenshot	 >>>>>> (GlobalFunction.java:74)	13:20:42
Thread Local getDrive()	 >>>>>> (DriverHandler.java:87)	13:20:42
>>>ExcelInput  SetupProject  - ValidLogin  - FN100char	 >>>>>> (ExcelInput.java:14)	13:20:42
Value:Looks like you already found the answer. Be aware that the logj:WARN output is produced by a logjkcjkjasdasdasdasd	 >>>>>> (ExcelInput.java:22)	13:20:42
clearAndEnterText	 >>>>>> (GlobalFunction.java:74)	13:20:42
Validation for Firstname - having more than 100 character	 >>>>>> (IsgLandingPage.java:394)	13:20:42
isPresent	 >>>>>> (GlobalFunction.java:74)	13:20:42
zAssertTrue	 >>>>>> (GlobalFunction.java:74)	13:20:43
waitForElement	 >>>>>> (GlobalFunction.java:74)	13:20:43
isPresent	 >>>>>> (GlobalFunction.java:74)	13:20:43
isPresent	 >>>>>> (GlobalFunction.java:74)	13:20:43
highlightElement	 >>>>>> (GlobalFunction.java:74)	13:20:43
getText	 >>>>>> (GlobalFunction.java:74)	13:20:43
zAssertEquals	 >>>>>> (GlobalFunction.java:74)	13:20:43
embedScreenshot	 >>>>>> (GlobalFunction.java:74)	13:20:43
Thread Local getDrive()	 >>>>>> (DriverHandler.java:87)	13:20:43
>>>ExcelInput  SetupProject  - ValidLogin  - FNSpecialchar	 >>>>>> (ExcelInput.java:14)	13:20:43
Value:Vikash$	 >>>>>> (ExcelInput.java:22)	13:20:43
clearAndEnterText	 >>>>>> (GlobalFunction.java:74)	13:20:43
Thread Local getDrive()	 >>>>>> (DriverHandler.java:87)	13:20:43
3 columns(s) affected	 >>>>>> (Connection.java:93)	13:20:43
1 row(s) affected	 >>>>>> (Connection.java:73)	13:20:43
1 row(s) affected	 >>>>>> (Connection.java:73)	13:20:43
1 row(s) affected	 >>>>>> (Connection.java:73)	13:20:43
BROWSER STACK SESSION : 	 >>>>>> (OutputSheetLogger.java:174)	13:20:43
Thread Local getDrive()	 >>>>>> (DriverHandler.java:87)	13:20:43
48ce52c553bbece8f4ace982b6ccee41	 >>>>>> (OutputSheetLogger.java:175)	13:20:43
Entered try in open	 >>>>>> (IsgLandingPage.java:145)	13:20:43
Validation for Firstname - having Special Character	 >>>>>> (IsgLandingPage.java:407)	13:20:43
isPresent	 >>>>>> (GlobalFunction.java:74)	13:20:43
zAssertTrue	 >>>>>> (GlobalFunction.java:74)	13:20:44
waitForElement	 >>>>>> (GlobalFunction.java:74)	13:20:44
isPresent	 >>>>>> (GlobalFunction.java:74)	13:20:44
isPresent	 >>>>>> (GlobalFunction.java:74)	13:20:44
highlightElement	 >>>>>> (GlobalFunction.java:74)	13:20:44
getText	 >>>>>> (GlobalFunction.java:74)	13:20:44
zAssertEquals	 >>>>>> (GlobalFunction.java:74)	13:20:44
embedScreenshot	 >>>>>> (GlobalFunction.java:74)	13:20:44
Thread Local getDrive()	 >>>>>> (DriverHandler.java:87)	13:20:44
>>>ExcelInput  SetupProject  - ValidLogin  - FNBlank	 >>>>>> (ExcelInput.java:14)	13:20:44
Value:	 >>>>>> (ExcelInput.java:22)	13:20:44
clearAndEnterText	 >>>>>> (GlobalFunction.java:74)	13:20:44
click	 >>>>>> (GlobalFunction.java:74)	13:20:44
Validation for Firstname - Blank	 >>>>>> (IsgLandingPage.java:421)	13:20:44
isPresent	 >>>>>> (GlobalFunction.java:74)	13:20:44
zAssertTrue	 >>>>>> (GlobalFunction.java:74)	13:20:44
waitForElement	 >>>>>> (GlobalFunction.java:74)	13:20:44
isPresent	 >>>>>> (GlobalFunction.java:74)	13:20:44
isPresent	 >>>>>> (GlobalFunction.java:74)	13:20:44
highlightElement	 >>>>>> (GlobalFunction.java:74)	13:20:44
getText	 >>>>>> (GlobalFunction.java:74)	13:20:45
zAssertEquals	 >>>>>> (GlobalFunction.java:74)	13:20:45
embedScreenshot	 >>>>>> (GlobalFunction.java:74)	13:20:45
Thread Local getDrive()	 >>>>>> (DriverHandler.java:87)	13:20:45
>>>ExcelInput  SetupProject  - ValidLogin  - LastName	 >>>>>> (ExcelInput.java:14)	13:20:45
Value:Shrivastava	 >>>>>> (ExcelInput.java:22)	13:20:45
clearAndEnterText	 >>>>>> (GlobalFunction.java:74)	13:20:45
isPresent	 >>>>>> (GlobalFunction.java:74)	13:20:45
zAssertTrue	 >>>>>> (GlobalFunction.java:74)	13:20:45
>>>ExcelInput  SetupProject  - ValidLogin  - LeadEmail	 >>>>>> (ExcelInput.java:14)	13:20:45
Value:vikash.shrivastava@zensar.com	 >>>>>> (ExcelInput.java:22)	13:20:45
clearAndEnterText	 >>>>>> (GlobalFunction.java:74)	13:20:45
isPresent	 >>>>>> (GlobalFunction.java:74)	13:20:45
zAssertTrue	 >>>>>> (GlobalFunction.java:74)	13:20:45
click	 >>>>>> (GlobalFunction.java:74)	13:20:45
embedScreenshot	 >>>>>> (GlobalFunction.java:74)	13:20:45
Thread Local getDrive()	 >>>>>> (DriverHandler.java:87)	13:20:45
waitForElement	 >>>>>> (GlobalFunction.java:74)	13:20:46
isPresent	 >>>>>> (GlobalFunction.java:74)	13:20:46
isPresent	 >>>>>> (GlobalFunction.java:74)	13:20:46
highlightElement	 >>>>>> (GlobalFunction.java:74)	13:20:46
embedScreenshot	 >>>>>> (GlobalFunction.java:74)	13:20:46
Thread Local getDrive()	 >>>>>> (DriverHandler.java:87)	13:20:46
1 row(s) affected	 >>>>>> (Connection.java:73)	13:20:46
1 row(s) affected	 >>>>>> (Connection.java:73)	13:20:46
1 row(s) affected	 >>>>>> (Connection.java:73)	13:20:46
[INFO]	 Attempt 1 of 1 to execute  [PASSED]	 >>>>>> (SetupProject.java:38)	13:20:46
Feature :	SetupProject	 >>>>>> (SetupProject.java:60)	13:20:46
Scenario :	Verify user able to Setup new Project with first name validation	 >>>>>> (SetupProject.java:61)	13:20:46
DataSetName :	ValidLogin
	 >>>>>> (SetupProject.java:62)	13:20:46
]]></system-out>
    <system-err><![CDATA[172017 [TestNG-tests-2] INFO io.github.bonigarcia.wdm.WebDriverManager - Using chromedriver 122.0.6261.111 (resolved driver for Chrome 122)
172023 [TestNG-tests-2] INFO io.github.bonigarcia.wdm.WebDriverManager - Exporting webdriver.chrome.driver as C:\Users\vs106039\.cache\selenium\chromedriver\win64\122.0.6261.111\chromedriver.exe
Starting ChromeDriver 122.0.6261.111 (9d4c1072da62b411b351a38b9ed6214ab236aa7b-refs/branch-heads/6261@{#1015}) on port 26736
Only local connections are allowed.
Please see https://chromedriver.chromium.org/security-considerations for suggestions on keeping ChromeDriver safe.
ChromeDriver was started successfully.
Mar 12, 2024 1:20:43 PM org.openqa.selenium.remote.ProtocolHandshake createSession
INFO: Detected dialect: W3C
]]></system-err>
  </testcase>
  <testcase name="feature[com.zensar.scriptutils.PickleWrapper@497dcaa1](4)" classname="com.zensar.runner.SetupProject" time="28.123">
    <system-out><![CDATA[[INFO]	 Attempt 1 of 1 to execute 	 >>>>>> (ActiveTransactionProjectContact.java:35)	13:21:16
Feature :	ActiveTransactionProjectContact	 >>>>>> (ActiveTransactionProjectContact.java:60)	13:21:16
Scenario :	Verify user able add Lead Attorney to Project contact list After adding only required field	 >>>>>> (ActiveTransactionProjectContact.java:61)	13:21:16
DataSetName :	AddContact
	 >>>>>> (ActiveTransactionProjectContact.java:62)	13:21:16
SCENARIO STATE Init	 >>>>>> (Hooks.java:24)	13:21:16
click	 >>>>>> (GlobalFunction.java:74)	13:21:17
embedScreenshot	 >>>>>> (GlobalFunction.java:74)	13:21:17
Thread Local getDrive()	 >>>>>> (DriverHandler.java:87)	13:21:17
Thread Local getDrive()	 >>>>>> (DriverHandler.java:87)	13:21:18
3 columns(s) affected	 >>>>>> (Connection.java:93)	13:21:18
1 row(s) affected	 >>>>>> (Connection.java:73)	13:21:18
1 row(s) affected	 >>>>>> (Connection.java:73)	13:21:18
1 row(s) affected	 >>>>>> (Connection.java:73)	13:21:18
BROWSER STACK SESSION : 	 >>>>>> (OutputSheetLogger.java:174)	13:21:18
Thread Local getDrive()	 >>>>>> (DriverHandler.java:87)	13:21:18
24067eb498fd3c0662056bb19f2aae51	 >>>>>> (OutputSheetLogger.java:175)	13:21:18
Entered try in open	 >>>>>> (IsgLandingPage.java:145)	13:21:18
getText	 >>>>>> (GlobalFunction.java:74)	13:21:20
Number of Active Transaction: Active transactions (3)	 >>>>>> (ProjectContact.java:113)	13:21:20
embedScreenshot	 >>>>>> (GlobalFunction.java:74)	13:21:20
Thread Local getDrive()	 >>>>>> (DriverHandler.java:87)	13:21:20
zAssertTrue	 >>>>>> (GlobalFunction.java:74)	13:21:20
waitForElement	 >>>>>> (GlobalFunction.java:74)	13:21:20
isPresent	 >>>>>> (GlobalFunction.java:74)	13:21:20
isPresent	 >>>>>> (GlobalFunction.java:74)	13:21:20
waitForElement	 >>>>>> (GlobalFunction.java:74)	13:21:21
isPresent	 >>>>>> (GlobalFunction.java:74)	13:21:21
isPresent	 >>>>>> (GlobalFunction.java:74)	13:21:21
highlightElement	 >>>>>> (GlobalFunction.java:74)	13:21:21
embedScreenshot	 >>>>>> (GlobalFunction.java:74)	13:21:22
Thread Local getDrive()	 >>>>>> (DriverHandler.java:87)	13:21:22
isPresent	 >>>>>> (GlobalFunction.java:74)	13:21:22
zAssertTrue	 >>>>>> (GlobalFunction.java:74)	13:21:22
waitForElement	 >>>>>> (GlobalFunction.java:74)	13:21:22
isPresent	 >>>>>> (GlobalFunction.java:74)	13:21:22
isPresent	 >>>>>> (GlobalFunction.java:74)	13:21:22
getText	 >>>>>> (GlobalFunction.java:74)	13:21:22
notification for Set up Project: 8018122	 >>>>>> (IsgLandingPage.java:250)	13:21:22
zAssertTrue	 >>>>>> (GlobalFunction.java:74)	13:21:22
waitForElement	 >>>>>> (GlobalFunction.java:74)	13:21:22
isPresent	 >>>>>> (GlobalFunction.java:74)	13:21:22
isPresent	 >>>>>> (GlobalFunction.java:74)	13:21:22
getText	 >>>>>> (GlobalFunction.java:74)	13:21:22
notification for Set up Project: ACME Ventures	 >>>>>> (IsgLandingPage.java:255)	13:21:22
zAssertTrue	 >>>>>> (GlobalFunction.java:74)	13:21:22
waitForElement	 >>>>>> (GlobalFunction.java:74)	13:21:22
isPresent	 >>>>>> (GlobalFunction.java:74)	13:21:22
isPresent	 >>>>>> (GlobalFunction.java:74)	13:21:22
getText	 >>>>>> (GlobalFunction.java:74)	13:21:22
notification for Set up Project: ACME NGS Train 98	 >>>>>> (IsgLandingPage.java:260)	13:21:22
zAssertTrue	 >>>>>> (GlobalFunction.java:74)	13:21:22
waitForElement	 >>>>>> (GlobalFunction.java:74)	13:21:22
isPresent	 >>>>>> (GlobalFunction.java:74)	13:21:22
isPresent	 >>>>>> (GlobalFunction.java:74)	13:21:22
getText	 >>>>>> (GlobalFunction.java:74)	13:21:22
notification for Set up Project: Kathy Rudy	 >>>>>> (IsgLandingPage.java:265)	13:21:22
zAssertTrue	 >>>>>> (GlobalFunction.java:74)	13:21:22
waitForElement	 >>>>>> (GlobalFunction.java:74)	13:21:22
isPresent	 >>>>>> (GlobalFunction.java:74)	13:21:22
isPresent	 >>>>>> (GlobalFunction.java:74)	13:21:22
getText	 >>>>>> (GlobalFunction.java:74)	13:21:23
notification for Set up Project: Sourcing 3 Next Gen	 >>>>>> (IsgLandingPage.java:270)	13:21:23
zAssertTrue	 >>>>>> (GlobalFunction.java:74)	13:21:23
waitForElement	 >>>>>> (GlobalFunction.java:74)	13:21:23
isPresent	 >>>>>> (GlobalFunction.java:74)	13:21:23
embedScreenshot	 >>>>>> (GlobalFunction.java:74)	13:21:23
highlightElement	 >>>>>> (GlobalFunction.java:74)	13:21:23
isPresent	 >>>>>> (GlobalFunction.java:74)	13:21:23
Thread Local getDrive()	 >>>>>> (DriverHandler.java:87)	13:21:23
getText	 >>>>>> (GlobalFunction.java:74)	13:21:23
notification for Set up Project: 01 Mar 2024	 >>>>>> (IsgLandingPage.java:275)	13:21:23
zAssertTrue	 >>>>>> (GlobalFunction.java:74)	13:21:23
waitForElement	 >>>>>> (GlobalFunction.java:74)	13:21:23
isPresent	 >>>>>> (GlobalFunction.java:74)	13:21:23
isPresent	 >>>>>> (GlobalFunction.java:74)	13:21:23
getText	 >>>>>> (GlobalFunction.java:74)	13:21:23
notification for Set up Project: 11 Jun 2024	 >>>>>> (IsgLandingPage.java:280)	13:21:23
zAssertTrue	 >>>>>> (GlobalFunction.java:74)	13:21:23
waitForElement	 >>>>>> (GlobalFunction.java:74)	13:21:23
isPresent	 >>>>>> (GlobalFunction.java:74)	13:21:23
unHighlightElement	 >>>>>> (GlobalFunction.java:74)	13:21:23
forceClick	 >>>>>> (GlobalFunction.java:74)	13:21:23
isPresent	 >>>>>> (GlobalFunction.java:74)	13:21:23
getText	 >>>>>> (GlobalFunction.java:74)	13:21:23
notification for Set up Project: USA	 >>>>>> (IsgLandingPage.java:285)	13:21:23
zAssertTrue	 >>>>>> (GlobalFunction.java:74)	13:21:23
waitForElement	 >>>>>> (GlobalFunction.java:74)	13:21:23
isPresent	 >>>>>> (GlobalFunction.java:74)	13:21:23
isPresent	 >>>>>> (GlobalFunction.java:74)	13:21:23
getText	 >>>>>> (GlobalFunction.java:74)	13:21:23
notification for Set up Project: Consumer Services	 >>>>>> (IsgLandingPage.java:290)	13:21:23
embedScreenshot	 >>>>>> (GlobalFunction.java:74)	13:21:23
Thread Local getDrive()	 >>>>>> (DriverHandler.java:87)	13:21:23
zAssertTrue	 >>>>>> (GlobalFunction.java:74)	13:21:23
Clicked Login	 >>>>>> (IsgLandingPage.java:179)	13:21:24
click	 >>>>>> (GlobalFunction.java:74)	13:21:27
embedScreenshot	 >>>>>> (GlobalFunction.java:74)	13:21:28
Thread Local getDrive()	 >>>>>> (DriverHandler.java:87)	13:21:28
username : NGS3@isg-one.com	 >>>>>> (IsgLandingPage.java:181)	13:21:28
password : T|2txZ>UJs	 >>>>>> (IsgLandingPage.java:183)	13:21:28
embedScreenshot	 >>>>>> (GlobalFunction.java:74)	13:21:28
highlightElement	 >>>>>> (GlobalFunction.java:74)	13:21:28
Thread Local getDrive()	 >>>>>> (DriverHandler.java:87)	13:21:28
>>>ExcelInput  SetupProject  - ValidLogin  - ProjectOverviewdata	 >>>>>> (ExcelInput.java:14)	13:21:28
Value:Vikash	 >>>>>> (ExcelInput.java:22)	13:21:28
clearAndEnterText	 >>>>>> (GlobalFunction.java:74)	13:21:28
click	 >>>>>> (GlobalFunction.java:74)	13:21:28
unHighlightElement	 >>>>>> (GlobalFunction.java:74)	13:21:28
click	 >>>>>> (GlobalFunction.java:74)	13:21:28
waitForElement	 >>>>>> (GlobalFunction.java:74)	13:21:28
isPresent	 >>>>>> (GlobalFunction.java:74)	13:21:28
isPresent	 >>>>>> (GlobalFunction.java:74)	13:21:29
Thread Local getDrive()	 >>>>>> (DriverHandler.java:87)	13:21:29
isPresent	 >>>>>> (GlobalFunction.java:74)	13:21:29
Thread Local getDrive()	 >>>>>> (DriverHandler.java:87)	13:21:29
Thread Local getDrive()	 >>>>>> (DriverHandler.java:87)	13:21:29
isPresent	 >>>>>> (GlobalFunction.java:74)	13:21:29
highlightElement	 >>>>>> (GlobalFunction.java:74)	13:21:29
embedScreenshot	 >>>>>> (GlobalFunction.java:74)	13:21:29
Thread Local getDrive()	 >>>>>> (DriverHandler.java:87)	13:21:29
isPresent	 >>>>>> (GlobalFunction.java:74)	13:21:29
zAssertTrue	 >>>>>> (GlobalFunction.java:74)	13:21:29
waitForElementClickabality	 >>>>>> (GlobalFunction.java:74)	13:21:30
click	 >>>>>> (GlobalFunction.java:74)	13:21:31
embedScreenshot	 >>>>>> (GlobalFunction.java:74)	13:21:31
Thread Local getDrive()	 >>>>>> (DriverHandler.java:87)	13:21:31
click	 >>>>>> (GlobalFunction.java:74)	13:21:33
isPresent	 >>>>>> (GlobalFunction.java:74)	13:21:33
zAssertTrue	 >>>>>> (GlobalFunction.java:74)	13:21:33
click	 >>>>>> (GlobalFunction.java:74)	13:21:35
embedScreenshot	 >>>>>> (GlobalFunction.java:74)	13:21:36
Thread Local getDrive()	 >>>>>> (DriverHandler.java:87)	13:21:36
isPresent	 >>>>>> (GlobalFunction.java:74)	13:21:36
zAssertTrue	 >>>>>> (GlobalFunction.java:74)	13:21:36
click	 >>>>>> (GlobalFunction.java:74)	13:21:38
embedScreenshot	 >>>>>> (GlobalFunction.java:74)	13:21:38
Thread Local getDrive()	 >>>>>> (DriverHandler.java:87)	13:21:38
isPresent	 >>>>>> (GlobalFunction.java:74)	13:21:38
zAssertTrue	 >>>>>> (GlobalFunction.java:74)	13:21:38
click	 >>>>>> (GlobalFunction.java:74)	13:21:38
waitForElement	 >>>>>> (GlobalFunction.java:74)	13:21:38
isPresent	 >>>>>> (GlobalFunction.java:74)	13:21:38
isPresent	 >>>>>> (GlobalFunction.java:74)	13:21:38
highlightElement	 >>>>>> (GlobalFunction.java:74)	13:21:39
embedScreenshot	 >>>>>> (GlobalFunction.java:74)	13:21:39
Thread Local getDrive()	 >>>>>> (DriverHandler.java:87)	13:21:39
isPresent	 >>>>>> (GlobalFunction.java:74)	13:21:39
zAssertTrue	 >>>>>> (GlobalFunction.java:74)	13:21:39
>>>ExcelInput  SetupProject  - ValidLogin  - FirstName	 >>>>>> (ExcelInput.java:14)	13:21:39
Value:Vikash	 >>>>>> (ExcelInput.java:22)	13:21:39
clearAndEnterText	 >>>>>> (GlobalFunction.java:74)	13:21:39
isPresent	 >>>>>> (GlobalFunction.java:74)	13:21:39
zAssertTrue	 >>>>>> (GlobalFunction.java:74)	13:21:39
embedScreenshot	 >>>>>> (GlobalFunction.java:74)	13:21:39
Thread Local getDrive()	 >>>>>> (DriverHandler.java:87)	13:21:39
>>>ExcelInput  SetupProject  - ValidLogin  - LNNumber	 >>>>>> (ExcelInput.java:14)	13:21:39
Value:Vikash9	 >>>>>> (ExcelInput.java:22)	13:21:39
clearAndEnterText	 >>>>>> (GlobalFunction.java:74)	13:21:39
Validation for lastname - having Numbers/Digits	 >>>>>> (IsgLandingPage.java:449)	13:21:40
isPresent	 >>>>>> (GlobalFunction.java:74)	13:21:40
zAssertTrue	 >>>>>> (GlobalFunction.java:74)	13:21:40
waitForElement	 >>>>>> (GlobalFunction.java:74)	13:21:40
isPresent	 >>>>>> (GlobalFunction.java:74)	13:21:40
isPresent	 >>>>>> (GlobalFunction.java:74)	13:21:40
highlightElement	 >>>>>> (GlobalFunction.java:74)	13:21:40
embedScreenshot	 >>>>>> (GlobalFunction.java:74)	13:21:40
Thread Local getDrive()	 >>>>>> (DriverHandler.java:87)	13:21:40
getText	 >>>>>> (GlobalFunction.java:74)	13:21:40
zAssertEquals	 >>>>>> (GlobalFunction.java:74)	13:21:40
>>>ExcelInput  SetupProject  - ValidLogin  - LNSpace	 >>>>>> (ExcelInput.java:14)	13:21:40
Value:         	 >>>>>> (ExcelInput.java:22)	13:21:40
clearAndEnterText	 >>>>>> (GlobalFunction.java:74)	13:21:40
click	 >>>>>> (GlobalFunction.java:74)	13:21:40
Validation for lastname - having only Space	 >>>>>> (IsgLandingPage.java:463)	13:21:40
isPresent	 >>>>>> (GlobalFunction.java:74)	13:21:40
zAssertTrue	 >>>>>> (GlobalFunction.java:74)	13:21:40
waitForElement	 >>>>>> (GlobalFunction.java:74)	13:21:40
isPresent	 >>>>>> (GlobalFunction.java:74)	13:21:40
isPresent	 >>>>>> (GlobalFunction.java:74)	13:21:40
highlightElement	 >>>>>> (GlobalFunction.java:74)	13:21:41
embedScreenshot	 >>>>>> (GlobalFunction.java:74)	13:21:41
Thread Local getDrive()	 >>>>>> (DriverHandler.java:87)	13:21:41
getText	 >>>>>> (GlobalFunction.java:74)	13:21:41
zAssertEquals	 >>>>>> (GlobalFunction.java:74)	13:21:41
>>>ExcelInput  SetupProject  - ValidLogin  - LN100char	 >>>>>> (ExcelInput.java:14)	13:21:41
Value:Looks like you already found the answer. Be aware that the logj:WARN output is produced by a logjkcjkjasdasdasdasd	 >>>>>> (ExcelInput.java:22)	13:21:41
clearAndEnterText	 >>>>>> (GlobalFunction.java:74)	13:21:41
click	 >>>>>> (GlobalFunction.java:74)	13:21:41
isPresent	 >>>>>> (GlobalFunction.java:74)	13:21:41
Validation for lastname - have more than 100 character	 >>>>>> (IsgLandingPage.java:476)	13:21:41
isPresent	 >>>>>> (GlobalFunction.java:74)	13:21:41
zAssertTrue	 >>>>>> (GlobalFunction.java:74)	13:21:41
embedScreenshot	 >>>>>> (GlobalFunction.java:74)	13:21:41
highlightElement	 >>>>>> (GlobalFunction.java:74)	13:21:41
zAssertTrue	 >>>>>> (GlobalFunction.java:74)	13:21:41
waitForElement	 >>>>>> (GlobalFunction.java:74)	13:21:41
isPresent	 >>>>>> (GlobalFunction.java:74)	13:21:41
isPresent	 >>>>>> (GlobalFunction.java:74)	13:21:41
highlightElement	 >>>>>> (GlobalFunction.java:74)	13:21:41
embedScreenshot	 >>>>>> (GlobalFunction.java:74)	13:21:41
Thread Local getDrive()	 >>>>>> (DriverHandler.java:87)	13:21:41
getText	 >>>>>> (GlobalFunction.java:74)	13:21:42
zAssertEquals	 >>>>>> (GlobalFunction.java:74)	13:21:42
>>>ExcelInput  SetupProject  - ValidLogin  - LNSpecialchar	 >>>>>> (ExcelInput.java:14)	13:21:42
Value:Shrivastava%	 >>>>>> (ExcelInput.java:22)	13:21:42
clearAndEnterText	 >>>>>> (GlobalFunction.java:74)	13:21:42
Validation for lastname - have Special Character	 >>>>>> (IsgLandingPage.java:489)	13:21:42
isPresent	 >>>>>> (GlobalFunction.java:74)	13:21:42
zAssertTrue	 >>>>>> (GlobalFunction.java:74)	13:21:42
waitForElement	 >>>>>> (GlobalFunction.java:74)	13:21:42
isPresent	 >>>>>> (GlobalFunction.java:74)	13:21:42
isPresent	 >>>>>> (GlobalFunction.java:74)	13:21:42
highlightElement	 >>>>>> (GlobalFunction.java:74)	13:21:42
embedScreenshot	 >>>>>> (GlobalFunction.java:74)	13:21:42
Thread Local getDrive()	 >>>>>> (DriverHandler.java:87)	13:21:42
getText	 >>>>>> (GlobalFunction.java:74)	13:21:42
zAssertEquals	 >>>>>> (GlobalFunction.java:74)	13:21:42
>>>ExcelInput  SetupProject  - ValidLogin  - LNBlank	 >>>>>> (ExcelInput.java:14)	13:21:42
Value:	 >>>>>> (ExcelInput.java:22)	13:21:42
clearAndEnterText	 >>>>>> (GlobalFunction.java:74)	13:21:42
click	 >>>>>> (GlobalFunction.java:74)	13:21:42
Validation for lastname - Blank	 >>>>>> (IsgLandingPage.java:503)	13:21:43
isPresent	 >>>>>> (GlobalFunction.java:74)	13:21:43
zAssertTrue	 >>>>>> (GlobalFunction.java:74)	13:21:43
waitForElement	 >>>>>> (GlobalFunction.java:74)	13:21:43
isPresent	 >>>>>> (GlobalFunction.java:74)	13:21:43
isPresent	 >>>>>> (GlobalFunction.java:74)	13:21:43
highlightElement	 >>>>>> (GlobalFunction.java:74)	13:21:43
embedScreenshot	 >>>>>> (GlobalFunction.java:74)	13:21:43
Thread Local getDrive()	 >>>>>> (DriverHandler.java:87)	13:21:43
getText	 >>>>>> (GlobalFunction.java:74)	13:21:43
zAssertEquals	 >>>>>> (GlobalFunction.java:74)	13:21:43
>>>ExcelInput  SetupProject  - ValidLogin  - LeadEmail	 >>>>>> (ExcelInput.java:14)	13:21:43
Value:vikash.shrivastava@zensar.com	 >>>>>> (ExcelInput.java:22)	13:21:43
clearAndEnterText	 >>>>>> (GlobalFunction.java:74)	13:21:43
isPresent	 >>>>>> (GlobalFunction.java:74)	13:21:43
zAssertTrue	 >>>>>> (GlobalFunction.java:74)	13:21:43
click	 >>>>>> (GlobalFunction.java:74)	13:21:43
embedScreenshot	 >>>>>> (GlobalFunction.java:74)	13:21:43
Thread Local getDrive()	 >>>>>> (DriverHandler.java:87)	13:21:43
waitForElement	 >>>>>> (GlobalFunction.java:74)	13:21:44
isPresent	 >>>>>> (GlobalFunction.java:74)	13:21:44
isPresent	 >>>>>> (GlobalFunction.java:74)	13:21:44
highlightElement	 >>>>>> (GlobalFunction.java:74)	13:21:44
embedScreenshot	 >>>>>> (GlobalFunction.java:74)	13:21:44
Thread Local getDrive()	 >>>>>> (DriverHandler.java:87)	13:21:44
1 row(s) affected	 >>>>>> (Connection.java:73)	13:21:44
1 row(s) affected	 >>>>>> (Connection.java:73)	13:21:44
1 row(s) affected	 >>>>>> (Connection.java:73)	13:21:44
[INFO]	 Attempt 1 of 1 to execute  [PASSED]	 >>>>>> (SetupProject.java:38)	13:21:44
Feature :	SetupProject	 >>>>>> (SetupProject.java:60)	13:21:44
Scenario :	Verify user able to Setup new Project with last name validation	 >>>>>> (SetupProject.java:61)	13:21:44
DataSetName :	ValidLogin
	 >>>>>> (SetupProject.java:62)	13:21:44
]]></system-out>
    <system-err><![CDATA[206921 [TestNG-tests-1] INFO io.github.bonigarcia.wdm.WebDriverManager - Using chromedriver 122.0.6261.111 (resolved driver for Chrome 122)
206929 [TestNG-tests-1] INFO io.github.bonigarcia.wdm.WebDriverManager - Exporting webdriver.chrome.driver as C:\Users\vs106039\.cache\selenium\chromedriver\win64\122.0.6261.111\chromedriver.exe
Starting ChromeDriver 122.0.6261.111 (9d4c1072da62b411b351a38b9ed6214ab236aa7b-refs/branch-heads/6261@{#1015}) on port 40965
Only local connections are allowed.
Please see https://chromedriver.chromium.org/security-considerations for suggestions on keeping ChromeDriver safe.
ChromeDriver was started successfully.
Mar 12, 2024 1:21:18 PM org.openqa.selenium.remote.ProtocolHandshake createSession
INFO: Detected dialect: W3C
]]></system-err>
  </testcase>
  <testcase name="feature[com.zensar.scriptutils.PickleWrapper@51bd1912](5)" classname="com.zensar.runner.SetupProject" time="18.585">
    <system-out><![CDATA[Feature: ActiveTransactionProjectContact

  Scenario Outline: Verify user able add Client to Project contact list #<DataSetName> # src/main/java/com/zensar/features/ActiveTransactionProjectContact.feature:6
    When user logs in to ISG
    Then Verify for Active Transaction
    Then User clicks on first Active Transaction
    And Click on go to Project contact list
    Then Add the new client contact
    Then Add Client First Name
    And Add Client Last Name
    Then Select Pronouns
    Then Select job Tittle
    Then Select Project Role
    Then Select Project Responsibilties
    Then Add Email Address for the Member
    And Add mobile and Click on save Contact

    Examples: 

  Background:                                          # src/main/java/com/zensar/features/ActiveTransactionProjectContact.feature:3
    Given User navigates to ISG Landing Page and Login # SetupProjectStepDefinitions.user_navigates_to_Isg_Landing_Page()

  Scenario Outline: Verify user able add Client to Project contact list #AddContact # src/main/java/com/zensar/features/ActiveTransactionProjectContact.feature:23
    When user logs in to ISG                                                        # SetupProjectStepDefinitions.user_clicks_on_submit_another_item()
[INFO]	[Assertion Pass]	Number of Active Transaction =  Active transactions (2)
    Then Verify for Active Transaction                                              # ActiveTransactionProjectContactStepDefinitions.verify_for_Active_Notifications()
    Then User clicks on first Active Transaction                                    # ActiveTransactionProjectContactStepDefinitions.User_clicks_first_Active_Transaction()
    And Click on go to Project contact list                                         # ActiveTransactionProjectContactStepDefinitions.navigate_Project_Overview_section_add_project_overview()
    Then Add the new client contact                                                 # ActiveTransactionProjectContactStepDefinitions.clicks_on_Next_Add_Client_Lead()
    Then Add Client First Name                                                      # ActiveTransactionProjectContactStepDefinitions.select_Anticipated_award_Date()
      java.lang.IllegalArgumentException: Keys to send should be a not null CharSequence
	at org.openqa.selenium.remote.RemoteWebElement.sendKeys(RemoteWebElement.java:97)
	at sun.reflect.GeneratedMethodAccessor17.invoke(Unknown Source)
	at sun.reflect.DelegatingMethodAccessorImpl.invoke(DelegatingMethodAccessorImpl.java:43)
	at java.lang.reflect.Method.invoke(Method.java:498)
	at org.openqa.selenium.support.events.EventFiringWebDriver$EventFiringWebElement.lambda$new$0(EventFiringWebDriver.java:404)
	at com.sun.proxy.$Proxy29.sendKeys(Unknown Source)
	at org.openqa.selenium.support.events.EventFiringWebDriver$EventFiringWebElement.sendKeys(EventFiringWebDriver.java:429)
	at sun.reflect.GeneratedMethodAccessor17.invoke(Unknown Source)
	at sun.reflect.DelegatingMethodAccessorImpl.invoke(DelegatingMethodAccessorImpl.java:43)
	at java.lang.reflect.Method.invoke(Method.java:498)
	at org.openqa.selenium.support.pagefactory.internal.LocatingElementHandler.invoke(LocatingElementHandler.java:51)
	at com.sun.proxy.$Proxy28.sendKeys(Unknown Source)
	at com.zensar.scriptutils.GlobalFunction.clearAndEnterText(GlobalFunction.java:727)
	at com.zensar.pageobjects.ProjectContact.ClientFirstName(ProjectContact.java:145)
	at com.zensar.stepDefinations.ActiveTransactionProjectContactStepDefinitions.select_Anticipated_award_Date(ActiveTransactionProjectContactStepDefinitions.java:43)
	at ?.Add Client First Name(src/main/java/com/zensar/features/ActiveTransactionProjectContact.feature:12)

    And Add Client Last Name                                                        # ActiveTransactionProjectContactStepDefinitions.select_Competitive_Project()
    Then Select Pronouns                                                            # ActiveTransactionProjectContactStepDefinitions.select_Primary_objevtives_of_sourcing()
    Then Select job Tittle                                                          # ActiveTransactionProjectContactStepDefinitions.enter_Client_First_Name_Last_Name()
    Then Select Project Role                                                        # ActiveTransactionProjectContactStepDefinitions.add_Client_Lead_Email_Address_click_on_next()
    Then Select Project Responsibilties                                             # ActiveTransactionProjectContactStepDefinitions.user_Select_Project_Responsibilties()
    Then Add Email Address for the Member                                           # ActiveTransactionProjectContactStepDefinitions.user_Add_Email_Address_for_the_Member()
    And Add mobile and Click on save Contact                                        # ActiveTransactionProjectContactStepDefinitions.user_Add_mobile_and_Click_on_save_Contact()

  Scenario Outline: Verify user able add Client to Project contact list after adding only Required field #<DataSetName> # src/main/java/com/zensar/features/ActiveTransactionProjectContact.feature:25
    When user logs in to ISG
    Then Verify for Active Transaction
    Then User clicks on first Active Transaction
    And Click on go to Project contact list
    Then Add the new client contact
    Then Add Client First Name
    And Add Client Last Name
    Then Select Project Role
    Then Add Email Address for the Member and Click on save Contact

    Examples: 

  Background:                                          # src/main/java/com/zensar/features/ActiveTransactionProjectContact.feature:3
    Given User navigates to ISG Landing Page and Login # SetupProjectStepDefinitions.user_navigates_to_Isg_Landing_Page()

  Scenario Outline: Verify user able add Client to Project contact list after adding only Required field #AddContact # src/main/java/com/zensar/features/ActiveTransactionProjectContact.feature:38
    When user logs in to ISG                                                                                         # SetupProjectStepDefinitions.user_clicks_on_submit_another_item()
[INFO]	[Assertion Pass]	Number of Active Transaction =  Active transactions (2)
    Then Verify for Active Transaction                                                                               # ActiveTransactionProjectContactStepDefinitions.verify_for_Active_Notifications()
    Then User clicks on first Active Transaction                                                                     # ActiveTransactionProjectContactStepDefinitions.User_clicks_first_Active_Transaction()
    And Click on go to Project contact list                                                                          # ActiveTransactionProjectContactStepDefinitions.navigate_Project_Overview_section_add_project_overview()
    Then Add the new client contact                                                                                  # ActiveTransactionProjectContactStepDefinitions.clicks_on_Next_Add_Client_Lead()
    Then Add Client First Name                                                                                       # ActiveTransactionProjectContactStepDefinitions.select_Anticipated_award_Date()
      java.lang.IllegalArgumentException: Keys to send should be a not null CharSequence
	at org.openqa.selenium.remote.RemoteWebElement.sendKeys(RemoteWebElement.java:97)
	at sun.reflect.GeneratedMethodAccessor17.invoke(Unknown Source)
	at sun.reflect.DelegatingMethodAccessorImpl.invoke(DelegatingMethodAccessorImpl.java:43)
	at java.lang.reflect.Method.invoke(Method.java:498)
	at org.openqa.selenium.support.events.EventFiringWebDriver$EventFiringWebElement.lambda$new$0(EventFiringWebDriver.java:404)
	at com.sun.proxy.$Proxy29.sendKeys(Unknown Source)
	at org.openqa.selenium.support.events.EventFiringWebDriver$EventFiringWebElement.sendKeys(EventFiringWebDriver.java:429)
	at sun.reflect.GeneratedMethodAccessor17.invoke(Unknown Source)
	at sun.reflect.DelegatingMethodAccessorImpl.invoke(DelegatingMethodAccessorImpl.java:43)
	at java.lang.reflect.Method.invoke(Method.java:498)
	at org.openqa.selenium.support.pagefactory.internal.LocatingElementHandler.invoke(LocatingElementHandler.java:51)
	at com.sun.proxy.$Proxy28.sendKeys(Unknown Source)
	at com.zensar.scriptutils.GlobalFunction.clearAndEnterText(GlobalFunction.java:727)
	at com.zensar.pageobjects.ProjectContact.ClientFirstName(ProjectContact.java:145)
	at com.zensar.stepDefinations.ActiveTransactionProjectContactStepDefinitions.select_Anticipated_award_Date(ActiveTransactionProjectContactStepDefinitions.java:43)
	at ?.Add Client First Name(src/main/java/com/zensar/features/ActiveTransactionProjectContact.feature:31)

    And Add Client Last Name                                                                                         # ActiveTransactionProjectContactStepDefinitions.select_Competitive_Project()
    Then Select Project Role                                                                                         # ActiveTransactionProjectContactStepDefinitions.add_Client_Lead_Email_Address_click_on_next()
    Then Add Email Address for the Member and Click on save Contact                                                  # ActiveTransactionProjectContactStepDefinitions.add_Email_Address_for_the_Member_and_Click_on_save_Contact()

  Scenario Outline: Verify user able add Lead Attorney to Project contact list #<DataSetName> # src/main/java/com/zensar/features/ActiveTransactionProjectContact.feature:40
    When user logs in to ISG
    Then Verify for Active Transaction
    Then User clicks on first Active Transaction
    And Click on go to Project contact list
    Then Add the new Lead Attorney
    Then Add Lead Attorney First Name
    And Add Lead Attorney Last Name
    Then Select Lead Attorney Pronouns
    Then Select Lead Attorney Legal firm
    Then Select Job tittle of lead Attorney
    Then Add Email Address for the Lead Attorney
    And Add mobile for Lead Attorney and Click on save Contact

    Examples: 

  Background:                                          # src/main/java/com/zensar/features/ActiveTransactionProjectContact.feature:3
    Given User navigates to ISG Landing Page and Login # SetupProjectStepDefinitions.user_navigates_to_Isg_Landing_Page()

  Scenario Outline: Verify user able add Lead Attorney to Project contact list #AddContact # src/main/java/com/zensar/features/ActiveTransactionProjectContact.feature:56
    When user logs in to ISG                                                               # SetupProjectStepDefinitions.user_clicks_on_submit_another_item()
[INFO]	[Assertion Pass]	Number of Active Transaction =  Active transactions (2)
    Then Verify for Active Transaction                                                     # ActiveTransactionProjectContactStepDefinitions.verify_for_Active_Notifications()
    Then User clicks on first Active Transaction                                           # ActiveTransactionProjectContactStepDefinitions.User_clicks_first_Active_Transaction()
    And Click on go to Project contact list                                                # ActiveTransactionProjectContactStepDefinitions.navigate_Project_Overview_section_add_project_overview()
    Then Add the new Lead Attorney                                                         # ActiveTransactionProjectContactStepDefinitions.add_the_new_Lead_Attorney()
    Then Add Lead Attorney First Name                                                      # ActiveTransactionProjectContactStepDefinitions.add_Lead_Attorney_First_Name()
      java.lang.IllegalArgumentException: Keys to send should be a not null CharSequence
	at org.openqa.selenium.remote.RemoteWebElement.sendKeys(RemoteWebElement.java:97)
	at sun.reflect.GeneratedMethodAccessor17.invoke(Unknown Source)
	at sun.reflect.DelegatingMethodAccessorImpl.invoke(DelegatingMethodAccessorImpl.java:43)
	at java.lang.reflect.Method.invoke(Method.java:498)
	at org.openqa.selenium.support.events.EventFiringWebDriver$EventFiringWebElement.lambda$new$0(EventFiringWebDriver.java:404)
	at com.sun.proxy.$Proxy29.sendKeys(Unknown Source)
	at org.openqa.selenium.support.events.EventFiringWebDriver$EventFiringWebElement.sendKeys(EventFiringWebDriver.java:429)
	at sun.reflect.GeneratedMethodAccessor17.invoke(Unknown Source)
	at sun.reflect.DelegatingMethodAccessorImpl.invoke(DelegatingMethodAccessorImpl.java:43)
	at java.lang.reflect.Method.invoke(Method.java:498)
	at org.openqa.selenium.support.pagefactory.internal.LocatingElementHandler.invoke(LocatingElementHandler.java:51)
	at com.sun.proxy.$Proxy28.sendKeys(Unknown Source)
	at com.zensar.scriptutils.GlobalFunction.clearAndEnterText(GlobalFunction.java:727)
	at com.zensar.pageobjects.ProjectContact.AddAttorneyFirstName(ProjectContact.java:232)
	at com.zensar.stepDefinations.ActiveTransactionProjectContactStepDefinitions.add_Lead_Attorney_First_Name(ActiveTransactionProjectContactStepDefinitions.java:90)
	at ?.Add Lead Attorney First Name(src/main/java/com/zensar/features/ActiveTransactionProjectContact.feature:46)

    And Add Lead Attorney Last Name                                                        # ActiveTransactionProjectContactStepDefinitions.Add_Lead_Attorney_Last_Name()
    Then Select Lead Attorney Pronouns                                                     # ActiveTransactionProjectContactStepDefinitions.select_Lead_Attorney_Pronouns()
    Then Select Lead Attorney Legal firm                                                   # ActiveTransactionProjectContactStepDefinitions.select_Lead_Attorney_Legal_firm()
    Then Select Job tittle of lead Attorney                                                # ActiveTransactionProjectContactStepDefinitions.select_Job_tittle_of_lead_Attorney()
    Then Add Email Address for the Lead Attorney                                           # ActiveTransactionProjectContactStepDefinitions.add_Email_Address_for_the_Lead_Attorney()
    And Add mobile for Lead Attorney and Click on save Contact                             # ActiveTransactionProjectContactStepDefinitions.add_mobile_for_Lead_Attorney_and_Click_on_save_Contact()

  Scenario Outline: Verify user able add Lead Attorney to Project contact list After adding only required field #<DataSetName> # src/main/java/com/zensar/features/ActiveTransactionProjectContact.feature:58
    When user logs in to ISG
    Then Verify for Active Transaction
    Then User clicks on first Active Transaction
    And Click on go to Project contact list
    Then Add the new Lead Attorney
    Then Add Lead Attorney First Name
    And Add Lead Attorney Last Name
    Then Select Lead Attorney Legal firm
    Then Add Email Address for the Lead Attorney and click on save contact

    Examples: 

  Background:                                          # src/main/java/com/zensar/features/ActiveTransactionProjectContact.feature:3
    Given User navigates to ISG Landing Page and Login # SetupProjectStepDefinitions.user_navigates_to_Isg_Landing_Page()

  Scenario Outline: Verify user able add Lead Attorney to Project contact list After adding only required field #AddContact # src/main/java/com/zensar/features/ActiveTransactionProjectContact.feature:71
    When user logs in to ISG                                                                                                # SetupProjectStepDefinitions.user_clicks_on_submit_another_item()
[INFO]	[Assertion Pass]	Number of Active Transaction =  Active transactions (2)
    Then Verify for Active Transaction                                                                                      # ActiveTransactionProjectContactStepDefinitions.verify_for_Active_Notifications()
    Then User clicks on first Active Transaction                                                                            # ActiveTransactionProjectContactStepDefinitions.User_clicks_first_Active_Transaction()
    And Click on go to Project contact list                                                                                 # ActiveTransactionProjectContactStepDefinitions.navigate_Project_Overview_section_add_project_overview()
    Then Add the new Lead Attorney                                                                                          # ActiveTransactionProjectContactStepDefinitions.add_the_new_Lead_Attorney()
    Then Add Lead Attorney First Name                                                                                       # ActiveTransactionProjectContactStepDefinitions.add_Lead_Attorney_First_Name()
      java.lang.IllegalArgumentException: Keys to send should be a not null CharSequence
	at org.openqa.selenium.remote.RemoteWebElement.sendKeys(RemoteWebElement.java:97)
	at sun.reflect.GeneratedMethodAccessor17.invoke(Unknown Source)
	at sun.reflect.DelegatingMethodAccessorImpl.invoke(DelegatingMethodAccessorImpl.java:43)
	at java.lang.reflect.Method.invoke(Method.java:498)
	at org.openqa.selenium.support.events.EventFiringWebDriver$EventFiringWebElement.lambda$new$0(EventFiringWebDriver.java:404)
	at com.sun.proxy.$Proxy29.sendKeys(Unknown Source)
	at org.openqa.selenium.support.events.EventFiringWebDriver$EventFiringWebElement.sendKeys(EventFiringWebDriver.java:429)
	at sun.reflect.GeneratedMethodAccessor17.invoke(Unknown Source)
	at sun.reflect.DelegatingMethodAccessorImpl.invoke(DelegatingMethodAccessorImpl.java:43)
	at java.lang.reflect.Method.invoke(Method.java:498)
	at org.openqa.selenium.support.pagefactory.internal.LocatingElementHandler.invoke(LocatingElementHandler.java:51)
	at com.sun.proxy.$Proxy28.sendKeys(Unknown Source)
	at com.zensar.scriptutils.GlobalFunction.clearAndEnterText(GlobalFunction.java:727)
	at com.zensar.pageobjects.ProjectContact.AddAttorneyFirstName(ProjectContact.java:232)
	at com.zensar.stepDefinations.ActiveTransactionProjectContactStepDefinitions.add_Lead_Attorney_First_Name(ActiveTransactionProjectContactStepDefinitions.java:90)
	at ?.Add Lead Attorney First Name(src/main/java/com/zensar/features/ActiveTransactionProjectContact.feature:64)

    And Add Lead Attorney Last Name                                                                                         # ActiveTransactionProjectContactStepDefinitions.Add_Lead_Attorney_Last_Name()
    Then Select Lead Attorney Legal firm                                                                                    # ActiveTransactionProjectContactStepDefinitions.select_Lead_Attorney_Legal_firm()
    Then Add Email Address for the Lead Attorney and click on save contact                                                  # ActiveTransactionProjectContactStepDefinitions.Add_Email_Address_for_the_Lead_Attorney_and_click_on_save_contact()

Failed scenarios:	 >>>>>> (Stats.java:172)	13:22:21
src/main/java/com/zensar/features/ActiveTransactionProjectContact.feature:23 # Verify user able add Client to Project contact list 	 >>>>>> (Stats.java:178)	13:22:21
#AddContact	 >>>>>> (Stats.java:178)	13:22:21
src/main/java/com/zensar/features/ActiveTransactionProjectContact.feature:38 # Verify user able add Client to Project contact list after adding only Required field 	 >>>>>> (Stats.java:178)	13:22:21
#AddContact	 >>>>>> (Stats.java:178)	13:22:21
src/main/java/com/zensar/features/ActiveTransactionProjectContact.feature:56 # Verify user able add Lead Attorney to Project contact list 	 >>>>>> (Stats.java:178)	13:22:21
#AddContact	 >>>>>> (Stats.java:178)	13:22:21
src/main/java/com/zensar/features/ActiveTransactionProjectContact.feature:71 # Verify user able add Lead Attorney to Project contact list After adding only required field 	 >>>>>> (Stats.java:178)	13:22:21
#AddContact	 >>>>>> (Stats.java:178)	13:22:21

4 Scenarios (4 failed)	 >>>>>> (Stats.java:129)	13:22:21
47 Steps (4 failed, 19 skipped, 24 passed)	 >>>>>> (Stats.java:122)	13:22:21
4m31.602s	 >>>>>> (Stats.java:157)	13:22:21

java.lang.IllegalArgumentException: Keys to send should be a not null CharSequence	 >>>>>> (Throwable.java:749)	13:22:21
	at org.openqa.selenium.remote.RemoteWebElement.sendKeys(RemoteWebElement.java:97)	 >>>>>> (Throwable.java:749)	13:22:21
	at sun.reflect.GeneratedMethodAccessor17.invoke(Unknown Source)	 >>>>>> (Throwable.java:749)	13:22:21
	at sun.reflect.DelegatingMethodAccessorImpl.invoke(DelegatingMethodAccessorImpl.java:43)	 >>>>>> (Throwable.java:749)	13:22:21
	at java.lang.reflect.Method.invoke(Method.java:498)	 >>>>>> (Throwable.java:749)	13:22:21
	at org.openqa.selenium.support.events.EventFiringWebDriver$EventFiringWebElement.lambda$new$0(EventFiringWebDriver.java:404)	 >>>>>> (Throwable.java:749)	13:22:21
	at com.sun.proxy.$Proxy29.sendKeys(Unknown Source)	 >>>>>> (Throwable.java:749)	13:22:21
	at org.openqa.selenium.support.events.EventFiringWebDriver$EventFiringWebElement.sendKeys(EventFiringWebDriver.java:429)	 >>>>>> (Throwable.java:749)	13:22:21
	at sun.reflect.GeneratedMethodAccessor17.invoke(Unknown Source)	 >>>>>> (Throwable.java:749)	13:22:21
	at sun.reflect.DelegatingMethodAccessorImpl.invoke(DelegatingMethodAccessorImpl.java:43)	 >>>>>> (Throwable.java:749)	13:22:21
	at java.lang.reflect.Method.invoke(Method.java:498)	 >>>>>> (Throwable.java:749)	13:22:21
	at org.openqa.selenium.support.pagefactory.internal.LocatingElementHandler.invoke(LocatingElementHandler.java:51)	 >>>>>> (Throwable.java:749)	13:22:21
	at com.sun.proxy.$Proxy28.sendKeys(Unknown Source)	 >>>>>> (Throwable.java:749)	13:22:21
	at com.zensar.scriptutils.GlobalFunction.clearAndEnterText(GlobalFunction.java:727)	 >>>>>> (Throwable.java:749)	13:22:21
	at com.zensar.pageobjects.ProjectContact.ClientFirstName(ProjectContact.java:145)	 >>>>>> (Throwable.java:749)	13:22:21
	at com.zensar.stepDefinations.ActiveTransactionProjectContactStepDefinitions.select_Anticipated_award_Date(ActiveTransactionProjectContactStepDefinitions.java:43)	 >>>>>> (Throwable.java:749)	13:22:21
	at ?.Add Client First Name(src/main/java/com/zensar/features/ActiveTransactionProjectContact.feature:12)	 >>>>>> (Throwable.java:749)	13:22:21

java.lang.IllegalArgumentException: Keys to send should be a not null CharSequence	 >>>>>> (Throwable.java:749)	13:22:21
	at org.openqa.selenium.remote.RemoteWebElement.sendKeys(RemoteWebElement.java:97)	 >>>>>> (Throwable.java:749)	13:22:21
	at sun.reflect.GeneratedMethodAccessor17.invoke(Unknown Source)	 >>>>>> (Throwable.java:749)	13:22:21
	at sun.reflect.DelegatingMethodAccessorImpl.invoke(DelegatingMethodAccessorImpl.java:43)	 >>>>>> (Throwable.java:749)	13:22:21
	at java.lang.reflect.Method.invoke(Method.java:498)	 >>>>>> (Throwable.java:749)	13:22:21
	at org.openqa.selenium.support.events.EventFiringWebDriver$EventFiringWebElement.lambda$new$0(EventFiringWebDriver.java:404)	 >>>>>> (Throwable.java:749)	13:22:21
	at com.sun.proxy.$Proxy29.sendKeys(Unknown Source)	 >>>>>> (Throwable.java:749)	13:22:21
	at org.openqa.selenium.support.events.EventFiringWebDriver$EventFiringWebElement.sendKeys(EventFiringWebDriver.java:429)	 >>>>>> (Throwable.java:749)	13:22:21
	at sun.reflect.GeneratedMethodAccessor17.invoke(Unknown Source)	 >>>>>> (Throwable.java:749)	13:22:21
	at sun.reflect.DelegatingMethodAccessorImpl.invoke(DelegatingMethodAccessorImpl.java:43)	 >>>>>> (Throwable.java:749)	13:22:21
	at java.lang.reflect.Method.invoke(Method.java:498)	 >>>>>> (Throwable.java:749)	13:22:21
	at org.openqa.selenium.support.pagefactory.internal.LocatingElementHandler.invoke(LocatingElementHandler.java:51)	 >>>>>> (Throwable.java:749)	13:22:21
	at com.sun.proxy.$Proxy28.sendKeys(Unknown Source)	 >>>>>> (Throwable.java:749)	13:22:21
	at com.zensar.scriptutils.GlobalFunction.clearAndEnterText(GlobalFunction.java:727)	 >>>>>> (Throwable.java:749)	13:22:21
	at com.zensar.pageobjects.ProjectContact.ClientFirstName(ProjectContact.java:145)	 >>>>>> (Throwable.java:749)	13:22:21
	at com.zensar.stepDefinations.ActiveTransactionProjectContactStepDefinitions.select_Anticipated_award_Date(ActiveTransactionProjectContactStepDefinitions.java:43)	 >>>>>> (Throwable.java:749)	13:22:21
	at ?.Add Client First Name(src/main/java/com/zensar/features/ActiveTransactionProjectContact.feature:31)	 >>>>>> (Throwable.java:749)	13:22:21

java.lang.IllegalArgumentException: Keys to send should be a not null CharSequence	 >>>>>> (Throwable.java:749)	13:22:21
	at org.openqa.selenium.remote.RemoteWebElement.sendKeys(RemoteWebElement.java:97)	 >>>>>> (Throwable.java:749)	13:22:21
	at sun.reflect.GeneratedMethodAccessor17.invoke(Unknown Source)	 >>>>>> (Throwable.java:749)	13:22:21
	at sun.reflect.DelegatingMethodAccessorImpl.invoke(DelegatingMethodAccessorImpl.java:43)	 >>>>>> (Throwable.java:749)	13:22:21
	at java.lang.reflect.Method.invoke(Method.java:498)	 >>>>>> (Throwable.java:749)	13:22:21
	at org.openqa.selenium.support.events.EventFiringWebDriver$EventFiringWebElement.lambda$new$0(EventFiringWebDriver.java:404)	 >>>>>> (Throwable.java:749)	13:22:21
	at com.sun.proxy.$Proxy29.sendKeys(Unknown Source)	 >>>>>> (Throwable.java:749)	13:22:21
	at org.openqa.selenium.support.events.EventFiringWebDriver$EventFiringWebElement.sendKeys(EventFiringWebDriver.java:429)	 >>>>>> (Throwable.java:749)	13:22:21
	at sun.reflect.GeneratedMethodAccessor17.invoke(Unknown Source)	 >>>>>> (Throwable.java:749)	13:22:21
	at sun.reflect.DelegatingMethodAccessorImpl.invoke(DelegatingMethodAccessorImpl.java:43)	 >>>>>> (Throwable.java:749)	13:22:21
	at java.lang.reflect.Method.invoke(Method.java:498)	 >>>>>> (Throwable.java:749)	13:22:21
	at org.openqa.selenium.support.pagefactory.internal.LocatingElementHandler.invoke(LocatingElementHandler.java:51)	 >>>>>> (Throwable.java:749)	13:22:21
	at com.sun.proxy.$Proxy28.sendKeys(Unknown Source)	 >>>>>> (Throwable.java:749)	13:22:21
	at com.zensar.scriptutils.GlobalFunction.clearAndEnterText(GlobalFunction.java:727)	 >>>>>> (Throwable.java:749)	13:22:21
	at com.zensar.pageobjects.ProjectContact.AddAttorneyFirstName(ProjectContact.java:232)	 >>>>>> (Throwable.java:749)	13:22:21
	at com.zensar.stepDefinations.ActiveTransactionProjectContactStepDefinitions.add_Lead_Attorney_First_Name(ActiveTransactionProjectContactStepDefinitions.java:90)	 >>>>>> (Throwable.java:749)	13:22:21
	at ?.Add Lead Attorney First Name(src/main/java/com/zensar/features/ActiveTransactionProjectContact.feature:46)	 >>>>>> (Throwable.java:749)	13:22:21

java.lang.IllegalArgumentException: Keys to send should be a not null CharSequence	 >>>>>> (Throwable.java:749)	13:22:21
	at org.openqa.selenium.remote.RemoteWebElement.sendKeys(RemoteWebElement.java:97)	 >>>>>> (Throwable.java:749)	13:22:21
	at sun.reflect.GeneratedMethodAccessor17.invoke(Unknown Source)	 >>>>>> (Throwable.java:749)	13:22:21
	at sun.reflect.DelegatingMethodAccessorImpl.invoke(DelegatingMethodAccessorImpl.java:43)	 >>>>>> (Throwable.java:749)	13:22:21
	at java.lang.reflect.Method.invoke(Method.java:498)	 >>>>>> (Throwable.java:749)	13:22:21
	at org.openqa.selenium.support.events.EventFiringWebDriver$EventFiringWebElement.lambda$new$0(EventFiringWebDriver.java:404)	 >>>>>> (Throwable.java:749)	13:22:21
	at com.sun.proxy.$Proxy29.sendKeys(Unknown Source)	 >>>>>> (Throwable.java:749)	13:22:21
	at org.openqa.selenium.support.events.EventFiringWebDriver$EventFiringWebElement.sendKeys(EventFiringWebDriver.java:429)	 >>>>>> (Throwable.java:749)	13:22:21
	at sun.reflect.GeneratedMethodAccessor17.invoke(Unknown Source)	 >>>>>> (Throwable.java:749)	13:22:21
	at sun.reflect.DelegatingMethodAccessorImpl.invoke(DelegatingMethodAccessorImpl.java:43)	 >>>>>> (Throwable.java:749)	13:22:21
	at java.lang.reflect.Method.invoke(Method.java:498)	 >>>>>> (Throwable.java:749)	13:22:21
	at org.openqa.selenium.support.pagefactory.internal.LocatingElementHandler.invoke(LocatingElementHandler.java:51)	 >>>>>> (Throwable.java:749)	13:22:21
	at com.sun.proxy.$Proxy28.sendKeys(Unknown Source)	 >>>>>> (Throwable.java:749)	13:22:21
	at com.zensar.scriptutils.GlobalFunction.clearAndEnterText(GlobalFunction.java:727)	 >>>>>> (Throwable.java:749)	13:22:21
	at com.zensar.pageobjects.ProjectContact.AddAttorneyFirstName(ProjectContact.java:232)	 >>>>>> (Throwable.java:749)	13:22:21
	at com.zensar.stepDefinations.ActiveTransactionProjectContactStepDefinitions.add_Lead_Attorney_First_Name(ActiveTransactionProjectContactStepDefinitions.java:90)	 >>>>>> (Throwable.java:749)	13:22:21
	at ?.Add Lead Attorney First Name(src/main/java/com/zensar/features/ActiveTransactionProjectContact.feature:64)	 >>>>>> (Throwable.java:749)	13:22:21

Suite Complete - ActiveTransactionProjectContact	 >>>>>> (ActiveTransactionProjectContact.java:77)	13:22:21
[INFO]	 Attempt 1 of 1 to execute 	 >>>>>> (ActiveTransactionProviderList.java:35)	13:22:21
Feature :	ActiveTransactionProviderList	 >>>>>> (ActiveTransactionProviderList.java:60)	13:22:21
Scenario :	Verify user able view In Process provider and Removed providers	 >>>>>> (ActiveTransactionProviderList.java:61)	13:22:21
DataSetName :	ProviderList
	 >>>>>> (ActiveTransactionProviderList.java:62)	13:22:21
SCENARIO STATE Init	 >>>>>> (Hooks.java:24)	13:22:21
Thread Local getDrive()	 >>>>>> (DriverHandler.java:87)	13:22:23
3 columns(s) affected	 >>>>>> (Connection.java:93)	13:22:23
1 row(s) affected	 >>>>>> (Connection.java:73)	13:22:23
1 row(s) affected	 >>>>>> (Connection.java:73)	13:22:23
1 row(s) affected	 >>>>>> (Connection.java:73)	13:22:23
BROWSER STACK SESSION : 	 >>>>>> (OutputSheetLogger.java:174)	13:22:23
Thread Local getDrive()	 >>>>>> (DriverHandler.java:87)	13:22:23
d82c0c5c667cb0103348a32258d58944	 >>>>>> (OutputSheetLogger.java:175)	13:22:23
Entered try in open	 >>>>>> (IsgLandingPage.java:145)	13:22:23
click	 >>>>>> (GlobalFunction.java:74)	13:22:24
embedScreenshot	 >>>>>> (GlobalFunction.java:74)	13:22:24
Thread Local getDrive()	 >>>>>> (DriverHandler.java:87)	13:22:24
>>>ExcelInput  SetupProject  - ValidLogin  - ProjectOverviewdata	 >>>>>> (ExcelInput.java:14)	13:22:25
Value:Vikash	 >>>>>> (ExcelInput.java:22)	13:22:25
clearAndEnterText	 >>>>>> (GlobalFunction.java:74)	13:22:25
click	 >>>>>> (GlobalFunction.java:74)	13:22:25
waitForElement	 >>>>>> (GlobalFunction.java:74)	13:22:25
isPresent	 >>>>>> (GlobalFunction.java:74)	13:22:25
isPresent	 >>>>>> (GlobalFunction.java:74)	13:22:25
highlightElement	 >>>>>> (GlobalFunction.java:74)	13:22:25
embedScreenshot	 >>>>>> (GlobalFunction.java:74)	13:22:25
Thread Local getDrive()	 >>>>>> (DriverHandler.java:87)	13:22:25
isPresent	 >>>>>> (GlobalFunction.java:74)	13:22:25
zAssertTrue	 >>>>>> (GlobalFunction.java:74)	13:22:25
embedScreenshot	 >>>>>> (GlobalFunction.java:74)	13:22:28
highlightElement	 >>>>>> (GlobalFunction.java:74)	13:22:28
Thread Local getDrive()	 >>>>>> (DriverHandler.java:87)	13:22:28
unHighlightElement	 >>>>>> (GlobalFunction.java:74)	13:22:28
forceClick	 >>>>>> (GlobalFunction.java:74)	13:22:28
click	 >>>>>> (GlobalFunction.java:74)	13:22:29
Clicked Login	 >>>>>> (IsgLandingPage.java:179)	13:22:29
isPresent	 >>>>>> (GlobalFunction.java:74)	13:22:30
zAssertTrue	 >>>>>> (GlobalFunction.java:74)	13:22:30
click	 >>>>>> (GlobalFunction.java:74)	13:22:32
embedScreenshot	 >>>>>> (GlobalFunction.java:74)	13:22:32
Thread Local getDrive()	 >>>>>> (DriverHandler.java:87)	13:22:32
isPresent	 >>>>>> (GlobalFunction.java:74)	13:22:32
zAssertTrue	 >>>>>> (GlobalFunction.java:74)	13:22:32
username : NGS3@isg-one.com	 >>>>>> (IsgLandingPage.java:181)	13:22:34
password : T|2txZ>UJs	 >>>>>> (IsgLandingPage.java:183)	13:22:34
embedScreenshot	 >>>>>> (GlobalFunction.java:74)	13:22:34
highlightElement	 >>>>>> (GlobalFunction.java:74)	13:22:34
Thread Local getDrive()	 >>>>>> (DriverHandler.java:87)	13:22:34
unHighlightElement	 >>>>>> (GlobalFunction.java:74)	13:22:34
click	 >>>>>> (GlobalFunction.java:74)	13:22:34
click	 >>>>>> (GlobalFunction.java:74)	13:22:34
isPresent	 >>>>>> (GlobalFunction.java:74)	13:22:34
Thread Local getDrive()	 >>>>>> (DriverHandler.java:87)	13:22:34
Thread Local getDrive()	 >>>>>> (DriverHandler.java:87)	13:22:34
Thread Local getDrive()	 >>>>>> (DriverHandler.java:87)	13:22:34
isPresent	 >>>>>> (GlobalFunction.java:74)	13:22:34
embedScreenshot	 >>>>>> (GlobalFunction.java:74)	13:22:34
Thread Local getDrive()	 >>>>>> (DriverHandler.java:87)	13:22:34
isPresent	 >>>>>> (GlobalFunction.java:74)	13:22:35
zAssertTrue	 >>>>>> (GlobalFunction.java:74)	13:22:35
click	 >>>>>> (GlobalFunction.java:74)	13:22:35
waitForElement	 >>>>>> (GlobalFunction.java:74)	13:22:35
isPresent	 >>>>>> (GlobalFunction.java:74)	13:22:35
isPresent	 >>>>>> (GlobalFunction.java:74)	13:22:35
highlightElement	 >>>>>> (GlobalFunction.java:74)	13:22:35
embedScreenshot	 >>>>>> (GlobalFunction.java:74)	13:22:35
Thread Local getDrive()	 >>>>>> (DriverHandler.java:87)	13:22:35
isPresent	 >>>>>> (GlobalFunction.java:74)	13:22:35
zAssertTrue	 >>>>>> (GlobalFunction.java:74)	13:22:35
>>>ExcelInput  SetupProject  - ValidLogin  - FirstName	 >>>>>> (ExcelInput.java:14)	13:22:35
Value:Vikash	 >>>>>> (ExcelInput.java:22)	13:22:35
clearAndEnterText	 >>>>>> (GlobalFunction.java:74)	13:22:35
waitForElementClickabality	 >>>>>> (GlobalFunction.java:74)	13:22:35
isPresent	 >>>>>> (GlobalFunction.java:74)	13:22:36
zAssertTrue	 >>>>>> (GlobalFunction.java:74)	13:22:36
>>>ExcelInput  SetupProject  - ValidLogin  - LastName	 >>>>>> (ExcelInput.java:14)	13:22:36
Value:Shrivastava	 >>>>>> (ExcelInput.java:22)	13:22:36
clearAndEnterText	 >>>>>> (GlobalFunction.java:74)	13:22:36
embedScreenshot	 >>>>>> (GlobalFunction.java:74)	13:22:36
Thread Local getDrive()	 >>>>>> (DriverHandler.java:87)	13:22:36
isPresent	 >>>>>> (GlobalFunction.java:74)	13:22:36
zAssertTrue	 >>>>>> (GlobalFunction.java:74)	13:22:36
>>>ExcelInput  SetupProject  - ValidLogin  - InvalidEmail	 >>>>>> (ExcelInput.java:14)	13:22:36
Value:vikash.shrivastava.com	 >>>>>> (ExcelInput.java:22)	13:22:36
clearAndEnterText	 >>>>>> (GlobalFunction.java:74)	13:22:36
click	 >>>>>> (GlobalFunction.java:74)	13:22:36
Validation for LeadEmailId - Invalid Value	 >>>>>> (IsgLandingPage.java:535)	13:22:36
isPresent	 >>>>>> (GlobalFunction.java:74)	13:22:36
zAssertTrue	 >>>>>> (GlobalFunction.java:74)	13:22:37
waitForElement	 >>>>>> (GlobalFunction.java:74)	13:22:37
isPresent	 >>>>>> (GlobalFunction.java:74)	13:22:37
isPresent	 >>>>>> (GlobalFunction.java:74)	13:22:37
highlightElement	 >>>>>> (GlobalFunction.java:74)	13:22:37
embedScreenshot	 >>>>>> (GlobalFunction.java:74)	13:22:37
Thread Local getDrive()	 >>>>>> (DriverHandler.java:87)	13:22:37
getText	 >>>>>> (GlobalFunction.java:74)	13:22:37
zAssertEquals	 >>>>>> (GlobalFunction.java:74)	13:22:37
>>>ExcelInput  SetupProject  - ValidLogin  - EmailBlank	 >>>>>> (ExcelInput.java:14)	13:22:37
Value:	 >>>>>> (ExcelInput.java:22)	13:22:37
clearAndEnterText	 >>>>>> (GlobalFunction.java:74)	13:22:37
click	 >>>>>> (GlobalFunction.java:74)	13:22:37
Validation for LeadEmailId - Blank	 >>>>>> (IsgLandingPage.java:547)	13:22:37
isPresent	 >>>>>> (GlobalFunction.java:74)	13:22:37
zAssertTrue	 >>>>>> (GlobalFunction.java:74)	13:22:37
waitForElement	 >>>>>> (GlobalFunction.java:74)	13:22:37
isPresent	 >>>>>> (GlobalFunction.java:74)	13:22:37
isPresent	 >>>>>> (GlobalFunction.java:74)	13:22:37
highlightElement	 >>>>>> (GlobalFunction.java:74)	13:22:38
embedScreenshot	 >>>>>> (GlobalFunction.java:74)	13:22:38
Thread Local getDrive()	 >>>>>> (DriverHandler.java:87)	13:22:38
getText	 >>>>>> (GlobalFunction.java:74)	13:22:38
zAssertEquals	 >>>>>> (GlobalFunction.java:74)	13:22:38
>>>ExcelInput  SetupProject  - ValidLogin  - Emailmaxchar	 >>>>>> (ExcelInput.java:14)	13:22:38
Value: VikashshrivastavaVikashshrivastavaVikashshrivastavaVikashshrivastavaVikashshrivassaaStavaVikashshrivastavaVikashshrivastavaVikashshrivastavaVikashshrivastavaVikashshrivastavaVikashshrivastavaVikashshrivastavaVikashshrivastavaVikashshrivastavavikash@zensar.com	 >>>>>> (ExcelInput.java:22)	13:22:38
clearAndEnterText	 >>>>>> (GlobalFunction.java:74)	13:22:38
click	 >>>>>> (GlobalFunction.java:74)	13:22:38
Validation for LeadEmailId - Maximum Character	 >>>>>> (IsgLandingPage.java:559)	13:22:39
isPresent	 >>>>>> (GlobalFunction.java:74)	13:22:39
zAssertTrue	 >>>>>> (GlobalFunction.java:74)	13:22:39
waitForElement	 >>>>>> (GlobalFunction.java:74)	13:22:39
isPresent	 >>>>>> (GlobalFunction.java:74)	13:22:39
isPresent	 >>>>>> (GlobalFunction.java:74)	13:22:39
highlightElement	 >>>>>> (GlobalFunction.java:74)	13:22:39
embedScreenshot	 >>>>>> (GlobalFunction.java:74)	13:22:39
Thread Local getDrive()	 >>>>>> (DriverHandler.java:87)	13:22:39
getText	 >>>>>> (GlobalFunction.java:74)	13:22:39
zAssertEquals	 >>>>>> (GlobalFunction.java:74)	13:22:39
>>>ExcelInput  SetupProject  - ValidLogin  - nonComEmail	 >>>>>> (ExcelInput.java:14)	13:22:39
Value:vikash.shrivastava@zensar.co.in	 >>>>>> (ExcelInput.java:22)	13:22:39
clearAndEnterText	 >>>>>> (GlobalFunction.java:74)	13:22:39
click	 >>>>>> (GlobalFunction.java:74)	13:22:39
isPresent	 >>>>>> (GlobalFunction.java:74)	13:22:39
zAssertTrue	 >>>>>> (GlobalFunction.java:74)	13:22:39
embedScreenshot	 >>>>>> (GlobalFunction.java:74)	13:22:39
Thread Local getDrive()	 >>>>>> (DriverHandler.java:87)	13:22:39
1 row(s) affected	 >>>>>> (Connection.java:73)	13:22:40
1 row(s) affected	 >>>>>> (Connection.java:73)	13:22:40
1 row(s) affected	 >>>>>> (Connection.java:73)	13:22:40
[INFO]	 Attempt 1 of 1 to execute  [PASSED]	 >>>>>> (SetupProject.java:38)	13:22:40
Feature :	SetupProject	 >>>>>> (SetupProject.java:60)	13:22:40
Scenario :	Verify user able to Setup new Project with email validation	 >>>>>> (SetupProject.java:61)	13:22:40
DataSetName :	ValidLogin
	 >>>>>> (SetupProject.java:62)	13:22:40
]]></system-out>
    <system-err><![CDATA[272156 [TestNG-tests-1] INFO io.github.bonigarcia.wdm.WebDriverManager - Using chromedriver 122.0.6261.111 (resolved driver for Chrome 122)
272173 [TestNG-tests-1] INFO io.github.bonigarcia.wdm.WebDriverManager - Exporting webdriver.chrome.driver as C:\Users\vs106039\.cache\selenium\chromedriver\win64\122.0.6261.111\chromedriver.exe
Starting ChromeDriver 122.0.6261.111 (9d4c1072da62b411b351a38b9ed6214ab236aa7b-refs/branch-heads/6261@{#1015}) on port 18561
Only local connections are allowed.
Please see https://chromedriver.chromium.org/security-considerations for suggestions on keeping ChromeDriver safe.
ChromeDriver was started successfully.
Mar 12, 2024 1:22:23 PM org.openqa.selenium.remote.ProtocolHandshake createSession
INFO: Detected dialect: W3C
]]></system-err>
  </testcase>
  <testcase name="feature[com.zensar.scriptutils.PickleWrapper@35c85045](6)" classname="com.zensar.runner.SetupProject" time="23.792">
    <system-out><![CDATA[[INFO]	 Attempt 1 of 1 to execute 	 >>>>>> (ActiveTransactionProviderList.java:35)	13:23:11
Feature :	ActiveTransactionProviderList	 >>>>>> (ActiveTransactionProviderList.java:60)	13:23:11
Scenario :	Verify user able to add In Process provider	 >>>>>> (ActiveTransactionProviderList.java:61)	13:23:11
DataSetName :	ProviderList
	 >>>>>> (ActiveTransactionProviderList.java:62)	13:23:11
SCENARIO STATE Init	 >>>>>> (Hooks.java:24)	13:23:11
Thread Local getDrive()	 >>>>>> (DriverHandler.java:87)	13:23:13
3 columns(s) affected	 >>>>>> (Connection.java:93)	13:23:13
1 row(s) affected	 >>>>>> (Connection.java:73)	13:23:13
1 row(s) affected	 >>>>>> (Connection.java:73)	13:23:13
1 row(s) affected	 >>>>>> (Connection.java:73)	13:23:13
BROWSER STACK SESSION : 	 >>>>>> (OutputSheetLogger.java:174)	13:23:13
Thread Local getDrive()	 >>>>>> (DriverHandler.java:87)	13:23:13
9af9113a6ba22c64575931710c0dfd08	 >>>>>> (OutputSheetLogger.java:175)	13:23:13
Entered try in open	 >>>>>> (IsgLandingPage.java:145)	13:23:13
waitForElement	 >>>>>> (GlobalFunction.java:74)	13:23:13
isPresent	 >>>>>> (GlobalFunction.java:74)	13:23:13
isPresent	 >>>>>> (GlobalFunction.java:74)	13:23:13
highlightElement	 >>>>>> (GlobalFunction.java:74)	13:23:13
embedScreenshot	 >>>>>> (GlobalFunction.java:74)	13:23:13
Thread Local getDrive()	 >>>>>> (DriverHandler.java:87)	13:23:13
isPresent	 >>>>>> (GlobalFunction.java:74)	13:23:14
zAssertTrue	 >>>>>> (GlobalFunction.java:74)	13:23:14
waitForElement	 >>>>>> (GlobalFunction.java:74)	13:23:14
isPresent	 >>>>>> (GlobalFunction.java:74)	13:23:14
isPresent	 >>>>>> (GlobalFunction.java:74)	13:23:14
getText	 >>>>>> (GlobalFunction.java:74)	13:23:14
notification for Set up Project: 8018122	 >>>>>> (IsgLandingPage.java:250)	13:23:14
zAssertTrue	 >>>>>> (GlobalFunction.java:74)	13:23:14
waitForElement	 >>>>>> (GlobalFunction.java:74)	13:23:14
isPresent	 >>>>>> (GlobalFunction.java:74)	13:23:14
isPresent	 >>>>>> (GlobalFunction.java:74)	13:23:14
getText	 >>>>>> (GlobalFunction.java:74)	13:23:14
notification for Set up Project: ACME Ventures	 >>>>>> (IsgLandingPage.java:255)	13:23:14
zAssertTrue	 >>>>>> (GlobalFunction.java:74)	13:23:14
waitForElement	 >>>>>> (GlobalFunction.java:74)	13:23:14
isPresent	 >>>>>> (GlobalFunction.java:74)	13:23:14
isPresent	 >>>>>> (GlobalFunction.java:74)	13:23:14
getText	 >>>>>> (GlobalFunction.java:74)	13:23:14
notification for Set up Project: ACME NGS Train 98	 >>>>>> (IsgLandingPage.java:260)	13:23:14
zAssertTrue	 >>>>>> (GlobalFunction.java:74)	13:23:14
waitForElement	 >>>>>> (GlobalFunction.java:74)	13:23:14
isPresent	 >>>>>> (GlobalFunction.java:74)	13:23:14
isPresent	 >>>>>> (GlobalFunction.java:74)	13:23:14
getText	 >>>>>> (GlobalFunction.java:74)	13:23:14
notification for Set up Project: Kathy Rudy	 >>>>>> (IsgLandingPage.java:265)	13:23:14
zAssertTrue	 >>>>>> (GlobalFunction.java:74)	13:23:14
waitForElement	 >>>>>> (GlobalFunction.java:74)	13:23:14
isPresent	 >>>>>> (GlobalFunction.java:74)	13:23:14
isPresent	 >>>>>> (GlobalFunction.java:74)	13:23:14
getText	 >>>>>> (GlobalFunction.java:74)	13:23:14
notification for Set up Project: Sourcing 3 Next Gen	 >>>>>> (IsgLandingPage.java:270)	13:23:15
zAssertTrue	 >>>>>> (GlobalFunction.java:74)	13:23:15
waitForElement	 >>>>>> (GlobalFunction.java:74)	13:23:15
isPresent	 >>>>>> (GlobalFunction.java:74)	13:23:15
isPresent	 >>>>>> (GlobalFunction.java:74)	13:23:15
getText	 >>>>>> (GlobalFunction.java:74)	13:23:15
notification for Set up Project: 01 Mar 2024	 >>>>>> (IsgLandingPage.java:275)	13:23:15
zAssertTrue	 >>>>>> (GlobalFunction.java:74)	13:23:15
waitForElement	 >>>>>> (GlobalFunction.java:74)	13:23:15
isPresent	 >>>>>> (GlobalFunction.java:74)	13:23:15
isPresent	 >>>>>> (GlobalFunction.java:74)	13:23:15
getText	 >>>>>> (GlobalFunction.java:74)	13:23:15
notification for Set up Project: 11 Jun 2024	 >>>>>> (IsgLandingPage.java:280)	13:23:15
zAssertTrue	 >>>>>> (GlobalFunction.java:74)	13:23:15
waitForElement	 >>>>>> (GlobalFunction.java:74)	13:23:15
isPresent	 >>>>>> (GlobalFunction.java:74)	13:23:15
isPresent	 >>>>>> (GlobalFunction.java:74)	13:23:15
getText	 >>>>>> (GlobalFunction.java:74)	13:23:15
notification for Set up Project: USA	 >>>>>> (IsgLandingPage.java:285)	13:23:15
zAssertTrue	 >>>>>> (GlobalFunction.java:74)	13:23:15
waitForElement	 >>>>>> (GlobalFunction.java:74)	13:23:15
isPresent	 >>>>>> (GlobalFunction.java:74)	13:23:15
isPresent	 >>>>>> (GlobalFunction.java:74)	13:23:15
getText	 >>>>>> (GlobalFunction.java:74)	13:23:15
notification for Set up Project: Consumer Services	 >>>>>> (IsgLandingPage.java:290)	13:23:15
embedScreenshot	 >>>>>> (GlobalFunction.java:74)	13:23:15
Thread Local getDrive()	 >>>>>> (DriverHandler.java:87)	13:23:15
zAssertTrue	 >>>>>> (GlobalFunction.java:74)	13:23:15
embedScreenshot	 >>>>>> (GlobalFunction.java:74)	13:23:17
highlightElement	 >>>>>> (GlobalFunction.java:74)	13:23:17
Thread Local getDrive()	 >>>>>> (DriverHandler.java:87)	13:23:17
unHighlightElement	 >>>>>> (GlobalFunction.java:74)	13:23:18
forceClick	 >>>>>> (GlobalFunction.java:74)	13:23:18
Clicked Login	 >>>>>> (IsgLandingPage.java:179)	13:23:19
click	 >>>>>> (GlobalFunction.java:74)	13:23:19
embedScreenshot	 >>>>>> (GlobalFunction.java:74)	13:23:20
Thread Local getDrive()	 >>>>>> (DriverHandler.java:87)	13:23:20
>>>ExcelInput  SetupProject  - ValidLogin  - ProjectOverviewdata	 >>>>>> (ExcelInput.java:14)	13:23:20
Value:Vikash	 >>>>>> (ExcelInput.java:22)	13:23:20
clearAndEnterText	 >>>>>> (GlobalFunction.java:74)	13:23:20
click	 >>>>>> (GlobalFunction.java:74)	13:23:20
waitForElement	 >>>>>> (GlobalFunction.java:74)	13:23:20
isPresent	 >>>>>> (GlobalFunction.java:74)	13:23:20
isPresent	 >>>>>> (GlobalFunction.java:74)	13:23:20
highlightElement	 >>>>>> (GlobalFunction.java:74)	13:23:20
embedScreenshot	 >>>>>> (GlobalFunction.java:74)	13:23:20
Thread Local getDrive()	 >>>>>> (DriverHandler.java:87)	13:23:20
isPresent	 >>>>>> (GlobalFunction.java:74)	13:23:20
zAssertTrue	 >>>>>> (GlobalFunction.java:74)	13:23:20
username : NGS3@isg-one.com	 >>>>>> (IsgLandingPage.java:181)	13:23:22
password : T|2txZ>UJs	 >>>>>> (IsgLandingPage.java:183)	13:23:22
embedScreenshot	 >>>>>> (GlobalFunction.java:74)	13:23:22
highlightElement	 >>>>>> (GlobalFunction.java:74)	13:23:22
Thread Local getDrive()	 >>>>>> (DriverHandler.java:87)	13:23:22
unHighlightElement	 >>>>>> (GlobalFunction.java:74)	13:23:23
click	 >>>>>> (GlobalFunction.java:74)	13:23:23
isPresent	 >>>>>> (GlobalFunction.java:74)	13:23:23
Thread Local getDrive()	 >>>>>> (DriverHandler.java:87)	13:23:23
Thread Local getDrive()	 >>>>>> (DriverHandler.java:87)	13:23:23
Thread Local getDrive()	 >>>>>> (DriverHandler.java:87)	13:23:23
isPresent	 >>>>>> (GlobalFunction.java:74)	13:23:23
waitForElementClickabality	 >>>>>> (GlobalFunction.java:74)	13:23:24
click	 >>>>>> (GlobalFunction.java:74)	13:23:24
isPresent	 >>>>>> (GlobalFunction.java:74)	13:23:25
zAssertTrue	 >>>>>> (GlobalFunction.java:74)	13:23:25
click	 >>>>>> (GlobalFunction.java:74)	13:23:27
embedScreenshot	 >>>>>> (GlobalFunction.java:74)	13:23:27
Thread Local getDrive()	 >>>>>> (DriverHandler.java:87)	13:23:27
isPresent	 >>>>>> (GlobalFunction.java:74)	13:23:27
zAssertTrue	 >>>>>> (GlobalFunction.java:74)	13:23:27
click	 >>>>>> (GlobalFunction.java:74)	13:23:29
selectBoxByIndex	 >>>>>> (GlobalFunction.java:74)	13:23:30
embedScreenshot	 >>>>>> (GlobalFunction.java:74)	13:23:30
Thread Local getDrive()	 >>>>>> (DriverHandler.java:87)	13:23:30
click	 >>>>>> (GlobalFunction.java:74)	13:23:32
embedScreenshot	 >>>>>> (GlobalFunction.java:74)	13:23:32
Thread Local getDrive()	 >>>>>> (DriverHandler.java:87)	13:23:32
isPresent	 >>>>>> (GlobalFunction.java:74)	13:23:32
zAssertTrue	 >>>>>> (GlobalFunction.java:74)	13:23:32
click	 >>>>>> (GlobalFunction.java:74)	13:23:32
waitForElement	 >>>>>> (GlobalFunction.java:74)	13:23:33
isPresent	 >>>>>> (GlobalFunction.java:74)	13:23:33
isPresent	 >>>>>> (GlobalFunction.java:74)	13:23:33
highlightElement	 >>>>>> (GlobalFunction.java:74)	13:23:33
embedScreenshot	 >>>>>> (GlobalFunction.java:74)	13:23:33
Thread Local getDrive()	 >>>>>> (DriverHandler.java:87)	13:23:33
isPresent	 >>>>>> (GlobalFunction.java:74)	13:23:33
zAssertTrue	 >>>>>> (GlobalFunction.java:74)	13:23:33
>>>ExcelInput  SetupProject  - ValidLogin  - FirstName	 >>>>>> (ExcelInput.java:14)	13:23:33
Value:Vikash	 >>>>>> (ExcelInput.java:22)	13:23:33
clearAndEnterText	 >>>>>> (GlobalFunction.java:74)	13:23:33
isPresent	 >>>>>> (GlobalFunction.java:74)	13:23:33
zAssertTrue	 >>>>>> (GlobalFunction.java:74)	13:23:33
>>>ExcelInput  SetupProject  - ValidLogin  - LastName	 >>>>>> (ExcelInput.java:14)	13:23:33
Value:Shrivastava	 >>>>>> (ExcelInput.java:22)	13:23:33
clearAndEnterText	 >>>>>> (GlobalFunction.java:74)	13:23:33
embedScreenshot	 >>>>>> (GlobalFunction.java:74)	13:23:33
Thread Local getDrive()	 >>>>>> (DriverHandler.java:87)	13:23:33
isPresent	 >>>>>> (GlobalFunction.java:74)	13:23:34
zAssertTrue	 >>>>>> (GlobalFunction.java:74)	13:23:34
>>>ExcelInput  SetupProject  - ValidLogin  - LeadEmail	 >>>>>> (ExcelInput.java:14)	13:23:34
Value:vikash.shrivastava@zensar.com	 >>>>>> (ExcelInput.java:22)	13:23:34
clearAndEnterText	 >>>>>> (GlobalFunction.java:74)	13:23:34
isPresent	 >>>>>> (GlobalFunction.java:74)	13:23:34
zAssertTrue	 >>>>>> (GlobalFunction.java:74)	13:23:34
click	 >>>>>> (GlobalFunction.java:74)	13:23:34
embedScreenshot	 >>>>>> (GlobalFunction.java:74)	13:23:34
Thread Local getDrive()	 >>>>>> (DriverHandler.java:87)	13:23:34
waitForElement	 >>>>>> (GlobalFunction.java:74)	13:23:34
isPresent	 >>>>>> (GlobalFunction.java:74)	13:23:34
isPresent	 >>>>>> (GlobalFunction.java:74)	13:23:34
highlightElement	 >>>>>> (GlobalFunction.java:74)	13:23:34
embedScreenshot	 >>>>>> (GlobalFunction.java:74)	13:23:34
Thread Local getDrive()	 >>>>>> (DriverHandler.java:87)	13:23:34
1 row(s) affected	 >>>>>> (Connection.java:73)	13:23:35
1 row(s) affected	 >>>>>> (Connection.java:73)	13:23:35
1 row(s) affected	 >>>>>> (Connection.java:73)	13:23:35
[INFO]	 Attempt 1 of 1 to execute  [PASSED]	 >>>>>> (SetupProject.java:38)	13:23:35
Feature :	SetupProject	 >>>>>> (SetupProject.java:60)	13:23:35
Scenario :	Verify user able to Setup new Project with sole source	 >>>>>> (SetupProject.java:61)	13:23:35
DataSetName :	ValidLogin
	 >>>>>> (SetupProject.java:62)	13:23:35
]]></system-out>
    <system-err><![CDATA[321899 [TestNG-tests-1] INFO io.github.bonigarcia.wdm.WebDriverManager - Using chromedriver 122.0.6261.111 (resolved driver for Chrome 122)
321911 [TestNG-tests-1] INFO io.github.bonigarcia.wdm.WebDriverManager - Exporting webdriver.chrome.driver as C:\Users\vs106039\.cache\selenium\chromedriver\win64\122.0.6261.111\chromedriver.exe
Starting ChromeDriver 122.0.6261.111 (9d4c1072da62b411b351a38b9ed6214ab236aa7b-refs/branch-heads/6261@{#1015}) on port 17365
Only local connections are allowed.
Please see https://chromedriver.chromium.org/security-considerations for suggestions on keeping ChromeDriver safe.
ChromeDriver was started successfully.
Mar 12, 2024 1:23:13 PM org.openqa.selenium.remote.ProtocolHandshake createSession
INFO: Detected dialect: W3C
]]></system-err>
  </testcase>
  <testcase name="feature[com.zensar.scriptutils.PickleWrapper@741f4272](7)" classname="com.zensar.runner.SetupProject" time="21.843">
    <system-out><![CDATA[[INFO]	 Attempt 1 of 1 to execute 	 >>>>>> (ActiveTransaction.java:35)	13:23:42
Feature :	ActiveTransaction	 >>>>>> (ActiveTransaction.java:60)	13:23:42
Scenario :	Verify What did the provider/Carrier do well maximum character set	 >>>>>> (ActiveTransaction.java:61)	13:23:42
DataSetName :	ValidLogin
	 >>>>>> (ActiveTransaction.java:62)	13:23:42
SCENARIO STATE Init	 >>>>>> (Hooks.java:24)	13:23:42
Clicked Login	 >>>>>> (IsgLandingPage.java:179)	13:23:42
Thread Local getDrive()	 >>>>>> (DriverHandler.java:87)	13:23:44
3 columns(s) affected	 >>>>>> (Connection.java:93)	13:23:44
1 row(s) affected	 >>>>>> (Connection.java:73)	13:23:44
1 row(s) affected	 >>>>>> (Connection.java:73)	13:23:44
1 row(s) affected	 >>>>>> (Connection.java:73)	13:23:44
BROWSER STACK SESSION : 	 >>>>>> (OutputSheetLogger.java:174)	13:23:44
Thread Local getDrive()	 >>>>>> (DriverHandler.java:87)	13:23:44
195ab788e0e0797559a1528775920b88	 >>>>>> (OutputSheetLogger.java:175)	13:23:44
Entered try in open	 >>>>>> (IsgLandingPage.java:145)	13:23:44
username : NGS3@isg-one.com	 >>>>>> (IsgLandingPage.java:181)	13:23:46
password : T|2txZ>UJs	 >>>>>> (IsgLandingPage.java:183)	13:23:46
embedScreenshot	 >>>>>> (GlobalFunction.java:74)	13:23:46
highlightElement	 >>>>>> (GlobalFunction.java:74)	13:23:46
Thread Local getDrive()	 >>>>>> (DriverHandler.java:87)	13:23:46
unHighlightElement	 >>>>>> (GlobalFunction.java:74)	13:23:46
click	 >>>>>> (GlobalFunction.java:74)	13:23:46
isPresent	 >>>>>> (GlobalFunction.java:74)	13:23:47
Thread Local getDrive()	 >>>>>> (DriverHandler.java:87)	13:23:47
Thread Local getDrive()	 >>>>>> (DriverHandler.java:87)	13:23:47
Thread Local getDrive()	 >>>>>> (DriverHandler.java:87)	13:23:47
isPresent	 >>>>>> (GlobalFunction.java:74)	13:23:47
waitForElement	 >>>>>> (GlobalFunction.java:74)	13:23:48
isPresent	 >>>>>> (GlobalFunction.java:74)	13:23:48
embedScreenshot	 >>>>>> (GlobalFunction.java:74)	13:23:48
highlightElement	 >>>>>> (GlobalFunction.java:74)	13:23:48
Thread Local getDrive()	 >>>>>> (DriverHandler.java:87)	13:23:48
unHighlightElement	 >>>>>> (GlobalFunction.java:74)	13:23:48
forceClick	 >>>>>> (GlobalFunction.java:74)	13:23:48
Clicked Login	 >>>>>> (IsgLandingPage.java:179)	13:23:49
click	 >>>>>> (GlobalFunction.java:74)	13:23:49
embedScreenshot	 >>>>>> (GlobalFunction.java:74)	13:23:50
Thread Local getDrive()	 >>>>>> (DriverHandler.java:87)	13:23:50
click	 >>>>>> (GlobalFunction.java:74)	13:23:50
1
isPresent	 >>>>>> (GlobalFunction.java:74)	13:23:50
2
isPresent	 >>>>>> (GlobalFunction.java:74)	13:23:53
username : NGS3@isg-one.com	 >>>>>> (IsgLandingPage.java:181)	13:23:53
password : T|2txZ>UJs	 >>>>>> (IsgLandingPage.java:183)	13:23:53
embedScreenshot	 >>>>>> (GlobalFunction.java:74)	13:23:53
highlightElement	 >>>>>> (GlobalFunction.java:74)	13:23:53
Thread Local getDrive()	 >>>>>> (DriverHandler.java:87)	13:23:53
unHighlightElement	 >>>>>> (GlobalFunction.java:74)	13:23:54
click	 >>>>>> (GlobalFunction.java:74)	13:23:54
isPresent	 >>>>>> (GlobalFunction.java:74)	13:23:54
Thread Local getDrive()	 >>>>>> (DriverHandler.java:87)	13:23:54
Thread Local getDrive()	 >>>>>> (DriverHandler.java:87)	13:23:54
Thread Local getDrive()	 >>>>>> (DriverHandler.java:87)	13:23:54
isPresent	 >>>>>> (GlobalFunction.java:74)	13:23:54
3
isPresent	 >>>>>> (GlobalFunction.java:74)	13:23:55
waitForElementClickabality	 >>>>>> (GlobalFunction.java:74)	13:23:55
4
isPresent	 >>>>>> (GlobalFunction.java:74)	13:23:57
5
isPresent	 >>>>>> (GlobalFunction.java:74)	13:23:59
isPresent	 >>>>>> (GlobalFunction.java:74)	13:23:59
getText	 >>>>>> (GlobalFunction.java:74)	13:23:59
click	 >>>>>> (GlobalFunction.java:74)	13:23:59
embedScreenshot	 >>>>>> (GlobalFunction.java:74)	13:23:59
Thread Local getDrive()	 >>>>>> (DriverHandler.java:87)	13:23:59
isPresent	 >>>>>> (GlobalFunction.java:74)	13:24:3
zAssertTrue	 >>>>>> (GlobalFunction.java:74)	13:24:3
1 row(s) affected	 >>>>>> (Connection.java:73)	13:24:3
1 row(s) affected	 >>>>>> (Connection.java:73)	13:24:3
1 row(s) affected	 >>>>>> (Connection.java:73)	13:24:3
[INFO]	 Attempt 1 of 1 to execute  [PASSED]	 >>>>>> (SetupProject.java:38)	13:24:3
Feature :	SetupProject	 >>>>>> (SetupProject.java:60)	13:24:3
Scenario :	Verify user is able to check number of notifications on Home page	 >>>>>> (SetupProject.java:61)	13:24:3
DataSetName :	ValidLogin
	 >>>>>> (SetupProject.java:62)	13:24:3
]]></system-out>
    <system-err><![CDATA[352719 [TestNG-tests-2] INFO io.github.bonigarcia.wdm.WebDriverManager - Using chromedriver 122.0.6261.111 (resolved driver for Chrome 122)
352729 [TestNG-tests-2] INFO io.github.bonigarcia.wdm.WebDriverManager - Exporting webdriver.chrome.driver as C:\Users\vs106039\.cache\selenium\chromedriver\win64\122.0.6261.111\chromedriver.exe
Starting ChromeDriver 122.0.6261.111 (9d4c1072da62b411b351a38b9ed6214ab236aa7b-refs/branch-heads/6261@{#1015}) on port 24005
Only local connections are allowed.
Please see https://chromedriver.chromium.org/security-considerations for suggestions on keeping ChromeDriver safe.
ChromeDriver was started successfully.
Mar 12, 2024 1:23:44 PM org.openqa.selenium.remote.ProtocolHandshake createSession
INFO: Detected dialect: W3C
]]></system-err>
  </testcase>
  <testcase name="feature[com.zensar.scriptutils.PickleWrapper@4f153304](1)" classname="com.zensar.runner.ActiveTransactionProjectContact" time="16.045">
    <system-out><![CDATA[[INFO]	 Attempt 1 of 1 to execute 	 >>>>>> (SetupProject.java:35)	13:18:45
Feature :	SetupProject	 >>>>>> (SetupProject.java:60)	13:18:45
Scenario :	Verify user able to Setup new Project with Projet Overview validation	 >>>>>> (SetupProject.java:61)	13:18:45
DataSetName :	ValidLogin
	 >>>>>> (SetupProject.java:62)	13:18:45
SCENARIO STATE Init	 >>>>>> (Hooks.java:24)	13:18:45
forceScrollToElement	 >>>>>> (GlobalFunction.java:74)	13:18:45
forceClick	 >>>>>> (GlobalFunction.java:74)	13:18:46
waitForElement	 >>>>>> (GlobalFunction.java:74)	13:18:46
isPresent	 >>>>>> (GlobalFunction.java:74)	13:18:46
Thread Local getDrive()	 >>>>>> (DriverHandler.java:87)	13:18:47
3 columns(s) affected	 >>>>>> (Connection.java:93)	13:18:47
1 row(s) affected	 >>>>>> (Connection.java:73)	13:18:47
1 row(s) affected	 >>>>>> (Connection.java:73)	13:18:47
1 row(s) affected	 >>>>>> (Connection.java:73)	13:18:47
BROWSER STACK SESSION : 	 >>>>>> (OutputSheetLogger.java:174)	13:18:47
Thread Local getDrive()	 >>>>>> (DriverHandler.java:87)	13:18:47
d22db8f16601a9de043de3b2f2c7efbd	 >>>>>> (OutputSheetLogger.java:175)	13:18:47
Entered try in open	 >>>>>> (IsgLandingPage.java:145)	13:18:47
click	 >>>>>> (GlobalFunction.java:74)	13:18:48
isPresent	 >>>>>> (GlobalFunction.java:74)	13:18:48
zAssertTrue	 >>>>>> (GlobalFunction.java:74)	13:18:48
1
isPresent	 >>>>>> (GlobalFunction.java:74)	13:18:48
2
isPresent	 >>>>>> (GlobalFunction.java:74)	13:18:50
isPresent	 >>>>>> (GlobalFunction.java:74)	13:18:51
embedScreenshot	 >>>>>> (GlobalFunction.java:74)	13:18:52
highlightElement	 >>>>>> (GlobalFunction.java:74)	13:18:52
Thread Local getDrive()	 >>>>>> (DriverHandler.java:87)	13:18:52
>>>ExcelInput  ActiveTransaction  - ValidLogin  - ContractDuration	 >>>>>> (ExcelInput.java:14)	13:18:52
Value:4	 >>>>>> (ExcelInput.java:22)	13:18:52
clearAndEnterText	 >>>>>> (GlobalFunction.java:74)	13:18:52
unHighlightElement	 >>>>>> (GlobalFunction.java:74)	13:18:52
forceClick	 >>>>>> (GlobalFunction.java:74)	13:18:52
isPresent	 >>>>>> (GlobalFunction.java:74)	13:18:52
zAssertTrue	 >>>>>> (GlobalFunction.java:74)	13:18:52
Clicked Login	 >>>>>> (IsgLandingPage.java:179)	13:18:53
forceClick	 >>>>>> (GlobalFunction.java:74)	13:18:54
click	 >>>>>> (GlobalFunction.java:74)	13:18:56
>>>ExcelInput  ActiveTransaction  - ValidLogin  - autProjectReason	 >>>>>> (ExcelInput.java:14)	13:18:56
Value:No Automation	 >>>>>> (ExcelInput.java:22)	13:18:56
selectBoxByVisibleTextContains	 >>>>>> (GlobalFunction.java:74)	13:18:56
username : NGS3@isg-one.com	 >>>>>> (IsgLandingPage.java:181)	13:18:57
password : T|2txZ>UJs	 >>>>>> (IsgLandingPage.java:183)	13:18:57
embedScreenshot	 >>>>>> (GlobalFunction.java:74)	13:18:57
highlightElement	 >>>>>> (GlobalFunction.java:74)	13:18:57
Thread Local getDrive()	 >>>>>> (DriverHandler.java:87)	13:18:57
unHighlightElement	 >>>>>> (GlobalFunction.java:74)	13:18:57
click	 >>>>>> (GlobalFunction.java:74)	13:18:57
isPresent	 >>>>>> (GlobalFunction.java:74)	13:18:58
Thread Local getDrive()	 >>>>>> (DriverHandler.java:87)	13:18:58
Thread Local getDrive()	 >>>>>> (DriverHandler.java:87)	13:18:58
Thread Local getDrive()	 >>>>>> (DriverHandler.java:87)	13:18:58
isPresent	 >>>>>> (GlobalFunction.java:74)	13:18:58
forceClick	 >>>>>> (GlobalFunction.java:74)	13:18:58
waitForElement	 >>>>>> (GlobalFunction.java:74)	13:18:59
isPresent	 >>>>>> (GlobalFunction.java:74)	13:18:59
>>>ExcelInput  ActiveTransaction  - ValidLogin  - cloudStrategy	 >>>>>> (ExcelInput.java:14)	13:19:0
Value:No Cloud	 >>>>>> (ExcelInput.java:22)	13:19:0
selectBoxByVisibleTextContains	 >>>>>> (GlobalFunction.java:74)	13:19:0
1
isPresent	 >>>>>> (GlobalFunction.java:74)	13:19:1
>>>ExcelInput  ActiveTransactionProjectContact  - AddContact  - FirstName	 >>>>>> (ExcelInput.java:14)	13:19:1
clearAndEnterText	 >>>>>> (GlobalFunction.java:74)	13:19:1
1 row(s) affected	 >>>>>> (Connection.java:73)	13:19:1
1 row(s) affected	 >>>>>> (Connection.java:73)	13:19:1
1 row(s) affected	 >>>>>> (Connection.java:73)	13:19:1


[ERROR]	 Attempt 1 of 1 to execute  [FAILED]	 >>>>>> (ActiveTransactionProjectContact.java:44)	13:19:1
Feature :	ActiveTransactionProjectContact	 >>>>>> (ActiveTransactionProjectContact.java:60)	13:19:1
Scenario :	Verify user able add Client to Project contact list	 >>>>>> (ActiveTransactionProjectContact.java:61)	13:19:1
DataSetName :	AddContact
	 >>>>>> (ActiveTransactionProjectContact.java:62)	13:19:1
[INFO]	 Not going to attempt again.	 >>>>>> (ActiveTransactionProjectContact.java:50)	13:19:1
]]></system-out>
    <system-err><![CDATA[56096 [TestNG-tests-3] INFO io.github.bonigarcia.wdm.WebDriverManager - Using chromedriver 122.0.6261.111 (resolved driver for Chrome 122)
56106 [TestNG-tests-3] INFO io.github.bonigarcia.wdm.WebDriverManager - Exporting webdriver.chrome.driver as C:\Users\vs106039\.cache\selenium\chromedriver\win64\122.0.6261.111\chromedriver.exe
Starting ChromeDriver 122.0.6261.111 (9d4c1072da62b411b351a38b9ed6214ab236aa7b-refs/branch-heads/6261@{#1015}) on port 16695
Only local connections are allowed.
Please see https://chromedriver.chromium.org/security-considerations for suggestions on keeping ChromeDriver safe.
ChromeDriver was started successfully.
Mar 12, 2024 1:18:47 PM org.openqa.selenium.remote.ProtocolHandshake createSession
INFO: Detected dialect: W3C
com.codoid.products.exception.FilloException: No records found
	at com.codoid.products.fillo.Recordset.<init>(Recordset.java:40)
	at com.codoid.products.fillo.Recordset.where(Recordset.java:220)
	at com.zensar.excel.ExcelInput.fetchData(ExcelInput.java:18)
	at com.zensar.scriptutils.GlobalFunction.getTestDataValue(GlobalFunction.java:1796)
	at com.zensar.pageobjects.ProjectContact.ClientFirstName(ProjectContact.java:145)
	at com.zensar.stepDefinations.ActiveTransactionProjectContactStepDefinitions.select_Anticipated_award_Date(ActiveTransactionProjectContactStepDefinitions.java:43)
	at sun.reflect.NativeMethodAccessorImpl.invoke0(Native Method)
	at sun.reflect.NativeMethodAccessorImpl.invoke(NativeMethodAccessorImpl.java:62)
	at sun.reflect.DelegatingMethodAccessorImpl.invoke(DelegatingMethodAccessorImpl.java:43)
	at java.lang.reflect.Method.invoke(Method.java:498)
	at cucumber.runtime.Utils$1.call(Utils.java:26)
	at cucumber.runtime.Timeout.timeout(Timeout.java:16)
	at cucumber.runtime.Utils.invoke(Utils.java:20)
	at cucumber.runtime.java.JavaStepDefinition.execute(JavaStepDefinition.java:49)
	at cucumber.runner.PickleStepDefinitionMatch.runStep(PickleStepDefinitionMatch.java:50)
	at cucumber.runner.TestStep.executeStep(TestStep.java:63)
	at cucumber.runner.TestStep.run(TestStep.java:49)
	at cucumber.runner.PickleStepTestStep.run(PickleStepTestStep.java:43)
	at cucumber.runner.TestCase.run(TestCase.java:44)
	at cucumber.runner.Runner.runPickle(Runner.java:40)
	at cucumber.api.testng.TestNGCucumberRunner.runScenario(TestNGCucumberRunner.java:68)
	at com.zensar.runner.ActiveTransactionProjectContact.feature(ActiveTransactionProjectContact.java:37)
	at sun.reflect.NativeMethodAccessorImpl.invoke0(Native Method)
	at sun.reflect.NativeMethodAccessorImpl.invoke(NativeMethodAccessorImpl.java:62)
	at sun.reflect.DelegatingMethodAccessorImpl.invoke(DelegatingMethodAccessorImpl.java:43)
	at java.lang.reflect.Method.invoke(Method.java:498)
	at org.testng.internal.MethodInvocationHelper.invokeMethod(MethodInvocationHelper.java:124)
	at org.testng.internal.Invoker.invokeMethod(Invoker.java:583)
	at org.testng.internal.Invoker.invokeTestMethod(Invoker.java:719)
	at org.testng.internal.Invoker.invokeTestMethods(Invoker.java:989)
	at org.testng.internal.TestMethodWorker.invokeTestMethods(TestMethodWorker.java:125)
	at org.testng.internal.TestMethodWorker.run(TestMethodWorker.java:109)
	at org.testng.TestRunner.privateRun(TestRunner.java:648)
	at org.testng.TestRunner.run(TestRunner.java:505)
	at org.testng.SuiteRunner.runTest(SuiteRunner.java:455)
	at org.testng.SuiteRunner.access$000(SuiteRunner.java:40)
	at org.testng.SuiteRunner$SuiteWorker.run(SuiteRunner.java:489)
	at org.testng.internal.thread.ThreadUtil$1.call(ThreadUtil.java:52)
	at java.util.concurrent.FutureTask.run(FutureTask.java:266)
	at java.util.concurrent.ThreadPoolExecutor.runWorker(ThreadPoolExecutor.java:1149)
	at java.util.concurrent.ThreadPoolExecutor$Worker.run(ThreadPoolExecutor.java:624)
	at java.lang.Thread.run(Thread.java:748)
java.lang.IllegalArgumentException: Keys to send should be a not null CharSequence
	at org.openqa.selenium.remote.RemoteWebElement.sendKeys(RemoteWebElement.java:97)
	at sun.reflect.GeneratedMethodAccessor17.invoke(Unknown Source)
	at sun.reflect.DelegatingMethodAccessorImpl.invoke(DelegatingMethodAccessorImpl.java:43)
	at java.lang.reflect.Method.invoke(Method.java:498)
	at org.openqa.selenium.support.events.EventFiringWebDriver$EventFiringWebElement.lambda$new$0(EventFiringWebDriver.java:404)
	at com.sun.proxy.$Proxy29.sendKeys(Unknown Source)
	at org.openqa.selenium.support.events.EventFiringWebDriver$EventFiringWebElement.sendKeys(EventFiringWebDriver.java:429)
	at sun.reflect.GeneratedMethodAccessor17.invoke(Unknown Source)
	at sun.reflect.DelegatingMethodAccessorImpl.invoke(DelegatingMethodAccessorImpl.java:43)
	at java.lang.reflect.Method.invoke(Method.java:498)
	at org.openqa.selenium.support.pagefactory.internal.LocatingElementHandler.invoke(LocatingElementHandler.java:51)
	at com.sun.proxy.$Proxy28.sendKeys(Unknown Source)
	at com.zensar.scriptutils.GlobalFunction.clearAndEnterText(GlobalFunction.java:727)
	at com.zensar.pageobjects.ProjectContact.ClientFirstName(ProjectContact.java:145)
	at com.zensar.stepDefinations.ActiveTransactionProjectContactStepDefinitions.select_Anticipated_award_Date(ActiveTransactionProjectContactStepDefinitions.java:43)
	at ✽.Add Client First Name(src/main/java/com/zensar/features/ActiveTransactionProjectContact.feature:12)
]]></system-err>
  </testcase>
  <testcase name="feature[com.zensar.scriptutils.PickleWrapper@4f44544b](2)" classname="com.zensar.runner.ActiveTransactionProjectContact" time="31.315">
    <system-out><![CDATA[[INFO]	 Attempt 1 of 1 to execute 	 >>>>>> (SetupProject.java:35)	13:19:38
Feature :	SetupProject	 >>>>>> (SetupProject.java:60)	13:19:38
Scenario :	Verify user able to Setup new Project with first name validation	 >>>>>> (SetupProject.java:61)	13:19:38
DataSetName :	ValidLogin
	 >>>>>> (SetupProject.java:62)	13:19:38
SCENARIO STATE Init	 >>>>>> (Hooks.java:24)	13:19:38
Thread Local getDrive()	 >>>>>> (DriverHandler.java:87)	13:19:40
3 columns(s) affected	 >>>>>> (Connection.java:93)	13:19:40
1 row(s) affected	 >>>>>> (Connection.java:73)	13:19:40
1 row(s) affected	 >>>>>> (Connection.java:73)	13:19:40
1 row(s) affected	 >>>>>> (Connection.java:73)	13:19:40
BROWSER STACK SESSION : 	 >>>>>> (OutputSheetLogger.java:174)	13:19:40
Thread Local getDrive()	 >>>>>> (DriverHandler.java:87)	13:19:40
88cdc06255adc0a2df1ab69777431cb8	 >>>>>> (OutputSheetLogger.java:175)	13:19:40
Entered try in open	 >>>>>> (IsgLandingPage.java:145)	13:19:40
click	 >>>>>> (GlobalFunction.java:74)	13:19:43
embedScreenshot	 >>>>>> (GlobalFunction.java:74)	13:19:44
Thread Local getDrive()	 >>>>>> (DriverHandler.java:87)	13:19:44
waitForElement	 >>>>>> (GlobalFunction.java:74)	13:19:44
isPresent	 >>>>>> (GlobalFunction.java:74)	13:19:44
1
isPresent	 >>>>>> (GlobalFunction.java:74)	13:19:46
click	 >>>>>> (GlobalFunction.java:74)	13:19:46
embedScreenshot	 >>>>>> (GlobalFunction.java:74)	13:19:47
Thread Local getDrive()	 >>>>>> (DriverHandler.java:87)	13:19:47
2
isPresent	 >>>>>> (GlobalFunction.java:74)	13:19:48
isPresent	 >>>>>> (GlobalFunction.java:74)	13:19:48
waitForceScrollClick	 >>>>>> (GlobalFunction.java:74)	13:19:53
waitForElement	 >>>>>> (GlobalFunction.java:74)	13:19:53
forceScrollToElement	 >>>>>> (GlobalFunction.java:74)	13:19:53
forceClick	 >>>>>> (GlobalFunction.java:74)	13:19:54
waitForElement	 >>>>>> (GlobalFunction.java:74)	13:19:54
isPresent	 >>>>>> (GlobalFunction.java:74)	13:19:54
embedScreenshot	 >>>>>> (GlobalFunction.java:74)	13:19:55
highlightElement	 >>>>>> (GlobalFunction.java:74)	13:19:55
Thread Local getDrive()	 >>>>>> (DriverHandler.java:87)	13:19:55
unHighlightElement	 >>>>>> (GlobalFunction.java:74)	13:19:55
forceClick	 >>>>>> (GlobalFunction.java:74)	13:19:55
click	 >>>>>> (GlobalFunction.java:74)	13:19:56
Clicked Login	 >>>>>> (IsgLandingPage.java:179)	13:19:56
1
isPresent	 >>>>>> (GlobalFunction.java:74)	13:19:56
embedScreenshot	 >>>>>> (GlobalFunction.java:74)	13:19:57
highlightElement	 >>>>>> (GlobalFunction.java:74)	13:19:57
Thread Local getDrive()	 >>>>>> (DriverHandler.java:87)	13:19:57
unHighlightElement	 >>>>>> (GlobalFunction.java:74)	13:19:57
2
isPresent	 >>>>>> (GlobalFunction.java:74)	13:19:58
isPresent	 >>>>>> (GlobalFunction.java:74)	13:19:58
username : NGS3@isg-one.com	 >>>>>> (IsgLandingPage.java:181)	13:20:0
password : T|2txZ>UJs	 >>>>>> (IsgLandingPage.java:183)	13:20:0
embedScreenshot	 >>>>>> (GlobalFunction.java:74)	13:20:0
highlightElement	 >>>>>> (GlobalFunction.java:74)	13:20:0
Thread Local getDrive()	 >>>>>> (DriverHandler.java:87)	13:20:0
unHighlightElement	 >>>>>> (GlobalFunction.java:74)	13:20:1
click	 >>>>>> (GlobalFunction.java:74)	13:20:1
isPresent	 >>>>>> (GlobalFunction.java:74)	13:20:1
Thread Local getDrive()	 >>>>>> (DriverHandler.java:87)	13:20:1
Thread Local getDrive()	 >>>>>> (DriverHandler.java:87)	13:20:1
Thread Local getDrive()	 >>>>>> (DriverHandler.java:87)	13:20:1
isPresent	 >>>>>> (GlobalFunction.java:74)	13:20:1
waitForElement	 >>>>>> (GlobalFunction.java:74)	13:20:2
isPresent	 >>>>>> (GlobalFunction.java:74)	13:20:2
click	 >>>>>> (GlobalFunction.java:74)	13:20:2
click	 >>>>>> (GlobalFunction.java:74)	13:20:4
1
isPresent	 >>>>>> (GlobalFunction.java:74)	13:20:4
2
isPresent	 >>>>>> (GlobalFunction.java:74)	13:20:7
click	 >>>>>> (GlobalFunction.java:74)	13:20:8
>>>ExcelInput  ActiveTransactionProjectContact  - AddContact  - FirstName	 >>>>>> (ExcelInput.java:14)	13:20:9
clearAndEnterText	 >>>>>> (GlobalFunction.java:74)	13:20:9
1 row(s) affected	 >>>>>> (Connection.java:73)	13:20:9
embedScreenshot	 >>>>>> (GlobalFunction.java:74)	13:20:9
highlightElement	 >>>>>> (GlobalFunction.java:74)	13:20:9
1 row(s) affected	 >>>>>> (Connection.java:73)	13:20:9
1 row(s) affected	 >>>>>> (Connection.java:73)	13:20:9


[ERROR]	 Attempt 1 of 1 to execute  [FAILED]	 >>>>>> (ActiveTransactionProjectContact.java:44)	13:20:9
Feature :	ActiveTransactionProjectContact	 >>>>>> (ActiveTransactionProjectContact.java:60)	13:20:9
Scenario :	Verify user able add Client to Project contact list after adding only Required field	 >>>>>> (ActiveTransactionProjectContact.java:61)	13:20:9
DataSetName :	AddContact
	 >>>>>> (ActiveTransactionProjectContact.java:62)	13:20:9
[INFO]	 Not going to attempt again.	 >>>>>> (ActiveTransactionProjectContact.java:50)	13:20:9
]]></system-out>
    <system-err><![CDATA[108707 [TestNG-tests-3] INFO io.github.bonigarcia.wdm.WebDriverManager - Using chromedriver 122.0.6261.111 (resolved driver for Chrome 122)
108724 [TestNG-tests-3] INFO io.github.bonigarcia.wdm.WebDriverManager - Exporting webdriver.chrome.driver as C:\Users\vs106039\.cache\selenium\chromedriver\win64\122.0.6261.111\chromedriver.exe
Starting ChromeDriver 122.0.6261.111 (9d4c1072da62b411b351a38b9ed6214ab236aa7b-refs/branch-heads/6261@{#1015}) on port 47134
Only local connections are allowed.
Please see https://chromedriver.chromium.org/security-considerations for suggestions on keeping ChromeDriver safe.
ChromeDriver was started successfully.
Mar 12, 2024 1:19:40 PM org.openqa.selenium.remote.ProtocolHandshake createSession
INFO: Detected dialect: W3C
com.codoid.products.exception.FilloException: No records found
	at com.codoid.products.fillo.Recordset.<init>(Recordset.java:40)
	at com.codoid.products.fillo.Recordset.where(Recordset.java:220)
	at com.zensar.excel.ExcelInput.fetchData(ExcelInput.java:18)
	at com.zensar.scriptutils.GlobalFunction.getTestDataValue(GlobalFunction.java:1796)
	at com.zensar.pageobjects.ProjectContact.ClientFirstName(ProjectContact.java:145)
	at com.zensar.stepDefinations.ActiveTransactionProjectContactStepDefinitions.select_Anticipated_award_Date(ActiveTransactionProjectContactStepDefinitions.java:43)
	at sun.reflect.NativeMethodAccessorImpl.invoke0(Native Method)
	at sun.reflect.NativeMethodAccessorImpl.invoke(NativeMethodAccessorImpl.java:62)
	at sun.reflect.DelegatingMethodAccessorImpl.invoke(DelegatingMethodAccessorImpl.java:43)
	at java.lang.reflect.Method.invoke(Method.java:498)
	at cucumber.runtime.Utils$1.call(Utils.java:26)
	at cucumber.runtime.Timeout.timeout(Timeout.java:16)
	at cucumber.runtime.Utils.invoke(Utils.java:20)
	at cucumber.runtime.java.JavaStepDefinition.execute(JavaStepDefinition.java:49)
	at cucumber.runner.PickleStepDefinitionMatch.runStep(PickleStepDefinitionMatch.java:50)
	at cucumber.runner.TestStep.executeStep(TestStep.java:63)
	at cucumber.runner.TestStep.run(TestStep.java:49)
	at cucumber.runner.PickleStepTestStep.run(PickleStepTestStep.java:43)
	at cucumber.runner.TestCase.run(TestCase.java:44)
	at cucumber.runner.Runner.runPickle(Runner.java:40)
	at cucumber.api.testng.TestNGCucumberRunner.runScenario(TestNGCucumberRunner.java:68)
	at com.zensar.runner.ActiveTransactionProjectContact.feature(ActiveTransactionProjectContact.java:37)
	at sun.reflect.NativeMethodAccessorImpl.invoke0(Native Method)
	at sun.reflect.NativeMethodAccessorImpl.invoke(NativeMethodAccessorImpl.java:62)
	at sun.reflect.DelegatingMethodAccessorImpl.invoke(DelegatingMethodAccessorImpl.java:43)
	at java.lang.reflect.Method.invoke(Method.java:498)
	at org.testng.internal.MethodInvocationHelper.invokeMethod(MethodInvocationHelper.java:124)
	at org.testng.internal.Invoker.invokeMethod(Invoker.java:583)
	at org.testng.internal.Invoker.invokeTestMethod(Invoker.java:719)
	at org.testng.internal.Invoker.invokeTestMethods(Invoker.java:989)
	at org.testng.internal.TestMethodWorker.invokeTestMethods(TestMethodWorker.java:125)
	at org.testng.internal.TestMethodWorker.run(TestMethodWorker.java:109)
	at org.testng.TestRunner.privateRun(TestRunner.java:648)
	at org.testng.TestRunner.run(TestRunner.java:505)
	at org.testng.SuiteRunner.runTest(SuiteRunner.java:455)
	at org.testng.SuiteRunner.access$000(SuiteRunner.java:40)
	at org.testng.SuiteRunner$SuiteWorker.run(SuiteRunner.java:489)
	at org.testng.internal.thread.ThreadUtil$1.call(ThreadUtil.java:52)
	at java.util.concurrent.FutureTask.run(FutureTask.java:266)
	at java.util.concurrent.ThreadPoolExecutor.runWorker(ThreadPoolExecutor.java:1149)
	at java.util.concurrent.ThreadPoolExecutor$Worker.run(ThreadPoolExecutor.java:624)
	at java.lang.Thread.run(Thread.java:748)
java.lang.IllegalArgumentException: Keys to send should be a not null CharSequence
	at org.openqa.selenium.remote.RemoteWebElement.sendKeys(RemoteWebElement.java:97)
	at sun.reflect.GeneratedMethodAccessor17.invoke(Unknown Source)
	at sun.reflect.DelegatingMethodAccessorImpl.invoke(DelegatingMethodAccessorImpl.java:43)
	at java.lang.reflect.Method.invoke(Method.java:498)
	at org.openqa.selenium.support.events.EventFiringWebDriver$EventFiringWebElement.lambda$new$0(EventFiringWebDriver.java:404)
	at com.sun.proxy.$Proxy29.sendKeys(Unknown Source)
	at org.openqa.selenium.support.events.EventFiringWebDriver$EventFiringWebElement.sendKeys(EventFiringWebDriver.java:429)
	at sun.reflect.GeneratedMethodAccessor17.invoke(Unknown Source)
	at sun.reflect.DelegatingMethodAccessorImpl.invoke(DelegatingMethodAccessorImpl.java:43)
	at java.lang.reflect.Method.invoke(Method.java:498)
	at org.openqa.selenium.support.pagefactory.internal.LocatingElementHandler.invoke(LocatingElementHandler.java:51)
	at com.sun.proxy.$Proxy28.sendKeys(Unknown Source)
	at com.zensar.scriptutils.GlobalFunction.clearAndEnterText(GlobalFunction.java:727)
	at com.zensar.pageobjects.ProjectContact.ClientFirstName(ProjectContact.java:145)
	at com.zensar.stepDefinations.ActiveTransactionProjectContactStepDefinitions.select_Anticipated_award_Date(ActiveTransactionProjectContactStepDefinitions.java:43)
	at ✽.Add Client First Name(src/main/java/com/zensar/features/ActiveTransactionProjectContact.feature:31)
]]></system-err>
  </testcase>
  <testcase name="feature[com.zensar.scriptutils.PickleWrapper@7c29ac31](3)" classname="com.zensar.runner.ActiveTransactionProjectContact" time="29.879">
    <system-out><![CDATA[[INFO]	 Attempt 1 of 1 to execute 	 >>>>>> (SetupProject.java:35)	13:20:46
Feature :	SetupProject	 >>>>>> (SetupProject.java:60)	13:20:46
Scenario :	Verify user able to Setup new Project with last name validation	 >>>>>> (SetupProject.java:61)	13:20:46
DataSetName :	ValidLogin
	 >>>>>> (SetupProject.java:62)	13:20:46
SCENARIO STATE Init	 >>>>>> (Hooks.java:24)	13:20:46
embedScreenshot	 >>>>>> (GlobalFunction.java:74)	13:20:48
highlightElement	 >>>>>> (GlobalFunction.java:74)	13:20:48
Thread Local getDrive()	 >>>>>> (DriverHandler.java:87)	13:20:48
Thread Local getDrive()	 >>>>>> (DriverHandler.java:87)	13:20:48
3 columns(s) affected	 >>>>>> (Connection.java:93)	13:20:48
1 row(s) affected	 >>>>>> (Connection.java:73)	13:20:48
1 row(s) affected	 >>>>>> (Connection.java:73)	13:20:48
1 row(s) affected	 >>>>>> (Connection.java:73)	13:20:48
BROWSER STACK SESSION : 	 >>>>>> (OutputSheetLogger.java:174)	13:20:48
Thread Local getDrive()	 >>>>>> (DriverHandler.java:87)	13:20:48
dfa78d90cc7f9cb6ef0d4bee15bf7d38	 >>>>>> (OutputSheetLogger.java:175)	13:20:48
Entered try in open	 >>>>>> (IsgLandingPage.java:145)	13:20:48
unHighlightElement	 >>>>>> (GlobalFunction.java:74)	13:20:49
forceClick	 >>>>>> (GlobalFunction.java:74)	13:20:49
click	 >>>>>> (GlobalFunction.java:74)	13:20:49
embedScreenshot	 >>>>>> (GlobalFunction.java:74)	13:20:50
Thread Local getDrive()	 >>>>>> (DriverHandler.java:87)	13:20:50
waitForElement	 >>>>>> (GlobalFunction.java:74)	13:20:50
isPresent	 >>>>>> (GlobalFunction.java:74)	13:20:50
Clicked Login	 >>>>>> (ProjectDetails.java:449)	13:20:50
1
isPresent	 >>>>>> (GlobalFunction.java:74)	13:20:52
embedScreenshot	 >>>>>> (GlobalFunction.java:74)	13:20:53
highlightElement	 >>>>>> (GlobalFunction.java:74)	13:20:53
Thread Local getDrive()	 >>>>>> (DriverHandler.java:87)	13:20:54
2
isPresent	 >>>>>> (GlobalFunction.java:74)	13:20:54
unHighlightElement	 >>>>>> (GlobalFunction.java:74)	13:20:54
isPresent	 >>>>>> (GlobalFunction.java:74)	13:20:54
forceClick	 >>>>>> (GlobalFunction.java:74)	13:20:54
Clicked Login	 >>>>>> (IsgLandingPage.java:179)	13:20:55
waitForceScrollClick	 >>>>>> (GlobalFunction.java:74)	13:20:59
waitForElement	 >>>>>> (GlobalFunction.java:74)	13:20:59
username : NGS3@isg-one.com	 >>>>>> (IsgLandingPage.java:181)	13:20:59
forceScrollToElement	 >>>>>> (GlobalFunction.java:74)	13:20:59
password : T|2txZ>UJs	 >>>>>> (IsgLandingPage.java:183)	13:20:59
embedScreenshot	 >>>>>> (GlobalFunction.java:74)	13:20:59
highlightElement	 >>>>>> (GlobalFunction.java:74)	13:20:59
Thread Local getDrive()	 >>>>>> (DriverHandler.java:87)	13:20:59
forceClick	 >>>>>> (GlobalFunction.java:74)	13:21:0
unHighlightElement	 >>>>>> (GlobalFunction.java:74)	13:21:0
click	 >>>>>> (GlobalFunction.java:74)	13:21:0
isPresent	 >>>>>> (GlobalFunction.java:74)	13:21:0
Thread Local getDrive()	 >>>>>> (DriverHandler.java:87)	13:21:0
Thread Local getDrive()	 >>>>>> (DriverHandler.java:87)	13:21:0
Thread Local getDrive()	 >>>>>> (DriverHandler.java:87)	13:21:0
isPresent	 >>>>>> (GlobalFunction.java:74)	13:21:0
waitForElement	 >>>>>> (GlobalFunction.java:74)	13:21:0
isPresent	 >>>>>> (GlobalFunction.java:74)	13:21:0
waitForElement	 >>>>>> (GlobalFunction.java:74)	13:21:1
isPresent	 >>>>>> (GlobalFunction.java:74)	13:21:1
1
isPresent	 >>>>>> (GlobalFunction.java:74)	13:21:2
1
isPresent	 >>>>>> (GlobalFunction.java:74)	13:21:3
usernameClient : sangita.parmar@zensar.com	 >>>>>> (ProjectDetails.java:451)	13:21:4
passwordClient : SPngs@2024#	 >>>>>> (ProjectDetails.java:453)	13:21:4
embedScreenshot	 >>>>>> (GlobalFunction.java:74)	13:21:4
highlightElement	 >>>>>> (GlobalFunction.java:74)	13:21:4
Thread Local getDrive()	 >>>>>> (DriverHandler.java:87)	13:21:4
unHighlightElement	 >>>>>> (GlobalFunction.java:74)	13:21:4
click	 >>>>>> (GlobalFunction.java:74)	13:21:4
2
isPresent	 >>>>>> (GlobalFunction.java:74)	13:21:4
isPresent	 >>>>>> (GlobalFunction.java:74)	13:21:4
isPresent	 >>>>>> (GlobalFunction.java:74)	13:21:4
Thread Local getDrive()	 >>>>>> (DriverHandler.java:87)	13:21:4
Thread Local getDrive()	 >>>>>> (DriverHandler.java:87)	13:21:4
Thread Local getDrive()	 >>>>>> (DriverHandler.java:87)	13:21:5
waitForElementClickabality	 >>>>>> (GlobalFunction.java:74)	13:21:5
2
isPresent	 >>>>>> (GlobalFunction.java:74)	13:21:6
3
isPresent	 >>>>>> (GlobalFunction.java:74)	13:21:8
click	 >>>>>> (GlobalFunction.java:74)	13:21:9
waitForElement	 >>>>>> (GlobalFunction.java:74)	13:21:10
isPresent	 >>>>>> (GlobalFunction.java:74)	13:21:10
isPresent	 >>>>>> (GlobalFunction.java:74)	13:21:10
click	 >>>>>> (GlobalFunction.java:74)	13:21:10
embedScreenshot	 >>>>>> (GlobalFunction.java:74)	13:21:10
Thread Local getDrive()	 >>>>>> (DriverHandler.java:87)	13:21:10
4
isPresent	 >>>>>> (GlobalFunction.java:74)	13:21:10
5
isPresent	 >>>>>> (GlobalFunction.java:74)	13:21:13
isPresent	 >>>>>> (GlobalFunction.java:74)	13:21:13
getText	 >>>>>> (GlobalFunction.java:74)	13:21:13
notification for Set up Project: 3	 >>>>>> (IsgLandingPage.java:224)	13:21:13
embedScreenshot	 >>>>>> (GlobalFunction.java:74)	13:21:13
Thread Local getDrive()	 >>>>>> (DriverHandler.java:87)	13:21:13
zAssertTrue	 >>>>>> (GlobalFunction.java:74)	13:21:13
waitForElement	 >>>>>> (GlobalFunction.java:74)	13:21:15
isPresent	 >>>>>> (GlobalFunction.java:74)	13:21:15
isPresent	 >>>>>> (GlobalFunction.java:74)	13:21:15
embedScreenshot	 >>>>>> (GlobalFunction.java:74)	13:21:16
Thread Local getDrive()	 >>>>>> (DriverHandler.java:87)	13:21:16
>>>ExcelInput  ActiveTransactionProjectContact  - AddContact  - AttorneyFirstName	 >>>>>> (ExcelInput.java:14)	13:21:16
clearAndEnterText	 >>>>>> (GlobalFunction.java:74)	13:21:16
1 row(s) affected	 >>>>>> (Connection.java:73)	13:21:16
1 row(s) affected	 >>>>>> (Connection.java:73)	13:21:16
1 row(s) affected	 >>>>>> (Connection.java:73)	13:21:16


[ERROR]	 Attempt 1 of 1 to execute  [FAILED]	 >>>>>> (ActiveTransactionProjectContact.java:44)	13:21:16
Feature :	ActiveTransactionProjectContact	 >>>>>> (ActiveTransactionProjectContact.java:60)	13:21:16
Scenario :	Verify user able add Lead Attorney to Project contact list	 >>>>>> (ActiveTransactionProjectContact.java:61)	13:21:16
DataSetName :	AddContact
	 >>>>>> (ActiveTransactionProjectContact.java:62)	13:21:16
[INFO]	 Not going to attempt again.	 >>>>>> (ActiveTransactionProjectContact.java:50)	13:21:16
]]></system-out>
    <system-err><![CDATA[177050 [TestNG-tests-3] INFO io.github.bonigarcia.wdm.WebDriverManager - Using chromedriver 122.0.6261.111 (resolved driver for Chrome 122)
177062 [TestNG-tests-3] INFO io.github.bonigarcia.wdm.WebDriverManager - Exporting webdriver.chrome.driver as C:\Users\vs106039\.cache\selenium\chromedriver\win64\122.0.6261.111\chromedriver.exe
Starting ChromeDriver 122.0.6261.111 (9d4c1072da62b411b351a38b9ed6214ab236aa7b-refs/branch-heads/6261@{#1015}) on port 24233
Only local connections are allowed.
Please see https://chromedriver.chromium.org/security-considerations for suggestions on keeping ChromeDriver safe.
ChromeDriver was started successfully.
Mar 12, 2024 1:20:48 PM org.openqa.selenium.remote.ProtocolHandshake createSession
INFO: Detected dialect: W3C
com.codoid.products.exception.FilloException: No records found
	at com.codoid.products.fillo.Recordset.<init>(Recordset.java:40)
	at com.codoid.products.fillo.Recordset.where(Recordset.java:220)
	at com.zensar.excel.ExcelInput.fetchData(ExcelInput.java:18)
	at com.zensar.scriptutils.GlobalFunction.getTestDataValue(GlobalFunction.java:1796)
	at com.zensar.pageobjects.ProjectContact.AddAttorneyFirstName(ProjectContact.java:232)
	at com.zensar.stepDefinations.ActiveTransactionProjectContactStepDefinitions.add_Lead_Attorney_First_Name(ActiveTransactionProjectContactStepDefinitions.java:90)
	at sun.reflect.NativeMethodAccessorImpl.invoke0(Native Method)
	at sun.reflect.NativeMethodAccessorImpl.invoke(NativeMethodAccessorImpl.java:62)
	at sun.reflect.DelegatingMethodAccessorImpl.invoke(DelegatingMethodAccessorImpl.java:43)
	at java.lang.reflect.Method.invoke(Method.java:498)
	at cucumber.runtime.Utils$1.call(Utils.java:26)
	at cucumber.runtime.Timeout.timeout(Timeout.java:16)
	at cucumber.runtime.Utils.invoke(Utils.java:20)
	at cucumber.runtime.java.JavaStepDefinition.execute(JavaStepDefinition.java:49)
	at cucumber.runner.PickleStepDefinitionMatch.runStep(PickleStepDefinitionMatch.java:50)
	at cucumber.runner.TestStep.executeStep(TestStep.java:63)
	at cucumber.runner.TestStep.run(TestStep.java:49)
	at cucumber.runner.PickleStepTestStep.run(PickleStepTestStep.java:43)
	at cucumber.runner.TestCase.run(TestCase.java:44)
	at cucumber.runner.Runner.runPickle(Runner.java:40)
	at cucumber.api.testng.TestNGCucumberRunner.runScenario(TestNGCucumberRunner.java:68)
	at com.zensar.runner.ActiveTransactionProjectContact.feature(ActiveTransactionProjectContact.java:37)
	at sun.reflect.NativeMethodAccessorImpl.invoke0(Native Method)
	at sun.reflect.NativeMethodAccessorImpl.invoke(NativeMethodAccessorImpl.java:62)
	at sun.reflect.DelegatingMethodAccessorImpl.invoke(DelegatingMethodAccessorImpl.java:43)
	at java.lang.reflect.Method.invoke(Method.java:498)
	at org.testng.internal.MethodInvocationHelper.invokeMethod(MethodInvocationHelper.java:124)
	at org.testng.internal.Invoker.invokeMethod(Invoker.java:583)
	at org.testng.internal.Invoker.invokeTestMethod(Invoker.java:719)
	at org.testng.internal.Invoker.invokeTestMethods(Invoker.java:989)
	at org.testng.internal.TestMethodWorker.invokeTestMethods(TestMethodWorker.java:125)
	at org.testng.internal.TestMethodWorker.run(TestMethodWorker.java:109)
	at org.testng.TestRunner.privateRun(TestRunner.java:648)
	at org.testng.TestRunner.run(TestRunner.java:505)
	at org.testng.SuiteRunner.runTest(SuiteRunner.java:455)
	at org.testng.SuiteRunner.access$000(SuiteRunner.java:40)
	at org.testng.SuiteRunner$SuiteWorker.run(SuiteRunner.java:489)
	at org.testng.internal.thread.ThreadUtil$1.call(ThreadUtil.java:52)
	at java.util.concurrent.FutureTask.run(FutureTask.java:266)
	at java.util.concurrent.ThreadPoolExecutor.runWorker(ThreadPoolExecutor.java:1149)
	at java.util.concurrent.ThreadPoolExecutor$Worker.run(ThreadPoolExecutor.java:624)
	at java.lang.Thread.run(Thread.java:748)
java.lang.IllegalArgumentException: Keys to send should be a not null CharSequence
	at org.openqa.selenium.remote.RemoteWebElement.sendKeys(RemoteWebElement.java:97)
	at sun.reflect.GeneratedMethodAccessor17.invoke(Unknown Source)
	at sun.reflect.DelegatingMethodAccessorImpl.invoke(DelegatingMethodAccessorImpl.java:43)
	at java.lang.reflect.Method.invoke(Method.java:498)
	at org.openqa.selenium.support.events.EventFiringWebDriver$EventFiringWebElement.lambda$new$0(EventFiringWebDriver.java:404)
	at com.sun.proxy.$Proxy29.sendKeys(Unknown Source)
	at org.openqa.selenium.support.events.EventFiringWebDriver$EventFiringWebElement.sendKeys(EventFiringWebDriver.java:429)
	at sun.reflect.GeneratedMethodAccessor17.invoke(Unknown Source)
	at sun.reflect.DelegatingMethodAccessorImpl.invoke(DelegatingMethodAccessorImpl.java:43)
	at java.lang.reflect.Method.invoke(Method.java:498)
	at org.openqa.selenium.support.pagefactory.internal.LocatingElementHandler.invoke(LocatingElementHandler.java:51)
	at com.sun.proxy.$Proxy28.sendKeys(Unknown Source)
	at com.zensar.scriptutils.GlobalFunction.clearAndEnterText(GlobalFunction.java:727)
	at com.zensar.pageobjects.ProjectContact.AddAttorneyFirstName(ProjectContact.java:232)
	at com.zensar.stepDefinations.ActiveTransactionProjectContactStepDefinitions.add_Lead_Attorney_First_Name(ActiveTransactionProjectContactStepDefinitions.java:90)
	at ✽.Add Lead Attorney First Name(src/main/java/com/zensar/features/ActiveTransactionProjectContact.feature:46)
]]></system-err>
  </testcase>
  <testcase name="feature[com.zensar.scriptutils.PickleWrapper@34c6ae68](4)" classname="com.zensar.runner.ActiveTransactionProjectContact" time="36.71">
    <system-out><![CDATA[[INFO]	 Attempt 1 of 1 to execute 	 >>>>>> (SetupProject.java:35)	13:21:44
Feature :	SetupProject	 >>>>>> (SetupProject.java:60)	13:21:44
Scenario :	Verify user able to Setup new Project with email validation	 >>>>>> (SetupProject.java:61)	13:21:44
DataSetName :	ValidLogin
	 >>>>>> (SetupProject.java:62)	13:21:44
SCENARIO STATE Init	 >>>>>> (Hooks.java:24)	13:21:44
getText	 >>>>>> (GlobalFunction.java:74)	13:21:44
Number of Active Transaction: Active transactions (2)	 >>>>>> (ProjectContact.java:113)	13:21:44
embedScreenshot	 >>>>>> (GlobalFunction.java:74)	13:21:44
Thread Local getDrive()	 >>>>>> (DriverHandler.java:87)	13:21:44
zAssertTrue	 >>>>>> (GlobalFunction.java:74)	13:21:44
waitForElement	 >>>>>> (GlobalFunction.java:74)	13:21:44
isPresent	 >>>>>> (GlobalFunction.java:74)	13:21:44
isPresent	 >>>>>> (GlobalFunction.java:74)	13:21:44
Thread Local getDrive()	 >>>>>> (DriverHandler.java:87)	13:21:46
3 columns(s) affected	 >>>>>> (Connection.java:93)	13:21:46
1 row(s) affected	 >>>>>> (Connection.java:73)	13:21:46
1 row(s) affected	 >>>>>> (Connection.java:73)	13:21:46
1 row(s) affected	 >>>>>> (Connection.java:73)	13:21:46
BROWSER STACK SESSION : 	 >>>>>> (OutputSheetLogger.java:174)	13:21:46
Thread Local getDrive()	 >>>>>> (DriverHandler.java:87)	13:21:46
891e33438669a8baccc6c49b2637a0aa	 >>>>>> (OutputSheetLogger.java:175)	13:21:46
Entered try in open	 >>>>>> (IsgLandingPage.java:145)	13:21:46
embedScreenshot	 >>>>>> (GlobalFunction.java:74)	13:21:51
highlightElement	 >>>>>> (GlobalFunction.java:74)	13:21:51
Thread Local getDrive()	 >>>>>> (DriverHandler.java:87)	13:21:51
unHighlightElement	 >>>>>> (GlobalFunction.java:74)	13:21:52
forceClick	 >>>>>> (GlobalFunction.java:74)	13:21:52
Clicked Login	 >>>>>> (IsgLandingPage.java:179)	13:21:53
click	 >>>>>> (GlobalFunction.java:74)	13:21:54
embedScreenshot	 >>>>>> (GlobalFunction.java:74)	13:21:55
Thread Local getDrive()	 >>>>>> (DriverHandler.java:87)	13:21:55
waitForElement	 >>>>>> (GlobalFunction.java:74)	13:21:55
isPresent	 >>>>>> (GlobalFunction.java:74)	13:21:55
username : NGS3@isg-one.com	 >>>>>> (IsgLandingPage.java:181)	13:21:56
password : T|2txZ>UJs	 >>>>>> (IsgLandingPage.java:183)	13:21:56
embedScreenshot	 >>>>>> (GlobalFunction.java:74)	13:21:56
highlightElement	 >>>>>> (GlobalFunction.java:74)	13:21:56
Thread Local getDrive()	 >>>>>> (DriverHandler.java:87)	13:21:57
1
isPresent	 >>>>>> (GlobalFunction.java:74)	13:21:57
unHighlightElement	 >>>>>> (GlobalFunction.java:74)	13:21:57
click	 >>>>>> (GlobalFunction.java:74)	13:21:57
isPresent	 >>>>>> (GlobalFunction.java:74)	13:21:57
Thread Local getDrive()	 >>>>>> (DriverHandler.java:87)	13:21:57
Thread Local getDrive()	 >>>>>> (DriverHandler.java:87)	13:21:57
Thread Local getDrive()	 >>>>>> (DriverHandler.java:87)	13:21:57
isPresent	 >>>>>> (GlobalFunction.java:74)	13:21:57
waitForElement	 >>>>>> (GlobalFunction.java:74)	13:21:58
isPresent	 >>>>>> (GlobalFunction.java:74)	13:21:58
2
isPresent	 >>>>>> (GlobalFunction.java:74)	13:21:59
isPresent	 >>>>>> (GlobalFunction.java:74)	13:21:59
1
isPresent	 >>>>>> (GlobalFunction.java:74)	13:22:0
2
isPresent	 >>>>>> (GlobalFunction.java:74)	13:22:3
waitForceScrollClick	 >>>>>> (GlobalFunction.java:74)	13:22:4
waitForElement	 >>>>>> (GlobalFunction.java:74)	13:22:4
forceScrollToElement	 >>>>>> (GlobalFunction.java:74)	13:22:4
forceClick	 >>>>>> (GlobalFunction.java:74)	13:22:5
waitForElement	 >>>>>> (GlobalFunction.java:74)	13:22:5
isPresent	 >>>>>> (GlobalFunction.java:74)	13:22:5
3
isPresent	 >>>>>> (GlobalFunction.java:74)	13:22:5
1
isPresent	 >>>>>> (GlobalFunction.java:74)	13:22:7
4
isPresent	 >>>>>> (GlobalFunction.java:74)	13:22:7
2
isPresent	 >>>>>> (GlobalFunction.java:74)	13:22:9
isPresent	 >>>>>> (GlobalFunction.java:74)	13:22:9
5
isPresent	 >>>>>> (GlobalFunction.java:74)	13:22:9
isPresent	 >>>>>> (GlobalFunction.java:74)	13:22:10
getText	 >>>>>> (GlobalFunction.java:74)	13:22:10
notification for Set up Project: 3	 >>>>>> (IsgLandingPage.java:224)	13:22:10
embedScreenshot	 >>>>>> (GlobalFunction.java:74)	13:22:10
Thread Local getDrive()	 >>>>>> (DriverHandler.java:87)	13:22:10
zAssertTrue	 >>>>>> (GlobalFunction.java:74)	13:22:10
click	 >>>>>> (GlobalFunction.java:74)	13:22:14
embedScreenshot	 >>>>>> (GlobalFunction.java:74)	13:22:14
Thread Local getDrive()	 >>>>>> (DriverHandler.java:87)	13:22:14
click	 >>>>>> (GlobalFunction.java:74)	13:22:15
waitForElement	 >>>>>> (GlobalFunction.java:74)	13:22:15
isPresent	 >>>>>> (GlobalFunction.java:74)	13:22:15
isPresent	 >>>>>> (GlobalFunction.java:74)	13:22:15
click	 >>>>>> (GlobalFunction.java:74)	13:22:15
embedScreenshot	 >>>>>> (GlobalFunction.java:74)	13:22:15
Thread Local getDrive()	 >>>>>> (DriverHandler.java:87)	13:22:15
waitForElement	 >>>>>> (GlobalFunction.java:74)	13:22:18
isPresent	 >>>>>> (GlobalFunction.java:74)	13:22:18
isPresent	 >>>>>> (GlobalFunction.java:74)	13:22:18
highlightElement	 >>>>>> (GlobalFunction.java:74)	13:22:18
embedScreenshot	 >>>>>> (GlobalFunction.java:74)	13:22:18
Thread Local getDrive()	 >>>>>> (DriverHandler.java:87)	13:22:18
isPresent	 >>>>>> (GlobalFunction.java:74)	13:22:18
zAssertTrue	 >>>>>> (GlobalFunction.java:74)	13:22:18
waitForElement	 >>>>>> (GlobalFunction.java:74)	13:22:18
isPresent	 >>>>>> (GlobalFunction.java:74)	13:22:18
isPresent	 >>>>>> (GlobalFunction.java:74)	13:22:19
getText	 >>>>>> (GlobalFunction.java:74)	13:22:19
notification for Set up Project: 8018122	 >>>>>> (IsgLandingPage.java:250)	13:22:19
zAssertTrue	 >>>>>> (GlobalFunction.java:74)	13:22:19
waitForElement	 >>>>>> (GlobalFunction.java:74)	13:22:19
isPresent	 >>>>>> (GlobalFunction.java:74)	13:22:19
isPresent	 >>>>>> (GlobalFunction.java:74)	13:22:19
getText	 >>>>>> (GlobalFunction.java:74)	13:22:19
notification for Set up Project: ACME Ventures	 >>>>>> (IsgLandingPage.java:255)	13:22:19
zAssertTrue	 >>>>>> (GlobalFunction.java:74)	13:22:19
waitForElement	 >>>>>> (GlobalFunction.java:74)	13:22:19
isPresent	 >>>>>> (GlobalFunction.java:74)	13:22:19
isPresent	 >>>>>> (GlobalFunction.java:74)	13:22:19
getText	 >>>>>> (GlobalFunction.java:74)	13:22:19
notification for Set up Project: ACME NGS Train 98	 >>>>>> (IsgLandingPage.java:260)	13:22:19
zAssertTrue	 >>>>>> (GlobalFunction.java:74)	13:22:19
waitForElement	 >>>>>> (GlobalFunction.java:74)	13:22:19
isPresent	 >>>>>> (GlobalFunction.java:74)	13:22:19
isPresent	 >>>>>> (GlobalFunction.java:74)	13:22:19
getText	 >>>>>> (GlobalFunction.java:74)	13:22:19
notification for Set up Project: Kathy Rudy	 >>>>>> (IsgLandingPage.java:265)	13:22:19
zAssertTrue	 >>>>>> (GlobalFunction.java:74)	13:22:19
waitForElement	 >>>>>> (GlobalFunction.java:74)	13:22:19
isPresent	 >>>>>> (GlobalFunction.java:74)	13:22:19
isPresent	 >>>>>> (GlobalFunction.java:74)	13:22:19
getText	 >>>>>> (GlobalFunction.java:74)	13:22:19
notification for Set up Project: Sourcing 3 Next Gen	 >>>>>> (IsgLandingPage.java:270)	13:22:19
zAssertTrue	 >>>>>> (GlobalFunction.java:74)	13:22:19
waitForElement	 >>>>>> (GlobalFunction.java:74)	13:22:19
isPresent	 >>>>>> (GlobalFunction.java:74)	13:22:19
isPresent	 >>>>>> (GlobalFunction.java:74)	13:22:19
getText	 >>>>>> (GlobalFunction.java:74)	13:22:19
notification for Set up Project: 01 Mar 2024	 >>>>>> (IsgLandingPage.java:275)	13:22:19
zAssertTrue	 >>>>>> (GlobalFunction.java:74)	13:22:19
waitForElement	 >>>>>> (GlobalFunction.java:74)	13:22:19
isPresent	 >>>>>> (GlobalFunction.java:74)	13:22:19
isPresent	 >>>>>> (GlobalFunction.java:74)	13:22:20
getText	 >>>>>> (GlobalFunction.java:74)	13:22:20
notification for Set up Project: 11 Jun 2024	 >>>>>> (IsgLandingPage.java:280)	13:22:20
zAssertTrue	 >>>>>> (GlobalFunction.java:74)	13:22:20
waitForElement	 >>>>>> (GlobalFunction.java:74)	13:22:20
isPresent	 >>>>>> (GlobalFunction.java:74)	13:22:20
isPresent	 >>>>>> (GlobalFunction.java:74)	13:22:20
getText	 >>>>>> (GlobalFunction.java:74)	13:22:20
notification for Set up Project: USA	 >>>>>> (IsgLandingPage.java:285)	13:22:20
zAssertTrue	 >>>>>> (GlobalFunction.java:74)	13:22:20
waitForElement	 >>>>>> (GlobalFunction.java:74)	13:22:20
isPresent	 >>>>>> (GlobalFunction.java:74)	13:22:20
isPresent	 >>>>>> (GlobalFunction.java:74)	13:22:20
getText	 >>>>>> (GlobalFunction.java:74)	13:22:20
notification for Set up Project: Consumer Services	 >>>>>> (IsgLandingPage.java:290)	13:22:20
embedScreenshot	 >>>>>> (GlobalFunction.java:74)	13:22:20
Thread Local getDrive()	 >>>>>> (DriverHandler.java:87)	13:22:20
zAssertTrue	 >>>>>> (GlobalFunction.java:74)	13:22:20
waitForElement	 >>>>>> (GlobalFunction.java:74)	13:22:20
isPresent	 >>>>>> (GlobalFunction.java:74)	13:22:20
isPresent	 >>>>>> (GlobalFunction.java:74)	13:22:20
embedScreenshot	 >>>>>> (GlobalFunction.java:74)	13:22:20
Thread Local getDrive()	 >>>>>> (DriverHandler.java:87)	13:22:20
>>>ExcelInput  ActiveTransactionProjectContact  - AddContact  - AttorneyFirstName	 >>>>>> (ExcelInput.java:14)	13:22:21
clearAndEnterText	 >>>>>> (GlobalFunction.java:74)	13:22:21
1 row(s) affected	 >>>>>> (Connection.java:73)	13:22:21
1 row(s) affected	 >>>>>> (Connection.java:73)	13:22:21
1 row(s) affected	 >>>>>> (Connection.java:73)	13:22:21


[ERROR]	 Attempt 1 of 1 to execute  [FAILED]	 >>>>>> (ActiveTransactionProjectContact.java:44)	13:22:21
Feature :	ActiveTransactionProjectContact	 >>>>>> (ActiveTransactionProjectContact.java:60)	13:22:21
Scenario :	Verify user able add Lead Attorney to Project contact list After adding only required field	 >>>>>> (ActiveTransactionProjectContact.java:61)	13:22:21
DataSetName :	AddContact
	 >>>>>> (ActiveTransactionProjectContact.java:62)	13:22:21
[INFO]	 Not going to attempt again.	 >>>>>> (ActiveTransactionProjectContact.java:50)	13:22:21
]]></system-out>
    <system-err><![CDATA[235060 [TestNG-tests-3] INFO io.github.bonigarcia.wdm.WebDriverManager - Using chromedriver 122.0.6261.111 (resolved driver for Chrome 122)
235072 [TestNG-tests-3] INFO io.github.bonigarcia.wdm.WebDriverManager - Exporting webdriver.chrome.driver as C:\Users\vs106039\.cache\selenium\chromedriver\win64\122.0.6261.111\chromedriver.exe
Starting ChromeDriver 122.0.6261.111 (9d4c1072da62b411b351a38b9ed6214ab236aa7b-refs/branch-heads/6261@{#1015}) on port 42852
Only local connections are allowed.
Please see https://chromedriver.chromium.org/security-considerations for suggestions on keeping ChromeDriver safe.
ChromeDriver was started successfully.
Mar 12, 2024 1:21:46 PM org.openqa.selenium.remote.ProtocolHandshake createSession
INFO: Detected dialect: W3C
com.codoid.products.exception.FilloException: No records found
	at com.codoid.products.fillo.Recordset.<init>(Recordset.java:40)
	at com.codoid.products.fillo.Recordset.where(Recordset.java:220)
	at com.zensar.excel.ExcelInput.fetchData(ExcelInput.java:18)
	at com.zensar.scriptutils.GlobalFunction.getTestDataValue(GlobalFunction.java:1796)
	at com.zensar.pageobjects.ProjectContact.AddAttorneyFirstName(ProjectContact.java:232)
	at com.zensar.stepDefinations.ActiveTransactionProjectContactStepDefinitions.add_Lead_Attorney_First_Name(ActiveTransactionProjectContactStepDefinitions.java:90)
	at sun.reflect.NativeMethodAccessorImpl.invoke0(Native Method)
	at sun.reflect.NativeMethodAccessorImpl.invoke(NativeMethodAccessorImpl.java:62)
	at sun.reflect.DelegatingMethodAccessorImpl.invoke(DelegatingMethodAccessorImpl.java:43)
	at java.lang.reflect.Method.invoke(Method.java:498)
	at cucumber.runtime.Utils$1.call(Utils.java:26)
	at cucumber.runtime.Timeout.timeout(Timeout.java:16)
	at cucumber.runtime.Utils.invoke(Utils.java:20)
	at cucumber.runtime.java.JavaStepDefinition.execute(JavaStepDefinition.java:49)
	at cucumber.runner.PickleStepDefinitionMatch.runStep(PickleStepDefinitionMatch.java:50)
	at cucumber.runner.TestStep.executeStep(TestStep.java:63)
	at cucumber.runner.TestStep.run(TestStep.java:49)
	at cucumber.runner.PickleStepTestStep.run(PickleStepTestStep.java:43)
	at cucumber.runner.TestCase.run(TestCase.java:44)
	at cucumber.runner.Runner.runPickle(Runner.java:40)
	at cucumber.api.testng.TestNGCucumberRunner.runScenario(TestNGCucumberRunner.java:68)
	at com.zensar.runner.ActiveTransactionProjectContact.feature(ActiveTransactionProjectContact.java:37)
	at sun.reflect.NativeMethodAccessorImpl.invoke0(Native Method)
	at sun.reflect.NativeMethodAccessorImpl.invoke(NativeMethodAccessorImpl.java:62)
	at sun.reflect.DelegatingMethodAccessorImpl.invoke(DelegatingMethodAccessorImpl.java:43)
	at java.lang.reflect.Method.invoke(Method.java:498)
	at org.testng.internal.MethodInvocationHelper.invokeMethod(MethodInvocationHelper.java:124)
	at org.testng.internal.Invoker.invokeMethod(Invoker.java:583)
	at org.testng.internal.Invoker.invokeTestMethod(Invoker.java:719)
	at org.testng.internal.Invoker.invokeTestMethods(Invoker.java:989)
	at org.testng.internal.TestMethodWorker.invokeTestMethods(TestMethodWorker.java:125)
	at org.testng.internal.TestMethodWorker.run(TestMethodWorker.java:109)
	at org.testng.TestRunner.privateRun(TestRunner.java:648)
	at org.testng.TestRunner.run(TestRunner.java:505)
	at org.testng.SuiteRunner.runTest(SuiteRunner.java:455)
	at org.testng.SuiteRunner.access$000(SuiteRunner.java:40)
	at org.testng.SuiteRunner$SuiteWorker.run(SuiteRunner.java:489)
	at org.testng.internal.thread.ThreadUtil$1.call(ThreadUtil.java:52)
	at java.util.concurrent.FutureTask.run(FutureTask.java:266)
	at java.util.concurrent.ThreadPoolExecutor.runWorker(ThreadPoolExecutor.java:1149)
	at java.util.concurrent.ThreadPoolExecutor$Worker.run(ThreadPoolExecutor.java:624)
	at java.lang.Thread.run(Thread.java:748)
java.lang.IllegalArgumentException: Keys to send should be a not null CharSequence
	at org.openqa.selenium.remote.RemoteWebElement.sendKeys(RemoteWebElement.java:97)
	at sun.reflect.GeneratedMethodAccessor17.invoke(Unknown Source)
	at sun.reflect.DelegatingMethodAccessorImpl.invoke(DelegatingMethodAccessorImpl.java:43)
	at java.lang.reflect.Method.invoke(Method.java:498)
	at org.openqa.selenium.support.events.EventFiringWebDriver$EventFiringWebElement.lambda$new$0(EventFiringWebDriver.java:404)
	at com.sun.proxy.$Proxy29.sendKeys(Unknown Source)
	at org.openqa.selenium.support.events.EventFiringWebDriver$EventFiringWebElement.sendKeys(EventFiringWebDriver.java:429)
	at sun.reflect.GeneratedMethodAccessor17.invoke(Unknown Source)
	at sun.reflect.DelegatingMethodAccessorImpl.invoke(DelegatingMethodAccessorImpl.java:43)
	at java.lang.reflect.Method.invoke(Method.java:498)
	at org.openqa.selenium.support.pagefactory.internal.LocatingElementHandler.invoke(LocatingElementHandler.java:51)
	at com.sun.proxy.$Proxy28.sendKeys(Unknown Source)
	at com.zensar.scriptutils.GlobalFunction.clearAndEnterText(GlobalFunction.java:727)
	at com.zensar.pageobjects.ProjectContact.AddAttorneyFirstName(ProjectContact.java:232)
	at com.zensar.stepDefinations.ActiveTransactionProjectContactStepDefinitions.add_Lead_Attorney_First_Name(ActiveTransactionProjectContactStepDefinitions.java:90)
	at ✽.Add Lead Attorney First Name(src/main/java/com/zensar/features/ActiveTransactionProjectContact.feature:64)
]]></system-err>
  </testcase>
  <testcase name="feature[com.zensar.scriptutils.PickleWrapper@65ff8317](1)" classname="com.zensar.runner.ActiveTransaction" time="5.926">
    <system-out><![CDATA[[INFO]	 Attempt 1 of 1 to execute 	 >>>>>> (ActiveTransactionProjectContact.java:35)	13:19:1
Feature :	ActiveTransactionProjectContact	 >>>>>> (ActiveTransactionProjectContact.java:60)	13:19:1
Scenario :	Verify user able add Client to Project contact list after adding only Required field	 >>>>>> (ActiveTransactionProjectContact.java:61)	13:19:1
DataSetName :	AddContact
	 >>>>>> (ActiveTransactionProjectContact.java:62)	13:19:1
SCENARIO STATE Init	 >>>>>> (Hooks.java:24)	13:19:1
click	 >>>>>> (GlobalFunction.java:74)	13:19:2
embedScreenshot	 >>>>>> (GlobalFunction.java:74)	13:19:2
Thread Local getDrive()	 >>>>>> (DriverHandler.java:87)	13:19:2
isPresent	 >>>>>> (GlobalFunction.java:74)	13:19:3
zAssertTrue	 >>>>>> (GlobalFunction.java:74)	13:19:3
2
isPresent	 >>>>>> (GlobalFunction.java:74)	13:19:3
Thread Local getDrive()	 >>>>>> (DriverHandler.java:87)	13:19:3
3 columns(s) affected	 >>>>>> (Connection.java:93)	13:19:3
1 row(s) affected	 >>>>>> (Connection.java:73)	13:19:3
1 row(s) affected	 >>>>>> (Connection.java:73)	13:19:3
1 row(s) affected	 >>>>>> (Connection.java:73)	13:19:3
BROWSER STACK SESSION : 	 >>>>>> (OutputSheetLogger.java:174)	13:19:3
Thread Local getDrive()	 >>>>>> (DriverHandler.java:87)	13:19:3
3f7847c1641744d912e6b21e8609e6a6	 >>>>>> (OutputSheetLogger.java:175)	13:19:3
Entered try in open	 >>>>>> (IsgLandingPage.java:145)	13:19:3
3
isPresent	 >>>>>> (GlobalFunction.java:74)	13:19:5
click	 >>>>>> (GlobalFunction.java:74)	13:19:7
1 row(s) affected	 >>>>>> (Connection.java:73)	13:19:7
1 row(s) affected	 >>>>>> (Connection.java:73)	13:19:7
1 row(s) affected	 >>>>>> (Connection.java:73)	13:19:7


[ERROR]	 Attempt 1 of 1 to execute  [FAILED]	 >>>>>> (ActiveTransaction.java:44)	13:19:7
Feature :	ActiveTransaction	 >>>>>> (ActiveTransaction.java:60)	13:19:7
Scenario :	Verify user able Update project Overview	 >>>>>> (ActiveTransaction.java:61)	13:19:7
DataSetName :	ValidLogin
	 >>>>>> (ActiveTransaction.java:62)	13:19:7
[INFO]	 Not going to attempt again.	 >>>>>> (ActiveTransaction.java:50)	13:19:7
]]></system-out>
    <system-err><![CDATA[72145 [TestNG-tests-1] INFO io.github.bonigarcia.wdm.WebDriverManager - Using chromedriver 122.0.6261.111 (resolved driver for Chrome 122)
72159 [TestNG-tests-1] INFO io.github.bonigarcia.wdm.WebDriverManager - Exporting webdriver.chrome.driver as C:\Users\vs106039\.cache\selenium\chromedriver\win64\122.0.6261.111\chromedriver.exe
Starting ChromeDriver 122.0.6261.111 (9d4c1072da62b411b351a38b9ed6214ab236aa7b-refs/branch-heads/6261@{#1015}) on port 12027
Only local connections are allowed.
Please see https://chromedriver.chromium.org/security-considerations for suggestions on keeping ChromeDriver safe.
ChromeDriver was started successfully.
Mar 12, 2024 1:19:03 PM org.openqa.selenium.remote.ProtocolHandshake createSession
INFO: Detected dialect: W3C
org.openqa.selenium.json.JsonException: java.lang.reflect.InvocationTargetException
Build info: version: '3.141.59', revision: 'e82be7d358', time: '2018-11-14T08:17:03'
System info: host: 'EUROW42SLPC5721', ip: '192.168.29.116', os.name: 'Windows 10', os.arch: 'amd64', os.version: '10.0', java.version: '1.8.0_221'
Driver info: driver.version: EventFiringWebDriver
	at org.openqa.selenium.json.JsonOutput.convertUsingMethod(JsonOutput.java:332)
	at org.openqa.selenium.json.JsonOutput.lambda$new$16(JsonOutput.java:155)
	at org.openqa.selenium.json.JsonOutput.write(JsonOutput.java:264)
	at org.openqa.selenium.json.JsonOutput.lambda$null$21(JsonOutput.java:168)
	at java.util.LinkedHashMap$LinkedValues.forEach(LinkedHashMap.java:608)
	at org.openqa.selenium.json.JsonOutput.lambda$new$22(JsonOutput.java:168)
	at org.openqa.selenium.json.JsonOutput.write(JsonOutput.java:264)
	at org.openqa.selenium.json.JsonOutput.lambda$null$23(JsonOutput.java:177)
	at com.google.common.collect.SingletonImmutableBiMap.forEach(SingletonImmutableBiMap.java:65)
	at org.openqa.selenium.json.JsonOutput.lambda$new$24(JsonOutput.java:176)
	at org.openqa.selenium.json.JsonOutput.write(JsonOutput.java:264)
	at org.openqa.selenium.json.JsonOutput.write(JsonOutput.java:255)
	at org.openqa.selenium.json.Json.toJson(Json.java:42)
	at org.openqa.selenium.remote.http.AbstractHttpCommandCodec.encode(AbstractHttpCommandCodec.java:227)
	at org.openqa.selenium.remote.http.AbstractHttpCommandCodec.encode(AbstractHttpCommandCodec.java:117)
	at org.openqa.selenium.remote.HttpCommandExecutor.execute(HttpCommandExecutor.java:152)
	at org.openqa.selenium.remote.service.DriverCommandExecutor.execute(DriverCommandExecutor.java:83)
	at org.openqa.selenium.remote.RemoteWebDriver.execute(RemoteWebDriver.java:552)
	at org.openqa.selenium.remote.RemoteWebDriver.perform(RemoteWebDriver.java:618)
	at sun.reflect.GeneratedMethodAccessor19.invoke(Unknown Source)
	at sun.reflect.DelegatingMethodAccessorImpl.invoke(DelegatingMethodAccessorImpl.java:43)
	at java.lang.reflect.Method.invoke(Method.java:498)
	at org.openqa.selenium.support.events.EventFiringWebDriver.lambda$new$1(EventFiringWebDriver.java:105)
	at com.sun.proxy.$Proxy25.perform(Unknown Source)
	at org.openqa.selenium.support.events.EventFiringWebDriver.perform(EventFiringWebDriver.java:360)
	at org.openqa.selenium.interactions.Actions$BuiltAction.perform(Actions.java:639)
	at com.zensar.scriptutils.GlobalFunction.click(GlobalFunction.java:408)
	at com.zensar.pageobjects.ProjectDetails.providerWell(ProjectDetails.java:354)
	at com.zensar.stepDefinations.ActiveTransactionStepDefinitions.what_provider_well(ActiveTransactionStepDefinitions.java:71)
	at ✽.What provider do well(src/main/java/com/zensar/features/ActiveTransaction.feature:19)
	Suppressed: org.openqa.selenium.json.JsonException: Attempting to close incomplete json stream
Build info: version: '3.141.59', revision: 'e82be7d358', time: '2018-11-14T08:17:03'
System info: host: 'EUROW42SLPC5721', ip: '192.168.29.116', os.name: 'Windows 10', os.arch: 'amd64', os.version: '10.0', java.version: '1.8.0_221'
Driver info: driver.version: EventFiringWebDriver
		at org.openqa.selenium.json.JsonOutput.close(JsonOutput.java:279)
		at org.openqa.selenium.json.Json.toJson(Json.java:44)
		at org.openqa.selenium.remote.http.AbstractHttpCommandCodec.encode(AbstractHttpCommandCodec.java:227)
		at org.openqa.selenium.remote.http.AbstractHttpCommandCodec.encode(AbstractHttpCommandCodec.java:117)
		at org.openqa.selenium.remote.HttpCommandExecutor.execute(HttpCommandExecutor.java:152)
		at org.openqa.selenium.remote.service.DriverCommandExecutor.execute(DriverCommandExecutor.java:83)
		at org.openqa.selenium.remote.RemoteWebDriver.execute(RemoteWebDriver.java:552)
		at org.openqa.selenium.remote.RemoteWebDriver.perform(RemoteWebDriver.java:618)
		at sun.reflect.GeneratedMethodAccessor19.invoke(Unknown Source)
		at sun.reflect.DelegatingMethodAccessorImpl.invoke(DelegatingMethodAccessorImpl.java:43)
		at java.lang.reflect.Method.invoke(Method.java:498)
		at org.openqa.selenium.support.events.EventFiringWebDriver.lambda$new$1(EventFiringWebDriver.java:105)
		at com.sun.proxy.$Proxy25.perform(Unknown Source)
		at org.openqa.selenium.support.events.EventFiringWebDriver.perform(EventFiringWebDriver.java:360)
		at org.openqa.selenium.interactions.Actions$BuiltAction.perform(Actions.java:639)
		at com.zensar.scriptutils.GlobalFunction.click(GlobalFunction.java:408)
		at com.zensar.pageobjects.ProjectDetails.providerWell(ProjectDetails.java:354)
		at com.zensar.stepDefinations.ActiveTransactionStepDefinitions.what_provider_well(ActiveTransactionStepDefinitions.java:71)
		at sun.reflect.NativeMethodAccessorImpl.invoke0(Native Method)
		at sun.reflect.NativeMethodAccessorImpl.invoke(NativeMethodAccessorImpl.java:62)
		at sun.reflect.DelegatingMethodAccessorImpl.invoke(DelegatingMethodAccessorImpl.java:43)
		at java.lang.reflect.Method.invoke(Method.java:498)
		at cucumber.runtime.Utils$1.call(Utils.java:26)
		at cucumber.runtime.Timeout.timeout(Timeout.java:16)
		at cucumber.runtime.Utils.invoke(Utils.java:20)
		at cucumber.runtime.java.JavaStepDefinition.execute(JavaStepDefinition.java:49)
		at cucumber.runner.PickleStepDefinitionMatch.runStep(PickleStepDefinitionMatch.java:50)
		at cucumber.runner.TestStep.executeStep(TestStep.java:63)
		at cucumber.runner.TestStep.run(TestStep.java:49)
		at cucumber.runner.PickleStepTestStep.run(PickleStepTestStep.java:43)
		at cucumber.runner.TestCase.run(TestCase.java:44)
		at cucumber.runner.Runner.runPickle(Runner.java:40)
		at cucumber.api.testng.TestNGCucumberRunner.runScenario(TestNGCucumberRunner.java:68)
		at com.zensar.runner.ActiveTransaction.feature(ActiveTransaction.java:37)
		at sun.reflect.NativeMethodAccessorImpl.invoke0(Native Method)
		at sun.reflect.NativeMethodAccessorImpl.invoke(NativeMethodAccessorImpl.java:62)
		at sun.reflect.DelegatingMethodAccessorImpl.invoke(DelegatingMethodAccessorImpl.java:43)
		at java.lang.reflect.Method.invoke(Method.java:498)
		at org.testng.internal.MethodInvocationHelper.invokeMethod(MethodInvocationHelper.java:124)
		at org.testng.internal.Invoker.invokeMethod(Invoker.java:583)
		at org.testng.internal.Invoker.invokeTestMethod(Invoker.java:719)
		at org.testng.internal.Invoker.invokeTestMethods(Invoker.java:989)
		at org.testng.internal.TestMethodWorker.invokeTestMethods(TestMethodWorker.java:125)
		at org.testng.internal.TestMethodWorker.run(TestMethodWorker.java:109)
		at org.testng.TestRunner.privateRun(TestRunner.java:648)
		at org.testng.TestRunner.run(TestRunner.java:505)
		at org.testng.SuiteRunner.runTest(SuiteRunner.java:455)
		at org.testng.SuiteRunner.access$000(SuiteRunner.java:40)
		at org.testng.SuiteRunner$SuiteWorker.run(SuiteRunner.java:489)
		at org.testng.internal.thread.ThreadUtil$1.call(ThreadUtil.java:52)
		at java.util.concurrent.FutureTask.run(FutureTask.java:266)
		at java.util.concurrent.ThreadPoolExecutor.runWorker(ThreadPoolExecutor.java:1149)
		at java.util.concurrent.ThreadPoolExecutor$Worker.run(ThreadPoolExecutor.java:624)
		at java.lang.Thread.run(Thread.java:748)
Caused by: java.lang.reflect.InvocationTargetException
	at sun.reflect.GeneratedMethodAccessor20.invoke(Unknown Source)
	at sun.reflect.DelegatingMethodAccessorImpl.invoke(DelegatingMethodAccessorImpl.java:43)
	at java.lang.reflect.Method.invoke(Method.java:498)
	at org.openqa.selenium.json.JsonOutput.convertUsingMethod(JsonOutput.java:328)
	at org.openqa.selenium.json.JsonOutput.lambda$new$16(JsonOutput.java:155)
	at org.openqa.selenium.json.JsonOutput.write(JsonOutput.java:264)
	at org.openqa.selenium.json.JsonOutput.lambda$null$21(JsonOutput.java:168)
	at java.util.LinkedHashMap$LinkedValues.forEach(LinkedHashMap.java:608)
	at org.openqa.selenium.json.JsonOutput.lambda$new$22(JsonOutput.java:168)
	at org.openqa.selenium.json.JsonOutput.write(JsonOutput.java:264)
	at org.openqa.selenium.json.JsonOutput.lambda$null$23(JsonOutput.java:177)
	at com.google.common.collect.SingletonImmutableBiMap.forEach(SingletonImmutableBiMap.java:65)
	at org.openqa.selenium.json.JsonOutput.lambda$new$24(JsonOutput.java:176)
	at org.openqa.selenium.json.JsonOutput.write(JsonOutput.java:264)
	at org.openqa.selenium.json.JsonOutput.write(JsonOutput.java:255)
	at org.openqa.selenium.json.Json.toJson(Json.java:42)
	at org.openqa.selenium.remote.http.AbstractHttpCommandCodec.encode(AbstractHttpCommandCodec.java:227)
	at org.openqa.selenium.remote.http.AbstractHttpCommandCodec.encode(AbstractHttpCommandCodec.java:117)
	at org.openqa.selenium.remote.HttpCommandExecutor.execute(HttpCommandExecutor.java:152)
	at org.openqa.selenium.remote.service.DriverCommandExecutor.execute(DriverCommandExecutor.java:83)
	at org.openqa.selenium.remote.RemoteWebDriver.execute(RemoteWebDriver.java:552)
	at org.openqa.selenium.remote.RemoteWebDriver.perform(RemoteWebDriver.java:618)
	at sun.reflect.GeneratedMethodAccessor19.invoke(Unknown Source)
	at sun.reflect.DelegatingMethodAccessorImpl.invoke(DelegatingMethodAccessorImpl.java:43)
	at java.lang.reflect.Method.invoke(Method.java:498)
	at org.openqa.selenium.support.events.EventFiringWebDriver.lambda$new$1(EventFiringWebDriver.java:105)
	at com.sun.proxy.$Proxy25.perform(Unknown Source)
	at org.openqa.selenium.support.events.EventFiringWebDriver.perform(EventFiringWebDriver.java:360)
	at org.openqa.selenium.interactions.Actions$BuiltAction.perform(Actions.java:639)
	at com.zensar.scriptutils.GlobalFunction.click(GlobalFunction.java:408)
	at com.zensar.pageobjects.ProjectDetails.providerWell(ProjectDetails.java:354)
	at com.zensar.stepDefinations.ActiveTransactionStepDefinitions.what_provider_well(ActiveTransactionStepDefinitions.java:71)
	at sun.reflect.NativeMethodAccessorImpl.invoke0(Native Method)
	at sun.reflect.NativeMethodAccessorImpl.invoke(NativeMethodAccessorImpl.java:62)
	at sun.reflect.DelegatingMethodAccessorImpl.invoke(DelegatingMethodAccessorImpl.java:43)
	at java.lang.reflect.Method.invoke(Method.java:498)
	at cucumber.runtime.Utils$1.call(Utils.java:26)
	at cucumber.runtime.Timeout.timeout(Timeout.java:16)
	at cucumber.runtime.Utils.invoke(Utils.java:20)
	at cucumber.runtime.java.JavaStepDefinition.execute(JavaStepDefinition.java:49)
	at cucumber.runner.PickleStepDefinitionMatch.runStep(PickleStepDefinitionMatch.java:50)
	at cucumber.runner.TestStep.executeStep(TestStep.java:63)
	at cucumber.runner.TestStep.run(TestStep.java:49)
	at cucumber.runner.PickleStepTestStep.run(PickleStepTestStep.java:43)
	at cucumber.runner.TestCase.run(TestCase.java:44)
	at cucumber.runner.Runner.runPickle(Runner.java:40)
	at cucumber.api.testng.TestNGCucumberRunner.runScenario(TestNGCucumberRunner.java:68)
	at com.zensar.runner.ActiveTransaction.feature(ActiveTransaction.java:37)
	at sun.reflect.NativeMethodAccessorImpl.invoke0(Native Method)
	at sun.reflect.NativeMethodAccessorImpl.invoke(NativeMethodAccessorImpl.java:62)
	at sun.reflect.DelegatingMethodAccessorImpl.invoke(DelegatingMethodAccessorImpl.java:43)
	at java.lang.reflect.Method.invoke(Method.java:498)
	at org.testng.internal.MethodInvocationHelper.invokeMethod(MethodInvocationHelper.java:124)
	at org.testng.internal.Invoker.invokeMethod(Invoker.java:583)
	at org.testng.internal.Invoker.invokeTestMethod(Invoker.java:719)
	at org.testng.internal.Invoker.invokeTestMethods(Invoker.java:989)
	at org.testng.internal.TestMethodWorker.invokeTestMethods(TestMethodWorker.java:125)
	at org.testng.internal.TestMethodWorker.run(TestMethodWorker.java:109)
	at org.testng.TestRunner.privateRun(TestRunner.java:648)
	at org.testng.TestRunner.run(TestRunner.java:505)
	at org.testng.SuiteRunner.runTest(SuiteRunner.java:455)
	at org.testng.SuiteRunner.access$000(SuiteRunner.java:40)
	at org.testng.SuiteRunner$SuiteWorker.run(SuiteRunner.java:489)
	at org.testng.internal.thread.ThreadUtil$1.call(ThreadUtil.java:52)
	at java.util.concurrent.FutureTask.run(FutureTask.java:266)
	at java.util.concurrent.ThreadPoolExecutor.runWorker(ThreadPoolExecutor.java:1149)
	at java.util.concurrent.ThreadPoolExecutor$Worker.run(ThreadPoolExecutor.java:624)
	at java.lang.Thread.run(Thread.java:748)
Caused by: org.openqa.selenium.InvalidSelectorException: invalid selector: Unable to locate an element with the xpath expression (//textarea[@class='sm-ta ng-untouched ng-pristine ng-valid ng-star-inserted'] because of the following error:
SyntaxError: Failed to execute 'evaluate' on 'Document': The string '(//textarea[@class='sm-ta ng-untouched ng-pristine ng-valid ng-star-inserted']' is not a valid XPath expression.
  (Session info: chrome=122.0.6261.112)
For documentation on this error, please visit: https://www.seleniumhq.org/exceptions/invalid_selector_exception.html
Build info: version: '3.141.59', revision: 'e82be7d358', time: '2018-11-14T08:17:03'
System info: host: 'EUROW42SLPC5721', ip: '192.168.29.116', os.name: 'Windows 10', os.arch: 'amd64', os.version: '10.0', java.version: '1.8.0_221'
Driver info: org.openqa.selenium.chrome.ChromeDriver
Capabilities {acceptInsecureCerts: false, browserName: chrome, browserVersion: 122.0.6261.112, chrome: {chromedriverVersion: 122.0.6261.111 (9d4c1072da6..., userDataDir: C:\Users\vs106039\AppData\L...}, fedcm:accounts: true, goog:chromeOptions: {debuggerAddress: localhost:52733}, javascriptEnabled: true, networkConnectionEnabled: false, pageLoadStrategy: normal, platform: WINDOWS, platformName: WINDOWS, proxy: Proxy(), setWindowRect: true, strictFileInteractability: false, timeouts: {implicit: 0, pageLoad: 300000, script: 30000}, unhandledPromptBehavior: dismiss and notify, webauthn:extension:credBlob: true, webauthn:extension:largeBlob: true, webauthn:extension:minPinLength: true, webauthn:extension:prf: true, webauthn:virtualAuthenticators: true}
Session ID: 6e5fad5cd00544af7cc30643a5f297b0
*** Element info: {Using=xpath, value=(//textarea[@class='sm-ta ng-untouched ng-pristine ng-valid ng-star-inserted']}
	at sun.reflect.NativeConstructorAccessorImpl.newInstance0(Native Method)
	at sun.reflect.NativeConstructorAccessorImpl.newInstance(NativeConstructorAccessorImpl.java:62)
	at sun.reflect.DelegatingConstructorAccessorImpl.newInstance(DelegatingConstructorAccessorImpl.java:45)
	at java.lang.reflect.Constructor.newInstance(Constructor.java:423)
	at org.openqa.selenium.remote.http.W3CHttpResponseCodec.createException(W3CHttpResponseCodec.java:187)
	at org.openqa.selenium.remote.http.W3CHttpResponseCodec.decode(W3CHttpResponseCodec.java:122)
	at org.openqa.selenium.remote.http.W3CHttpResponseCodec.decode(W3CHttpResponseCodec.java:49)
	at org.openqa.selenium.remote.HttpCommandExecutor.execute(HttpCommandExecutor.java:158)
	at org.openqa.selenium.remote.service.DriverCommandExecutor.execute(DriverCommandExecutor.java:83)
	at org.openqa.selenium.remote.RemoteWebDriver.execute(RemoteWebDriver.java:552)
	at org.openqa.selenium.remote.RemoteWebDriver.findElement(RemoteWebDriver.java:323)
	at org.openqa.selenium.remote.RemoteWebDriver.findElementByXPath(RemoteWebDriver.java:428)
	at org.openqa.selenium.By$ByXPath.findElement(By.java:353)
	at org.openqa.selenium.remote.RemoteWebDriver.findElement(RemoteWebDriver.java:315)
	at sun.reflect.GeneratedMethodAccessor8.invoke(Unknown Source)
	at sun.reflect.DelegatingMethodAccessorImpl.invoke(DelegatingMethodAccessorImpl.java:43)
	at java.lang.reflect.Method.invoke(Method.java:498)
	at org.openqa.selenium.support.events.EventFiringWebDriver.lambda$new$1(EventFiringWebDriver.java:105)
	at com.sun.proxy.$Proxy25.findElement(Unknown Source)
	at org.openqa.selenium.support.events.EventFiringWebDriver.findElement(EventFiringWebDriver.java:194)
	at org.openqa.selenium.support.pagefactory.DefaultElementLocator.findElement(DefaultElementLocator.java:69)
	at org.openqa.selenium.support.pagefactory.internal.LocatingElementHandler.invoke(LocatingElementHandler.java:38)
	at com.sun.proxy.$Proxy28.getWrappedElement(Unknown Source)
	at org.openqa.selenium.interactions.PointerInput$Origin.asArg(PointerInput.java:204)
	at org.openqa.selenium.interactions.PointerInput$Move.encode(PointerInput.java:155)
	at org.openqa.selenium.interactions.Sequence.encode(Sequence.java:75)
	at org.openqa.selenium.interactions.Sequence.toJson(Sequence.java:84)
	... 68 more
]]></system-err>
  </testcase>
  <testcase name="feature[com.zensar.scriptutils.PickleWrapper@4a4157ce](2)" classname="com.zensar.runner.ActiveTransaction" time="31.994">
    <system-out><![CDATA[[INFO]	 Attempt 1 of 1 to execute 	 >>>>>> (ActiveTransactionProjectContact.java:35)	13:20:9
Feature :	ActiveTransactionProjectContact	 >>>>>> (ActiveTransactionProjectContact.java:60)	13:20:9
Scenario :	Verify user able add Lead Attorney to Project contact list	 >>>>>> (ActiveTransactionProjectContact.java:61)	13:20:9
DataSetName :	AddContact
	 >>>>>> (ActiveTransactionProjectContact.java:62)	13:20:9
SCENARIO STATE Init	 >>>>>> (Hooks.java:24)	13:20:9
Thread Local getDrive()	 >>>>>> (DriverHandler.java:87)	13:20:9
unHighlightElement	 >>>>>> (GlobalFunction.java:74)	13:20:9
3
isPresent	 >>>>>> (GlobalFunction.java:74)	13:20:9
4
isPresent	 >>>>>> (GlobalFunction.java:74)	13:20:11
Thread Local getDrive()	 >>>>>> (DriverHandler.java:87)	13:20:11
3 columns(s) affected	 >>>>>> (Connection.java:93)	13:20:11
1 row(s) affected	 >>>>>> (Connection.java:73)	13:20:11
1 row(s) affected	 >>>>>> (Connection.java:73)	13:20:11
1 row(s) affected	 >>>>>> (Connection.java:73)	13:20:11
BROWSER STACK SESSION : 	 >>>>>> (OutputSheetLogger.java:174)	13:20:11
Thread Local getDrive()	 >>>>>> (DriverHandler.java:87)	13:20:11
a2fa3ad08949b04f54470004c0b202f7	 >>>>>> (OutputSheetLogger.java:175)	13:20:11
Entered try in open	 >>>>>> (IsgLandingPage.java:145)	13:20:11
5
isPresent	 >>>>>> (GlobalFunction.java:74)	13:20:14
isPresent	 >>>>>> (GlobalFunction.java:74)	13:20:14
getText	 >>>>>> (GlobalFunction.java:74)	13:20:14
notification for Set up Project: 3	 >>>>>> (IsgLandingPage.java:224)	13:20:14
embedScreenshot	 >>>>>> (GlobalFunction.java:74)	13:20:14
Thread Local getDrive()	 >>>>>> (DriverHandler.java:87)	13:20:14
zAssertTrue	 >>>>>> (GlobalFunction.java:74)	13:20:14
clearText	 >>>>>> (GlobalFunction.java:74)	13:20:14
embedScreenshot	 >>>>>> (GlobalFunction.java:74)	13:20:16
highlightElement	 >>>>>> (GlobalFunction.java:74)	13:20:16
Thread Local getDrive()	 >>>>>> (DriverHandler.java:87)	13:20:16
unHighlightElement	 >>>>>> (GlobalFunction.java:74)	13:20:16
embedScreenshot	 >>>>>> (GlobalFunction.java:74)	13:20:16
highlightElement	 >>>>>> (GlobalFunction.java:74)	13:20:16
Thread Local getDrive()	 >>>>>> (DriverHandler.java:87)	13:20:16
unHighlightElement	 >>>>>> (GlobalFunction.java:74)	13:20:16
forceClick	 >>>>>> (GlobalFunction.java:74)	13:20:16
Clicked Login	 >>>>>> (IsgLandingPage.java:179)	13:20:17
click	 >>>>>> (GlobalFunction.java:74)	13:20:18
embedScreenshot	 >>>>>> (GlobalFunction.java:74)	13:20:18
Thread Local getDrive()	 >>>>>> (DriverHandler.java:87)	13:20:18
>>>ExcelInput  ActiveTransaction  - ValidLogin  - ProjectOverviewMax	 >>>>>> (ExcelInput.java:14)	13:20:21
Value:Far far away, behind the word mountains, far from the countries Vokalia and Consonantia, there live the blind texts. Separated they live in Bookmarksgrove right at the coast of the Semantics, a large language ocean. A small river named Duden flows by their place and supplies it with the necessary regelialia. It is a paradisematic country, in which roasted parts of sentences fly into your mouth. Even the all-powerful Pointing has no control about the blind texts it is an almost unorthographic life One day however a small line of blind text by the name of Lorem Ipsum decided to leave for the far World of Grammar. The Big Oxmox advised her not to do so, because there were thousands of bad Commas, wild Question Marks and devious Semikoli, but the Little Blind Text didn’t listen. She packed her seven versalia, put her initial into the belt and made herself on the way. When she reached the first hills of the Italic Mountains, she had a last view back on the skyline of her hometown Bookmarksgrove, the headline of Alphabet Village and the subline of her own road, the Line Lane. Pityful a rethoric question ran over her cheek, then she continued her way. On her way she met a copy. The copy warned the Little Blind Text, that where it came from it would have been rewritten a thousand times and everything that was left from its origin would be the word "and" and the Little Blind Text should turn around and return to its own, safe country. But nothing the copy said could convince her and so it didn’t take long until a few insidious Copy Writers ambushed her, made her drunk with Longe and Parole and dragged her into their agency, where they abused her for their projects again and again. And if she hasn’t been rewritten, then they are still using her. Far far away, behind the word mountains, far from the countries Vokalia and Consonantia, there live the blind texts. Separated they live in Bookmarksgrove right at the coast of the Semantics, a large language ocean. A small river named Duden flows by their place and supplies it with the necessary regelialia. It is a paradisematic country, in which roasted parts of sentences fly into your mouth. Even the all-powerful Pointing has no control about the blind texts it is an almost unorthographic life One day however a small line of blind text by the name of Lorem Ipsum decided to leave for the far World of Grammar. The Big Oxmox advised her not to do so, because there were thousands of bad Commas, wild Question Marks and devious Semikoli, but the Little Blind Text didn’t listen. She packed her seven versalia, put her initial into the belt and made herself on the way. When she reached the first hills of the Italic Mountains, she had a last view back on the skyline of her hometown Bookmarksgrove, the headline of Alphabet Village and the subline of her own road, the Line Lane. Pityful a rethoric question ran over her cheek, then she continued her way. On her way she met a copy. The copy warned the Little Blind Text, that where it came from it would have been rewritten a thousand times and everything that was left from its origin would be the word "and" and the Little Blind Text should turn around and return to its own, safe country. But nothing the copy said could convince her and so it didn’t take long until a few insidious Copy Writers ambushed her, made her drunk with Longe and Parole and dragged her into their agency, where they abused her for their projects again and again. The Big Oxmox advised her not to do so, because there were thousands of bad Commas, wild Question Marks and devious Semikoli, but the Little Blind Text didn’t listen.And if she hasn’t been rewritten, then they are still using her. Far far away, behind the word mountains, far from the countries Vokalia and Consonantia, there live the blind texts. Separated they live in Bookmarksgrove right at the coast of the Semantics, a large language ocean. A small river named Duden flows by their place and supplies it with the necessary regelialia. It is a paradisematic country, in which roasted parts of sentences fly into your mouth. Even the all-powerful Pointing has no control about the blind texts it is an almost unorthographic life One day however a small line of blind text by the name of Lorem Ipsum decided to leave for the far World of Grammar. The Big Oxmox advised her not to do so, because there were thousands of bad Commas, wild Question Marks and devious Semikoli, but the Little Blind Text didn’t listen. She packed her seven versalia, put her initial into the belt and made on the way. When she reached the first hills of the Italic Mountains, she had a last view back on the skyline of her home Book marks grove, the headline of Alphabet Village and the subline of her own road, the Line Lane. Pityful a rethoric question ran over her cheek, then she continued her way. On her way she met a copy. The Big Oxmox advised her not to do so, because there were thousands of bad Commas,but the Little Blind Text didn’t listen.	 >>>>>> (ExcelInput.java:22)	13:20:21
clearAndEnterText	 >>>>>> (GlobalFunction.java:74)	13:20:21
username : NGS3@isg-one.com	 >>>>>> (IsgLandingPage.java:181)	13:20:22
password : T|2txZ>UJs	 >>>>>> (IsgLandingPage.java:183)	13:20:22
embedScreenshot	 >>>>>> (GlobalFunction.java:74)	13:20:22
highlightElement	 >>>>>> (GlobalFunction.java:74)	13:20:22
Thread Local getDrive()	 >>>>>> (DriverHandler.java:87)	13:20:22
waitForElement	 >>>>>> (GlobalFunction.java:74)	13:20:22
isPresent	 >>>>>> (GlobalFunction.java:74)	13:20:22
isPresent	 >>>>>> (GlobalFunction.java:74)	13:20:22
highlightElement	 >>>>>> (GlobalFunction.java:74)	13:20:22
unHighlightElement	 >>>>>> (GlobalFunction.java:74)	13:20:22
click	 >>>>>> (GlobalFunction.java:74)	13:20:23
embedScreenshot	 >>>>>> (GlobalFunction.java:74)	13:20:23
Thread Local getDrive()	 >>>>>> (DriverHandler.java:87)	13:20:23
isPresent	 >>>>>> (GlobalFunction.java:74)	13:20:23
isPresent	 >>>>>> (GlobalFunction.java:74)	13:20:23
Thread Local getDrive()	 >>>>>> (DriverHandler.java:87)	13:20:23
Thread Local getDrive()	 >>>>>> (DriverHandler.java:87)	13:20:23
Thread Local getDrive()	 >>>>>> (DriverHandler.java:87)	13:20:23
isPresent	 >>>>>> (GlobalFunction.java:74)	13:20:23
zAssertTrue	 >>>>>> (GlobalFunction.java:74)	13:20:23
waitForElement	 >>>>>> (GlobalFunction.java:74)	13:20:23
isPresent	 >>>>>> (GlobalFunction.java:74)	13:20:23
isPresent	 >>>>>> (GlobalFunction.java:74)	13:20:23
getText	 >>>>>> (GlobalFunction.java:74)	13:20:23
notification for Set up Project: 8018122	 >>>>>> (IsgLandingPage.java:250)	13:20:23
zAssertTrue	 >>>>>> (GlobalFunction.java:74)	13:20:23
waitForElement	 >>>>>> (GlobalFunction.java:74)	13:20:23
isPresent	 >>>>>> (GlobalFunction.java:74)	13:20:23
isPresent	 >>>>>> (GlobalFunction.java:74)	13:20:23
getText	 >>>>>> (GlobalFunction.java:74)	13:20:23
notification for Set up Project: ACME Ventures	 >>>>>> (IsgLandingPage.java:255)	13:20:23
zAssertTrue	 >>>>>> (GlobalFunction.java:74)	13:20:23
waitForElement	 >>>>>> (GlobalFunction.java:74)	13:20:23
isPresent	 >>>>>> (GlobalFunction.java:74)	13:20:23
isPresent	 >>>>>> (GlobalFunction.java:74)	13:20:23
getText	 >>>>>> (GlobalFunction.java:74)	13:20:23
notification for Set up Project: ACME NGS Train 98	 >>>>>> (IsgLandingPage.java:260)	13:20:23
zAssertTrue	 >>>>>> (GlobalFunction.java:74)	13:20:23
waitForElement	 >>>>>> (GlobalFunction.java:74)	13:20:23
isPresent	 >>>>>> (GlobalFunction.java:74)	13:20:23
isPresent	 >>>>>> (GlobalFunction.java:74)	13:20:23
getText	 >>>>>> (GlobalFunction.java:74)	13:20:23
notification for Set up Project: Kathy Rudy	 >>>>>> (IsgLandingPage.java:265)	13:20:24
zAssertTrue	 >>>>>> (GlobalFunction.java:74)	13:20:24
waitForElement	 >>>>>> (GlobalFunction.java:74)	13:20:24
isPresent	 >>>>>> (GlobalFunction.java:74)	13:20:24
isPresent	 >>>>>> (GlobalFunction.java:74)	13:20:24
getText	 >>>>>> (GlobalFunction.java:74)	13:20:24
notification for Set up Project: Sourcing 3 Next Gen	 >>>>>> (IsgLandingPage.java:270)	13:20:24
zAssertTrue	 >>>>>> (GlobalFunction.java:74)	13:20:24
waitForElement	 >>>>>> (GlobalFunction.java:74)	13:20:24
isPresent	 >>>>>> (GlobalFunction.java:74)	13:20:24
waitForElementClickabality	 >>>>>> (GlobalFunction.java:74)	13:20:24
isPresent	 >>>>>> (GlobalFunction.java:74)	13:20:24
getText	 >>>>>> (GlobalFunction.java:74)	13:20:24
notification for Set up Project: 01 Mar 2024	 >>>>>> (IsgLandingPage.java:275)	13:20:24
zAssertTrue	 >>>>>> (GlobalFunction.java:74)	13:20:24
waitForElement	 >>>>>> (GlobalFunction.java:74)	13:20:24
isPresent	 >>>>>> (GlobalFunction.java:74)	13:20:24
isPresent	 >>>>>> (GlobalFunction.java:74)	13:20:24
getText	 >>>>>> (GlobalFunction.java:74)	13:20:24
notification for Set up Project: 11 Jun 2024	 >>>>>> (IsgLandingPage.java:280)	13:20:24
zAssertTrue	 >>>>>> (GlobalFunction.java:74)	13:20:24
waitForElement	 >>>>>> (GlobalFunction.java:74)	13:20:24
isPresent	 >>>>>> (GlobalFunction.java:74)	13:20:24
isPresent	 >>>>>> (GlobalFunction.java:74)	13:20:24
getText	 >>>>>> (GlobalFunction.java:74)	13:20:24
notification for Set up Project: USA	 >>>>>> (IsgLandingPage.java:285)	13:20:24
zAssertTrue	 >>>>>> (GlobalFunction.java:74)	13:20:24
waitForElement	 >>>>>> (GlobalFunction.java:74)	13:20:24
isPresent	 >>>>>> (GlobalFunction.java:74)	13:20:24
isPresent	 >>>>>> (GlobalFunction.java:74)	13:20:24
getText	 >>>>>> (GlobalFunction.java:74)	13:20:25
notification for Set up Project: Consumer Services	 >>>>>> (IsgLandingPage.java:290)	13:20:25
embedScreenshot	 >>>>>> (GlobalFunction.java:74)	13:20:25
Thread Local getDrive()	 >>>>>> (DriverHandler.java:87)	13:20:25
zAssertTrue	 >>>>>> (GlobalFunction.java:74)	13:20:25
click	 >>>>>> (GlobalFunction.java:74)	13:20:29
embedScreenshot	 >>>>>> (GlobalFunction.java:74)	13:20:29
Thread Local getDrive()	 >>>>>> (DriverHandler.java:87)	13:20:29
>>>ExcelInput  SetupProject  - ValidLogin  - ProjectOverviewdata	 >>>>>> (ExcelInput.java:14)	13:20:29
Value:Vikash	 >>>>>> (ExcelInput.java:22)	13:20:29
clearAndEnterText	 >>>>>> (GlobalFunction.java:74)	13:20:29
click	 >>>>>> (GlobalFunction.java:74)	13:20:30
waitForElement	 >>>>>> (GlobalFunction.java:74)	13:20:30
isPresent	 >>>>>> (GlobalFunction.java:74)	13:20:30
isPresent	 >>>>>> (GlobalFunction.java:74)	13:20:30
highlightElement	 >>>>>> (GlobalFunction.java:74)	13:20:30
embedScreenshot	 >>>>>> (GlobalFunction.java:74)	13:20:30
Thread Local getDrive()	 >>>>>> (DriverHandler.java:87)	13:20:30
isPresent	 >>>>>> (GlobalFunction.java:74)	13:20:30
zAssertTrue	 >>>>>> (GlobalFunction.java:74)	13:20:30
click	 >>>>>> (GlobalFunction.java:74)	13:20:34
isPresent	 >>>>>> (GlobalFunction.java:74)	13:20:35
zAssertTrue	 >>>>>> (GlobalFunction.java:74)	13:20:35
highlightElement	 >>>>>> (GlobalFunction.java:74)	13:20:35
click	 >>>>>> (GlobalFunction.java:74)	13:20:37
embedScreenshot	 >>>>>> (GlobalFunction.java:74)	13:20:37
Thread Local getDrive()	 >>>>>> (DriverHandler.java:87)	13:20:37
isPresent	 >>>>>> (GlobalFunction.java:74)	13:20:37
zAssertTrue	 >>>>>> (GlobalFunction.java:74)	13:20:37
getText	 >>>>>> (GlobalFunction.java:74)	13:20:39
Number of Active Transaction: Active transactions (2)	 >>>>>> (ProjectContact.java:113)	13:20:39
embedScreenshot	 >>>>>> (GlobalFunction.java:74)	13:20:39
Thread Local getDrive()	 >>>>>> (DriverHandler.java:87)	13:20:39
zAssertTrue	 >>>>>> (GlobalFunction.java:74)	13:20:39
waitForElement	 >>>>>> (GlobalFunction.java:74)	13:20:39
isPresent	 >>>>>> (GlobalFunction.java:74)	13:20:39
click	 >>>>>> (GlobalFunction.java:74)	13:20:39
isPresent	 >>>>>> (GlobalFunction.java:74)	13:20:39
embedScreenshot	 >>>>>> (GlobalFunction.java:74)	13:20:39
Thread Local getDrive()	 >>>>>> (DriverHandler.java:87)	13:20:39
isPresent	 >>>>>> (GlobalFunction.java:74)	13:20:40
zAssertTrue	 >>>>>> (GlobalFunction.java:74)	13:20:40
click	 >>>>>> (GlobalFunction.java:74)	13:20:40
waitForElement	 >>>>>> (GlobalFunction.java:74)	13:20:40
isPresent	 >>>>>> (GlobalFunction.java:74)	13:20:40
isPresent	 >>>>>> (GlobalFunction.java:74)	13:20:40
highlightElement	 >>>>>> (GlobalFunction.java:74)	13:20:40
embedScreenshot	 >>>>>> (GlobalFunction.java:74)	13:20:40
Thread Local getDrive()	 >>>>>> (DriverHandler.java:87)	13:20:40
isPresent	 >>>>>> (GlobalFunction.java:74)	13:20:40
zAssertTrue	 >>>>>> (GlobalFunction.java:74)	13:20:40
>>>ExcelInput  SetupProject  - ValidLogin  - FNNumber	 >>>>>> (ExcelInput.java:14)	13:20:40
Value:Vikash5	 >>>>>> (ExcelInput.java:22)	13:20:40
clearAndEnterText	 >>>>>> (GlobalFunction.java:74)	13:20:40
isPresent	 >>>>>> (GlobalFunction.java:74)	13:20:41
Validation for Firstname - having Numbers/Digits	 >>>>>> (IsgLandingPage.java:367)	13:20:41
isPresent	 >>>>>> (GlobalFunction.java:74)	13:20:41
zAssertTrue	 >>>>>> (GlobalFunction.java:74)	13:20:41
waitForElement	 >>>>>> (GlobalFunction.java:74)	13:20:41
isPresent	 >>>>>> (GlobalFunction.java:74)	13:20:41
zAssertTrue	 >>>>>> (GlobalFunction.java:74)	13:20:41
click	 >>>>>> (GlobalFunction.java:74)	13:20:41
isPresent	 >>>>>> (GlobalFunction.java:74)	13:20:41
highlightElement	 >>>>>> (GlobalFunction.java:74)	13:20:41
1 row(s) affected	 >>>>>> (Connection.java:73)	13:20:41
1 row(s) affected	 >>>>>> (Connection.java:73)	13:20:41
1 row(s) affected	 >>>>>> (Connection.java:73)	13:20:41
[INFO]	 Attempt 1 of 1 to execute  [PASSED]	 >>>>>> (ActiveTransaction.java:38)	13:20:41
Feature :	ActiveTransaction	 >>>>>> (ActiveTransaction.java:60)	13:20:41
Scenario :	Verify project Overview maximum character set	 >>>>>> (ActiveTransaction.java:61)	13:20:41
DataSetName :	ValidLogin
	 >>>>>> (ActiveTransaction.java:62)	13:20:41
]]></system-out>
    <system-err><![CDATA[140023 [TestNG-tests-1] INFO io.github.bonigarcia.wdm.WebDriverManager - Using chromedriver 122.0.6261.111 (resolved driver for Chrome 122)
140037 [TestNG-tests-1] INFO io.github.bonigarcia.wdm.WebDriverManager - Exporting webdriver.chrome.driver as C:\Users\vs106039\.cache\selenium\chromedriver\win64\122.0.6261.111\chromedriver.exe
Starting ChromeDriver 122.0.6261.111 (9d4c1072da62b411b351a38b9ed6214ab236aa7b-refs/branch-heads/6261@{#1015}) on port 22963
Only local connections are allowed.
Please see https://chromedriver.chromium.org/security-considerations for suggestions on keeping ChromeDriver safe.
ChromeDriver was started successfully.
Mar 12, 2024 1:20:11 PM org.openqa.selenium.remote.ProtocolHandshake createSession
INFO: Detected dialect: W3C
]]></system-err>
  </testcase>
  <testcase name="feature[com.zensar.scriptutils.PickleWrapper@286ca260](3)" classname="com.zensar.runner.ActiveTransaction" time="7.021">
    <system-out><![CDATA[[INFO]	 Attempt 1 of 1 to execute 	 >>>>>> (SetupProject.java:35)	13:23:35
Feature :	SetupProject	 >>>>>> (SetupProject.java:60)	13:23:35
Scenario :	Verify user is able to check number of notifications on Home page	 >>>>>> (SetupProject.java:61)	13:23:35
DataSetName :	ValidLogin
	 >>>>>> (SetupProject.java:62)	13:23:35
SCENARIO STATE Init	 >>>>>> (Hooks.java:24)	13:23:35
Thread Local getDrive()	 >>>>>> (DriverHandler.java:87)	13:23:37
3 columns(s) affected	 >>>>>> (Connection.java:93)	13:23:37
1 row(s) affected	 >>>>>> (Connection.java:73)	13:23:37
1 row(s) affected	 >>>>>> (Connection.java:73)	13:23:37
1 row(s) affected	 >>>>>> (Connection.java:73)	13:23:37
BROWSER STACK SESSION : 	 >>>>>> (OutputSheetLogger.java:174)	13:23:37
Thread Local getDrive()	 >>>>>> (DriverHandler.java:87)	13:23:37
d5e7b64da2440c415f46280b18f5def5	 >>>>>> (OutputSheetLogger.java:175)	13:23:37
Entered try in open	 >>>>>> (IsgLandingPage.java:145)	13:23:37
getText	 >>>>>> (GlobalFunction.java:74)	13:23:39
Number of Active Transaction: Active transactions (2)	 >>>>>> (ProjectContact.java:113)	13:23:39
embedScreenshot	 >>>>>> (GlobalFunction.java:74)	13:23:39
Thread Local getDrive()	 >>>>>> (DriverHandler.java:87)	13:23:39
zAssertTrue	 >>>>>> (GlobalFunction.java:74)	13:23:39
waitForElement	 >>>>>> (GlobalFunction.java:74)	13:23:39
isPresent	 >>>>>> (GlobalFunction.java:74)	13:23:39
isPresent	 >>>>>> (GlobalFunction.java:74)	13:23:39
embedScreenshot	 >>>>>> (GlobalFunction.java:74)	13:23:41
highlightElement	 >>>>>> (GlobalFunction.java:74)	13:23:41
Thread Local getDrive()	 >>>>>> (DriverHandler.java:87)	13:23:41
unHighlightElement	 >>>>>> (GlobalFunction.java:74)	13:23:41
forceClick	 >>>>>> (GlobalFunction.java:74)	13:23:41
1 row(s) affected	 >>>>>> (Connection.java:73)	13:23:42
1 row(s) affected	 >>>>>> (Connection.java:73)	13:23:42
1 row(s) affected	 >>>>>> (Connection.java:73)	13:23:42
[INFO]	 Attempt 1 of 1 to execute  [PASSED]	 >>>>>> (ActiveTransaction.java:38)	13:23:42
Feature :	ActiveTransaction	 >>>>>> (ActiveTransaction.java:60)	13:23:42
Scenario :	Verify client not able Update project Overview	 >>>>>> (ActiveTransaction.java:61)	13:23:42
DataSetName :	ValidLogin
	 >>>>>> (ActiveTransaction.java:62)	13:23:42
]]></system-out>
    <system-err><![CDATA[345689 [TestNG-tests-3] INFO io.github.bonigarcia.wdm.WebDriverManager - Using chromedriver 122.0.6261.111 (resolved driver for Chrome 122)
345700 [TestNG-tests-3] INFO io.github.bonigarcia.wdm.WebDriverManager - Exporting webdriver.chrome.driver as C:\Users\vs106039\.cache\selenium\chromedriver\win64\122.0.6261.111\chromedriver.exe
Starting ChromeDriver 122.0.6261.111 (9d4c1072da62b411b351a38b9ed6214ab236aa7b-refs/branch-heads/6261@{#1015}) on port 32773
Only local connections are allowed.
Please see https://chromedriver.chromium.org/security-considerations for suggestions on keeping ChromeDriver safe.
ChromeDriver was started successfully.
Mar 12, 2024 1:23:37 PM org.openqa.selenium.remote.ProtocolHandshake createSession
INFO: Detected dialect: W3C
org.openqa.selenium.NoSuchElementException: no such element: Unable to locate element: {"method":"xpath","selector":"//button[contains(@class,'btn secondary-btn-m edit-overview')]"}
  (Session info: chrome=122.0.6261.112)
For documentation on this error, please visit: https://www.seleniumhq.org/exceptions/no_such_element.html
Build info: version: '3.141.59', revision: 'e82be7d358', time: '2018-11-14T08:17:03'
System info: host: 'EUROW42SLPC5721', ip: '192.168.29.116', os.name: 'Windows 10', os.arch: 'amd64', os.version: '10.0', java.version: '1.8.0_221'
Driver info: org.openqa.selenium.chrome.ChromeDriver
Capabilities {acceptInsecureCerts: false, browserName: chrome, browserVersion: 122.0.6261.112, chrome: {chromedriverVersion: 122.0.6261.111 (9d4c1072da6..., userDataDir: C:\Users\vs106039\AppData\L...}, fedcm:accounts: true, goog:chromeOptions: {debuggerAddress: localhost:53225}, javascriptEnabled: true, networkConnectionEnabled: false, pageLoadStrategy: normal, platform: WINDOWS, platformName: WINDOWS, proxy: Proxy(), setWindowRect: true, strictFileInteractability: false, timeouts: {implicit: 0, pageLoad: 300000, script: 30000}, unhandledPromptBehavior: dismiss and notify, webauthn:extension:credBlob: true, webauthn:extension:largeBlob: true, webauthn:extension:minPinLength: true, webauthn:extension:prf: true, webauthn:virtualAuthenticators: true}
Session ID: 48ce52c553bbece8f4ace982b6ccee41
*** Element info: {Using=xpath, value=//button[contains(@class,'btn secondary-btn-m edit-overview')]}
	at sun.reflect.GeneratedConstructorAccessor91.newInstance(Unknown Source)
	at sun.reflect.DelegatingConstructorAccessorImpl.newInstance(DelegatingConstructorAccessorImpl.java:45)
	at java.lang.reflect.Constructor.newInstance(Constructor.java:423)
	at org.openqa.selenium.remote.http.W3CHttpResponseCodec.createException(W3CHttpResponseCodec.java:187)
	at org.openqa.selenium.remote.http.W3CHttpResponseCodec.decode(W3CHttpResponseCodec.java:122)
	at org.openqa.selenium.remote.http.W3CHttpResponseCodec.decode(W3CHttpResponseCodec.java:49)
	at org.openqa.selenium.remote.HttpCommandExecutor.execute(HttpCommandExecutor.java:158)
	at org.openqa.selenium.remote.service.DriverCommandExecutor.execute(DriverCommandExecutor.java:83)
	at org.openqa.selenium.remote.RemoteWebDriver.execute(RemoteWebDriver.java:552)
	at org.openqa.selenium.remote.RemoteWebDriver.findElement(RemoteWebDriver.java:323)
	at org.openqa.selenium.remote.RemoteWebDriver.findElementByXPath(RemoteWebDriver.java:428)
	at org.openqa.selenium.By$ByXPath.findElement(By.java:353)
	at org.openqa.selenium.remote.RemoteWebDriver.findElement(RemoteWebDriver.java:315)
	at sun.reflect.GeneratedMethodAccessor8.invoke(Unknown Source)
	at sun.reflect.DelegatingMethodAccessorImpl.invoke(DelegatingMethodAccessorImpl.java:43)
	at java.lang.reflect.Method.invoke(Method.java:498)
	at org.openqa.selenium.support.events.EventFiringWebDriver.lambda$new$1(EventFiringWebDriver.java:105)
	at com.sun.proxy.$Proxy25.findElement(Unknown Source)
	at org.openqa.selenium.support.events.EventFiringWebDriver.findElement(EventFiringWebDriver.java:194)
	at org.openqa.selenium.support.pagefactory.DefaultElementLocator.findElement(DefaultElementLocator.java:69)
	at org.openqa.selenium.support.pagefactory.internal.LocatingElementHandler.invoke(LocatingElementHandler.java:38)
	at com.sun.proxy.$Proxy28.getWrappedElement(Unknown Source)
	at org.openqa.selenium.remote.internal.WebElementToJsonConverter.apply(WebElementToJsonConverter.java:50)
	at java.util.stream.ReferencePipeline$3$1.accept(ReferencePipeline.java:193)
	at java.util.Spliterators$ArraySpliterator.forEachRemaining(Spliterators.java:948)
	at java.util.stream.AbstractPipeline.copyInto(AbstractPipeline.java:482)
	at java.util.stream.AbstractPipeline.wrapAndCopyInto(AbstractPipeline.java:472)
	at java.util.stream.ReduceOps$ReduceOp.evaluateSequential(ReduceOps.java:708)
	at java.util.stream.AbstractPipeline.evaluate(AbstractPipeline.java:234)
	at java.util.stream.ReferencePipeline.collect(ReferencePipeline.java:499)
	at org.openqa.selenium.remote.RemoteWebDriver.executeScript(RemoteWebDriver.java:484)
	at sun.reflect.GeneratedMethodAccessor11.invoke(Unknown Source)
	at sun.reflect.DelegatingMethodAccessorImpl.invoke(DelegatingMethodAccessorImpl.java:43)
	at java.lang.reflect.Method.invoke(Method.java:498)
	at org.openqa.selenium.support.events.EventFiringWebDriver.lambda$new$1(EventFiringWebDriver.java:105)
	at com.sun.proxy.$Proxy25.executeScript(Unknown Source)
	at org.openqa.selenium.support.events.EventFiringWebDriver.executeScript(EventFiringWebDriver.java:229)
	at com.zensar.scriptutils.GlobalFunction.unHighlightElement(GlobalFunction.java:1560)
	at com.zensar.scriptutils.GlobalFunction.embedScreenshot(GlobalFunction.java:1321)
	at com.zensar.pageobjects.ProjectDetails.unableToUpdateProjectOverview(ProjectDetails.java:473)
	at com.zensar.stepDefinations.ActiveTransactionStepDefinitions.User_not_able_to_Update_Project_Overview(ActiveTransactionStepDefinitions.java:35)
	at sun.reflect.NativeMethodAccessorImpl.invoke0(Native Method)
	at sun.reflect.NativeMethodAccessorImpl.invoke(NativeMethodAccessorImpl.java:62)
	at sun.reflect.DelegatingMethodAccessorImpl.invoke(DelegatingMethodAccessorImpl.java:43)
	at java.lang.reflect.Method.invoke(Method.java:498)
	at cucumber.runtime.Utils$1.call(Utils.java:26)
	at cucumber.runtime.Timeout.timeout(Timeout.java:16)
	at cucumber.runtime.Utils.invoke(Utils.java:20)
	at cucumber.runtime.java.JavaStepDefinition.execute(JavaStepDefinition.java:49)
	at cucumber.runner.PickleStepDefinitionMatch.runStep(PickleStepDefinitionMatch.java:50)
	at cucumber.runner.TestStep.executeStep(TestStep.java:63)
	at cucumber.runner.TestStep.run(TestStep.java:49)
	at cucumber.runner.PickleStepTestStep.run(PickleStepTestStep.java:43)
	at cucumber.runner.TestCase.run(TestCase.java:44)
	at cucumber.runner.Runner.runPickle(Runner.java:40)
	at cucumber.api.testng.TestNGCucumberRunner.runScenario(TestNGCucumberRunner.java:68)
	at com.zensar.runner.ActiveTransaction.feature(ActiveTransaction.java:37)
	at sun.reflect.NativeMethodAccessorImpl.invoke0(Native Method)
	at sun.reflect.NativeMethodAccessorImpl.invoke(NativeMethodAccessorImpl.java:62)
	at sun.reflect.DelegatingMethodAccessorImpl.invoke(DelegatingMethodAccessorImpl.java:43)
	at java.lang.reflect.Method.invoke(Method.java:498)
	at org.testng.internal.MethodInvocationHelper.invokeMethod(MethodInvocationHelper.java:124)
	at org.testng.internal.Invoker.invokeMethod(Invoker.java:583)
	at org.testng.internal.Invoker.invokeTestMethod(Invoker.java:719)
	at org.testng.internal.Invoker.invokeTestMethods(Invoker.java:989)
	at org.testng.internal.TestMethodWorker.invokeTestMethods(TestMethodWorker.java:125)
	at org.testng.internal.TestMethodWorker.run(TestMethodWorker.java:109)
	at org.testng.TestRunner.privateRun(TestRunner.java:648)
	at org.testng.TestRunner.run(TestRunner.java:505)
	at org.testng.SuiteRunner.runTest(SuiteRunner.java:455)
	at org.testng.SuiteRunner.access$000(SuiteRunner.java:40)
	at org.testng.SuiteRunner$SuiteWorker.run(SuiteRunner.java:489)
	at org.testng.internal.thread.ThreadUtil$1.call(ThreadUtil.java:52)
	at java.util.concurrent.FutureTask.run(FutureTask.java:266)
	at java.util.concurrent.ThreadPoolExecutor.runWorker(ThreadPoolExecutor.java:1149)
	at java.util.concurrent.ThreadPoolExecutor$Worker.run(ThreadPoolExecutor.java:624)
	at java.lang.Thread.run(Thread.java:748)
]]></system-err>
  </testcase>
  <testcase name="feature[com.zensar.scriptutils.PickleWrapper@6e3d071a](4)" classname="com.zensar.runner.ActiveTransaction" time="42.042">
    <system-out><![CDATA[[INFO]	 Attempt 1 of 1 to execute 	 >>>>>> (ActiveTransactionProviderList.java:35)	13:25:10
Feature :	ActiveTransactionProviderList	 >>>>>> (ActiveTransactionProviderList.java:60)	13:25:10
Scenario :	Verify user able to Delete In Process provider	 >>>>>> (ActiveTransactionProviderList.java:61)	13:25:10
DataSetName :	ProviderList
	 >>>>>> (ActiveTransactionProviderList.java:62)	13:25:10
SCENARIO STATE Init	 >>>>>> (Hooks.java:24)	13:25:10
embedScreenshot	 >>>>>> (GlobalFunction.java:74)	13:25:12
highlightElement	 >>>>>> (GlobalFunction.java:74)	13:25:12
Thread Local getDrive()	 >>>>>> (DriverHandler.java:87)	13:25:12
unHighlightElement	 >>>>>> (GlobalFunction.java:74)	13:25:12
forceClick	 >>>>>> (GlobalFunction.java:74)	13:25:12
Thread Local getDrive()	 >>>>>> (DriverHandler.java:87)	13:25:13
3 columns(s) affected	 >>>>>> (Connection.java:93)	13:25:13
1 row(s) affected	 >>>>>> (Connection.java:73)	13:25:13
1 row(s) affected	 >>>>>> (Connection.java:73)	13:25:13
1 row(s) affected	 >>>>>> (Connection.java:73)	13:25:13
BROWSER STACK SESSION : 	 >>>>>> (OutputSheetLogger.java:174)	13:25:13
Thread Local getDrive()	 >>>>>> (DriverHandler.java:87)	13:25:13
6d575fdd8d4cd6def6d31338fd6924a3	 >>>>>> (OutputSheetLogger.java:175)	13:25:13
Entered try in open	 >>>>>> (IsgLandingPage.java:145)	13:25:13
Clicked Login	 >>>>>> (IsgLandingPage.java:179)	13:25:14
username : NGS3@isg-one.com	 >>>>>> (IsgLandingPage.java:181)	13:25:18
password : T|2txZ>UJs	 >>>>>> (IsgLandingPage.java:183)	13:25:19
embedScreenshot	 >>>>>> (GlobalFunction.java:74)	13:25:19
highlightElement	 >>>>>> (GlobalFunction.java:74)	13:25:19
Thread Local getDrive()	 >>>>>> (DriverHandler.java:87)	13:25:19
unHighlightElement	 >>>>>> (GlobalFunction.java:74)	13:25:19
click	 >>>>>> (GlobalFunction.java:74)	13:25:19
isPresent	 >>>>>> (GlobalFunction.java:74)	13:25:19
Thread Local getDrive()	 >>>>>> (DriverHandler.java:87)	13:25:19
embedScreenshot	 >>>>>> (GlobalFunction.java:74)	13:25:19
highlightElement	 >>>>>> (GlobalFunction.java:74)	13:25:19
Thread Local getDrive()	 >>>>>> (DriverHandler.java:87)	13:25:19
Thread Local getDrive()	 >>>>>> (DriverHandler.java:87)	13:25:19
isPresent	 >>>>>> (GlobalFunction.java:74)	13:25:19
Thread Local getDrive()	 >>>>>> (DriverHandler.java:87)	13:25:19
unHighlightElement	 >>>>>> (GlobalFunction.java:74)	13:25:19
forceClick	 >>>>>> (GlobalFunction.java:74)	13:25:20
waitForElementClickabality	 >>>>>> (GlobalFunction.java:74)	13:25:20
Clicked Login	 >>>>>> (IsgLandingPage.java:179)	13:25:21
username : NGS3@isg-one.com	 >>>>>> (IsgLandingPage.java:181)	13:25:24
password : T|2txZ>UJs	 >>>>>> (IsgLandingPage.java:183)	13:25:25
embedScreenshot	 >>>>>> (GlobalFunction.java:74)	13:25:25
highlightElement	 >>>>>> (GlobalFunction.java:74)	13:25:25
Thread Local getDrive()	 >>>>>> (DriverHandler.java:87)	13:25:25
unHighlightElement	 >>>>>> (GlobalFunction.java:74)	13:25:25
click	 >>>>>> (GlobalFunction.java:74)	13:25:25
isPresent	 >>>>>> (GlobalFunction.java:74)	13:25:25
Thread Local getDrive()	 >>>>>> (DriverHandler.java:87)	13:25:25
Thread Local getDrive()	 >>>>>> (DriverHandler.java:87)	13:25:25
Thread Local getDrive()	 >>>>>> (DriverHandler.java:87)	13:25:25
isPresent	 >>>>>> (GlobalFunction.java:74)	13:25:25
waitForElementClickabality	 >>>>>> (GlobalFunction.java:74)	13:25:26
getText	 >>>>>> (GlobalFunction.java:74)	13:25:38
Number of Active Transaction: Active transactions (2)	 >>>>>> (ProjectContact.java:113)	13:25:38
embedScreenshot	 >>>>>> (GlobalFunction.java:74)	13:25:38
Thread Local getDrive()	 >>>>>> (DriverHandler.java:87)	13:25:38
zAssertTrue	 >>>>>> (GlobalFunction.java:74)	13:25:38
waitForElement	 >>>>>> (GlobalFunction.java:74)	13:25:38
isPresent	 >>>>>> (GlobalFunction.java:74)	13:25:38
isPresent	 >>>>>> (GlobalFunction.java:74)	13:25:38
getText	 >>>>>> (GlobalFunction.java:74)	13:25:43
Number of Active Transaction: Active transactions (2)	 >>>>>> (ProjectContact.java:113)	13:25:43
embedScreenshot	 >>>>>> (GlobalFunction.java:74)	13:25:43
Thread Local getDrive()	 >>>>>> (DriverHandler.java:87)	13:25:43
zAssertTrue	 >>>>>> (GlobalFunction.java:74)	13:25:43
waitForElement	 >>>>>> (GlobalFunction.java:74)	13:25:43
isPresent	 >>>>>> (GlobalFunction.java:74)	13:25:43
isPresent	 >>>>>> (GlobalFunction.java:74)	13:25:43
click	 >>>>>> (GlobalFunction.java:74)	13:25:48
embedScreenshot	 >>>>>> (GlobalFunction.java:74)	13:25:48
Thread Local getDrive()	 >>>>>> (DriverHandler.java:87)	13:25:48
1 row(s) affected	 >>>>>> (Connection.java:73)	13:25:52
1 row(s) affected	 >>>>>> (Connection.java:73)	13:25:52
1 row(s) affected	 >>>>>> (Connection.java:73)	13:25:52


[ERROR]	 Attempt 1 of 1 to execute  [FAILED]	 >>>>>> (ActiveTransaction.java:44)	13:25:52
Feature :	ActiveTransaction	 >>>>>> (ActiveTransaction.java:60)	13:25:52
Scenario :	Verify What did the provider/Carrier do well maximum character set	 >>>>>> (ActiveTransaction.java:61)	13:25:52
DataSetName :	ValidLogin
	 >>>>>> (ActiveTransaction.java:62)	13:25:52
[INFO]	 Not going to attempt again.	 >>>>>> (ActiveTransaction.java:50)	13:25:52
]]></system-out>
    <system-err><![CDATA[[ERROR] Problem while finding out runner name
java.lang.NullPointerException
	at com.zensar.scriptutils.ScenarioState.<init>(ScenarioState.java:56)
	at sun.reflect.GeneratedConstructorAccessor134.newInstance(Unknown Source)
	at sun.reflect.DelegatingConstructorAccessorImpl.newInstance(DelegatingConstructorAccessorImpl.java:45)
	at java.lang.reflect.Constructor.newInstance(Constructor.java:423)
	at org.picocontainer.injectors.AbstractInjector.newInstance(AbstractInjector.java:145)
	at org.picocontainer.injectors.ConstructorInjector$1.run(ConstructorInjector.java:342)
	at org.picocontainer.injectors.AbstractInjector$ThreadLocalCyclicDependencyGuard.observe(AbstractInjector.java:270)
	at org.picocontainer.injectors.ConstructorInjector.getComponentInstance(ConstructorInjector.java:364)
	at org.picocontainer.injectors.AbstractInjectionFactory$LifecycleAdapter.getComponentInstance(AbstractInjectionFactory.java:56)
	at org.picocontainer.behaviors.AbstractBehavior.getComponentInstance(AbstractBehavior.java:64)
	at org.picocontainer.behaviors.Stored.getComponentInstance(Stored.java:91)
	at org.picocontainer.DefaultPicoContainer.getInstance(DefaultPicoContainer.java:699)
	at org.picocontainer.DefaultPicoContainer.getComponent(DefaultPicoContainer.java:647)
	at org.picocontainer.DefaultPicoContainer.getComponent(DefaultPicoContainer.java:632)
	at org.picocontainer.parameters.BasicComponentParameter$1.resolveInstance(BasicComponentParameter.java:118)
	at org.picocontainer.parameters.ComponentParameter$1.resolveInstance(ComponentParameter.java:136)
	at org.picocontainer.injectors.SingleMemberInjector.getParameter(SingleMemberInjector.java:78)
	at org.picocontainer.injectors.ConstructorInjector$CtorAndAdapters.getParameterArguments(ConstructorInjector.java:309)
	at org.picocontainer.injectors.ConstructorInjector$1.run(ConstructorInjector.java:335)
	at org.picocontainer.injectors.AbstractInjector$ThreadLocalCyclicDependencyGuard.observe(AbstractInjector.java:270)
	at org.picocontainer.injectors.ConstructorInjector.getComponentInstance(ConstructorInjector.java:364)
	at org.picocontainer.injectors.AbstractInjectionFactory$LifecycleAdapter.getComponentInstance(AbstractInjectionFactory.java:56)
	at org.picocontainer.behaviors.AbstractBehavior.getComponentInstance(AbstractBehavior.java:64)
	at org.picocontainer.behaviors.Stored.getComponentInstance(Stored.java:91)
	at org.picocontainer.DefaultPicoContainer.getInstance(DefaultPicoContainer.java:699)
	at org.picocontainer.DefaultPicoContainer.getComponent(DefaultPicoContainer.java:647)
	at org.picocontainer.DefaultPicoContainer.getComponent(DefaultPicoContainer.java:678)
	at cucumber.runtime.java.picocontainer.PicoFactory.getInstance(PicoFactory.java:40)
	at cucumber.runtime.java.JavaHookDefinition.execute(JavaHookDefinition.java:60)
	at cucumber.runner.HookDefinitionMatch.runStep(HookDefinitionMatch.java:16)
	at cucumber.runner.TestStep.executeStep(TestStep.java:63)
	at cucumber.runner.TestStep.run(TestStep.java:49)
	at cucumber.runner.TestCase.run(TestCase.java:40)
	at cucumber.runner.Runner.runPickle(Runner.java:40)
	at cucumber.api.testng.TestNGCucumberRunner.runScenario(TestNGCucumberRunner.java:68)
	at com.zensar.runner.ActiveTransactionProviderList.feature(ActiveTransactionProviderList.java:37)
	at sun.reflect.NativeMethodAccessorImpl.invoke0(Native Method)
	at sun.reflect.NativeMethodAccessorImpl.invoke(NativeMethodAccessorImpl.java:62)
	at sun.reflect.DelegatingMethodAccessorImpl.invoke(DelegatingMethodAccessorImpl.java:43)
	at java.lang.reflect.Method.invoke(Method.java:498)
	at org.testng.internal.MethodInvocationHelper.invokeMethod(MethodInvocationHelper.java:124)
	at org.testng.internal.Invoker.invokeMethod(Invoker.java:583)
	at org.testng.internal.Invoker.invokeTestMethod(Invoker.java:719)
	at org.testng.internal.Invoker.invokeTestMethods(Invoker.java:989)
	at org.testng.internal.TestMethodWorker.invokeTestMethods(TestMethodWorker.java:125)
	at org.testng.internal.TestMethodWorker.run(TestMethodWorker.java:109)
	at org.testng.TestRunner.privateRun(TestRunner.java:648)
	at org.testng.TestRunner.run(TestRunner.java:505)
	at org.testng.SuiteRunner.runTest(SuiteRunner.java:455)
	at org.testng.SuiteRunner.access$000(SuiteRunner.java:40)
	at org.testng.SuiteRunner$SuiteWorker.run(SuiteRunner.java:489)
	at org.testng.internal.thread.ThreadUtil$1.call(ThreadUtil.java:52)
	at java.util.concurrent.FutureTask.run(FutureTask.java:266)
	at java.util.concurrent.ThreadPoolExecutor.runWorker(ThreadPoolExecutor.java:1149)
	at java.util.concurrent.ThreadPoolExecutor$Worker.run(ThreadPoolExecutor.java:624)
	at java.lang.Thread.run(Thread.java:748)
441497 [TestNG-tests-1] INFO io.github.bonigarcia.wdm.WebDriverManager - Using chromedriver 122.0.6261.111 (resolved driver for Chrome 122)
441508 [TestNG-tests-1] INFO io.github.bonigarcia.wdm.WebDriverManager - Exporting webdriver.chrome.driver as C:\Users\vs106039\.cache\selenium\chromedriver\win64\122.0.6261.111\chromedriver.exe
Starting ChromeDriver 122.0.6261.111 (9d4c1072da62b411b351a38b9ed6214ab236aa7b-refs/branch-heads/6261@{#1015}) on port 43915
Only local connections are allowed.
Please see https://chromedriver.chromium.org/security-considerations for suggestions on keeping ChromeDriver safe.
ChromeDriver was started successfully.
Mar 12, 2024 1:25:13 PM org.openqa.selenium.remote.ProtocolHandshake createSession
INFO: Detected dialect: W3C
org.openqa.selenium.json.JsonException: java.lang.reflect.InvocationTargetException
Build info: version: '3.141.59', revision: 'e82be7d358', time: '2018-11-14T08:17:03'
System info: host: 'EUROW42SLPC5721', ip: '192.168.29.116', os.name: 'Windows 10', os.arch: 'amd64', os.version: '10.0', java.version: '1.8.0_221'
Driver info: driver.version: EventFiringWebDriver
	at org.openqa.selenium.json.JsonOutput.convertUsingMethod(JsonOutput.java:332)
	at org.openqa.selenium.json.JsonOutput.lambda$new$16(JsonOutput.java:155)
	at org.openqa.selenium.json.JsonOutput.write(JsonOutput.java:264)
	at org.openqa.selenium.json.JsonOutput.lambda$null$21(JsonOutput.java:168)
	at java.util.LinkedHashMap$LinkedValues.forEach(LinkedHashMap.java:608)
	at org.openqa.selenium.json.JsonOutput.lambda$new$22(JsonOutput.java:168)
	at org.openqa.selenium.json.JsonOutput.write(JsonOutput.java:264)
	at org.openqa.selenium.json.JsonOutput.lambda$null$23(JsonOutput.java:177)
	at com.google.common.collect.SingletonImmutableBiMap.forEach(SingletonImmutableBiMap.java:65)
	at org.openqa.selenium.json.JsonOutput.lambda$new$24(JsonOutput.java:176)
	at org.openqa.selenium.json.JsonOutput.write(JsonOutput.java:264)
	at org.openqa.selenium.json.JsonOutput.write(JsonOutput.java:255)
	at org.openqa.selenium.json.Json.toJson(Json.java:42)
	at org.openqa.selenium.remote.http.AbstractHttpCommandCodec.encode(AbstractHttpCommandCodec.java:227)
	at org.openqa.selenium.remote.http.AbstractHttpCommandCodec.encode(AbstractHttpCommandCodec.java:117)
	at org.openqa.selenium.remote.HttpCommandExecutor.execute(HttpCommandExecutor.java:152)
	at org.openqa.selenium.remote.service.DriverCommandExecutor.execute(DriverCommandExecutor.java:83)
	at org.openqa.selenium.remote.RemoteWebDriver.execute(RemoteWebDriver.java:552)
	at org.openqa.selenium.remote.RemoteWebDriver.perform(RemoteWebDriver.java:618)
	at sun.reflect.GeneratedMethodAccessor19.invoke(Unknown Source)
	at sun.reflect.DelegatingMethodAccessorImpl.invoke(DelegatingMethodAccessorImpl.java:43)
	at java.lang.reflect.Method.invoke(Method.java:498)
	at org.openqa.selenium.support.events.EventFiringWebDriver.lambda$new$1(EventFiringWebDriver.java:105)
	at com.sun.proxy.$Proxy25.perform(Unknown Source)
	at org.openqa.selenium.support.events.EventFiringWebDriver.perform(EventFiringWebDriver.java:360)
	at org.openqa.selenium.interactions.Actions$BuiltAction.perform(Actions.java:639)
	at com.zensar.scriptutils.GlobalFunction.click(GlobalFunction.java:408)
	at com.zensar.pageobjects.ProjectDetails.OverviewMaxProvider(ProjectDetails.java:414)
	at com.zensar.stepDefinations.ActiveTransactionStepDefinitions.maximum_Character_Provider(ActiveTransactionStepDefinitions.java:84)
	at ✽.User Validates for Maximum Character in What did the provider/Carrier do well & Save(src/main/java/com/zensar/features/ActiveTransaction.feature:50)
	Suppressed: org.openqa.selenium.json.JsonException: Attempting to close incomplete json stream
Build info: version: '3.141.59', revision: 'e82be7d358', time: '2018-11-14T08:17:03'
System info: host: 'EUROW42SLPC5721', ip: '192.168.29.116', os.name: 'Windows 10', os.arch: 'amd64', os.version: '10.0', java.version: '1.8.0_221'
Driver info: driver.version: EventFiringWebDriver
		at org.openqa.selenium.json.JsonOutput.close(JsonOutput.java:279)
		at org.openqa.selenium.json.Json.toJson(Json.java:44)
		at org.openqa.selenium.remote.http.AbstractHttpCommandCodec.encode(AbstractHttpCommandCodec.java:227)
		at org.openqa.selenium.remote.http.AbstractHttpCommandCodec.encode(AbstractHttpCommandCodec.java:117)
		at org.openqa.selenium.remote.HttpCommandExecutor.execute(HttpCommandExecutor.java:152)
		at org.openqa.selenium.remote.service.DriverCommandExecutor.execute(DriverCommandExecutor.java:83)
		at org.openqa.selenium.remote.RemoteWebDriver.execute(RemoteWebDriver.java:552)
		at org.openqa.selenium.remote.RemoteWebDriver.perform(RemoteWebDriver.java:618)
		at sun.reflect.GeneratedMethodAccessor19.invoke(Unknown Source)
		at sun.reflect.DelegatingMethodAccessorImpl.invoke(DelegatingMethodAccessorImpl.java:43)
		at java.lang.reflect.Method.invoke(Method.java:498)
		at org.openqa.selenium.support.events.EventFiringWebDriver.lambda$new$1(EventFiringWebDriver.java:105)
		at com.sun.proxy.$Proxy25.perform(Unknown Source)
		at org.openqa.selenium.support.events.EventFiringWebDriver.perform(EventFiringWebDriver.java:360)
		at org.openqa.selenium.interactions.Actions$BuiltAction.perform(Actions.java:639)
		at com.zensar.scriptutils.GlobalFunction.click(GlobalFunction.java:408)
		at com.zensar.pageobjects.ProjectDetails.OverviewMaxProvider(ProjectDetails.java:414)
		at com.zensar.stepDefinations.ActiveTransactionStepDefinitions.maximum_Character_Provider(ActiveTransactionStepDefinitions.java:84)
		at sun.reflect.NativeMethodAccessorImpl.invoke0(Native Method)
		at sun.reflect.NativeMethodAccessorImpl.invoke(NativeMethodAccessorImpl.java:62)
		at sun.reflect.DelegatingMethodAccessorImpl.invoke(DelegatingMethodAccessorImpl.java:43)
		at java.lang.reflect.Method.invoke(Method.java:498)
		at cucumber.runtime.Utils$1.call(Utils.java:26)
		at cucumber.runtime.Timeout.timeout(Timeout.java:16)
		at cucumber.runtime.Utils.invoke(Utils.java:20)
		at cucumber.runtime.java.JavaStepDefinition.execute(JavaStepDefinition.java:49)
		at cucumber.runner.PickleStepDefinitionMatch.runStep(PickleStepDefinitionMatch.java:50)
		at cucumber.runner.TestStep.executeStep(TestStep.java:63)
		at cucumber.runner.TestStep.run(TestStep.java:49)
		at cucumber.runner.PickleStepTestStep.run(PickleStepTestStep.java:43)
		at cucumber.runner.TestCase.run(TestCase.java:44)
		at cucumber.runner.Runner.runPickle(Runner.java:40)
		at cucumber.api.testng.TestNGCucumberRunner.runScenario(TestNGCucumberRunner.java:68)
		at com.zensar.runner.ActiveTransaction.feature(ActiveTransaction.java:37)
		at sun.reflect.NativeMethodAccessorImpl.invoke0(Native Method)
		at sun.reflect.NativeMethodAccessorImpl.invoke(NativeMethodAccessorImpl.java:62)
		at sun.reflect.DelegatingMethodAccessorImpl.invoke(DelegatingMethodAccessorImpl.java:43)
		at java.lang.reflect.Method.invoke(Method.java:498)
		at org.testng.internal.MethodInvocationHelper.invokeMethod(MethodInvocationHelper.java:124)
		at org.testng.internal.Invoker.invokeMethod(Invoker.java:583)
		at org.testng.internal.Invoker.invokeTestMethod(Invoker.java:719)
		at org.testng.internal.Invoker.invokeTestMethods(Invoker.java:989)
		at org.testng.internal.TestMethodWorker.invokeTestMethods(TestMethodWorker.java:125)
		at org.testng.internal.TestMethodWorker.run(TestMethodWorker.java:109)
		at org.testng.TestRunner.privateRun(TestRunner.java:648)
		at org.testng.TestRunner.run(TestRunner.java:505)
		at org.testng.SuiteRunner.runTest(SuiteRunner.java:455)
		at org.testng.SuiteRunner.access$000(SuiteRunner.java:40)
		at org.testng.SuiteRunner$SuiteWorker.run(SuiteRunner.java:489)
		at org.testng.internal.thread.ThreadUtil$1.call(ThreadUtil.java:52)
		at java.util.concurrent.FutureTask.run(FutureTask.java:266)
		at java.util.concurrent.ThreadPoolExecutor.runWorker(ThreadPoolExecutor.java:1149)
		at java.util.concurrent.ThreadPoolExecutor$Worker.run(ThreadPoolExecutor.java:624)
		at java.lang.Thread.run(Thread.java:748)
Caused by: java.lang.reflect.InvocationTargetException
	at sun.reflect.GeneratedMethodAccessor20.invoke(Unknown Source)
	at sun.reflect.DelegatingMethodAccessorImpl.invoke(DelegatingMethodAccessorImpl.java:43)
	at java.lang.reflect.Method.invoke(Method.java:498)
	at org.openqa.selenium.json.JsonOutput.convertUsingMethod(JsonOutput.java:328)
	at org.openqa.selenium.json.JsonOutput.lambda$new$16(JsonOutput.java:155)
	at org.openqa.selenium.json.JsonOutput.write(JsonOutput.java:264)
	at org.openqa.selenium.json.JsonOutput.lambda$null$21(JsonOutput.java:168)
	at java.util.LinkedHashMap$LinkedValues.forEach(LinkedHashMap.java:608)
	at org.openqa.selenium.json.JsonOutput.lambda$new$22(JsonOutput.java:168)
	at org.openqa.selenium.json.JsonOutput.write(JsonOutput.java:264)
	at org.openqa.selenium.json.JsonOutput.lambda$null$23(JsonOutput.java:177)
	at com.google.common.collect.SingletonImmutableBiMap.forEach(SingletonImmutableBiMap.java:65)
	at org.openqa.selenium.json.JsonOutput.lambda$new$24(JsonOutput.java:176)
	at org.openqa.selenium.json.JsonOutput.write(JsonOutput.java:264)
	at org.openqa.selenium.json.JsonOutput.write(JsonOutput.java:255)
	at org.openqa.selenium.json.Json.toJson(Json.java:42)
	at org.openqa.selenium.remote.http.AbstractHttpCommandCodec.encode(AbstractHttpCommandCodec.java:227)
	at org.openqa.selenium.remote.http.AbstractHttpCommandCodec.encode(AbstractHttpCommandCodec.java:117)
	at org.openqa.selenium.remote.HttpCommandExecutor.execute(HttpCommandExecutor.java:152)
	at org.openqa.selenium.remote.service.DriverCommandExecutor.execute(DriverCommandExecutor.java:83)
	at org.openqa.selenium.remote.RemoteWebDriver.execute(RemoteWebDriver.java:552)
	at org.openqa.selenium.remote.RemoteWebDriver.perform(RemoteWebDriver.java:618)
	at sun.reflect.GeneratedMethodAccessor19.invoke(Unknown Source)
	at sun.reflect.DelegatingMethodAccessorImpl.invoke(DelegatingMethodAccessorImpl.java:43)
	at java.lang.reflect.Method.invoke(Method.java:498)
	at org.openqa.selenium.support.events.EventFiringWebDriver.lambda$new$1(EventFiringWebDriver.java:105)
	at com.sun.proxy.$Proxy25.perform(Unknown Source)
	at org.openqa.selenium.support.events.EventFiringWebDriver.perform(EventFiringWebDriver.java:360)
	at org.openqa.selenium.interactions.Actions$BuiltAction.perform(Actions.java:639)
	at com.zensar.scriptutils.GlobalFunction.click(GlobalFunction.java:408)
	at com.zensar.pageobjects.ProjectDetails.OverviewMaxProvider(ProjectDetails.java:414)
	at com.zensar.stepDefinations.ActiveTransactionStepDefinitions.maximum_Character_Provider(ActiveTransactionStepDefinitions.java:84)
	at sun.reflect.NativeMethodAccessorImpl.invoke0(Native Method)
	at sun.reflect.NativeMethodAccessorImpl.invoke(NativeMethodAccessorImpl.java:62)
	at sun.reflect.DelegatingMethodAccessorImpl.invoke(DelegatingMethodAccessorImpl.java:43)
	at java.lang.reflect.Method.invoke(Method.java:498)
	at cucumber.runtime.Utils$1.call(Utils.java:26)
	at cucumber.runtime.Timeout.timeout(Timeout.java:16)
	at cucumber.runtime.Utils.invoke(Utils.java:20)
	at cucumber.runtime.java.JavaStepDefinition.execute(JavaStepDefinition.java:49)
	at cucumber.runner.PickleStepDefinitionMatch.runStep(PickleStepDefinitionMatch.java:50)
	at cucumber.runner.TestStep.executeStep(TestStep.java:63)
	at cucumber.runner.TestStep.run(TestStep.java:49)
	at cucumber.runner.PickleStepTestStep.run(PickleStepTestStep.java:43)
	at cucumber.runner.TestCase.run(TestCase.java:44)
	at cucumber.runner.Runner.runPickle(Runner.java:40)
	at cucumber.api.testng.TestNGCucumberRunner.runScenario(TestNGCucumberRunner.java:68)
	at com.zensar.runner.ActiveTransaction.feature(ActiveTransaction.java:37)
	at sun.reflect.NativeMethodAccessorImpl.invoke0(Native Method)
	at sun.reflect.NativeMethodAccessorImpl.invoke(NativeMethodAccessorImpl.java:62)
	at sun.reflect.DelegatingMethodAccessorImpl.invoke(DelegatingMethodAccessorImpl.java:43)
	at java.lang.reflect.Method.invoke(Method.java:498)
	at org.testng.internal.MethodInvocationHelper.invokeMethod(MethodInvocationHelper.java:124)
	at org.testng.internal.Invoker.invokeMethod(Invoker.java:583)
	at org.testng.internal.Invoker.invokeTestMethod(Invoker.java:719)
	at org.testng.internal.Invoker.invokeTestMethods(Invoker.java:989)
	at org.testng.internal.TestMethodWorker.invokeTestMethods(TestMethodWorker.java:125)
	at org.testng.internal.TestMethodWorker.run(TestMethodWorker.java:109)
	at org.testng.TestRunner.privateRun(TestRunner.java:648)
	at org.testng.TestRunner.run(TestRunner.java:505)
	at org.testng.SuiteRunner.runTest(SuiteRunner.java:455)
	at org.testng.SuiteRunner.access$000(SuiteRunner.java:40)
	at org.testng.SuiteRunner$SuiteWorker.run(SuiteRunner.java:489)
	at org.testng.internal.thread.ThreadUtil$1.call(ThreadUtil.java:52)
	at java.util.concurrent.FutureTask.run(FutureTask.java:266)
	at java.util.concurrent.ThreadPoolExecutor.runWorker(ThreadPoolExecutor.java:1149)
	at java.util.concurrent.ThreadPoolExecutor$Worker.run(ThreadPoolExecutor.java:624)
	at java.lang.Thread.run(Thread.java:748)
Caused by: org.openqa.selenium.NoSuchElementException: no such element: Unable to locate element: {"method":"xpath","selector":"//textarea[@class='sm-ta ng-pristine ng-valid ng-star-inserted ng-touched']"}
  (Session info: chrome=122.0.6261.112)
For documentation on this error, please visit: https://www.seleniumhq.org/exceptions/no_such_element.html
Build info: version: '3.141.59', revision: 'e82be7d358', time: '2018-11-14T08:17:03'
System info: host: 'EUROW42SLPC5721', ip: '192.168.29.116', os.name: 'Windows 10', os.arch: 'amd64', os.version: '10.0', java.version: '1.8.0_221'
Driver info: org.openqa.selenium.chrome.ChromeDriver
Capabilities {acceptInsecureCerts: false, browserName: chrome, browserVersion: 122.0.6261.112, chrome: {chromedriverVersion: 122.0.6261.111 (9d4c1072da6..., userDataDir: C:\Users\vs106039\AppData\L...}, fedcm:accounts: true, goog:chromeOptions: {debuggerAddress: localhost:53746}, javascriptEnabled: true, networkConnectionEnabled: false, pageLoadStrategy: normal, platform: WINDOWS, platformName: WINDOWS, proxy: Proxy(), setWindowRect: true, strictFileInteractability: false, timeouts: {implicit: 0, pageLoad: 300000, script: 30000}, unhandledPromptBehavior: dismiss and notify, webauthn:extension:credBlob: true, webauthn:extension:largeBlob: true, webauthn:extension:minPinLength: true, webauthn:extension:prf: true, webauthn:virtualAuthenticators: true}
Session ID: 195ab788e0e0797559a1528775920b88
*** Element info: {Using=xpath, value=//textarea[@class='sm-ta ng-pristine ng-valid ng-star-inserted ng-touched']}
	at sun.reflect.GeneratedConstructorAccessor91.newInstance(Unknown Source)
	at sun.reflect.DelegatingConstructorAccessorImpl.newInstance(DelegatingConstructorAccessorImpl.java:45)
	at java.lang.reflect.Constructor.newInstance(Constructor.java:423)
	at org.openqa.selenium.remote.http.W3CHttpResponseCodec.createException(W3CHttpResponseCodec.java:187)
	at org.openqa.selenium.remote.http.W3CHttpResponseCodec.decode(W3CHttpResponseCodec.java:122)
	at org.openqa.selenium.remote.http.W3CHttpResponseCodec.decode(W3CHttpResponseCodec.java:49)
	at org.openqa.selenium.remote.HttpCommandExecutor.execute(HttpCommandExecutor.java:158)
	at org.openqa.selenium.remote.service.DriverCommandExecutor.execute(DriverCommandExecutor.java:83)
	at org.openqa.selenium.remote.RemoteWebDriver.execute(RemoteWebDriver.java:552)
	at org.openqa.selenium.remote.RemoteWebDriver.findElement(RemoteWebDriver.java:323)
	at org.openqa.selenium.remote.RemoteWebDriver.findElementByXPath(RemoteWebDriver.java:428)
	at org.openqa.selenium.By$ByXPath.findElement(By.java:353)
	at org.openqa.selenium.remote.RemoteWebDriver.findElement(RemoteWebDriver.java:315)
	at sun.reflect.GeneratedMethodAccessor8.invoke(Unknown Source)
	at sun.reflect.DelegatingMethodAccessorImpl.invoke(DelegatingMethodAccessorImpl.java:43)
	at java.lang.reflect.Method.invoke(Method.java:498)
	at org.openqa.selenium.support.events.EventFiringWebDriver.lambda$new$1(EventFiringWebDriver.java:105)
	at com.sun.proxy.$Proxy25.findElement(Unknown Source)
	at org.openqa.selenium.support.events.EventFiringWebDriver.findElement(EventFiringWebDriver.java:194)
	at org.openqa.selenium.support.pagefactory.DefaultElementLocator.findElement(DefaultElementLocator.java:69)
	at org.openqa.selenium.support.pagefactory.internal.LocatingElementHandler.invoke(LocatingElementHandler.java:38)
	at com.sun.proxy.$Proxy28.getWrappedElement(Unknown Source)
	at org.openqa.selenium.interactions.PointerInput$Origin.asArg(PointerInput.java:204)
	at org.openqa.selenium.interactions.PointerInput$Move.encode(PointerInput.java:155)
	at org.openqa.selenium.interactions.Sequence.encode(Sequence.java:75)
	at org.openqa.selenium.interactions.Sequence.toJson(Sequence.java:84)
	... 68 more
]]></system-err>
  </testcase>
  <testcase name="feature[com.zensar.scriptutils.PickleWrapper@701dcff1](5)" classname="com.zensar.runner.ActiveTransaction" time="31.146">
    <system-out><![CDATA[[INFO]	 Attempt 1 of 1 to execute 	 >>>>>> (ActiveTransactionScopeBuilder.java:35)	13:27:20
Feature :	ActiveTransactionScopeBuilder	 >>>>>> (ActiveTransactionScopeBuilder.java:60)	13:27:20
Scenario :	Verify user able remove one Process from selected FA to the Scope Bundle	 >>>>>> (ActiveTransactionScopeBuilder.java:61)	13:27:20
DataSetName :	ScopeBuilder
	 >>>>>> (ActiveTransactionScopeBuilder.java:62)	13:27:20
embedScreenshot	 >>>>>> (GlobalFunction.java:74)	13:27:20
highlightElement	 >>>>>> (GlobalFunction.java:74)	13:27:20
SCENARIO STATE Init	 >>>>>> (Hooks.java:24)	13:27:20
Thread Local getDrive()	 >>>>>> (DriverHandler.java:87)	13:27:20
unHighlightElement	 >>>>>> (GlobalFunction.java:74)	13:27:20
forceClick	 >>>>>> (GlobalFunction.java:74)	13:27:20
Clicked Login	 >>>>>> (IsgLandingPage.java:179)	13:27:21
Thread Local getDrive()	 >>>>>> (DriverHandler.java:87)	13:27:23
3 columns(s) affected	 >>>>>> (Connection.java:93)	13:27:23
1 row(s) affected	 >>>>>> (Connection.java:73)	13:27:23
1 row(s) affected	 >>>>>> (Connection.java:73)	13:27:23
1 row(s) affected	 >>>>>> (Connection.java:73)	13:27:23
BROWSER STACK SESSION : 	 >>>>>> (OutputSheetLogger.java:174)	13:27:23
Thread Local getDrive()	 >>>>>> (DriverHandler.java:87)	13:27:23
a03c256c4e401892c046cb0b1f35e6b7	 >>>>>> (OutputSheetLogger.java:175)	13:27:23
Entered try in open	 >>>>>> (IsgLandingPage.java:145)	13:27:23
username : NGS3@isg-one.com	 >>>>>> (IsgLandingPage.java:181)	13:27:26
password : T|2txZ>UJs	 >>>>>> (IsgLandingPage.java:183)	13:27:26
embedScreenshot	 >>>>>> (GlobalFunction.java:74)	13:27:26
highlightElement	 >>>>>> (GlobalFunction.java:74)	13:27:26
Thread Local getDrive()	 >>>>>> (DriverHandler.java:87)	13:27:26
unHighlightElement	 >>>>>> (GlobalFunction.java:74)	13:27:27
click	 >>>>>> (GlobalFunction.java:74)	13:27:27
isPresent	 >>>>>> (GlobalFunction.java:74)	13:27:27
Thread Local getDrive()	 >>>>>> (DriverHandler.java:87)	13:27:27
Thread Local getDrive()	 >>>>>> (DriverHandler.java:87)	13:27:27
Thread Local getDrive()	 >>>>>> (DriverHandler.java:87)	13:27:27
isPresent	 >>>>>> (GlobalFunction.java:74)	13:27:27
embedScreenshot	 >>>>>> (GlobalFunction.java:74)	13:27:27
highlightElement	 >>>>>> (GlobalFunction.java:74)	13:27:27
Thread Local getDrive()	 >>>>>> (DriverHandler.java:87)	13:27:27
unHighlightElement	 >>>>>> (GlobalFunction.java:74)	13:27:28
forceClick	 >>>>>> (GlobalFunction.java:74)	13:27:28
waitForElementClickabality	 >>>>>> (GlobalFunction.java:74)	13:27:28
Clicked Login	 >>>>>> (IsgLandingPage.java:179)	13:27:29
username : NGS3@isg-one.com	 >>>>>> (IsgLandingPage.java:181)	13:27:34
password : T|2txZ>UJs	 >>>>>> (IsgLandingPage.java:183)	13:27:34
embedScreenshot	 >>>>>> (GlobalFunction.java:74)	13:27:34
highlightElement	 >>>>>> (GlobalFunction.java:74)	13:27:34
Thread Local getDrive()	 >>>>>> (DriverHandler.java:87)	13:27:34
unHighlightElement	 >>>>>> (GlobalFunction.java:74)	13:27:35
click	 >>>>>> (GlobalFunction.java:74)	13:27:35
isPresent	 >>>>>> (GlobalFunction.java:74)	13:27:35
Thread Local getDrive()	 >>>>>> (DriverHandler.java:87)	13:27:35
Thread Local getDrive()	 >>>>>> (DriverHandler.java:87)	13:27:35
Thread Local getDrive()	 >>>>>> (DriverHandler.java:87)	13:27:35
isPresent	 >>>>>> (GlobalFunction.java:74)	13:27:35
waitForElementClickabality	 >>>>>> (GlobalFunction.java:74)	13:27:36
getText	 >>>>>> (GlobalFunction.java:74)	13:27:46
Number of Active Transaction: Active transactions (2)	 >>>>>> (ProjectContact.java:113)	13:27:46
embedScreenshot	 >>>>>> (GlobalFunction.java:74)	13:27:46
Thread Local getDrive()	 >>>>>> (DriverHandler.java:87)	13:27:46
zAssertTrue	 >>>>>> (GlobalFunction.java:74)	13:27:46
waitForElement	 >>>>>> (GlobalFunction.java:74)	13:27:46
isPresent	 >>>>>> (GlobalFunction.java:74)	13:27:46
isPresent	 >>>>>> (GlobalFunction.java:74)	13:27:46
1 row(s) affected	 >>>>>> (Connection.java:73)	13:27:51
1 row(s) affected	 >>>>>> (Connection.java:73)	13:27:51
1 row(s) affected	 >>>>>> (Connection.java:73)	13:27:51


[ERROR]	 Attempt 1 of 1 to execute  [FAILED]	 >>>>>> (ActiveTransaction.java:44)	13:27:51
Feature :	ActiveTransaction	 >>>>>> (ActiveTransaction.java:60)	13:27:51
Scenario :	Verify What improvements would you suggest for their future pursuits for maximum character set	 >>>>>> (ActiveTransaction.java:61)	13:27:51
DataSetName :	ValidLogin
	 >>>>>> (ActiveTransaction.java:62)	13:27:51
[INFO]	 Not going to attempt again.	 >>>>>> (ActiveTransaction.java:50)	13:27:51
]]></system-out>
    <system-err><![CDATA[[ERROR] Problem while finding out runner name
java.lang.NullPointerException
	at com.zensar.scriptutils.ScenarioState.<init>(ScenarioState.java:56)
	at sun.reflect.GeneratedConstructorAccessor134.newInstance(Unknown Source)
	at sun.reflect.DelegatingConstructorAccessorImpl.newInstance(DelegatingConstructorAccessorImpl.java:45)
	at java.lang.reflect.Constructor.newInstance(Constructor.java:423)
	at org.picocontainer.injectors.AbstractInjector.newInstance(AbstractInjector.java:145)
	at org.picocontainer.injectors.ConstructorInjector$1.run(ConstructorInjector.java:342)
	at org.picocontainer.injectors.AbstractInjector$ThreadLocalCyclicDependencyGuard.observe(AbstractInjector.java:270)
	at org.picocontainer.injectors.ConstructorInjector.getComponentInstance(ConstructorInjector.java:364)
	at org.picocontainer.injectors.AbstractInjectionFactory$LifecycleAdapter.getComponentInstance(AbstractInjectionFactory.java:56)
	at org.picocontainer.behaviors.AbstractBehavior.getComponentInstance(AbstractBehavior.java:64)
	at org.picocontainer.behaviors.Stored.getComponentInstance(Stored.java:91)
	at org.picocontainer.DefaultPicoContainer.getInstance(DefaultPicoContainer.java:699)
	at org.picocontainer.DefaultPicoContainer.getComponent(DefaultPicoContainer.java:647)
	at org.picocontainer.DefaultPicoContainer.getComponent(DefaultPicoContainer.java:632)
	at org.picocontainer.parameters.BasicComponentParameter$1.resolveInstance(BasicComponentParameter.java:118)
	at org.picocontainer.parameters.ComponentParameter$1.resolveInstance(ComponentParameter.java:136)
	at org.picocontainer.injectors.SingleMemberInjector.getParameter(SingleMemberInjector.java:78)
	at org.picocontainer.injectors.ConstructorInjector$CtorAndAdapters.getParameterArguments(ConstructorInjector.java:309)
	at org.picocontainer.injectors.ConstructorInjector$1.run(ConstructorInjector.java:335)
	at org.picocontainer.injectors.AbstractInjector$ThreadLocalCyclicDependencyGuard.observe(AbstractInjector.java:270)
	at org.picocontainer.injectors.ConstructorInjector.getComponentInstance(ConstructorInjector.java:364)
	at org.picocontainer.injectors.AbstractInjectionFactory$LifecycleAdapter.getComponentInstance(AbstractInjectionFactory.java:56)
	at org.picocontainer.behaviors.AbstractBehavior.getComponentInstance(AbstractBehavior.java:64)
	at org.picocontainer.behaviors.Stored.getComponentInstance(Stored.java:91)
	at org.picocontainer.DefaultPicoContainer.getInstance(DefaultPicoContainer.java:699)
	at org.picocontainer.DefaultPicoContainer.getComponent(DefaultPicoContainer.java:647)
	at org.picocontainer.DefaultPicoContainer.getComponent(DefaultPicoContainer.java:678)
	at cucumber.runtime.java.picocontainer.PicoFactory.getInstance(PicoFactory.java:40)
	at cucumber.runtime.java.JavaHookDefinition.execute(JavaHookDefinition.java:60)
	at cucumber.runner.HookDefinitionMatch.runStep(HookDefinitionMatch.java:16)
	at cucumber.runner.TestStep.executeStep(TestStep.java:63)
	at cucumber.runner.TestStep.run(TestStep.java:49)
	at cucumber.runner.TestCase.run(TestCase.java:40)
	at cucumber.runner.Runner.runPickle(Runner.java:40)
	at cucumber.api.testng.TestNGCucumberRunner.runScenario(TestNGCucumberRunner.java:68)
	at com.zensar.runner.ActiveTransactionScopeBuilder.feature(ActiveTransactionScopeBuilder.java:37)
	at sun.reflect.NativeMethodAccessorImpl.invoke0(Native Method)
	at sun.reflect.NativeMethodAccessorImpl.invoke(NativeMethodAccessorImpl.java:62)
	at sun.reflect.DelegatingMethodAccessorImpl.invoke(DelegatingMethodAccessorImpl.java:43)
	at java.lang.reflect.Method.invoke(Method.java:498)
	at org.testng.internal.MethodInvocationHelper.invokeMethod(MethodInvocationHelper.java:124)
	at org.testng.internal.Invoker.invokeMethod(Invoker.java:583)
	at org.testng.internal.Invoker.invokeTestMethod(Invoker.java:719)
	at org.testng.internal.Invoker.invokeTestMethods(Invoker.java:989)
	at org.testng.internal.TestMethodWorker.invokeTestMethods(TestMethodWorker.java:125)
	at org.testng.internal.TestMethodWorker.run(TestMethodWorker.java:109)
	at org.testng.TestRunner.privateRun(TestRunner.java:648)
	at org.testng.TestRunner.run(TestRunner.java:505)
	at org.testng.SuiteRunner.runTest(SuiteRunner.java:455)
	at org.testng.SuiteRunner.access$000(SuiteRunner.java:40)
	at org.testng.SuiteRunner$SuiteWorker.run(SuiteRunner.java:489)
	at org.testng.internal.thread.ThreadUtil$1.call(ThreadUtil.java:52)
	at java.util.concurrent.FutureTask.run(FutureTask.java:266)
	at java.util.concurrent.ThreadPoolExecutor.runWorker(ThreadPoolExecutor.java:1149)
	at java.util.concurrent.ThreadPoolExecutor$Worker.run(ThreadPoolExecutor.java:624)
	at java.lang.Thread.run(Thread.java:748)
570904 [TestNG-tests-3] INFO io.github.bonigarcia.wdm.WebDriverManager - Using chromedriver 122.0.6261.111 (resolved driver for Chrome 122)
570916 [TestNG-tests-3] INFO io.github.bonigarcia.wdm.WebDriverManager - Exporting webdriver.chrome.driver as C:\Users\vs106039\.cache\selenium\chromedriver\win64\122.0.6261.111\chromedriver.exe
Starting ChromeDriver 122.0.6261.111 (9d4c1072da62b411b351a38b9ed6214ab236aa7b-refs/branch-heads/6261@{#1015}) on port 46602
Only local connections are allowed.
Please see https://chromedriver.chromium.org/security-considerations for suggestions on keeping ChromeDriver safe.
ChromeDriver was started successfully.
Mar 12, 2024 1:27:23 PM org.openqa.selenium.remote.ProtocolHandshake createSession
INFO: Detected dialect: W3C
org.openqa.selenium.json.JsonException: java.lang.reflect.InvocationTargetException
Build info: version: '3.141.59', revision: 'e82be7d358', time: '2018-11-14T08:17:03'
System info: host: 'EUROW42SLPC5721', ip: '192.168.29.116', os.name: 'Windows 10', os.arch: 'amd64', os.version: '10.0', java.version: '1.8.0_221'
Driver info: driver.version: EventFiringWebDriver
	at org.openqa.selenium.json.JsonOutput.convertUsingMethod(JsonOutput.java:332)
	at org.openqa.selenium.json.JsonOutput.lambda$new$16(JsonOutput.java:155)
	at org.openqa.selenium.json.JsonOutput.write(JsonOutput.java:264)
	at org.openqa.selenium.json.JsonOutput.lambda$null$21(JsonOutput.java:168)
	at java.util.LinkedHashMap$LinkedValues.forEach(LinkedHashMap.java:608)
	at org.openqa.selenium.json.JsonOutput.lambda$new$22(JsonOutput.java:168)
	at org.openqa.selenium.json.JsonOutput.write(JsonOutput.java:264)
	at org.openqa.selenium.json.JsonOutput.lambda$null$23(JsonOutput.java:177)
	at com.google.common.collect.SingletonImmutableBiMap.forEach(SingletonImmutableBiMap.java:65)
	at org.openqa.selenium.json.JsonOutput.lambda$new$24(JsonOutput.java:176)
	at org.openqa.selenium.json.JsonOutput.write(JsonOutput.java:264)
	at org.openqa.selenium.json.JsonOutput.write(JsonOutput.java:255)
	at org.openqa.selenium.json.Json.toJson(Json.java:42)
	at org.openqa.selenium.remote.http.AbstractHttpCommandCodec.encode(AbstractHttpCommandCodec.java:227)
	at org.openqa.selenium.remote.http.AbstractHttpCommandCodec.encode(AbstractHttpCommandCodec.java:117)
	at org.openqa.selenium.remote.HttpCommandExecutor.execute(HttpCommandExecutor.java:152)
	at org.openqa.selenium.remote.service.DriverCommandExecutor.execute(DriverCommandExecutor.java:83)
	at org.openqa.selenium.remote.RemoteWebDriver.execute(RemoteWebDriver.java:552)
	at org.openqa.selenium.remote.RemoteWebDriver.perform(RemoteWebDriver.java:618)
	at sun.reflect.GeneratedMethodAccessor19.invoke(Unknown Source)
	at sun.reflect.DelegatingMethodAccessorImpl.invoke(DelegatingMethodAccessorImpl.java:43)
	at java.lang.reflect.Method.invoke(Method.java:498)
	at org.openqa.selenium.support.events.EventFiringWebDriver.lambda$new$1(EventFiringWebDriver.java:105)
	at com.sun.proxy.$Proxy25.perform(Unknown Source)
	at org.openqa.selenium.support.events.EventFiringWebDriver.perform(EventFiringWebDriver.java:360)
	at org.openqa.selenium.interactions.Actions$BuiltAction.perform(Actions.java:639)
	at com.zensar.scriptutils.GlobalFunction.click(GlobalFunction.java:408)
	at com.zensar.pageobjects.ProjectDetails.OverviewMaxPursuits(ProjectDetails.java:431)
	at com.zensar.stepDefinations.ActiveTransactionStepDefinitions.maximum_Character_future_prospects(ActiveTransactionStepDefinitions.java:88)
	at ✽.User Validates for Maximum Character in What improvements would you suggest for their future pursuits & save(src/main/java/com/zensar/features/ActiveTransaction.feature:60)
	Suppressed: org.openqa.selenium.json.JsonException: Attempting to close incomplete json stream
Build info: version: '3.141.59', revision: 'e82be7d358', time: '2018-11-14T08:17:03'
System info: host: 'EUROW42SLPC5721', ip: '192.168.29.116', os.name: 'Windows 10', os.arch: 'amd64', os.version: '10.0', java.version: '1.8.0_221'
Driver info: driver.version: EventFiringWebDriver
		at org.openqa.selenium.json.JsonOutput.close(JsonOutput.java:279)
		at org.openqa.selenium.json.Json.toJson(Json.java:44)
		at org.openqa.selenium.remote.http.AbstractHttpCommandCodec.encode(AbstractHttpCommandCodec.java:227)
		at org.openqa.selenium.remote.http.AbstractHttpCommandCodec.encode(AbstractHttpCommandCodec.java:117)
		at org.openqa.selenium.remote.HttpCommandExecutor.execute(HttpCommandExecutor.java:152)
		at org.openqa.selenium.remote.service.DriverCommandExecutor.execute(DriverCommandExecutor.java:83)
		at org.openqa.selenium.remote.RemoteWebDriver.execute(RemoteWebDriver.java:552)
		at org.openqa.selenium.remote.RemoteWebDriver.perform(RemoteWebDriver.java:618)
		at sun.reflect.GeneratedMethodAccessor19.invoke(Unknown Source)
		at sun.reflect.DelegatingMethodAccessorImpl.invoke(DelegatingMethodAccessorImpl.java:43)
		at java.lang.reflect.Method.invoke(Method.java:498)
		at org.openqa.selenium.support.events.EventFiringWebDriver.lambda$new$1(EventFiringWebDriver.java:105)
		at com.sun.proxy.$Proxy25.perform(Unknown Source)
		at org.openqa.selenium.support.events.EventFiringWebDriver.perform(EventFiringWebDriver.java:360)
		at org.openqa.selenium.interactions.Actions$BuiltAction.perform(Actions.java:639)
		at com.zensar.scriptutils.GlobalFunction.click(GlobalFunction.java:408)
		at com.zensar.pageobjects.ProjectDetails.OverviewMaxPursuits(ProjectDetails.java:431)
		at com.zensar.stepDefinations.ActiveTransactionStepDefinitions.maximum_Character_future_prospects(ActiveTransactionStepDefinitions.java:88)
		at sun.reflect.NativeMethodAccessorImpl.invoke0(Native Method)
		at sun.reflect.NativeMethodAccessorImpl.invoke(NativeMethodAccessorImpl.java:62)
		at sun.reflect.DelegatingMethodAccessorImpl.invoke(DelegatingMethodAccessorImpl.java:43)
		at java.lang.reflect.Method.invoke(Method.java:498)
		at cucumber.runtime.Utils$1.call(Utils.java:26)
		at cucumber.runtime.Timeout.timeout(Timeout.java:16)
		at cucumber.runtime.Utils.invoke(Utils.java:20)
		at cucumber.runtime.java.JavaStepDefinition.execute(JavaStepDefinition.java:49)
		at cucumber.runner.PickleStepDefinitionMatch.runStep(PickleStepDefinitionMatch.java:50)
		at cucumber.runner.TestStep.executeStep(TestStep.java:63)
		at cucumber.runner.TestStep.run(TestStep.java:49)
		at cucumber.runner.PickleStepTestStep.run(PickleStepTestStep.java:43)
		at cucumber.runner.TestCase.run(TestCase.java:44)
		at cucumber.runner.Runner.runPickle(Runner.java:40)
		at cucumber.api.testng.TestNGCucumberRunner.runScenario(TestNGCucumberRunner.java:68)
		at com.zensar.runner.ActiveTransaction.feature(ActiveTransaction.java:37)
		at sun.reflect.NativeMethodAccessorImpl.invoke0(Native Method)
		at sun.reflect.NativeMethodAccessorImpl.invoke(NativeMethodAccessorImpl.java:62)
		at sun.reflect.DelegatingMethodAccessorImpl.invoke(DelegatingMethodAccessorImpl.java:43)
		at java.lang.reflect.Method.invoke(Method.java:498)
		at org.testng.internal.MethodInvocationHelper.invokeMethod(MethodInvocationHelper.java:124)
		at org.testng.internal.Invoker.invokeMethod(Invoker.java:583)
		at org.testng.internal.Invoker.invokeTestMethod(Invoker.java:719)
		at org.testng.internal.Invoker.invokeTestMethods(Invoker.java:989)
		at org.testng.internal.TestMethodWorker.invokeTestMethods(TestMethodWorker.java:125)
		at org.testng.internal.TestMethodWorker.run(TestMethodWorker.java:109)
		at org.testng.TestRunner.privateRun(TestRunner.java:648)
		at org.testng.TestRunner.run(TestRunner.java:505)
		at org.testng.SuiteRunner.runTest(SuiteRunner.java:455)
		at org.testng.SuiteRunner.access$000(SuiteRunner.java:40)
		at org.testng.SuiteRunner$SuiteWorker.run(SuiteRunner.java:489)
		at org.testng.internal.thread.ThreadUtil$1.call(ThreadUtil.java:52)
		at java.util.concurrent.FutureTask.run(FutureTask.java:266)
		at java.util.concurrent.ThreadPoolExecutor.runWorker(ThreadPoolExecutor.java:1149)
		at java.util.concurrent.ThreadPoolExecutor$Worker.run(ThreadPoolExecutor.java:624)
		at java.lang.Thread.run(Thread.java:748)
Caused by: java.lang.reflect.InvocationTargetException
	at sun.reflect.GeneratedMethodAccessor20.invoke(Unknown Source)
	at sun.reflect.DelegatingMethodAccessorImpl.invoke(DelegatingMethodAccessorImpl.java:43)
	at java.lang.reflect.Method.invoke(Method.java:498)
	at org.openqa.selenium.json.JsonOutput.convertUsingMethod(JsonOutput.java:328)
	at org.openqa.selenium.json.JsonOutput.lambda$new$16(JsonOutput.java:155)
	at org.openqa.selenium.json.JsonOutput.write(JsonOutput.java:264)
	at org.openqa.selenium.json.JsonOutput.lambda$null$21(JsonOutput.java:168)
	at java.util.LinkedHashMap$LinkedValues.forEach(LinkedHashMap.java:608)
	at org.openqa.selenium.json.JsonOutput.lambda$new$22(JsonOutput.java:168)
	at org.openqa.selenium.json.JsonOutput.write(JsonOutput.java:264)
	at org.openqa.selenium.json.JsonOutput.lambda$null$23(JsonOutput.java:177)
	at com.google.common.collect.SingletonImmutableBiMap.forEach(SingletonImmutableBiMap.java:65)
	at org.openqa.selenium.json.JsonOutput.lambda$new$24(JsonOutput.java:176)
	at org.openqa.selenium.json.JsonOutput.write(JsonOutput.java:264)
	at org.openqa.selenium.json.JsonOutput.write(JsonOutput.java:255)
	at org.openqa.selenium.json.Json.toJson(Json.java:42)
	at org.openqa.selenium.remote.http.AbstractHttpCommandCodec.encode(AbstractHttpCommandCodec.java:227)
	at org.openqa.selenium.remote.http.AbstractHttpCommandCodec.encode(AbstractHttpCommandCodec.java:117)
	at org.openqa.selenium.remote.HttpCommandExecutor.execute(HttpCommandExecutor.java:152)
	at org.openqa.selenium.remote.service.DriverCommandExecutor.execute(DriverCommandExecutor.java:83)
	at org.openqa.selenium.remote.RemoteWebDriver.execute(RemoteWebDriver.java:552)
	at org.openqa.selenium.remote.RemoteWebDriver.perform(RemoteWebDriver.java:618)
	at sun.reflect.GeneratedMethodAccessor19.invoke(Unknown Source)
	at sun.reflect.DelegatingMethodAccessorImpl.invoke(DelegatingMethodAccessorImpl.java:43)
	at java.lang.reflect.Method.invoke(Method.java:498)
	at org.openqa.selenium.support.events.EventFiringWebDriver.lambda$new$1(EventFiringWebDriver.java:105)
	at com.sun.proxy.$Proxy25.perform(Unknown Source)
	at org.openqa.selenium.support.events.EventFiringWebDriver.perform(EventFiringWebDriver.java:360)
	at org.openqa.selenium.interactions.Actions$BuiltAction.perform(Actions.java:639)
	at com.zensar.scriptutils.GlobalFunction.click(GlobalFunction.java:408)
	at com.zensar.pageobjects.ProjectDetails.OverviewMaxPursuits(ProjectDetails.java:431)
	at com.zensar.stepDefinations.ActiveTransactionStepDefinitions.maximum_Character_future_prospects(ActiveTransactionStepDefinitions.java:88)
	at sun.reflect.NativeMethodAccessorImpl.invoke0(Native Method)
	at sun.reflect.NativeMethodAccessorImpl.invoke(NativeMethodAccessorImpl.java:62)
	at sun.reflect.DelegatingMethodAccessorImpl.invoke(DelegatingMethodAccessorImpl.java:43)
	at java.lang.reflect.Method.invoke(Method.java:498)
	at cucumber.runtime.Utils$1.call(Utils.java:26)
	at cucumber.runtime.Timeout.timeout(Timeout.java:16)
	at cucumber.runtime.Utils.invoke(Utils.java:20)
	at cucumber.runtime.java.JavaStepDefinition.execute(JavaStepDefinition.java:49)
	at cucumber.runner.PickleStepDefinitionMatch.runStep(PickleStepDefinitionMatch.java:50)
	at cucumber.runner.TestStep.executeStep(TestStep.java:63)
	at cucumber.runner.TestStep.run(TestStep.java:49)
	at cucumber.runner.PickleStepTestStep.run(PickleStepTestStep.java:43)
	at cucumber.runner.TestCase.run(TestCase.java:44)
	at cucumber.runner.Runner.runPickle(Runner.java:40)
	at cucumber.api.testng.TestNGCucumberRunner.runScenario(TestNGCucumberRunner.java:68)
	at com.zensar.runner.ActiveTransaction.feature(ActiveTransaction.java:37)
	at sun.reflect.NativeMethodAccessorImpl.invoke0(Native Method)
	at sun.reflect.NativeMethodAccessorImpl.invoke(NativeMethodAccessorImpl.java:62)
	at sun.reflect.DelegatingMethodAccessorImpl.invoke(DelegatingMethodAccessorImpl.java:43)
	at java.lang.reflect.Method.invoke(Method.java:498)
	at org.testng.internal.MethodInvocationHelper.invokeMethod(MethodInvocationHelper.java:124)
	at org.testng.internal.Invoker.invokeMethod(Invoker.java:583)
	at org.testng.internal.Invoker.invokeTestMethod(Invoker.java:719)
	at org.testng.internal.Invoker.invokeTestMethods(Invoker.java:989)
	at org.testng.internal.TestMethodWorker.invokeTestMethods(TestMethodWorker.java:125)
	at org.testng.internal.TestMethodWorker.run(TestMethodWorker.java:109)
	at org.testng.TestRunner.privateRun(TestRunner.java:648)
	at org.testng.TestRunner.run(TestRunner.java:505)
	at org.testng.SuiteRunner.runTest(SuiteRunner.java:455)
	at org.testng.SuiteRunner.access$000(SuiteRunner.java:40)
	at org.testng.SuiteRunner$SuiteWorker.run(SuiteRunner.java:489)
	at org.testng.internal.thread.ThreadUtil$1.call(ThreadUtil.java:52)
	at java.util.concurrent.FutureTask.run(FutureTask.java:266)
	at java.util.concurrent.ThreadPoolExecutor.runWorker(ThreadPoolExecutor.java:1149)
	at java.util.concurrent.ThreadPoolExecutor$Worker.run(ThreadPoolExecutor.java:624)
	at java.lang.Thread.run(Thread.java:748)
Caused by: org.openqa.selenium.NoSuchElementException: no such element: Unable to locate element: {"method":"xpath","selector":"//button[contains(@class,'btn secondary-btn-m edit-overview')]"}
  (Session info: chrome=122.0.6261.112)
For documentation on this error, please visit: https://www.seleniumhq.org/exceptions/no_such_element.html
Build info: version: '3.141.59', revision: 'e82be7d358', time: '2018-11-14T08:17:03'
System info: host: 'EUROW42SLPC5721', ip: '192.168.29.116', os.name: 'Windows 10', os.arch: 'amd64', os.version: '10.0', java.version: '1.8.0_221'
Driver info: org.openqa.selenium.chrome.ChromeDriver
Capabilities {acceptInsecureCerts: false, browserName: chrome, browserVersion: 122.0.6261.112, chrome: {chromedriverVersion: 122.0.6261.111 (9d4c1072da6..., userDataDir: C:\Users\vs106039\AppData\L...}, fedcm:accounts: true, goog:chromeOptions: {debuggerAddress: localhost:54317}, javascriptEnabled: true, networkConnectionEnabled: false, pageLoadStrategy: normal, platform: WINDOWS, platformName: WINDOWS, proxy: Proxy(), setWindowRect: true, strictFileInteractability: false, timeouts: {implicit: 0, pageLoad: 300000, script: 30000}, unhandledPromptBehavior: dismiss and notify, webauthn:extension:credBlob: true, webauthn:extension:largeBlob: true, webauthn:extension:minPinLength: true, webauthn:extension:prf: true, webauthn:virtualAuthenticators: true}
Session ID: fd984854d7bc3471c1c89d68f4e51ab1
*** Element info: {Using=xpath, value=//button[contains(@class,'btn secondary-btn-m edit-overview')]}
	at sun.reflect.GeneratedConstructorAccessor91.newInstance(Unknown Source)
	at sun.reflect.DelegatingConstructorAccessorImpl.newInstance(DelegatingConstructorAccessorImpl.java:45)
	at java.lang.reflect.Constructor.newInstance(Constructor.java:423)
	at org.openqa.selenium.remote.http.W3CHttpResponseCodec.createException(W3CHttpResponseCodec.java:187)
	at org.openqa.selenium.remote.http.W3CHttpResponseCodec.decode(W3CHttpResponseCodec.java:122)
	at org.openqa.selenium.remote.http.W3CHttpResponseCodec.decode(W3CHttpResponseCodec.java:49)
	at org.openqa.selenium.remote.HttpCommandExecutor.execute(HttpCommandExecutor.java:158)
	at org.openqa.selenium.remote.service.DriverCommandExecutor.execute(DriverCommandExecutor.java:83)
	at org.openqa.selenium.remote.RemoteWebDriver.execute(RemoteWebDriver.java:552)
	at org.openqa.selenium.remote.RemoteWebDriver.findElement(RemoteWebDriver.java:323)
	at org.openqa.selenium.remote.RemoteWebDriver.findElementByXPath(RemoteWebDriver.java:428)
	at org.openqa.selenium.By$ByXPath.findElement(By.java:353)
	at org.openqa.selenium.remote.RemoteWebDriver.findElement(RemoteWebDriver.java:315)
	at sun.reflect.GeneratedMethodAccessor8.invoke(Unknown Source)
	at sun.reflect.DelegatingMethodAccessorImpl.invoke(DelegatingMethodAccessorImpl.java:43)
	at java.lang.reflect.Method.invoke(Method.java:498)
	at org.openqa.selenium.support.events.EventFiringWebDriver.lambda$new$1(EventFiringWebDriver.java:105)
	at com.sun.proxy.$Proxy25.findElement(Unknown Source)
	at org.openqa.selenium.support.events.EventFiringWebDriver.findElement(EventFiringWebDriver.java:194)
	at org.openqa.selenium.support.pagefactory.DefaultElementLocator.findElement(DefaultElementLocator.java:69)
	at org.openqa.selenium.support.pagefactory.internal.LocatingElementHandler.invoke(LocatingElementHandler.java:38)
	at com.sun.proxy.$Proxy28.getWrappedElement(Unknown Source)
	at org.openqa.selenium.interactions.PointerInput$Origin.asArg(PointerInput.java:204)
	at org.openqa.selenium.interactions.PointerInput$Move.encode(PointerInput.java:155)
	at org.openqa.selenium.interactions.Sequence.encode(Sequence.java:75)
	at org.openqa.selenium.interactions.Sequence.toJson(Sequence.java:84)
	... 68 more
]]></system-err>
  </testcase>
  <testcase name="feature[com.zensar.scriptutils.PickleWrapper@470a2a9c](1)" classname="com.zensar.runner.ActiveTransactionProviderList" time="31.177">
    <system-out><![CDATA[[INFO]	 Attempt 1 of 1 to execute 	 >>>>>> (SetupProject.java:35)	13:22:40
Feature :	SetupProject	 >>>>>> (SetupProject.java:60)	13:22:40
Scenario :	Verify user able to Setup new Project with sole source	 >>>>>> (SetupProject.java:61)	13:22:40
DataSetName :	ValidLogin
	 >>>>>> (SetupProject.java:62)	13:22:40
SCENARIO STATE Init	 >>>>>> (Hooks.java:24)	13:22:40
Thread Local getDrive()	 >>>>>> (DriverHandler.java:87)	13:22:41
unHighlightElement	 >>>>>> (GlobalFunction.java:74)	13:22:41
Thread Local getDrive()	 >>>>>> (DriverHandler.java:87)	13:22:42
3 columns(s) affected	 >>>>>> (Connection.java:93)	13:22:42
1 row(s) affected	 >>>>>> (Connection.java:73)	13:22:42
1 row(s) affected	 >>>>>> (Connection.java:73)	13:22:42
1 row(s) affected	 >>>>>> (Connection.java:73)	13:22:42
BROWSER STACK SESSION : 	 >>>>>> (OutputSheetLogger.java:174)	13:22:42
Thread Local getDrive()	 >>>>>> (DriverHandler.java:87)	13:22:42
54b6cb4f2ed3d96881b4884336653fc6	 >>>>>> (OutputSheetLogger.java:175)	13:22:42
Entered try in open	 >>>>>> (IsgLandingPage.java:145)	13:22:42
embedScreenshot	 >>>>>> (GlobalFunction.java:74)	13:22:47
highlightElement	 >>>>>> (GlobalFunction.java:74)	13:22:47
Thread Local getDrive()	 >>>>>> (DriverHandler.java:87)	13:22:47
unHighlightElement	 >>>>>> (GlobalFunction.java:74)	13:22:47
forceClick	 >>>>>> (GlobalFunction.java:74)	13:22:47
Clicked Login	 >>>>>> (IsgLandingPage.java:179)	13:22:49
getText	 >>>>>> (GlobalFunction.java:74)	13:22:50
Number of Active Transaction: Active transactions (2)	 >>>>>> (ProjectContact.java:113)	13:22:50
embedScreenshot	 >>>>>> (GlobalFunction.java:74)	13:22:50
Thread Local getDrive()	 >>>>>> (DriverHandler.java:87)	13:22:50
zAssertTrue	 >>>>>> (GlobalFunction.java:74)	13:22:50
waitForElement	 >>>>>> (GlobalFunction.java:74)	13:22:50
isPresent	 >>>>>> (GlobalFunction.java:74)	13:22:50
isPresent	 >>>>>> (GlobalFunction.java:74)	13:22:50
username : NGS3@isg-one.com	 >>>>>> (IsgLandingPage.java:181)	13:22:52
password : T|2txZ>UJs	 >>>>>> (IsgLandingPage.java:183)	13:22:52
embedScreenshot	 >>>>>> (GlobalFunction.java:74)	13:22:52
highlightElement	 >>>>>> (GlobalFunction.java:74)	13:22:52
Thread Local getDrive()	 >>>>>> (DriverHandler.java:87)	13:22:52
unHighlightElement	 >>>>>> (GlobalFunction.java:74)	13:22:53
click	 >>>>>> (GlobalFunction.java:74)	13:22:53
isPresent	 >>>>>> (GlobalFunction.java:74)	13:22:53
Thread Local getDrive()	 >>>>>> (DriverHandler.java:87)	13:22:53
Thread Local getDrive()	 >>>>>> (DriverHandler.java:87)	13:22:53
Thread Local getDrive()	 >>>>>> (DriverHandler.java:87)	13:22:53
isPresent	 >>>>>> (GlobalFunction.java:74)	13:22:53
waitForElement	 >>>>>> (GlobalFunction.java:74)	13:22:54
isPresent	 >>>>>> (GlobalFunction.java:74)	13:22:54
1
isPresent	 >>>>>> (GlobalFunction.java:74)	13:22:56
2
isPresent	 >>>>>> (GlobalFunction.java:74)	13:22:58
click	 >>>>>> (GlobalFunction.java:74)	13:23:0
embedScreenshot	 >>>>>> (GlobalFunction.java:74)	13:23:0
Thread Local getDrive()	 >>>>>> (DriverHandler.java:87)	13:23:0
click	 >>>>>> (GlobalFunction.java:74)	13:23:0
3
isPresent	 >>>>>> (GlobalFunction.java:74)	13:23:1
4
isPresent	 >>>>>> (GlobalFunction.java:74)	13:23:3
5
isPresent	 >>>>>> (GlobalFunction.java:74)	13:23:5
isPresent	 >>>>>> (GlobalFunction.java:74)	13:23:5
getText	 >>>>>> (GlobalFunction.java:74)	13:23:5
notification for Set up Project: 3	 >>>>>> (IsgLandingPage.java:224)	13:23:5
embedScreenshot	 >>>>>> (GlobalFunction.java:74)	13:23:5
Thread Local getDrive()	 >>>>>> (DriverHandler.java:87)	13:23:5
zAssertTrue	 >>>>>> (GlobalFunction.java:74)	13:23:5
waitForElement	 >>>>>> (GlobalFunction.java:74)	13:23:6
isPresent	 >>>>>> (GlobalFunction.java:74)	13:23:6
isPresent	 >>>>>> (GlobalFunction.java:74)	13:23:6
getText	 >>>>>> (GlobalFunction.java:74)	13:23:6
User will be redirected to Provider list: Provider list	 >>>>>> (ProjectDetails.java:178)	13:23:6
embedScreenshot	 >>>>>> (GlobalFunction.java:74)	13:23:6
Thread Local getDrive()	 >>>>>> (DriverHandler.java:87)	13:23:6
zAssertTrue	 >>>>>> (GlobalFunction.java:74)	13:23:6
waitForElement	 >>>>>> (GlobalFunction.java:74)	13:23:6
isPresent	 >>>>>> (GlobalFunction.java:74)	13:23:6
1
isPresent	 >>>>>> (GlobalFunction.java:74)	13:23:8
click	 >>>>>> (GlobalFunction.java:74)	13:23:9
embedScreenshot	 >>>>>> (GlobalFunction.java:74)	13:23:9
Thread Local getDrive()	 >>>>>> (DriverHandler.java:87)	13:23:9
2
isPresent	 >>>>>> (GlobalFunction.java:74)	13:23:10
isPresent	 >>>>>> (GlobalFunction.java:74)	13:23:10
getText	 >>>>>> (GlobalFunction.java:74)	13:23:10
Number of In Process provider: In-process providers (20)	 >>>>>> (ProjectDetails.java:187)	13:23:10
embedScreenshot	 >>>>>> (GlobalFunction.java:74)	13:23:10
Thread Local getDrive()	 >>>>>> (DriverHandler.java:87)	13:23:10
zAssertTrue	 >>>>>> (GlobalFunction.java:74)	13:23:10
waitForElement	 >>>>>> (GlobalFunction.java:74)	13:23:10
isPresent	 >>>>>> (GlobalFunction.java:74)	13:23:10
isPresent	 >>>>>> (GlobalFunction.java:74)	13:23:11
getText	 >>>>>> (GlobalFunction.java:74)	13:23:11
Number of removed providers are: Removed providers (4)	 >>>>>> (ProjectDetails.java:193)	13:23:11
embedScreenshot	 >>>>>> (GlobalFunction.java:74)	13:23:11
Thread Local getDrive()	 >>>>>> (DriverHandler.java:87)	13:23:11
zAssertTrue	 >>>>>> (GlobalFunction.java:74)	13:23:11
1 row(s) affected	 >>>>>> (Connection.java:73)	13:23:11
1 row(s) affected	 >>>>>> (Connection.java:73)	13:23:11
1 row(s) affected	 >>>>>> (Connection.java:73)	13:23:11
[INFO]	 Attempt 1 of 1 to execute  [PASSED]	 >>>>>> (ActiveTransactionProviderList.java:38)	13:23:11
Feature :	ActiveTransactionProviderList	 >>>>>> (ActiveTransactionProviderList.java:60)	13:23:11
Scenario :	Verify user able view In Process provider and Removed providers	 >>>>>> (ActiveTransactionProviderList.java:61)	13:23:11
DataSetName :	ProviderList
	 >>>>>> (ActiveTransactionProviderList.java:62)	13:23:11
]]></system-out>
    <system-err><![CDATA[290719 [TestNG-tests-3] INFO io.github.bonigarcia.wdm.WebDriverManager - Using chromedriver 122.0.6261.111 (resolved driver for Chrome 122)
290736 [TestNG-tests-3] INFO io.github.bonigarcia.wdm.WebDriverManager - Exporting webdriver.chrome.driver as C:\Users\vs106039\.cache\selenium\chromedriver\win64\122.0.6261.111\chromedriver.exe
Starting ChromeDriver 122.0.6261.111 (9d4c1072da62b411b351a38b9ed6214ab236aa7b-refs/branch-heads/6261@{#1015}) on port 6470
Only local connections are allowed.
Please see https://chromedriver.chromium.org/security-considerations for suggestions on keeping ChromeDriver safe.
ChromeDriver was started successfully.
org.openqa.selenium.NoSuchElementException: no such element: Unable to locate element: {"method":"xpath","selector":"//button[contains(@class,'btn secondary-btn-m edit-overview')]"}
  (Session info: chrome=122.0.6261.112)
For documentation on this error, please visit: https://www.seleniumhq.org/exceptions/no_such_element.html
Build info: version: '3.141.59', revision: 'e82be7d358', time: '2018-11-14T08:17:03'
System info: host: 'EUROW42SLPC5721', ip: '192.168.29.116', os.name: 'Windows 10', os.arch: 'amd64', os.version: '10.0', java.version: '1.8.0_221'
Driver info: org.openqa.selenium.chrome.ChromeDriver
Capabilities {acceptInsecureCerts: false, browserName: chrome, browserVersion: 122.0.6261.112, chrome: {chromedriverVersion: 122.0.6261.111 (9d4c1072da6..., userDataDir: C:\Users\vs106039\AppData\L...}, fedcm:accounts: true, goog:chromeOptions: {debuggerAddress: localhost:53225}, javascriptEnabled: true, networkConnectionEnabled: false, pageLoadStrategy: normal, platform: WINDOWS, platformName: WINDOWS, proxy: Proxy(), setWindowRect: true, strictFileInteractability: false, timeouts: {implicit: 0, pageLoad: 300000, script: 30000}, unhandledPromptBehavior: dismiss and notify, webauthn:extension:credBlob: true, webauthn:extension:largeBlob: true, webauthn:extension:minPinLength: true, webauthn:extension:prf: true, webauthn:virtualAuthenticators: true}
Session ID: 48ce52c553bbece8f4ace982b6ccee41
*** Element info: {Using=xpath, value=//button[contains(@class,'btn secondary-btn-m edit-overview')]}
	at sun.reflect.GeneratedConstructorAccessor91.newInstance(Unknown Source)
	at sun.reflect.DelegatingConstructorAccessorImpl.newInstance(DelegatingConstructorAccessorImpl.java:45)
	at java.lang.reflect.Constructor.newInstance(Constructor.java:423)
	at org.openqa.selenium.remote.http.W3CHttpResponseCodec.createException(W3CHttpResponseCodec.java:187)
	at org.openqa.selenium.remote.http.W3CHttpResponseCodec.decode(W3CHttpResponseCodec.java:122)
	at org.openqa.selenium.remote.http.W3CHttpResponseCodec.decode(W3CHttpResponseCodec.java:49)
	at org.openqa.selenium.remote.HttpCommandExecutor.execute(HttpCommandExecutor.java:158)
	at org.openqa.selenium.remote.service.DriverCommandExecutor.execute(DriverCommandExecutor.java:83)
	at org.openqa.selenium.remote.RemoteWebDriver.execute(RemoteWebDriver.java:552)
	at org.openqa.selenium.remote.RemoteWebDriver.findElement(RemoteWebDriver.java:323)
	at org.openqa.selenium.remote.RemoteWebDriver.findElementByXPath(RemoteWebDriver.java:428)
	at org.openqa.selenium.By$ByXPath.findElement(By.java:353)
	at org.openqa.selenium.remote.RemoteWebDriver.findElement(RemoteWebDriver.java:315)
	at sun.reflect.GeneratedMethodAccessor8.invoke(Unknown Source)
	at sun.reflect.DelegatingMethodAccessorImpl.invoke(DelegatingMethodAccessorImpl.java:43)
	at java.lang.reflect.Method.invoke(Method.java:498)
	at org.openqa.selenium.support.events.EventFiringWebDriver.lambda$new$1(EventFiringWebDriver.java:105)
	at com.sun.proxy.$Proxy25.findElement(Unknown Source)
	at org.openqa.selenium.support.events.EventFiringWebDriver.findElement(EventFiringWebDriver.java:194)
	at org.openqa.selenium.support.pagefactory.DefaultElementLocator.findElement(DefaultElementLocator.java:69)
	at org.openqa.selenium.support.pagefactory.internal.LocatingElementHandler.invoke(LocatingElementHandler.java:38)
	at com.sun.proxy.$Proxy28.getWrappedElement(Unknown Source)
	at org.openqa.selenium.remote.internal.WebElementToJsonConverter.apply(WebElementToJsonConverter.java:50)
	at java.util.stream.ReferencePipeline$3$1.accept(ReferencePipeline.java:193)
	at java.util.Spliterators$ArraySpliterator.forEachRemaining(Spliterators.java:948)
	at java.util.stream.AbstractPipeline.copyInto(AbstractPipeline.java:482)
	at java.util.stream.AbstractPipeline.wrapAndCopyInto(AbstractPipeline.java:472)
	at java.util.stream.ReduceOps$ReduceOp.evaluateSequential(ReduceOps.java:708)
	at java.util.stream.AbstractPipeline.evaluate(AbstractPipeline.java:234)
	at java.util.stream.ReferencePipeline.collect(ReferencePipeline.java:499)
	at org.openqa.selenium.remote.RemoteWebDriver.executeScript(RemoteWebDriver.java:484)
	at sun.reflect.GeneratedMethodAccessor11.invoke(Unknown Source)
	at sun.reflect.DelegatingMethodAccessorImpl.invoke(DelegatingMethodAccessorImpl.java:43)
	at java.lang.reflect.Method.invoke(Method.java:498)
	at org.openqa.selenium.support.events.EventFiringWebDriver.lambda$new$1(EventFiringWebDriver.java:105)
	at com.sun.proxy.$Proxy25.executeScript(Unknown Source)
	at org.openqa.selenium.support.events.EventFiringWebDriver.executeScript(EventFiringWebDriver.java:229)
	at com.zensar.scriptutils.GlobalFunction.highlightElement(GlobalFunction.java:1546)
	at com.zensar.scriptutils.GlobalFunction.embedScreenshot(GlobalFunction.java:1319)
	at com.zensar.pageobjects.ProjectDetails.unableToUpdateProjectOverview(ProjectDetails.java:473)
	at com.zensar.stepDefinations.ActiveTransactionStepDefinitions.User_not_able_to_Update_Project_Overview(ActiveTransactionStepDefinitions.java:35)
	at sun.reflect.NativeMethodAccessorImpl.invoke0(Native Method)
	at sun.reflect.NativeMethodAccessorImpl.invoke(NativeMethodAccessorImpl.java:62)
	at sun.reflect.DelegatingMethodAccessorImpl.invoke(DelegatingMethodAccessorImpl.java:43)
	at java.lang.reflect.Method.invoke(Method.java:498)
	at cucumber.runtime.Utils$1.call(Utils.java:26)
	at cucumber.runtime.Timeout.timeout(Timeout.java:16)
	at cucumber.runtime.Utils.invoke(Utils.java:20)
	at cucumber.runtime.java.JavaStepDefinition.execute(JavaStepDefinition.java:49)
	at cucumber.runner.PickleStepDefinitionMatch.runStep(PickleStepDefinitionMatch.java:50)
	at cucumber.runner.TestStep.executeStep(TestStep.java:63)
	at cucumber.runner.TestStep.run(TestStep.java:49)
	at cucumber.runner.PickleStepTestStep.run(PickleStepTestStep.java:43)
	at cucumber.runner.TestCase.run(TestCase.java:44)
	at cucumber.runner.Runner.runPickle(Runner.java:40)
	at cucumber.api.testng.TestNGCucumberRunner.runScenario(TestNGCucumberRunner.java:68)
	at com.zensar.runner.ActiveTransaction.feature(ActiveTransaction.java:37)
	at sun.reflect.NativeMethodAccessorImpl.invoke0(Native Method)
	at sun.reflect.NativeMethodAccessorImpl.invoke(NativeMethodAccessorImpl.java:62)
	at sun.reflect.DelegatingMethodAccessorImpl.invoke(DelegatingMethodAccessorImpl.java:43)
	at java.lang.reflect.Method.invoke(Method.java:498)
	at org.testng.internal.MethodInvocationHelper.invokeMethod(MethodInvocationHelper.java:124)
	at org.testng.internal.Invoker.invokeMethod(Invoker.java:583)
	at org.testng.internal.Invoker.invokeTestMethod(Invoker.java:719)
	at org.testng.internal.Invoker.invokeTestMethods(Invoker.java:989)
	at org.testng.internal.TestMethodWorker.invokeTestMethods(TestMethodWorker.java:125)
	at org.testng.internal.TestMethodWorker.run(TestMethodWorker.java:109)
	at org.testng.TestRunner.privateRun(TestRunner.java:648)
	at org.testng.TestRunner.run(TestRunner.java:505)
	at org.testng.SuiteRunner.runTest(SuiteRunner.java:455)
	at org.testng.SuiteRunner.access$000(SuiteRunner.java:40)
	at org.testng.SuiteRunner$SuiteWorker.run(SuiteRunner.java:489)
	at org.testng.internal.thread.ThreadUtil$1.call(ThreadUtil.java:52)
	at java.util.concurrent.FutureTask.run(FutureTask.java:266)
	at java.util.concurrent.ThreadPoolExecutor.runWorker(ThreadPoolExecutor.java:1149)
	at java.util.concurrent.ThreadPoolExecutor$Worker.run(ThreadPoolExecutor.java:624)
	at java.lang.Thread.run(Thread.java:748)
Mar 12, 2024 1:22:42 PM org.openqa.selenium.remote.ProtocolHandshake createSession
INFO: Detected dialect: W3C
]]></system-err>
  </testcase>
  <testcase name="feature[com.zensar.scriptutils.PickleWrapper@1bd178b7](2)" classname="com.zensar.runner.ActiveTransactionProviderList" time="4.877">
    <system-out><![CDATA[[INFO]	 Attempt 1 of 1 to execute 	 >>>>>> (ActiveTransactionScopeBuilder.java:35)	13:25:5
Feature :	ActiveTransactionScopeBuilder	 >>>>>> (ActiveTransactionScopeBuilder.java:60)	13:25:5
Scenario :	Verify user able add FA to the Scope Bundle	 >>>>>> (ActiveTransactionScopeBuilder.java:61)	13:25:5
DataSetName :	ScopeBuilder
	 >>>>>> (ActiveTransactionScopeBuilder.java:62)	13:25:5
SCENARIO STATE Init	 >>>>>> (Hooks.java:24)	13:25:5
Thread Local getDrive()	 >>>>>> (DriverHandler.java:87)	13:25:8
3 columns(s) affected	 >>>>>> (Connection.java:93)	13:25:8
1 row(s) affected	 >>>>>> (Connection.java:73)	13:25:8
1 row(s) affected	 >>>>>> (Connection.java:73)	13:25:8
1 row(s) affected	 >>>>>> (Connection.java:73)	13:25:8
BROWSER STACK SESSION : 	 >>>>>> (OutputSheetLogger.java:174)	13:25:8
Thread Local getDrive()	 >>>>>> (DriverHandler.java:87)	13:25:8
eb02ca6748b188eee8ea9a4e5b33ee9d	 >>>>>> (OutputSheetLogger.java:175)	13:25:8
Entered try in open	 >>>>>> (IsgLandingPage.java:145)	13:25:8
1 row(s) affected	 >>>>>> (Connection.java:73)	13:25:10
1 row(s) affected	 >>>>>> (Connection.java:73)	13:25:10
1 row(s) affected	 >>>>>> (Connection.java:73)	13:25:10


[ERROR]	 Attempt 1 of 1 to execute  [FAILED]	 >>>>>> (ActiveTransactionProviderList.java:44)	13:25:10
Feature :	ActiveTransactionProviderList	 >>>>>> (ActiveTransactionProviderList.java:60)	13:25:10
Scenario :	Verify user able to add In Process provider	 >>>>>> (ActiveTransactionProviderList.java:61)	13:25:10
DataSetName :	ProviderList
	 >>>>>> (ActiveTransactionProviderList.java:62)	13:25:10
[INFO]	 Not going to attempt again.	 >>>>>> (ActiveTransactionProviderList.java:50)	13:25:10
]]></system-out>
    <system-err><![CDATA[[ERROR] Problem while finding out runner name
java.lang.NullPointerException
	at com.zensar.scriptutils.ScenarioState.<init>(ScenarioState.java:56)
	at sun.reflect.GeneratedConstructorAccessor134.newInstance(Unknown Source)
	at sun.reflect.DelegatingConstructorAccessorImpl.newInstance(DelegatingConstructorAccessorImpl.java:45)
	at java.lang.reflect.Constructor.newInstance(Constructor.java:423)
	at org.picocontainer.injectors.AbstractInjector.newInstance(AbstractInjector.java:145)
	at org.picocontainer.injectors.ConstructorInjector$1.run(ConstructorInjector.java:342)
	at org.picocontainer.injectors.AbstractInjector$ThreadLocalCyclicDependencyGuard.observe(AbstractInjector.java:270)
	at org.picocontainer.injectors.ConstructorInjector.getComponentInstance(ConstructorInjector.java:364)
	at org.picocontainer.injectors.AbstractInjectionFactory$LifecycleAdapter.getComponentInstance(AbstractInjectionFactory.java:56)
	at org.picocontainer.behaviors.AbstractBehavior.getComponentInstance(AbstractBehavior.java:64)
	at org.picocontainer.behaviors.Stored.getComponentInstance(Stored.java:91)
	at org.picocontainer.DefaultPicoContainer.getInstance(DefaultPicoContainer.java:699)
	at org.picocontainer.DefaultPicoContainer.getComponent(DefaultPicoContainer.java:647)
	at org.picocontainer.DefaultPicoContainer.getComponent(DefaultPicoContainer.java:632)
	at org.picocontainer.parameters.BasicComponentParameter$1.resolveInstance(BasicComponentParameter.java:118)
	at org.picocontainer.parameters.ComponentParameter$1.resolveInstance(ComponentParameter.java:136)
	at org.picocontainer.injectors.SingleMemberInjector.getParameter(SingleMemberInjector.java:78)
	at org.picocontainer.injectors.ConstructorInjector$CtorAndAdapters.getParameterArguments(ConstructorInjector.java:309)
	at org.picocontainer.injectors.ConstructorInjector$1.run(ConstructorInjector.java:335)
	at org.picocontainer.injectors.AbstractInjector$ThreadLocalCyclicDependencyGuard.observe(AbstractInjector.java:270)
	at org.picocontainer.injectors.ConstructorInjector.getComponentInstance(ConstructorInjector.java:364)
	at org.picocontainer.injectors.AbstractInjectionFactory$LifecycleAdapter.getComponentInstance(AbstractInjectionFactory.java:56)
	at org.picocontainer.behaviors.AbstractBehavior.getComponentInstance(AbstractBehavior.java:64)
	at org.picocontainer.behaviors.Stored.getComponentInstance(Stored.java:91)
	at org.picocontainer.DefaultPicoContainer.getInstance(DefaultPicoContainer.java:699)
	at org.picocontainer.DefaultPicoContainer.getComponent(DefaultPicoContainer.java:647)
	at org.picocontainer.DefaultPicoContainer.getComponent(DefaultPicoContainer.java:678)
	at cucumber.runtime.java.picocontainer.PicoFactory.getInstance(PicoFactory.java:40)
	at cucumber.runtime.java.JavaHookDefinition.execute(JavaHookDefinition.java:60)
	at cucumber.runner.HookDefinitionMatch.runStep(HookDefinitionMatch.java:16)
	at cucumber.runner.TestStep.executeStep(TestStep.java:63)
	at cucumber.runner.TestStep.run(TestStep.java:49)
	at cucumber.runner.TestCase.run(TestCase.java:40)
	at cucumber.runner.Runner.runPickle(Runner.java:40)
	at cucumber.api.testng.TestNGCucumberRunner.runScenario(TestNGCucumberRunner.java:68)
	at com.zensar.runner.ActiveTransactionScopeBuilder.feature(ActiveTransactionScopeBuilder.java:37)
	at sun.reflect.NativeMethodAccessorImpl.invoke0(Native Method)
	at sun.reflect.NativeMethodAccessorImpl.invoke(NativeMethodAccessorImpl.java:62)
	at sun.reflect.DelegatingMethodAccessorImpl.invoke(DelegatingMethodAccessorImpl.java:43)
	at java.lang.reflect.Method.invoke(Method.java:498)
	at org.testng.internal.MethodInvocationHelper.invokeMethod(MethodInvocationHelper.java:124)
	at org.testng.internal.Invoker.invokeMethod(Invoker.java:583)
	at org.testng.internal.Invoker.invokeTestMethod(Invoker.java:719)
	at org.testng.internal.Invoker.invokeTestMethods(Invoker.java:989)
	at org.testng.internal.TestMethodWorker.invokeTestMethods(TestMethodWorker.java:125)
	at org.testng.internal.TestMethodWorker.run(TestMethodWorker.java:109)
	at org.testng.TestRunner.privateRun(TestRunner.java:648)
	at org.testng.TestRunner.run(TestRunner.java:505)
	at org.testng.SuiteRunner.runTest(SuiteRunner.java:455)
	at org.testng.SuiteRunner.access$000(SuiteRunner.java:40)
	at org.testng.SuiteRunner$SuiteWorker.run(SuiteRunner.java:489)
	at org.testng.internal.thread.ThreadUtil$1.call(ThreadUtil.java:52)
	at java.util.concurrent.FutureTask.run(FutureTask.java:266)
	at java.util.concurrent.ThreadPoolExecutor.runWorker(ThreadPoolExecutor.java:1149)
	at java.util.concurrent.ThreadPoolExecutor$Worker.run(ThreadPoolExecutor.java:624)
	at java.lang.Thread.run(Thread.java:748)
436621 [TestNG-tests-3] INFO io.github.bonigarcia.wdm.WebDriverManager - Using chromedriver 122.0.6261.111 (resolved driver for Chrome 122)
436639 [TestNG-tests-3] INFO io.github.bonigarcia.wdm.WebDriverManager - Exporting webdriver.chrome.driver as C:\Users\vs106039\.cache\selenium\chromedriver\win64\122.0.6261.111\chromedriver.exe
Starting ChromeDriver 122.0.6261.111 (9d4c1072da62b411b351a38b9ed6214ab236aa7b-refs/branch-heads/6261@{#1015}) on port 46388
Only local connections are allowed.
Please see https://chromedriver.chromium.org/security-considerations for suggestions on keeping ChromeDriver safe.
ChromeDriver was started successfully.
Mar 12, 2024 1:25:08 PM org.openqa.selenium.remote.ProtocolHandshake createSession
INFO: Detected dialect: W3C
org.openqa.selenium.NoSuchElementException: no such element: Unable to locate element: {"method":"xpath","selector":"//*[@class='k-input-inner']"}
  (Session info: chrome=122.0.6261.112)
For documentation on this error, please visit: https://www.seleniumhq.org/exceptions/no_such_element.html
Build info: version: '3.141.59', revision: 'e82be7d358', time: '2018-11-14T08:17:03'
System info: host: 'EUROW42SLPC5721', ip: '192.168.29.116', os.name: 'Windows 10', os.arch: 'amd64', os.version: '10.0', java.version: '1.8.0_221'
Driver info: org.openqa.selenium.chrome.ChromeDriver
Capabilities {acceptInsecureCerts: false, browserName: chrome, browserVersion: 122.0.6261.112, chrome: {chromedriverVersion: 122.0.6261.111 (9d4c1072da6..., userDataDir: C:\Users\vs106039\AppData\L...}, fedcm:accounts: true, goog:chromeOptions: {debuggerAddress: localhost:53641}, javascriptEnabled: true, networkConnectionEnabled: false, pageLoadStrategy: normal, platform: WINDOWS, platformName: WINDOWS, proxy: Proxy(), setWindowRect: true, strictFileInteractability: false, timeouts: {implicit: 0, pageLoad: 300000, script: 30000}, unhandledPromptBehavior: dismiss and notify, webauthn:extension:credBlob: true, webauthn:extension:largeBlob: true, webauthn:extension:minPinLength: true, webauthn:extension:prf: true, webauthn:virtualAuthenticators: true}
Session ID: 9af9113a6ba22c64575931710c0dfd08
*** Element info: {Using=xpath, value=//*[@class='k-input-inner']}
	at sun.reflect.GeneratedConstructorAccessor91.newInstance(Unknown Source)
	at sun.reflect.DelegatingConstructorAccessorImpl.newInstance(DelegatingConstructorAccessorImpl.java:45)
	at java.lang.reflect.Constructor.newInstance(Constructor.java:423)
	at org.openqa.selenium.remote.http.W3CHttpResponseCodec.createException(W3CHttpResponseCodec.java:187)
	at org.openqa.selenium.remote.http.W3CHttpResponseCodec.decode(W3CHttpResponseCodec.java:122)
	at org.openqa.selenium.remote.http.W3CHttpResponseCodec.decode(W3CHttpResponseCodec.java:49)
	at org.openqa.selenium.remote.HttpCommandExecutor.execute(HttpCommandExecutor.java:158)
	at org.openqa.selenium.remote.service.DriverCommandExecutor.execute(DriverCommandExecutor.java:83)
	at org.openqa.selenium.remote.RemoteWebDriver.execute(RemoteWebDriver.java:552)
	at org.openqa.selenium.remote.RemoteWebDriver.findElement(RemoteWebDriver.java:323)
	at org.openqa.selenium.remote.RemoteWebDriver.findElementByXPath(RemoteWebDriver.java:428)
	at org.openqa.selenium.By$ByXPath.findElement(By.java:353)
	at org.openqa.selenium.remote.RemoteWebDriver.findElement(RemoteWebDriver.java:315)
	at sun.reflect.GeneratedMethodAccessor8.invoke(Unknown Source)
	at sun.reflect.DelegatingMethodAccessorImpl.invoke(DelegatingMethodAccessorImpl.java:43)
	at java.lang.reflect.Method.invoke(Method.java:498)
	at org.openqa.selenium.support.events.EventFiringWebDriver.lambda$new$1(EventFiringWebDriver.java:105)
	at com.sun.proxy.$Proxy25.findElement(Unknown Source)
	at org.openqa.selenium.support.events.EventFiringWebDriver.findElement(EventFiringWebDriver.java:194)
	at org.openqa.selenium.support.pagefactory.DefaultElementLocator.findElement(DefaultElementLocator.java:69)
	at org.openqa.selenium.support.pagefactory.internal.LocatingElementHandler.invoke(LocatingElementHandler.java:38)
	at com.sun.proxy.$Proxy28.clear(Unknown Source)
	at com.zensar.scriptutils.GlobalFunction.clearAndEnterText(GlobalFunction.java:726)
	at com.zensar.pageobjects.ProjectDetails.addProvider(ProjectDetails.java:202)
	at com.zensar.stepDefinations.ActiveTransactionProviderListStepDefinitions.able_to_see_In_Process_provider_add_provider(ActiveTransactionProviderListStepDefinitions.java:31)
	at ✽.Able to see In Process provider & add provider(src/main/java/com/zensar/features/ActiveTransactionProviderList.feature:22)
]]></system-err>
  </testcase>
  <testcase name="feature[com.zensar.scriptutils.PickleWrapper@13183670](3)" classname="com.zensar.runner.ActiveTransactionProviderList" time="13.127">
    <system-out><![CDATA[[INFO]	 Attempt 1 of 1 to execute 	 >>>>>> (ActiveTransaction.java:35)	13:25:52
Feature :	ActiveTransaction	 >>>>>> (ActiveTransaction.java:60)	13:25:52
Scenario :	Verify What improvements would you suggest for their future pursuits for maximum character set	 >>>>>> (ActiveTransaction.java:61)	13:25:52
DataSetName :	ValidLogin
	 >>>>>> (ActiveTransaction.java:62)	13:25:52
SCENARIO STATE Init	 >>>>>> (Hooks.java:24)	13:25:52
click	 >>>>>> (GlobalFunction.java:74)	13:25:53
embedScreenshot	 >>>>>> (GlobalFunction.java:74)	13:25:53
Thread Local getDrive()	 >>>>>> (DriverHandler.java:87)	13:25:53
click	 >>>>>> (GlobalFunction.java:74)	13:25:54
Thread Local getDrive()	 >>>>>> (DriverHandler.java:87)	13:25:55
3 columns(s) affected	 >>>>>> (Connection.java:93)	13:25:55
1 row(s) affected	 >>>>>> (Connection.java:73)	13:25:55
1 row(s) affected	 >>>>>> (Connection.java:73)	13:25:55
1 row(s) affected	 >>>>>> (Connection.java:73)	13:25:55
BROWSER STACK SESSION : 	 >>>>>> (OutputSheetLogger.java:174)	13:25:55
Thread Local getDrive()	 >>>>>> (DriverHandler.java:87)	13:25:55
fd984854d7bc3471c1c89d68f4e51ab1	 >>>>>> (OutputSheetLogger.java:175)	13:25:55
Entered try in open	 >>>>>> (IsgLandingPage.java:145)	13:25:55
waitForElement	 >>>>>> (GlobalFunction.java:74)	13:25:58
isPresent	 >>>>>> (GlobalFunction.java:74)	13:25:58
isPresent	 >>>>>> (GlobalFunction.java:74)	13:25:59
click	 >>>>>> (GlobalFunction.java:74)	13:25:59
embedScreenshot	 >>>>>> (GlobalFunction.java:74)	13:25:59
Thread Local getDrive()	 >>>>>> (DriverHandler.java:87)	13:25:59
embedScreenshot	 >>>>>> (GlobalFunction.java:74)	13:25:59
highlightElement	 >>>>>> (GlobalFunction.java:74)	13:25:59
Thread Local getDrive()	 >>>>>> (DriverHandler.java:87)	13:25:59
unHighlightElement	 >>>>>> (GlobalFunction.java:74)	13:26:0
forceClick	 >>>>>> (GlobalFunction.java:74)	13:26:0
waitForElement	 >>>>>> (GlobalFunction.java:74)	13:26:0
isPresent	 >>>>>> (GlobalFunction.java:74)	13:26:0
isPresent	 >>>>>> (GlobalFunction.java:74)	13:26:0
getText	 >>>>>> (GlobalFunction.java:74)	13:26:0
User will be redirected to Provider list: Provider list	 >>>>>> (ProjectDetails.java:178)	13:26:0
embedScreenshot	 >>>>>> (GlobalFunction.java:74)	13:26:0
Thread Local getDrive()	 >>>>>> (DriverHandler.java:87)	13:26:0
zAssertTrue	 >>>>>> (GlobalFunction.java:74)	13:26:0
Clicked Login	 >>>>>> (IsgLandingPage.java:179)	13:26:1
click	 >>>>>> (GlobalFunction.java:74)	13:26:1
waitForElement	 >>>>>> (GlobalFunction.java:74)	13:26:3
isPresent	 >>>>>> (GlobalFunction.java:74)	13:26:3
isPresent	 >>>>>> (GlobalFunction.java:74)	13:26:3
click	 >>>>>> (GlobalFunction.java:74)	13:26:3
username : NGS3@isg-one.com	 >>>>>> (IsgLandingPage.java:181)	13:26:5
password : T|2txZ>UJs	 >>>>>> (IsgLandingPage.java:183)	13:26:5
embedScreenshot	 >>>>>> (GlobalFunction.java:74)	13:26:5
highlightElement	 >>>>>> (GlobalFunction.java:74)	13:26:5
Thread Local getDrive()	 >>>>>> (DriverHandler.java:87)	13:26:5
>>>ExcelInput  ActiveTransactionProviderList  - ProviderList  - DelReason	 >>>>>> (ExcelInput.java:14)	13:26:5
selectBoxByVisibleTextContains	 >>>>>> (GlobalFunction.java:74)	13:26:5
unHighlightElement	 >>>>>> (GlobalFunction.java:74)	13:26:5
click	 >>>>>> (GlobalFunction.java:74)	13:26:5
1 row(s) affected	 >>>>>> (Connection.java:73)	13:26:6
1 row(s) affected	 >>>>>> (Connection.java:73)	13:26:6
1 row(s) affected	 >>>>>> (Connection.java:73)	13:26:6


[ERROR]	 Attempt 1 of 1 to execute  [FAILED]	 >>>>>> (ActiveTransactionProviderList.java:44)	13:26:6
Feature :	ActiveTransactionProviderList	 >>>>>> (ActiveTransactionProviderList.java:60)	13:26:6
Scenario :	Verify user able to Delete In Process provider	 >>>>>> (ActiveTransactionProviderList.java:61)	13:26:6
DataSetName :	ProviderList
	 >>>>>> (ActiveTransactionProviderList.java:62)	13:26:6
[INFO]	 Not going to attempt again.	 >>>>>> (ActiveTransactionProviderList.java:50)	13:26:6
]]></system-out>
    <system-err><![CDATA[[ERROR] Problem while finding out runner name
java.lang.NullPointerException
	at com.zensar.scriptutils.ScenarioState.<init>(ScenarioState.java:56)
	at sun.reflect.GeneratedConstructorAccessor134.newInstance(Unknown Source)
	at sun.reflect.DelegatingConstructorAccessorImpl.newInstance(DelegatingConstructorAccessorImpl.java:45)
	at java.lang.reflect.Constructor.newInstance(Constructor.java:423)
	at org.picocontainer.injectors.AbstractInjector.newInstance(AbstractInjector.java:145)
	at org.picocontainer.injectors.ConstructorInjector$1.run(ConstructorInjector.java:342)
	at org.picocontainer.injectors.AbstractInjector$ThreadLocalCyclicDependencyGuard.observe(AbstractInjector.java:270)
	at org.picocontainer.injectors.ConstructorInjector.getComponentInstance(ConstructorInjector.java:364)
	at org.picocontainer.injectors.AbstractInjectionFactory$LifecycleAdapter.getComponentInstance(AbstractInjectionFactory.java:56)
	at org.picocontainer.behaviors.AbstractBehavior.getComponentInstance(AbstractBehavior.java:64)
	at org.picocontainer.behaviors.Stored.getComponentInstance(Stored.java:91)
	at org.picocontainer.DefaultPicoContainer.getInstance(DefaultPicoContainer.java:699)
	at org.picocontainer.DefaultPicoContainer.getComponent(DefaultPicoContainer.java:647)
	at org.picocontainer.DefaultPicoContainer.getComponent(DefaultPicoContainer.java:632)
	at org.picocontainer.parameters.BasicComponentParameter$1.resolveInstance(BasicComponentParameter.java:118)
	at org.picocontainer.parameters.ComponentParameter$1.resolveInstance(ComponentParameter.java:136)
	at org.picocontainer.injectors.SingleMemberInjector.getParameter(SingleMemberInjector.java:78)
	at org.picocontainer.injectors.ConstructorInjector$CtorAndAdapters.getParameterArguments(ConstructorInjector.java:309)
	at org.picocontainer.injectors.ConstructorInjector$1.run(ConstructorInjector.java:335)
	at org.picocontainer.injectors.AbstractInjector$ThreadLocalCyclicDependencyGuard.observe(AbstractInjector.java:270)
	at org.picocontainer.injectors.ConstructorInjector.getComponentInstance(ConstructorInjector.java:364)
	at org.picocontainer.injectors.AbstractInjectionFactory$LifecycleAdapter.getComponentInstance(AbstractInjectionFactory.java:56)
	at org.picocontainer.behaviors.AbstractBehavior.getComponentInstance(AbstractBehavior.java:64)
	at org.picocontainer.behaviors.Stored.getComponentInstance(Stored.java:91)
	at org.picocontainer.DefaultPicoContainer.getInstance(DefaultPicoContainer.java:699)
	at org.picocontainer.DefaultPicoContainer.getComponent(DefaultPicoContainer.java:647)
	at org.picocontainer.DefaultPicoContainer.getComponent(DefaultPicoContainer.java:678)
	at cucumber.runtime.java.picocontainer.PicoFactory.getInstance(PicoFactory.java:40)
	at cucumber.runtime.java.JavaHookDefinition.execute(JavaHookDefinition.java:60)
	at cucumber.runner.HookDefinitionMatch.runStep(HookDefinitionMatch.java:16)
	at cucumber.runner.TestStep.executeStep(TestStep.java:63)
	at cucumber.runner.TestStep.run(TestStep.java:49)
	at cucumber.runner.TestCase.run(TestCase.java:40)
	at cucumber.runner.Runner.runPickle(Runner.java:40)
	at cucumber.api.testng.TestNGCucumberRunner.runScenario(TestNGCucumberRunner.java:68)
	at com.zensar.runner.ActiveTransaction.feature(ActiveTransaction.java:37)
	at sun.reflect.NativeMethodAccessorImpl.invoke0(Native Method)
	at sun.reflect.NativeMethodAccessorImpl.invoke(NativeMethodAccessorImpl.java:62)
	at sun.reflect.DelegatingMethodAccessorImpl.invoke(DelegatingMethodAccessorImpl.java:43)
	at java.lang.reflect.Method.invoke(Method.java:498)
	at org.testng.internal.MethodInvocationHelper.invokeMethod(MethodInvocationHelper.java:124)
	at org.testng.internal.Invoker.invokeMethod(Invoker.java:583)
	at org.testng.internal.Invoker.invokeTestMethod(Invoker.java:719)
	at org.testng.internal.Invoker.invokeTestMethods(Invoker.java:989)
	at org.testng.internal.TestMethodWorker.invokeTestMethods(TestMethodWorker.java:125)
	at org.testng.internal.TestMethodWorker.run(TestMethodWorker.java:109)
	at org.testng.TestRunner.privateRun(TestRunner.java:648)
	at org.testng.TestRunner.run(TestRunner.java:505)
	at org.testng.SuiteRunner.runTest(SuiteRunner.java:455)
	at org.testng.SuiteRunner.access$000(SuiteRunner.java:40)
	at org.testng.SuiteRunner$SuiteWorker.run(SuiteRunner.java:489)
	at org.testng.internal.thread.ThreadUtil$1.call(ThreadUtil.java:52)
	at java.util.concurrent.FutureTask.run(FutureTask.java:266)
	at java.util.concurrent.ThreadPoolExecutor.runWorker(ThreadPoolExecutor.java:1149)
	at java.util.concurrent.ThreadPoolExecutor$Worker.run(ThreadPoolExecutor.java:624)
	at java.lang.Thread.run(Thread.java:748)
483539 [TestNG-tests-2] INFO io.github.bonigarcia.wdm.WebDriverManager - Using chromedriver 122.0.6261.111 (resolved driver for Chrome 122)
483548 [TestNG-tests-2] INFO io.github.bonigarcia.wdm.WebDriverManager - Exporting webdriver.chrome.driver as C:\Users\vs106039\.cache\selenium\chromedriver\win64\122.0.6261.111\chromedriver.exe
Starting ChromeDriver 122.0.6261.111 (9d4c1072da62b411b351a38b9ed6214ab236aa7b-refs/branch-heads/6261@{#1015}) on port 27598
Only local connections are allowed.
Please see https://chromedriver.chromium.org/security-considerations for suggestions on keeping ChromeDriver safe.
ChromeDriver was started successfully.
Mar 12, 2024 1:25:55 PM org.openqa.selenium.remote.ProtocolHandshake createSession
INFO: Detected dialect: W3C
com.codoid.products.exception.FilloException: No records found
	at com.codoid.products.fillo.Recordset.<init>(Recordset.java:40)
	at com.codoid.products.fillo.Recordset.where(Recordset.java:220)
	at com.zensar.excel.ExcelInput.fetchData(ExcelInput.java:18)
	at com.zensar.scriptutils.GlobalFunction.getTestDataValue(GlobalFunction.java:1796)
	at com.zensar.pageobjects.ProjectDetails.deleteProvider(ProjectDetails.java:211)
	at com.zensar.stepDefinations.ActiveTransactionProviderListStepDefinitions.able_to_see_In_Process_provider_delete_provider(ActiveTransactionProviderListStepDefinitions.java:35)
	at sun.reflect.NativeMethodAccessorImpl.invoke0(Native Method)
	at sun.reflect.NativeMethodAccessorImpl.invoke(NativeMethodAccessorImpl.java:62)
	at sun.reflect.DelegatingMethodAccessorImpl.invoke(DelegatingMethodAccessorImpl.java:43)
	at java.lang.reflect.Method.invoke(Method.java:498)
	at cucumber.runtime.Utils$1.call(Utils.java:26)
	at cucumber.runtime.Timeout.timeout(Timeout.java:16)
	at cucumber.runtime.Utils.invoke(Utils.java:20)
	at cucumber.runtime.java.JavaStepDefinition.execute(JavaStepDefinition.java:49)
	at cucumber.runner.PickleStepDefinitionMatch.runStep(PickleStepDefinitionMatch.java:50)
	at cucumber.runner.TestStep.executeStep(TestStep.java:63)
	at cucumber.runner.TestStep.run(TestStep.java:49)
	at cucumber.runner.PickleStepTestStep.run(PickleStepTestStep.java:43)
	at cucumber.runner.TestCase.run(TestCase.java:44)
	at cucumber.runner.Runner.runPickle(Runner.java:40)
	at cucumber.api.testng.TestNGCucumberRunner.runScenario(TestNGCucumberRunner.java:68)
	at com.zensar.runner.ActiveTransactionProviderList.feature(ActiveTransactionProviderList.java:37)
	at sun.reflect.NativeMethodAccessorImpl.invoke0(Native Method)
	at sun.reflect.NativeMethodAccessorImpl.invoke(NativeMethodAccessorImpl.java:62)
	at sun.reflect.DelegatingMethodAccessorImpl.invoke(DelegatingMethodAccessorImpl.java:43)
	at java.lang.reflect.Method.invoke(Method.java:498)
	at org.testng.internal.MethodInvocationHelper.invokeMethod(MethodInvocationHelper.java:124)
	at org.testng.internal.Invoker.invokeMethod(Invoker.java:583)
	at org.testng.internal.Invoker.invokeTestMethod(Invoker.java:719)
	at org.testng.internal.Invoker.invokeTestMethods(Invoker.java:989)
	at org.testng.internal.TestMethodWorker.invokeTestMethods(TestMethodWorker.java:125)
	at org.testng.internal.TestMethodWorker.run(TestMethodWorker.java:109)
	at org.testng.TestRunner.privateRun(TestRunner.java:648)
	at org.testng.TestRunner.run(TestRunner.java:505)
	at org.testng.SuiteRunner.runTest(SuiteRunner.java:455)
	at org.testng.SuiteRunner.access$000(SuiteRunner.java:40)
	at org.testng.SuiteRunner$SuiteWorker.run(SuiteRunner.java:489)
	at org.testng.internal.thread.ThreadUtil$1.call(ThreadUtil.java:52)
	at java.util.concurrent.FutureTask.run(FutureTask.java:266)
	at java.util.concurrent.ThreadPoolExecutor.runWorker(ThreadPoolExecutor.java:1149)
	at java.util.concurrent.ThreadPoolExecutor$Worker.run(ThreadPoolExecutor.java:624)
	at java.lang.Thread.run(Thread.java:748)
org.openqa.selenium.support.ui.UnexpectedTagNameException: Element should have been "select" but was "span"
Build info: version: '3.141.59', revision: 'e82be7d358', time: '2018-11-14T08:17:03'
System info: host: 'EUROW42SLPC5721', ip: '192.168.29.116', os.name: 'Windows 10', os.arch: 'amd64', os.version: '10.0', java.version: '1.8.0_221'
Driver info: driver.version: unknown
	at org.openqa.selenium.support.ui.Select.<init>(Select.java:48)
	at com.zensar.scriptutils.GlobalFunction.selectBoxByVisibleTextContains(GlobalFunction.java:919)
	at com.zensar.pageobjects.ProjectDetails.deleteProvider(ProjectDetails.java:211)
	at com.zensar.stepDefinations.ActiveTransactionProviderListStepDefinitions.able_to_see_In_Process_provider_delete_provider(ActiveTransactionProviderListStepDefinitions.java:35)
	at ✽.Able to see In Process provider & delete provider(src/main/java/com/zensar/features/ActiveTransactionProviderList.feature:33)
]]></system-err>
  </testcase>
  <testcase name="feature[com.zensar.scriptutils.PickleWrapper@76d83fec](4)" classname="com.zensar.runner.ActiveTransactionProviderList" time="63.787">
    <system-out><![CDATA[[INFO]	 Attempt 1 of 1 to execute 	 >>>>>> (ActiveTransactionScopeBuilder.java:35)	13:26:9
Feature :	ActiveTransactionScopeBuilder	 >>>>>> (ActiveTransactionScopeBuilder.java:60)	13:26:9
Scenario :	Verify user able remove one services from selected FA to the Scope Bundle	 >>>>>> (ActiveTransactionScopeBuilder.java:61)	13:26:9
DataSetName :	ScopeBuilder
	 >>>>>> (ActiveTransactionScopeBuilder.java:62)	13:26:9
SCENARIO STATE Init	 >>>>>> (Hooks.java:24)	13:26:9
Thread Local getDrive()	 >>>>>> (DriverHandler.java:87)	13:26:13
3 columns(s) affected	 >>>>>> (Connection.java:93)	13:26:13
1 row(s) affected	 >>>>>> (Connection.java:73)	13:26:13
1 row(s) affected	 >>>>>> (Connection.java:73)	13:26:13
1 row(s) affected	 >>>>>> (Connection.java:73)	13:26:13
BROWSER STACK SESSION : 	 >>>>>> (OutputSheetLogger.java:174)	13:26:13
Thread Local getDrive()	 >>>>>> (DriverHandler.java:87)	13:26:13
e3194ee578ee978f5e4ad79cb5ac4653	 >>>>>> (OutputSheetLogger.java:175)	13:26:13
Entered try in open	 >>>>>> (IsgLandingPage.java:145)	13:26:13
embedScreenshot	 >>>>>> (GlobalFunction.java:74)	13:26:14
highlightElement	 >>>>>> (GlobalFunction.java:74)	13:26:14
Thread Local getDrive()	 >>>>>> (DriverHandler.java:87)	13:26:14
unHighlightElement	 >>>>>> (GlobalFunction.java:74)	13:26:14
forceClick	 >>>>>> (GlobalFunction.java:74)	13:26:14
Clicked Login	 >>>>>> (IsgLandingPage.java:179)	13:26:16
embedScreenshot	 >>>>>> (GlobalFunction.java:74)	13:26:18
highlightElement	 >>>>>> (GlobalFunction.java:74)	13:26:18
Thread Local getDrive()	 >>>>>> (DriverHandler.java:87)	13:26:18
unHighlightElement	 >>>>>> (GlobalFunction.java:74)	13:26:19
forceClick	 >>>>>> (GlobalFunction.java:74)	13:26:19
Clicked Login	 >>>>>> (IsgLandingPage.java:179)	13:26:20
username : NGS3@isg-one.com	 >>>>>> (IsgLandingPage.java:181)	13:26:20
password : T|2txZ>UJs	 >>>>>> (IsgLandingPage.java:183)	13:26:20
embedScreenshot	 >>>>>> (GlobalFunction.java:74)	13:26:20
highlightElement	 >>>>>> (GlobalFunction.java:74)	13:26:20
Thread Local getDrive()	 >>>>>> (DriverHandler.java:87)	13:26:21
unHighlightElement	 >>>>>> (GlobalFunction.java:74)	13:26:21
click	 >>>>>> (GlobalFunction.java:74)	13:26:21
isPresent	 >>>>>> (GlobalFunction.java:74)	13:26:21
Thread Local getDrive()	 >>>>>> (DriverHandler.java:87)	13:26:21
Thread Local getDrive()	 >>>>>> (DriverHandler.java:87)	13:26:21
Thread Local getDrive()	 >>>>>> (DriverHandler.java:87)	13:26:21
isPresent	 >>>>>> (GlobalFunction.java:74)	13:26:21
waitForElementClickabality	 >>>>>> (GlobalFunction.java:74)	13:26:22
username : NGS3@isg-one.com	 >>>>>> (IsgLandingPage.java:181)	13:26:24
password : T|2txZ>UJs	 >>>>>> (IsgLandingPage.java:183)	13:26:24
embedScreenshot	 >>>>>> (GlobalFunction.java:74)	13:26:24
highlightElement	 >>>>>> (GlobalFunction.java:74)	13:26:24
Thread Local getDrive()	 >>>>>> (DriverHandler.java:87)	13:26:24
getText	 >>>>>> (GlobalFunction.java:74)	13:26:24
Number of Active Transaction: Active transactions (2)	 >>>>>> (ProjectContact.java:113)	13:26:24
embedScreenshot	 >>>>>> (GlobalFunction.java:74)	13:26:24
Thread Local getDrive()	 >>>>>> (DriverHandler.java:87)	13:26:24
zAssertTrue	 >>>>>> (GlobalFunction.java:74)	13:26:25
waitForElement	 >>>>>> (GlobalFunction.java:74)	13:26:25
isPresent	 >>>>>> (GlobalFunction.java:74)	13:26:25
unHighlightElement	 >>>>>> (GlobalFunction.java:74)	13:26:25
isPresent	 >>>>>> (GlobalFunction.java:74)	13:26:25
click	 >>>>>> (GlobalFunction.java:74)	13:26:25
isPresent	 >>>>>> (GlobalFunction.java:74)	13:26:25
Thread Local getDrive()	 >>>>>> (DriverHandler.java:87)	13:26:25
Thread Local getDrive()	 >>>>>> (DriverHandler.java:87)	13:26:25
Thread Local getDrive()	 >>>>>> (DriverHandler.java:87)	13:26:25
isPresent	 >>>>>> (GlobalFunction.java:74)	13:26:25
waitForElementClickabality	 >>>>>> (GlobalFunction.java:74)	13:26:26
click	 >>>>>> (GlobalFunction.java:74)	13:26:35
embedScreenshot	 >>>>>> (GlobalFunction.java:74)	13:26:35
Thread Local getDrive()	 >>>>>> (DriverHandler.java:87)	13:26:35
getText	 >>>>>> (GlobalFunction.java:74)	13:26:42
Number of Active Transaction: Active transactions (2)	 >>>>>> (ProjectContact.java:113)	13:26:42
embedScreenshot	 >>>>>> (GlobalFunction.java:74)	13:26:42
Thread Local getDrive()	 >>>>>> (DriverHandler.java:87)	13:26:42
zAssertTrue	 >>>>>> (GlobalFunction.java:74)	13:26:42
waitForElement	 >>>>>> (GlobalFunction.java:74)	13:26:42
isPresent	 >>>>>> (GlobalFunction.java:74)	13:26:42
isPresent	 >>>>>> (GlobalFunction.java:74)	13:26:42
getText	 >>>>>> (GlobalFunction.java:74)	13:26:43
Number of Active Transaction: Active transactions (2)	 >>>>>> (ProjectContact.java:113)	13:26:43
embedScreenshot	 >>>>>> (GlobalFunction.java:74)	13:26:43
Thread Local getDrive()	 >>>>>> (DriverHandler.java:87)	13:26:43
zAssertTrue	 >>>>>> (GlobalFunction.java:74)	13:26:43
waitForElement	 >>>>>> (GlobalFunction.java:74)	13:26:43
isPresent	 >>>>>> (GlobalFunction.java:74)	13:26:43
isPresent	 >>>>>> (GlobalFunction.java:74)	13:26:43
click	 >>>>>> (GlobalFunction.java:74)	13:26:44
embedScreenshot	 >>>>>> (GlobalFunction.java:74)	13:26:45
highlightElement	 >>>>>> (GlobalFunction.java:74)	13:26:45
Thread Local getDrive()	 >>>>>> (DriverHandler.java:87)	13:26:45
unHighlightElement	 >>>>>> (GlobalFunction.java:74)	13:26:46
click	 >>>>>> (GlobalFunction.java:74)	13:26:46
click	 >>>>>> (GlobalFunction.java:74)	13:26:51
click	 >>>>>> (GlobalFunction.java:74)	13:26:52
embedScreenshot	 >>>>>> (GlobalFunction.java:74)	13:26:52
Thread Local getDrive()	 >>>>>> (DriverHandler.java:87)	13:26:52
click	 >>>>>> (GlobalFunction.java:74)	13:26:52
click	 >>>>>> (GlobalFunction.java:74)	13:26:53
embedScreenshot	 >>>>>> (GlobalFunction.java:74)	13:26:53
Thread Local getDrive()	 >>>>>> (DriverHandler.java:87)	13:26:53
waitForElement	 >>>>>> (GlobalFunction.java:74)	13:26:59
isPresent	 >>>>>> (GlobalFunction.java:74)	13:26:59
isPresent	 >>>>>> (GlobalFunction.java:74)	13:26:59
getText	 >>>>>> (GlobalFunction.java:74)	13:26:59
User will be redirected to Provider list: Provider list	 >>>>>> (ProjectDetails.java:178)	13:26:59
embedScreenshot	 >>>>>> (GlobalFunction.java:74)	13:26:59
Thread Local getDrive()	 >>>>>> (DriverHandler.java:87)	13:26:59
zAssertTrue	 >>>>>> (GlobalFunction.java:74)	13:26:59
click	 >>>>>> (GlobalFunction.java:74)	13:27:0
waitForElement	 >>>>>> (GlobalFunction.java:74)	13:27:4
isPresent	 >>>>>> (GlobalFunction.java:74)	13:27:4
isPresent	 >>>>>> (GlobalFunction.java:74)	13:27:4
click	 >>>>>> (GlobalFunction.java:74)	13:27:4
embedScreenshot	 >>>>>> (GlobalFunction.java:74)	13:27:4
Thread Local getDrive()	 >>>>>> (DriverHandler.java:87)	13:27:4
>>>ExcelInput  ActiveTransactionProviderList  - ProviderList  - ReiReason	 >>>>>> (ExcelInput.java:14)	13:27:12
selectBoxByVisibleTextContains	 >>>>>> (GlobalFunction.java:74)	13:27:12
1 row(s) affected	 >>>>>> (Connection.java:73)	13:27:12
1 row(s) affected	 >>>>>> (Connection.java:73)	13:27:12
1 row(s) affected	 >>>>>> (Connection.java:73)	13:27:12


[ERROR]	 Attempt 1 of 1 to execute  [FAILED]	 >>>>>> (ActiveTransactionProviderList.java:44)	13:27:12
Feature :	ActiveTransactionProviderList	 >>>>>> (ActiveTransactionProviderList.java:60)	13:27:12
Scenario :	Verify user able to reinstate provider from Removed providers	 >>>>>> (ActiveTransactionProviderList.java:61)	13:27:12
DataSetName :	ProviderList
	 >>>>>> (ActiveTransactionProviderList.java:62)	13:27:12
[INFO]	 Not going to attempt again.	 >>>>>> (ActiveTransactionProviderList.java:50)	13:27:12
]]></system-out>
    <system-err><![CDATA[[ERROR] Problem while finding out runner name
java.lang.NullPointerException
	at com.zensar.scriptutils.ScenarioState.<init>(ScenarioState.java:56)
	at sun.reflect.GeneratedConstructorAccessor134.newInstance(Unknown Source)
	at sun.reflect.DelegatingConstructorAccessorImpl.newInstance(DelegatingConstructorAccessorImpl.java:45)
	at java.lang.reflect.Constructor.newInstance(Constructor.java:423)
	at org.picocontainer.injectors.AbstractInjector.newInstance(AbstractInjector.java:145)
	at org.picocontainer.injectors.ConstructorInjector$1.run(ConstructorInjector.java:342)
	at org.picocontainer.injectors.AbstractInjector$ThreadLocalCyclicDependencyGuard.observe(AbstractInjector.java:270)
	at org.picocontainer.injectors.ConstructorInjector.getComponentInstance(ConstructorInjector.java:364)
	at org.picocontainer.injectors.AbstractInjectionFactory$LifecycleAdapter.getComponentInstance(AbstractInjectionFactory.java:56)
	at org.picocontainer.behaviors.AbstractBehavior.getComponentInstance(AbstractBehavior.java:64)
	at org.picocontainer.behaviors.Stored.getComponentInstance(Stored.java:91)
	at org.picocontainer.DefaultPicoContainer.getInstance(DefaultPicoContainer.java:699)
	at org.picocontainer.DefaultPicoContainer.getComponent(DefaultPicoContainer.java:647)
	at org.picocontainer.DefaultPicoContainer.getComponent(DefaultPicoContainer.java:632)
	at org.picocontainer.parameters.BasicComponentParameter$1.resolveInstance(BasicComponentParameter.java:118)
	at org.picocontainer.parameters.ComponentParameter$1.resolveInstance(ComponentParameter.java:136)
	at org.picocontainer.injectors.SingleMemberInjector.getParameter(SingleMemberInjector.java:78)
	at org.picocontainer.injectors.ConstructorInjector$CtorAndAdapters.getParameterArguments(ConstructorInjector.java:309)
	at org.picocontainer.injectors.ConstructorInjector$1.run(ConstructorInjector.java:335)
	at org.picocontainer.injectors.AbstractInjector$ThreadLocalCyclicDependencyGuard.observe(AbstractInjector.java:270)
	at org.picocontainer.injectors.ConstructorInjector.getComponentInstance(ConstructorInjector.java:364)
	at org.picocontainer.injectors.AbstractInjectionFactory$LifecycleAdapter.getComponentInstance(AbstractInjectionFactory.java:56)
	at org.picocontainer.behaviors.AbstractBehavior.getComponentInstance(AbstractBehavior.java:64)
	at org.picocontainer.behaviors.Stored.getComponentInstance(Stored.java:91)
	at org.picocontainer.DefaultPicoContainer.getInstance(DefaultPicoContainer.java:699)
	at org.picocontainer.DefaultPicoContainer.getComponent(DefaultPicoContainer.java:647)
	at org.picocontainer.DefaultPicoContainer.getComponent(DefaultPicoContainer.java:678)
	at cucumber.runtime.java.picocontainer.PicoFactory.getInstance(PicoFactory.java:40)
	at cucumber.runtime.java.JavaHookDefinition.execute(JavaHookDefinition.java:60)
	at cucumber.runner.HookDefinitionMatch.runStep(HookDefinitionMatch.java:16)
	at cucumber.runner.TestStep.executeStep(TestStep.java:63)
	at cucumber.runner.TestStep.run(TestStep.java:49)
	at cucumber.runner.TestCase.run(TestCase.java:40)
	at cucumber.runner.Runner.runPickle(Runner.java:40)
	at cucumber.api.testng.TestNGCucumberRunner.runScenario(TestNGCucumberRunner.java:68)
	at com.zensar.runner.ActiveTransactionScopeBuilder.feature(ActiveTransactionScopeBuilder.java:37)
	at sun.reflect.NativeMethodAccessorImpl.invoke0(Native Method)
	at sun.reflect.NativeMethodAccessorImpl.invoke(NativeMethodAccessorImpl.java:62)
	at sun.reflect.DelegatingMethodAccessorImpl.invoke(DelegatingMethodAccessorImpl.java:43)
	at java.lang.reflect.Method.invoke(Method.java:498)
	at org.testng.internal.MethodInvocationHelper.invokeMethod(MethodInvocationHelper.java:124)
	at org.testng.internal.Invoker.invokeMethod(Invoker.java:583)
	at org.testng.internal.Invoker.invokeTestMethod(Invoker.java:719)
	at org.testng.internal.Invoker.invokeTestMethods(Invoker.java:989)
	at org.testng.internal.TestMethodWorker.invokeTestMethods(TestMethodWorker.java:125)
	at org.testng.internal.TestMethodWorker.run(TestMethodWorker.java:109)
	at org.testng.TestRunner.privateRun(TestRunner.java:648)
	at org.testng.TestRunner.run(TestRunner.java:505)
	at org.testng.SuiteRunner.runTest(SuiteRunner.java:455)
	at org.testng.SuiteRunner.access$000(SuiteRunner.java:40)
	at org.testng.SuiteRunner$SuiteWorker.run(SuiteRunner.java:489)
	at org.testng.internal.thread.ThreadUtil$1.call(ThreadUtil.java:52)
	at java.util.concurrent.FutureTask.run(FutureTask.java:266)
	at java.util.concurrent.ThreadPoolExecutor.runWorker(ThreadPoolExecutor.java:1149)
	at java.util.concurrent.ThreadPoolExecutor$Worker.run(ThreadPoolExecutor.java:624)
	at java.lang.Thread.run(Thread.java:748)
499738 [TestNG-tests-3] INFO io.github.bonigarcia.wdm.WebDriverManager - Using chromedriver 122.0.6261.111 (resolved driver for Chrome 122)
499779 [TestNG-tests-3] INFO io.github.bonigarcia.wdm.WebDriverManager - Exporting webdriver.chrome.driver as C:\Users\vs106039\.cache\selenium\chromedriver\win64\122.0.6261.111\chromedriver.exe
Starting ChromeDriver 122.0.6261.111 (9d4c1072da62b411b351a38b9ed6214ab236aa7b-refs/branch-heads/6261@{#1015}) on port 3453
Only local connections are allowed.
Please see https://chromedriver.chromium.org/security-considerations for suggestions on keeping ChromeDriver safe.
ChromeDriver was started successfully.
Mar 12, 2024 1:26:13 PM org.openqa.selenium.remote.ProtocolHandshake createSession
INFO: Detected dialect: W3C
com.codoid.products.exception.FilloException: No records found
	at com.codoid.products.fillo.Recordset.<init>(Recordset.java:40)
	at com.codoid.products.fillo.Recordset.where(Recordset.java:220)
	at com.zensar.excel.ExcelInput.fetchData(ExcelInput.java:18)
	at com.zensar.scriptutils.GlobalFunction.getTestDataValue(GlobalFunction.java:1796)
	at com.zensar.pageobjects.ProjectDetails.reinstateProvider(ProjectDetails.java:218)
	at com.zensar.stepDefinations.ActiveTransactionProviderListStepDefinitions.Able_to_see_In_Removed_provider_reinstate_provider(ActiveTransactionProviderListStepDefinitions.java:39)
	at sun.reflect.NativeMethodAccessorImpl.invoke0(Native Method)
	at sun.reflect.NativeMethodAccessorImpl.invoke(NativeMethodAccessorImpl.java:62)
	at sun.reflect.DelegatingMethodAccessorImpl.invoke(DelegatingMethodAccessorImpl.java:43)
	at java.lang.reflect.Method.invoke(Method.java:498)
	at cucumber.runtime.Utils$1.call(Utils.java:26)
	at cucumber.runtime.Timeout.timeout(Timeout.java:16)
	at cucumber.runtime.Utils.invoke(Utils.java:20)
	at cucumber.runtime.java.JavaStepDefinition.execute(JavaStepDefinition.java:49)
	at cucumber.runner.PickleStepDefinitionMatch.runStep(PickleStepDefinitionMatch.java:50)
	at cucumber.runner.TestStep.executeStep(TestStep.java:63)
	at cucumber.runner.TestStep.run(TestStep.java:49)
	at cucumber.runner.PickleStepTestStep.run(PickleStepTestStep.java:43)
	at cucumber.runner.TestCase.run(TestCase.java:44)
	at cucumber.runner.Runner.runPickle(Runner.java:40)
	at cucumber.api.testng.TestNGCucumberRunner.runScenario(TestNGCucumberRunner.java:68)
	at com.zensar.runner.ActiveTransactionProviderList.feature(ActiveTransactionProviderList.java:37)
	at sun.reflect.NativeMethodAccessorImpl.invoke0(Native Method)
	at sun.reflect.NativeMethodAccessorImpl.invoke(NativeMethodAccessorImpl.java:62)
	at sun.reflect.DelegatingMethodAccessorImpl.invoke(DelegatingMethodAccessorImpl.java:43)
	at java.lang.reflect.Method.invoke(Method.java:498)
	at org.testng.internal.MethodInvocationHelper.invokeMethod(MethodInvocationHelper.java:124)
	at org.testng.internal.Invoker.invokeMethod(Invoker.java:583)
	at org.testng.internal.Invoker.invokeTestMethod(Invoker.java:719)
	at org.testng.internal.Invoker.invokeTestMethods(Invoker.java:989)
	at org.testng.internal.TestMethodWorker.invokeTestMethods(TestMethodWorker.java:125)
	at org.testng.internal.TestMethodWorker.run(TestMethodWorker.java:109)
	at org.testng.TestRunner.privateRun(TestRunner.java:648)
	at org.testng.TestRunner.run(TestRunner.java:505)
	at org.testng.SuiteRunner.runTest(SuiteRunner.java:455)
	at org.testng.SuiteRunner.access$000(SuiteRunner.java:40)
	at org.testng.SuiteRunner$SuiteWorker.run(SuiteRunner.java:489)
	at org.testng.internal.thread.ThreadUtil$1.call(ThreadUtil.java:52)
	at java.util.concurrent.FutureTask.run(FutureTask.java:266)
	at java.util.concurrent.ThreadPoolExecutor.runWorker(ThreadPoolExecutor.java:1149)
	at java.util.concurrent.ThreadPoolExecutor$Worker.run(ThreadPoolExecutor.java:624)
	at java.lang.Thread.run(Thread.java:748)
org.openqa.selenium.support.ui.UnexpectedTagNameException: Element should have been "select" but was "span"
Build info: version: '3.141.59', revision: 'e82be7d358', time: '2018-11-14T08:17:03'
System info: host: 'EUROW42SLPC5721', ip: '192.168.29.116', os.name: 'Windows 10', os.arch: 'amd64', os.version: '10.0', java.version: '1.8.0_221'
Driver info: driver.version: unknown
	at org.openqa.selenium.support.ui.Select.<init>(Select.java:48)
	at com.zensar.scriptutils.GlobalFunction.selectBoxByVisibleTextContains(GlobalFunction.java:919)
	at com.zensar.pageobjects.ProjectDetails.reinstateProvider(ProjectDetails.java:218)
	at com.zensar.stepDefinations.ActiveTransactionProviderListStepDefinitions.Able_to_see_In_Removed_provider_reinstate_provider(ActiveTransactionProviderListStepDefinitions.java:39)
	at ✽.Able to see In Removed provider & reinstate provider(src/main/java/com/zensar/features/ActiveTransactionProviderList.feature:44)
]]></system-err>
  </testcase>
  <testcase name="feature[com.zensar.scriptutils.PickleWrapper@5fab3914](5)" classname="com.zensar.runner.ActiveTransactionProviderList" time="16.851">
    <system-out><![CDATA[Feature: ActiveTransaction

  Scenario Outline: Verify user able Update project Overview #<DataSetName> # src/main/java/com/zensar/features/ActiveTransaction.feature:6
    When user logs in to ISG
    Then Verify for Active Transaction
    Then User clicks on first Active Transaction
    Then User Updates Project Overview
    Then Check for contract signed date
    And select contract duration in a years
    And Select type of automation of the project
    Then Select Cloud strategy
    And Select the Application Included
    Then What provider do well
    Then What improvements you suggest for their future pursuits and save

    Examples: 

  Background:                                          # src/main/java/com/zensar/features/ActiveTransaction.feature:3
    Given User navigates to ISG Landing Page and Login # SetupProjectStepDefinitions.user_navigates_to_Isg_Landing_Page()

  Scenario Outline: Verify user able Update project Overview #ValidLogin  # src/main/java/com/zensar/features/ActiveTransaction.feature:24
    When user logs in to ISG                                              # SetupProjectStepDefinitions.user_clicks_on_submit_another_item()
[INFO]	[Assertion Pass]	Number of Active Transaction =  Active transactions (2)
    Then Verify for Active Transaction                                    # ActiveTransactionProjectContactStepDefinitions.verify_for_Active_Notifications()
    Then User clicks on first Active Transaction                          # ActiveTransactionProjectContactStepDefinitions.User_clicks_first_Active_Transaction()
    Then User Updates Project Overview                                    # ActiveTransactionStepDefinitions.user_Updates_Project_Overview()
[INFO]	[Assertion Pass]	Contract sign date is selected
    Then Check for contract signed date                                   # ActiveTransactionStepDefinitions.check_for_contract_signed_date()
[INFO]	[Assertion Pass]	Contract duration is Updated
    And select contract duration in a years                               # ActiveTransactionStepDefinitions.select_contract_duration_years()
    And Select type of automation of the project                          # ActiveTransactionStepDefinitions.select_type_automation_project()
    Then Select Cloud strategy                                            # ActiveTransactionStepDefinitions.select_Cloud_strategy()
[INFO]	[Assertion Pass]	Application included are selected
    And Select the Application Included                                   # ActiveTransactionStepDefinitions.Select_Application_Included()
    Then What provider do well                                            # ActiveTransactionStepDefinitions.what_provider_well()
      org.openqa.selenium.json.JsonException: java.lang.reflect.InvocationTargetException
Build info: version: '3.141.59', revision: 'e82be7d358', time: '2018-11-14T08:17:03'
System info: host: 'EUROW42SLPC5721', ip: '192.168.29.116', os.name: 'Windows 10', os.arch: 'amd64', os.version: '10.0', java.version: '1.8.0_221'
Driver info: driver.version: EventFiringWebDriver
	at org.openqa.selenium.json.JsonOutput.convertUsingMethod(JsonOutput.java:332)
	at org.openqa.selenium.json.JsonOutput.lambda$new$16(JsonOutput.java:155)
	at org.openqa.selenium.json.JsonOutput.write(JsonOutput.java:264)
	at org.openqa.selenium.json.JsonOutput.lambda$null$21(JsonOutput.java:168)
	at java.util.LinkedHashMap$LinkedValues.forEach(LinkedHashMap.java:608)
	at org.openqa.selenium.json.JsonOutput.lambda$new$22(JsonOutput.java:168)
	at org.openqa.selenium.json.JsonOutput.write(JsonOutput.java:264)
	at org.openqa.selenium.json.JsonOutput.lambda$null$23(JsonOutput.java:177)
	at com.google.common.collect.SingletonImmutableBiMap.forEach(SingletonImmutableBiMap.java:65)
	at org.openqa.selenium.json.JsonOutput.lambda$new$24(JsonOutput.java:176)
	at org.openqa.selenium.json.JsonOutput.write(JsonOutput.java:264)
	at org.openqa.selenium.json.JsonOutput.write(JsonOutput.java:255)
	at org.openqa.selenium.json.Json.toJson(Json.java:42)
	at org.openqa.selenium.remote.http.AbstractHttpCommandCodec.encode(AbstractHttpCommandCodec.java:227)
	at org.openqa.selenium.remote.http.AbstractHttpCommandCodec.encode(AbstractHttpCommandCodec.java:117)
	at org.openqa.selenium.remote.HttpCommandExecutor.execute(HttpCommandExecutor.java:152)
	at org.openqa.selenium.remote.service.DriverCommandExecutor.execute(DriverCommandExecutor.java:83)
	at org.openqa.selenium.remote.RemoteWebDriver.execute(RemoteWebDriver.java:552)
	at org.openqa.selenium.remote.RemoteWebDriver.perform(RemoteWebDriver.java:618)
	at sun.reflect.GeneratedMethodAccessor19.invoke(Unknown Source)
	at sun.reflect.DelegatingMethodAccessorImpl.invoke(DelegatingMethodAccessorImpl.java:43)
	at java.lang.reflect.Method.invoke(Method.java:498)
	at org.openqa.selenium.support.events.EventFiringWebDriver.lambda$new$1(EventFiringWebDriver.java:105)
	at com.sun.proxy.$Proxy25.perform(Unknown Source)
	at org.openqa.selenium.support.events.EventFiringWebDriver.perform(EventFiringWebDriver.java:360)
	at org.openqa.selenium.interactions.Actions$BuiltAction.perform(Actions.java:639)
	at com.zensar.scriptutils.GlobalFunction.click(GlobalFunction.java:408)
	at com.zensar.pageobjects.ProjectDetails.providerWell(ProjectDetails.java:354)
	at com.zensar.stepDefinations.ActiveTransactionStepDefinitions.what_provider_well(ActiveTransactionStepDefinitions.java:71)
	at ?.What provider do well(src/main/java/com/zensar/features/ActiveTransaction.feature:19)
	Suppressed: org.openqa.selenium.json.JsonException: Attempting to close incomplete json stream
Build info: version: '3.141.59', revision: 'e82be7d358', time: '2018-11-14T08:17:03'
System info: host: 'EUROW42SLPC5721', ip: '192.168.29.116', os.name: 'Windows 10', os.arch: 'amd64', os.version: '10.0', java.version: '1.8.0_221'
Driver info: driver.version: EventFiringWebDriver
		at org.openqa.selenium.json.JsonOutput.close(JsonOutput.java:279)
		at org.openqa.selenium.json.Json.toJson(Json.java:44)
		at org.openqa.selenium.remote.http.AbstractHttpCommandCodec.encode(AbstractHttpCommandCodec.java:227)
		at org.openqa.selenium.remote.http.AbstractHttpCommandCodec.encode(AbstractHttpCommandCodec.java:117)
		at org.openqa.selenium.remote.HttpCommandExecutor.execute(HttpCommandExecutor.java:152)
		at org.openqa.selenium.remote.service.DriverCommandExecutor.execute(DriverCommandExecutor.java:83)
		at org.openqa.selenium.remote.RemoteWebDriver.execute(RemoteWebDriver.java:552)
		at org.openqa.selenium.remote.RemoteWebDriver.perform(RemoteWebDriver.java:618)
		at sun.reflect.GeneratedMethodAccessor19.invoke(Unknown Source)
		at sun.reflect.DelegatingMethodAccessorImpl.invoke(DelegatingMethodAccessorImpl.java:43)
		at java.lang.reflect.Method.invoke(Method.java:498)
		at org.openqa.selenium.support.events.EventFiringWebDriver.lambda$new$1(EventFiringWebDriver.java:105)
		at com.sun.proxy.$Proxy25.perform(Unknown Source)
		at org.openqa.selenium.support.events.EventFiringWebDriver.perform(EventFiringWebDriver.java:360)
		at org.openqa.selenium.interactions.Actions$BuiltAction.perform(Actions.java:639)
		at com.zensar.scriptutils.GlobalFunction.click(GlobalFunction.java:408)
		at com.zensar.pageobjects.ProjectDetails.providerWell(ProjectDetails.java:354)
		at com.zensar.stepDefinations.ActiveTransactionStepDefinitions.what_provider_well(ActiveTransactionStepDefinitions.java:71)
		at sun.reflect.NativeMethodAccessorImpl.invoke0(Native Method)
		at sun.reflect.NativeMethodAccessorImpl.invoke(NativeMethodAccessorImpl.java:62)
		at sun.reflect.DelegatingMethodAccessorImpl.invoke(DelegatingMethodAccessorImpl.java:43)
		at java.lang.reflect.Method.invoke(Method.java:498)
		at cucumber.runtime.Utils$1.call(Utils.java:26)
		at cucumber.runtime.Timeout.timeout(Timeout.java:16)
		at cucumber.runtime.Utils.invoke(Utils.java:20)
		at cucumber.runtime.java.JavaStepDefinition.execute(JavaStepDefinition.java:49)
		at cucumber.runner.PickleStepDefinitionMatch.runStep(PickleStepDefinitionMatch.java:50)
		at cucumber.runner.TestStep.executeStep(TestStep.java:63)
		at cucumber.runner.TestStep.run(TestStep.java:49)
		at cucumber.runner.PickleStepTestStep.run(PickleStepTestStep.java:43)
		at cucumber.runner.TestCase.run(TestCase.java:44)
		at cucumber.runner.Runner.runPickle(Runner.java:40)
		at cucumber.api.testng.TestNGCucumberRunner.runScenario(TestNGCucumberRunner.java:68)
		at com.zensar.runner.ActiveTransaction.feature(ActiveTransaction.java:37)
		at sun.reflect.NativeMethodAccessorImpl.invoke0(Native Method)
		at sun.reflect.NativeMethodAccessorImpl.invoke(NativeMethodAccessorImpl.java:62)
		at sun.reflect.DelegatingMethodAccessorImpl.invoke(DelegatingMethodAccessorImpl.java:43)
		at java.lang.reflect.Method.invoke(Method.java:498)
		at org.testng.internal.MethodInvocationHelper.invokeMethod(MethodInvocationHelper.java:124)
		at org.testng.internal.Invoker.invokeMethod(Invoker.java:583)
		at org.testng.internal.Invoker.invokeTestMethod(Invoker.java:719)
		at org.testng.internal.Invoker.invokeTestMethods(Invoker.java:989)
		at org.testng.internal.TestMethodWorker.invokeTestMethods(TestMethodWorker.java:125)
		at org.testng.internal.TestMethodWorker.run(TestMethodWorker.java:109)
		at org.testng.TestRunner.privateRun(TestRunner.java:648)
		at org.testng.TestRunner.run(TestRunner.java:505)
		at org.testng.SuiteRunner.runTest(SuiteRunner.java:455)
		at org.testng.SuiteRunner.access$000(SuiteRunner.java:40)
		at org.testng.SuiteRunner$SuiteWorker.run(SuiteRunner.java:489)
		at org.testng.internal.thread.ThreadUtil$1.call(ThreadUtil.java:52)
		at java.util.concurrent.FutureTask.run(FutureTask.java:266)
		at java.util.concurrent.ThreadPoolExecutor.runWorker(ThreadPoolExecutor.java:1149)
		at java.util.concurrent.ThreadPoolExecutor$Worker.run(ThreadPoolExecutor.java:624)
		at java.lang.Thread.run(Thread.java:748)
Caused by: java.lang.reflect.InvocationTargetException
	at sun.reflect.GeneratedMethodAccessor20.invoke(Unknown Source)
	at sun.reflect.DelegatingMethodAccessorImpl.invoke(DelegatingMethodAccessorImpl.java:43)
	at java.lang.reflect.Method.invoke(Method.java:498)
	at org.openqa.selenium.json.JsonOutput.convertUsingMethod(JsonOutput.java:328)
	at org.openqa.selenium.json.JsonOutput.lambda$new$16(JsonOutput.java:155)
	at org.openqa.selenium.json.JsonOutput.write(JsonOutput.java:264)
	at org.openqa.selenium.json.JsonOutput.lambda$null$21(JsonOutput.java:168)
	at java.util.LinkedHashMap$LinkedValues.forEach(LinkedHashMap.java:608)
	at org.openqa.selenium.json.JsonOutput.lambda$new$22(JsonOutput.java:168)
	at org.openqa.selenium.json.JsonOutput.write(JsonOutput.java:264)
	at org.openqa.selenium.json.JsonOutput.lambda$null$23(JsonOutput.java:177)
	at com.google.common.collect.SingletonImmutableBiMap.forEach(SingletonImmutableBiMap.java:65)
	at org.openqa.selenium.json.JsonOutput.lambda$new$24(JsonOutput.java:176)
	at org.openqa.selenium.json.JsonOutput.write(JsonOutput.java:264)
	at org.openqa.selenium.json.JsonOutput.write(JsonOutput.java:255)
	at org.openqa.selenium.json.Json.toJson(Json.java:42)
	at org.openqa.selenium.remote.http.AbstractHttpCommandCodec.encode(AbstractHttpCommandCodec.java:227)
	at org.openqa.selenium.remote.http.AbstractHttpCommandCodec.encode(AbstractHttpCommandCodec.java:117)
	at org.openqa.selenium.remote.HttpCommandExecutor.execute(HttpCommandExecutor.java:152)
	at org.openqa.selenium.remote.service.DriverCommandExecutor.execute(DriverCommandExecutor.java:83)
	at org.openqa.selenium.remote.RemoteWebDriver.execute(RemoteWebDriver.java:552)
	at org.openqa.selenium.remote.RemoteWebDriver.perform(RemoteWebDriver.java:618)
	at sun.reflect.GeneratedMethodAccessor19.invoke(Unknown Source)
	at sun.reflect.DelegatingMethodAccessorImpl.invoke(DelegatingMethodAccessorImpl.java:43)
	at java.lang.reflect.Method.invoke(Method.java:498)
	at org.openqa.selenium.support.events.EventFiringWebDriver.lambda$new$1(EventFiringWebDriver.java:105)
	at com.sun.proxy.$Proxy25.perform(Unknown Source)
	at org.openqa.selenium.support.events.EventFiringWebDriver.perform(EventFiringWebDriver.java:360)
	at org.openqa.selenium.interactions.Actions$BuiltAction.perform(Actions.java:639)
	at com.zensar.scriptutils.GlobalFunction.click(GlobalFunction.java:408)
	at com.zensar.pageobjects.ProjectDetails.providerWell(ProjectDetails.java:354)
	at com.zensar.stepDefinations.ActiveTransactionStepDefinitions.what_provider_well(ActiveTransactionStepDefinitions.java:71)
	at sun.reflect.NativeMethodAccessorImpl.invoke0(Native Method)
	at sun.reflect.NativeMethodAccessorImpl.invoke(NativeMethodAccessorImpl.java:62)
	at sun.reflect.DelegatingMethodAccessorImpl.invoke(DelegatingMethodAccessorImpl.java:43)
	at java.lang.reflect.Method.invoke(Method.java:498)
	at cucumber.runtime.Utils$1.call(Utils.java:26)
	at cucumber.runtime.Timeout.timeout(Timeout.java:16)
	at cucumber.runtime.Utils.invoke(Utils.java:20)
	at cucumber.runtime.java.JavaStepDefinition.execute(JavaStepDefinition.java:49)
	at cucumber.runner.PickleStepDefinitionMatch.runStep(PickleStepDefinitionMatch.java:50)
	at cucumber.runner.TestStep.executeStep(TestStep.java:63)
	at cucumber.runner.TestStep.run(TestStep.java:49)
	at cucumber.runner.PickleStepTestStep.run(PickleStepTestStep.java:43)
	at cucumber.runner.TestCase.run(TestCase.java:44)
	at cucumber.runner.Runner.runPickle(Runner.java:40)
	at cucumber.api.testng.TestNGCucumberRunner.runScenario(TestNGCucumberRunner.java:68)
	at com.zensar.runner.ActiveTransaction.feature(ActiveTransaction.java:37)
	at sun.reflect.NativeMethodAccessorImpl.invoke0(Native Method)
	at sun.reflect.NativeMethodAccessorImpl.invoke(NativeMethodAccessorImpl.java:62)
	at sun.reflect.DelegatingMethodAccessorImpl.invoke(DelegatingMethodAccessorImpl.java:43)
	at java.lang.reflect.Method.invoke(Method.java:498)
	at org.testng.internal.MethodInvocationHelper.invokeMethod(MethodInvocationHelper.java:124)
	at org.testng.internal.Invoker.invokeMethod(Invoker.java:583)
	at org.testng.internal.Invoker.invokeTestMethod(Invoker.java:719)
	at org.testng.internal.Invoker.invokeTestMethods(Invoker.java:989)
	at org.testng.internal.TestMethodWorker.invokeTestMethods(TestMethodWorker.java:125)
	at org.testng.internal.TestMethodWorker.run(TestMethodWorker.java:109)
	at org.testng.TestRunner.privateRun(TestRunner.java:648)
	at org.testng.TestRunner.run(TestRunner.java:505)
	at org.testng.SuiteRunner.runTest(SuiteRunner.java:455)
	at org.testng.SuiteRunner.access$000(SuiteRunner.java:40)
	at org.testng.SuiteRunner$SuiteWorker.run(SuiteRunner.java:489)
	at org.testng.internal.thread.ThreadUtil$1.call(ThreadUtil.java:52)
	at java.util.concurrent.FutureTask.run(FutureTask.java:266)
	at java.util.concurrent.ThreadPoolExecutor.runWorker(ThreadPoolExecutor.java:1149)
	at java.util.concurrent.ThreadPoolExecutor$Worker.run(ThreadPoolExecutor.java:624)
	at java.lang.Thread.run(Thread.java:748)
Caused by: org.openqa.selenium.InvalidSelectorException: invalid selector: Unable to locate an element with the xpath expression (//textarea[@class='sm-ta ng-untouched ng-pristine ng-valid ng-star-inserted'] because of the following error:
SyntaxError: Failed to execute 'evaluate' on 'Document': The string '(//textarea[@class='sm-ta ng-untouched ng-pristine ng-valid ng-star-inserted']' is not a valid XPath expression.
  (Session info: chrome=122.0.6261.112)
For documentation on this error, please visit: https://www.seleniumhq.org/exceptions/invalid_selector_exception.html
Build info: version: '3.141.59', revision: 'e82be7d358', time: '2018-11-14T08:17:03'
System info: host: 'EUROW42SLPC5721', ip: '192.168.29.116', os.name: 'Windows 10', os.arch: 'amd64', os.version: '10.0', java.version: '1.8.0_221'
Driver info: org.openqa.selenium.chrome.ChromeDriver
Capabilities {acceptInsecureCerts: false, browserName: chrome, browserVersion: 122.0.6261.112, chrome: {chromedriverVersion: 122.0.6261.111 (9d4c1072da6..., userDataDir: C:\Users\vs106039\AppData\L...}, fedcm:accounts: true, goog:chromeOptions: {debuggerAddress: localhost:52733}, javascriptEnabled: true, networkConnectionEnabled: false, pageLoadStrategy: normal, platform: WINDOWS, platformName: WINDOWS, proxy: Proxy(), setWindowRect: true, strictFileInteractability: false, timeouts: {implicit: 0, pageLoad: 300000, script: 30000}, unhandledPromptBehavior: dismiss and notify, webauthn:extension:credBlob: true, webauthn:extension:largeBlob: true, webauthn:extension:minPinLength: true, webauthn:extension:prf: true, webauthn:virtualAuthenticators: true}
Session ID: 6e5fad5cd00544af7cc30643a5f297b0
*** Element info: {Using=xpath, value=(//textarea[@class='sm-ta ng-untouched ng-pristine ng-valid ng-star-inserted']}
	at sun.reflect.NativeConstructorAccessorImpl.newInstance0(Native Method)
	at sun.reflect.NativeConstructorAccessorImpl.newInstance(NativeConstructorAccessorImpl.java:62)
	at sun.reflect.DelegatingConstructorAccessorImpl.newInstance(DelegatingConstructorAccessorImpl.java:45)
	at java.lang.reflect.Constructor.newInstance(Constructor.java:423)
	at org.openqa.selenium.remote.http.W3CHttpResponseCodec.createException(W3CHttpResponseCodec.java:187)
	at org.openqa.selenium.remote.http.W3CHttpResponseCodec.decode(W3CHttpResponseCodec.java:122)
	at org.openqa.selenium.remote.http.W3CHttpResponseCodec.decode(W3CHttpResponseCodec.java:49)
	at org.openqa.selenium.remote.HttpCommandExecutor.execute(HttpCommandExecutor.java:158)
	at org.openqa.selenium.remote.service.DriverCommandExecutor.execute(DriverCommandExecutor.java:83)
	at org.openqa.selenium.remote.RemoteWebDriver.execute(RemoteWebDriver.java:552)
	at org.openqa.selenium.remote.RemoteWebDriver.findElement(RemoteWebDriver.java:323)
	at org.openqa.selenium.remote.RemoteWebDriver.findElementByXPath(RemoteWebDriver.java:428)
	at org.openqa.selenium.By$ByXPath.findElement(By.java:353)
	at org.openqa.selenium.remote.RemoteWebDriver.findElement(RemoteWebDriver.java:315)
	at sun.reflect.GeneratedMethodAccessor8.invoke(Unknown Source)
	at sun.reflect.DelegatingMethodAccessorImpl.invoke(DelegatingMethodAccessorImpl.java:43)
	at java.lang.reflect.Method.invoke(Method.java:498)
	at org.openqa.selenium.support.events.EventFiringWebDriver.lambda$new$1(EventFiringWebDriver.java:105)
	at com.sun.proxy.$Proxy25.findElement(Unknown Source)
	at org.openqa.selenium.support.events.EventFiringWebDriver.findElement(EventFiringWebDriver.java:194)
	at org.openqa.selenium.support.pagefactory.DefaultElementLocator.findElement(DefaultElementLocator.java:69)
	at org.openqa.selenium.support.pagefactory.internal.LocatingElementHandler.invoke(LocatingElementHandler.java:38)
	at com.sun.proxy.$Proxy28.getWrappedElement(Unknown Source)
	at org.openqa.selenium.interactions.PointerInput$Origin.asArg(PointerInput.java:204)
	at org.openqa.selenium.interactions.PointerInput$Move.encode(PointerInput.java:155)
	at org.openqa.selenium.interactions.Sequence.encode(Sequence.java:75)
	at org.openqa.selenium.interactions.Sequence.toJson(Sequence.java:84)
	... 68 more

    Then What improvements you suggest for their future pursuits and save # ActiveTransactionStepDefinitions.what_improvements_suggest_future_pursuits_save()

  Scenario Outline: Verify project Overview maximum character set #<DataSetName> # src/main/java/com/zensar/features/ActiveTransaction.feature:26
    When user logs in to ISG
    Then Verify for Active Transaction
    Then User clicks on first Active Transaction
    Then User Validates for Maximum Character in Project Overview

    Examples: 

  Background:                                          # src/main/java/com/zensar/features/ActiveTransaction.feature:3
    Given User navigates to ISG Landing Page and Login # SetupProjectStepDefinitions.user_navigates_to_Isg_Landing_Page()

  Scenario Outline: Verify project Overview maximum character set #ValidLogin # src/main/java/com/zensar/features/ActiveTransaction.feature:34
    When user logs in to ISG                                                  # SetupProjectStepDefinitions.user_clicks_on_submit_another_item()
[INFO]	[Assertion Pass]	Number of Active Transaction =  Active transactions (2)
    Then Verify for Active Transaction                                        # ActiveTransactionProjectContactStepDefinitions.verify_for_Active_Notifications()
    Then User clicks on first Active Transaction                              # ActiveTransactionProjectContactStepDefinitions.User_clicks_first_Active_Transaction()
[INFO]	[Assertion Pass]	There is a limit of 500 Characters
    Then User Validates for Maximum Character in Project Overview             # ActiveTransactionStepDefinitions.user_Validates_Maximum_Character_Project_Overview()

  Scenario Outline: Verify client not able Update project Overview #<DataSetName> # src/main/java/com/zensar/features/ActiveTransaction.feature:36
    When user logs in to ISG as Client
    Then Verify for Active Transaction
    Then User clicks on first Active Transaction
    Then User not able to Update Project Overview

    Examples: 

  Background:                                          # src/main/java/com/zensar/features/ActiveTransaction.feature:3
    Given User navigates to ISG Landing Page and Login # SetupProjectStepDefinitions.user_navigates_to_Isg_Landing_Page()

  Scenario Outline: Verify client not able Update project Overview #ValidLogin # src/main/java/com/zensar/features/ActiveTransaction.feature:44
    When user logs in to ISG as Client                                         # ActiveTransactionStepDefinitions.user_logs_in_to_ISG_as_Client()
[INFO]	[Assertion Pass]	Number of Active Transaction =  Active transactions (3)
    Then Verify for Active Transaction                                         # ActiveTransactionProjectContactStepDefinitions.verify_for_Active_Notifications()
    Then User clicks on first Active Transaction                               # ActiveTransactionProjectContactStepDefinitions.User_clicks_first_Active_Transaction()
[INFO]	[Assertion Pass]	edit button is not present
    Then User not able to Update Project Overview                              # ActiveTransactionStepDefinitions.User_not_able_to_Update_Project_Overview()

  Scenario Outline: Verify What did the provider/Carrier do well maximum character set #<DataSetName> # src/main/java/com/zensar/features/ActiveTransaction.feature:46
    When user logs in to ISG
    Then Verify for Active Transaction
    Then User clicks on first Active Transaction
    Then User Validates for Maximum Character in What did the provider/Carrier do well & Save

    Examples: 

  Background:                                          # src/main/java/com/zensar/features/ActiveTransaction.feature:3
    Given User navigates to ISG Landing Page and Login # SetupProjectStepDefinitions.user_navigates_to_Isg_Landing_Page()

  Scenario Outline: Verify What did the provider/Carrier do well maximum character set #ValidLogin # src/main/java/com/zensar/features/ActiveTransaction.feature:54
    When user logs in to ISG                                                                       # SetupProjectStepDefinitions.user_clicks_on_submit_another_item()
[INFO]	[Assertion Pass]	Number of Active Transaction =  Active transactions (2)
    Then Verify for Active Transaction                                                             # ActiveTransactionProjectContactStepDefinitions.verify_for_Active_Notifications()
    Then User clicks on first Active Transaction                                                   # ActiveTransactionProjectContactStepDefinitions.User_clicks_first_Active_Transaction()
    Then User Validates for Maximum Character in What did the provider/Carrier do well & Save      # ActiveTransactionStepDefinitions.maximum_Character_Provider()
      org.openqa.selenium.json.JsonException: java.lang.reflect.InvocationTargetException
Build info: version: '3.141.59', revision: 'e82be7d358', time: '2018-11-14T08:17:03'
System info: host: 'EUROW42SLPC5721', ip: '192.168.29.116', os.name: 'Windows 10', os.arch: 'amd64', os.version: '10.0', java.version: '1.8.0_221'
Driver info: driver.version: EventFiringWebDriver
	at org.openqa.selenium.json.JsonOutput.convertUsingMethod(JsonOutput.java:332)
	at org.openqa.selenium.json.JsonOutput.lambda$new$16(JsonOutput.java:155)
	at org.openqa.selenium.json.JsonOutput.write(JsonOutput.java:264)
	at org.openqa.selenium.json.JsonOutput.lambda$null$21(JsonOutput.java:168)
	at java.util.LinkedHashMap$LinkedValues.forEach(LinkedHashMap.java:608)
	at org.openqa.selenium.json.JsonOutput.lambda$new$22(JsonOutput.java:168)
	at org.openqa.selenium.json.JsonOutput.write(JsonOutput.java:264)
	at org.openqa.selenium.json.JsonOutput.lambda$null$23(JsonOutput.java:177)
	at com.google.common.collect.SingletonImmutableBiMap.forEach(SingletonImmutableBiMap.java:65)
	at org.openqa.selenium.json.JsonOutput.lambda$new$24(JsonOutput.java:176)
	at org.openqa.selenium.json.JsonOutput.write(JsonOutput.java:264)
	at org.openqa.selenium.json.JsonOutput.write(JsonOutput.java:255)
	at org.openqa.selenium.json.Json.toJson(Json.java:42)
	at org.openqa.selenium.remote.http.AbstractHttpCommandCodec.encode(AbstractHttpCommandCodec.java:227)
	at org.openqa.selenium.remote.http.AbstractHttpCommandCodec.encode(AbstractHttpCommandCodec.java:117)
	at org.openqa.selenium.remote.HttpCommandExecutor.execute(HttpCommandExecutor.java:152)
	at org.openqa.selenium.remote.service.DriverCommandExecutor.execute(DriverCommandExecutor.java:83)
	at org.openqa.selenium.remote.RemoteWebDriver.execute(RemoteWebDriver.java:552)
	at org.openqa.selenium.remote.RemoteWebDriver.perform(RemoteWebDriver.java:618)
	at sun.reflect.GeneratedMethodAccessor19.invoke(Unknown Source)
	at sun.reflect.DelegatingMethodAccessorImpl.invoke(DelegatingMethodAccessorImpl.java:43)
	at java.lang.reflect.Method.invoke(Method.java:498)
	at org.openqa.selenium.support.events.EventFiringWebDriver.lambda$new$1(EventFiringWebDriver.java:105)
	at com.sun.proxy.$Proxy25.perform(Unknown Source)
	at org.openqa.selenium.support.events.EventFiringWebDriver.perform(EventFiringWebDriver.java:360)
	at org.openqa.selenium.interactions.Actions$BuiltAction.perform(Actions.java:639)
	at com.zensar.scriptutils.GlobalFunction.click(GlobalFunction.java:408)
	at com.zensar.pageobjects.ProjectDetails.OverviewMaxProvider(ProjectDetails.java:414)
	at com.zensar.stepDefinations.ActiveTransactionStepDefinitions.maximum_Character_Provider(ActiveTransactionStepDefinitions.java:84)
	at ?.User Validates for Maximum Character in What did the provider/Carrier do well & Save(src/main/java/com/zensar/features/ActiveTransaction.feature:50)
	Suppressed: org.openqa.selenium.json.JsonException: Attempting to close incomplete json stream
Build info: version: '3.141.59', revision: 'e82be7d358', time: '2018-11-14T08:17:03'
System info: host: 'EUROW42SLPC5721', ip: '192.168.29.116', os.name: 'Windows 10', os.arch: 'amd64', os.version: '10.0', java.version: '1.8.0_221'
Driver info: driver.version: EventFiringWebDriver
		at org.openqa.selenium.json.JsonOutput.close(JsonOutput.java:279)
		at org.openqa.selenium.json.Json.toJson(Json.java:44)
		at org.openqa.selenium.remote.http.AbstractHttpCommandCodec.encode(AbstractHttpCommandCodec.java:227)
		at org.openqa.selenium.remote.http.AbstractHttpCommandCodec.encode(AbstractHttpCommandCodec.java:117)
		at org.openqa.selenium.remote.HttpCommandExecutor.execute(HttpCommandExecutor.java:152)
		at org.openqa.selenium.remote.service.DriverCommandExecutor.execute(DriverCommandExecutor.java:83)
		at org.openqa.selenium.remote.RemoteWebDriver.execute(RemoteWebDriver.java:552)
		at org.openqa.selenium.remote.RemoteWebDriver.perform(RemoteWebDriver.java:618)
		at sun.reflect.GeneratedMethodAccessor19.invoke(Unknown Source)
		at sun.reflect.DelegatingMethodAccessorImpl.invoke(DelegatingMethodAccessorImpl.java:43)
		at java.lang.reflect.Method.invoke(Method.java:498)
		at org.openqa.selenium.support.events.EventFiringWebDriver.lambda$new$1(EventFiringWebDriver.java:105)
		at com.sun.proxy.$Proxy25.perform(Unknown Source)
		at org.openqa.selenium.support.events.EventFiringWebDriver.perform(EventFiringWebDriver.java:360)
		at org.openqa.selenium.interactions.Actions$BuiltAction.perform(Actions.java:639)
		at com.zensar.scriptutils.GlobalFunction.click(GlobalFunction.java:408)
		at com.zensar.pageobjects.ProjectDetails.OverviewMaxProvider(ProjectDetails.java:414)
		at com.zensar.stepDefinations.ActiveTransactionStepDefinitions.maximum_Character_Provider(ActiveTransactionStepDefinitions.java:84)
		at sun.reflect.NativeMethodAccessorImpl.invoke0(Native Method)
		at sun.reflect.NativeMethodAccessorImpl.invoke(NativeMethodAccessorImpl.java:62)
		at sun.reflect.DelegatingMethodAccessorImpl.invoke(DelegatingMethodAccessorImpl.java:43)
		at java.lang.reflect.Method.invoke(Method.java:498)
		at cucumber.runtime.Utils$1.call(Utils.java:26)
		at cucumber.runtime.Timeout.timeout(Timeout.java:16)
		at cucumber.runtime.Utils.invoke(Utils.java:20)
		at cucumber.runtime.java.JavaStepDefinition.execute(JavaStepDefinition.java:49)
		at cucumber.runner.PickleStepDefinitionMatch.runStep(PickleStepDefinitionMatch.java:50)
		at cucumber.runner.TestStep.executeStep(TestStep.java:63)
		at cucumber.runner.TestStep.run(TestStep.java:49)
		at cucumber.runner.PickleStepTestStep.run(PickleStepTestStep.java:43)
		at cucumber.runner.TestCase.run(TestCase.java:44)
		at cucumber.runner.Runner.runPickle(Runner.java:40)
		at cucumber.api.testng.TestNGCucumberRunner.runScenario(TestNGCucumberRunner.java:68)
		at com.zensar.runner.ActiveTransaction.feature(ActiveTransaction.java:37)
		at sun.reflect.NativeMethodAccessorImpl.invoke0(Native Method)
		at sun.reflect.NativeMethodAccessorImpl.invoke(NativeMethodAccessorImpl.java:62)
		at sun.reflect.DelegatingMethodAccessorImpl.invoke(DelegatingMethodAccessorImpl.java:43)
		at java.lang.reflect.Method.invoke(Method.java:498)
		at org.testng.internal.MethodInvocationHelper.invokeMethod(MethodInvocationHelper.java:124)
		at org.testng.internal.Invoker.invokeMethod(Invoker.java:583)
		at org.testng.internal.Invoker.invokeTestMethod(Invoker.java:719)
		at org.testng.internal.Invoker.invokeTestMethods(Invoker.java:989)
		at org.testng.internal.TestMethodWorker.invokeTestMethods(TestMethodWorker.java:125)
		at org.testng.internal.TestMethodWorker.run(TestMethodWorker.java:109)
		at org.testng.TestRunner.privateRun(TestRunner.java:648)
		at org.testng.TestRunner.run(TestRunner.java:505)
		at org.testng.SuiteRunner.runTest(SuiteRunner.java:455)
		at org.testng.SuiteRunner.access$000(SuiteRunner.java:40)
		at org.testng.SuiteRunner$SuiteWorker.run(SuiteRunner.java:489)
		at org.testng.internal.thread.ThreadUtil$1.call(ThreadUtil.java:52)
		at java.util.concurrent.FutureTask.run(FutureTask.java:266)
		at java.util.concurrent.ThreadPoolExecutor.runWorker(ThreadPoolExecutor.java:1149)
		at java.util.concurrent.ThreadPoolExecutor$Worker.run(ThreadPoolExecutor.java:624)
		at java.lang.Thread.run(Thread.java:748)
Caused by: java.lang.reflect.InvocationTargetException
	at sun.reflect.GeneratedMethodAccessor20.invoke(Unknown Source)
	at sun.reflect.DelegatingMethodAccessorImpl.invoke(DelegatingMethodAccessorImpl.java:43)
	at java.lang.reflect.Method.invoke(Method.java:498)
	at org.openqa.selenium.json.JsonOutput.convertUsingMethod(JsonOutput.java:328)
	at org.openqa.selenium.json.JsonOutput.lambda$new$16(JsonOutput.java:155)
	at org.openqa.selenium.json.JsonOutput.write(JsonOutput.java:264)
	at org.openqa.selenium.json.JsonOutput.lambda$null$21(JsonOutput.java:168)
	at java.util.LinkedHashMap$LinkedValues.forEach(LinkedHashMap.java:608)
	at org.openqa.selenium.json.JsonOutput.lambda$new$22(JsonOutput.java:168)
	at org.openqa.selenium.json.JsonOutput.write(JsonOutput.java:264)
	at org.openqa.selenium.json.JsonOutput.lambda$null$23(JsonOutput.java:177)
	at com.google.common.collect.SingletonImmutableBiMap.forEach(SingletonImmutableBiMap.java:65)
	at org.openqa.selenium.json.JsonOutput.lambda$new$24(JsonOutput.java:176)
	at org.openqa.selenium.json.JsonOutput.write(JsonOutput.java:264)
	at org.openqa.selenium.json.JsonOutput.write(JsonOutput.java:255)
	at org.openqa.selenium.json.Json.toJson(Json.java:42)
	at org.openqa.selenium.remote.http.AbstractHttpCommandCodec.encode(AbstractHttpCommandCodec.java:227)
	at org.openqa.selenium.remote.http.AbstractHttpCommandCodec.encode(AbstractHttpCommandCodec.java:117)
	at org.openqa.selenium.remote.HttpCommandExecutor.execute(HttpCommandExecutor.java:152)
	at org.openqa.selenium.remote.service.DriverCommandExecutor.execute(DriverCommandExecutor.java:83)
	at org.openqa.selenium.remote.RemoteWebDriver.execute(RemoteWebDriver.java:552)
	at org.openqa.selenium.remote.RemoteWebDriver.perform(RemoteWebDriver.java:618)
	at sun.reflect.GeneratedMethodAccessor19.invoke(Unknown Source)
	at sun.reflect.DelegatingMethodAccessorImpl.invoke(DelegatingMethodAccessorImpl.java:43)
	at java.lang.reflect.Method.invoke(Method.java:498)
	at org.openqa.selenium.support.events.EventFiringWebDriver.lambda$new$1(EventFiringWebDriver.java:105)
	at com.sun.proxy.$Proxy25.perform(Unknown Source)
	at org.openqa.selenium.support.events.EventFiringWebDriver.perform(EventFiringWebDriver.java:360)
	at org.openqa.selenium.interactions.Actions$BuiltAction.perform(Actions.java:639)
	at com.zensar.scriptutils.GlobalFunction.click(GlobalFunction.java:408)
	at com.zensar.pageobjects.ProjectDetails.OverviewMaxProvider(ProjectDetails.java:414)
	at com.zensar.stepDefinations.ActiveTransactionStepDefinitions.maximum_Character_Provider(ActiveTransactionStepDefinitions.java:84)
	at sun.reflect.NativeMethodAccessorImpl.invoke0(Native Method)
	at sun.reflect.NativeMethodAccessorImpl.invoke(NativeMethodAccessorImpl.java:62)
	at sun.reflect.DelegatingMethodAccessorImpl.invoke(DelegatingMethodAccessorImpl.java:43)
	at java.lang.reflect.Method.invoke(Method.java:498)
	at cucumber.runtime.Utils$1.call(Utils.java:26)
	at cucumber.runtime.Timeout.timeout(Timeout.java:16)
	at cucumber.runtime.Utils.invoke(Utils.java:20)
	at cucumber.runtime.java.JavaStepDefinition.execute(JavaStepDefinition.java:49)
	at cucumber.runner.PickleStepDefinitionMatch.runStep(PickleStepDefinitionMatch.java:50)
	at cucumber.runner.TestStep.executeStep(TestStep.java:63)
	at cucumber.runner.TestStep.run(TestStep.java:49)
	at cucumber.runner.PickleStepTestStep.run(PickleStepTestStep.java:43)
	at cucumber.runner.TestCase.run(TestCase.java:44)
	at cucumber.runner.Runner.runPickle(Runner.java:40)
	at cucumber.api.testng.TestNGCucumberRunner.runScenario(TestNGCucumberRunner.java:68)
	at com.zensar.runner.ActiveTransaction.feature(ActiveTransaction.java:37)
	at sun.reflect.NativeMethodAccessorImpl.invoke0(Native Method)
	at sun.reflect.NativeMethodAccessorImpl.invoke(NativeMethodAccessorImpl.java:62)
	at sun.reflect.DelegatingMethodAccessorImpl.invoke(DelegatingMethodAccessorImpl.java:43)
	at java.lang.reflect.Method.invoke(Method.java:498)
	at org.testng.internal.MethodInvocationHelper.invokeMethod(MethodInvocationHelper.java:124)
	at org.testng.internal.Invoker.invokeMethod(Invoker.java:583)
	at org.testng.internal.Invoker.invokeTestMethod(Invoker.java:719)
	at org.testng.internal.Invoker.invokeTestMethods(Invoker.java:989)
	at org.testng.internal.TestMethodWorker.invokeTestMethods(TestMethodWorker.java:125)
	at org.testng.internal.TestMethodWorker.run(TestMethodWorker.java:109)
	at org.testng.TestRunner.privateRun(TestRunner.java:648)
	at org.testng.TestRunner.run(TestRunner.java:505)
	at org.testng.SuiteRunner.runTest(SuiteRunner.java:455)
	at org.testng.SuiteRunner.access$000(SuiteRunner.java:40)
	at org.testng.SuiteRunner$SuiteWorker.run(SuiteRunner.java:489)
	at org.testng.internal.thread.ThreadUtil$1.call(ThreadUtil.java:52)
	at java.util.concurrent.FutureTask.run(FutureTask.java:266)
	at java.util.concurrent.ThreadPoolExecutor.runWorker(ThreadPoolExecutor.java:1149)
	at java.util.concurrent.ThreadPoolExecutor$Worker.run(ThreadPoolExecutor.java:624)
	at java.lang.Thread.run(Thread.java:748)
Caused by: org.openqa.selenium.NoSuchElementException: no such element: Unable to locate element: {"method":"xpath","selector":"//textarea[@class='sm-ta ng-pristine ng-valid ng-star-inserted ng-touched']"}
  (Session info: chrome=122.0.6261.112)
For documentation on this error, please visit: https://www.seleniumhq.org/exceptions/no_such_element.html
Build info: version: '3.141.59', revision: 'e82be7d358', time: '2018-11-14T08:17:03'
System info: host: 'EUROW42SLPC5721', ip: '192.168.29.116', os.name: 'Windows 10', os.arch: 'amd64', os.version: '10.0', java.version: '1.8.0_221'
Driver info: org.openqa.selenium.chrome.ChromeDriver
Capabilities {acceptInsecureCerts: false, browserName: chrome, browserVersion: 122.0.6261.112, chrome: {chromedriverVersion: 122.0.6261.111 (9d4c1072da6..., userDataDir: C:\Users\vs106039\AppData\L...}, fedcm:accounts: true, goog:chromeOptions: {debuggerAddress: localhost:53746}, javascriptEnabled: true, networkConnectionEnabled: false, pageLoadStrategy: normal, platform: WINDOWS, platformName: WINDOWS, proxy: Proxy(), setWindowRect: true, strictFileInteractability: false, timeouts: {implicit: 0, pageLoad: 300000, script: 30000}, unhandledPromptBehavior: dismiss and notify, webauthn:extension:credBlob: true, webauthn:extension:largeBlob: true, webauthn:extension:minPinLength: true, webauthn:extension:prf: true, webauthn:virtualAuthenticators: true}
Session ID: 195ab788e0e0797559a1528775920b88
*** Element info: {Using=xpath, value=//textarea[@class='sm-ta ng-pristine ng-valid ng-star-inserted ng-touched']}
	at sun.reflect.GeneratedConstructorAccessor91.newInstance(Unknown Source)
	at sun.reflect.DelegatingConstructorAccessorImpl.newInstance(DelegatingConstructorAccessorImpl.java:45)
	at java.lang.reflect.Constructor.newInstance(Constructor.java:423)
	at org.openqa.selenium.remote.http.W3CHttpResponseCodec.createException(W3CHttpResponseCodec.java:187)
	at org.openqa.selenium.remote.http.W3CHttpResponseCodec.decode(W3CHttpResponseCodec.java:122)
	at org.openqa.selenium.remote.http.W3CHttpResponseCodec.decode(W3CHttpResponseCodec.java:49)
	at org.openqa.selenium.remote.HttpCommandExecutor.execute(HttpCommandExecutor.java:158)
	at org.openqa.selenium.remote.service.DriverCommandExecutor.execute(DriverCommandExecutor.java:83)
	at org.openqa.selenium.remote.RemoteWebDriver.execute(RemoteWebDriver.java:552)
	at org.openqa.selenium.remote.RemoteWebDriver.findElement(RemoteWebDriver.java:323)
	at org.openqa.selenium.remote.RemoteWebDriver.findElementByXPath(RemoteWebDriver.java:428)
	at org.openqa.selenium.By$ByXPath.findElement(By.java:353)
	at org.openqa.selenium.remote.RemoteWebDriver.findElement(RemoteWebDriver.java:315)
	at sun.reflect.GeneratedMethodAccessor8.invoke(Unknown Source)
	at sun.reflect.DelegatingMethodAccessorImpl.invoke(DelegatingMethodAccessorImpl.java:43)
	at java.lang.reflect.Method.invoke(Method.java:498)
	at org.openqa.selenium.support.events.EventFiringWebDriver.lambda$new$1(EventFiringWebDriver.java:105)
	at com.sun.proxy.$Proxy25.findElement(Unknown Source)
	at org.openqa.selenium.support.events.EventFiringWebDriver.findElement(EventFiringWebDriver.java:194)
	at org.openqa.selenium.support.pagefactory.DefaultElementLocator.findElement(DefaultElementLocator.java:69)
	at org.openqa.selenium.support.pagefactory.internal.LocatingElementHandler.invoke(LocatingElementHandler.java:38)
	at com.sun.proxy.$Proxy28.getWrappedElement(Unknown Source)
	at org.openqa.selenium.interactions.PointerInput$Origin.asArg(PointerInput.java:204)
	at org.openqa.selenium.interactions.PointerInput$Move.encode(PointerInput.java:155)
	at org.openqa.selenium.interactions.Sequence.encode(Sequence.java:75)
	at org.openqa.selenium.interactions.Sequence.toJson(Sequence.java:84)
	... 68 more


  Scenario Outline: Verify What improvements would you suggest for their future pursuits for maximum character set #<DataSetName> # src/main/java/com/zensar/features/ActiveTransaction.feature:56
    When user logs in to ISG
    Then Verify for Active Transaction
    Then User clicks on first Active Transaction
    Then User Validates for Maximum Character in What improvements would you suggest for their future pursuits & save

    Examples: 

  Background:                                          # src/main/java/com/zensar/features/ActiveTransaction.feature:3
    Given User navigates to ISG Landing Page and Login # SetupProjectStepDefinitions.user_navigates_to_Isg_Landing_Page()

  Scenario Outline: Verify What improvements would you suggest for their future pursuits for maximum character set #ValidLogin # src/main/java/com/zensar/features/ActiveTransaction.feature:64
    When user logs in to ISG                                                                                                   # SetupProjectStepDefinitions.user_clicks_on_submit_another_item()
[INFO]	[Assertion Pass]	Number of Active Transaction =  Active transactions (2)
    Then Verify for Active Transaction                                                                                         # ActiveTransactionProjectContactStepDefinitions.verify_for_Active_Notifications()
    Then User clicks on first Active Transaction                                                                               # ActiveTransactionProjectContactStepDefinitions.User_clicks_first_Active_Transaction()
    Then User Validates for Maximum Character in What improvements would you suggest for their future pursuits & save          # ActiveTransactionStepDefinitions.maximum_Character_future_prospects()
      org.openqa.selenium.json.JsonException: java.lang.reflect.InvocationTargetException
Build info: version: '3.141.59', revision: 'e82be7d358', time: '2018-11-14T08:17:03'
System info: host: 'EUROW42SLPC5721', ip: '192.168.29.116', os.name: 'Windows 10', os.arch: 'amd64', os.version: '10.0', java.version: '1.8.0_221'
Driver info: driver.version: EventFiringWebDriver
	at org.openqa.selenium.json.JsonOutput.convertUsingMethod(JsonOutput.java:332)
	at org.openqa.selenium.json.JsonOutput.lambda$new$16(JsonOutput.java:155)
	at org.openqa.selenium.json.JsonOutput.write(JsonOutput.java:264)
	at org.openqa.selenium.json.JsonOutput.lambda$null$21(JsonOutput.java:168)
	at java.util.LinkedHashMap$LinkedValues.forEach(LinkedHashMap.java:608)
	at org.openqa.selenium.json.JsonOutput.lambda$new$22(JsonOutput.java:168)
	at org.openqa.selenium.json.JsonOutput.write(JsonOutput.java:264)
	at org.openqa.selenium.json.JsonOutput.lambda$null$23(JsonOutput.java:177)
	at com.google.common.collect.SingletonImmutableBiMap.forEach(SingletonImmutableBiMap.java:65)
	at org.openqa.selenium.json.JsonOutput.lambda$new$24(JsonOutput.java:176)
	at org.openqa.selenium.json.JsonOutput.write(JsonOutput.java:264)
	at org.openqa.selenium.json.JsonOutput.write(JsonOutput.java:255)
	at org.openqa.selenium.json.Json.toJson(Json.java:42)
	at org.openqa.selenium.remote.http.AbstractHttpCommandCodec.encode(AbstractHttpCommandCodec.java:227)
	at org.openqa.selenium.remote.http.AbstractHttpCommandCodec.encode(AbstractHttpCommandCodec.java:117)
	at org.openqa.selenium.remote.HttpCommandExecutor.execute(HttpCommandExecutor.java:152)
	at org.openqa.selenium.remote.service.DriverCommandExecutor.execute(DriverCommandExecutor.java:83)
	at org.openqa.selenium.remote.RemoteWebDriver.execute(RemoteWebDriver.java:552)
	at org.openqa.selenium.remote.RemoteWebDriver.perform(RemoteWebDriver.java:618)
	at sun.reflect.GeneratedMethodAccessor19.invoke(Unknown Source)
	at sun.reflect.DelegatingMethodAccessorImpl.invoke(DelegatingMethodAccessorImpl.java:43)
	at java.lang.reflect.Method.invoke(Method.java:498)
	at org.openqa.selenium.support.events.EventFiringWebDriver.lambda$new$1(EventFiringWebDriver.java:105)
	at com.sun.proxy.$Proxy25.perform(Unknown Source)
	at org.openqa.selenium.support.events.EventFiringWebDriver.perform(EventFiringWebDriver.java:360)
	at org.openqa.selenium.interactions.Actions$BuiltAction.perform(Actions.java:639)
	at com.zensar.scriptutils.GlobalFunction.click(GlobalFunction.java:408)
	at com.zensar.pageobjects.ProjectDetails.OverviewMaxPursuits(ProjectDetails.java:431)
	at com.zensar.stepDefinations.ActiveTransactionStepDefinitions.maximum_Character_future_prospects(ActiveTransactionStepDefinitions.java:88)
	at ?.User Validates for Maximum Character in What improvements would you suggest for their future pursuits & save(src/main/java/com/zensar/features/ActiveTransaction.feature:60)
	Suppressed: org.openqa.selenium.json.JsonException: Attempting to close incomplete json stream
Build info: version: '3.141.59', revision: 'e82be7d358', time: '2018-11-14T08:17:03'
System info: host: 'EUROW42SLPC5721', ip: '192.168.29.116', os.name: 'Windows 10', os.arch: 'amd64', os.version: '10.0', java.version: '1.8.0_221'
Driver info: driver.version: EventFiringWebDriver
		at org.openqa.selenium.json.JsonOutput.close(JsonOutput.java:279)
		at org.openqa.selenium.json.Json.toJson(Json.java:44)
		at org.openqa.selenium.remote.http.AbstractHttpCommandCodec.encode(AbstractHttpCommandCodec.java:227)
		at org.openqa.selenium.remote.http.AbstractHttpCommandCodec.encode(AbstractHttpCommandCodec.java:117)
		at org.openqa.selenium.remote.HttpCommandExecutor.execute(HttpCommandExecutor.java:152)
		at org.openqa.selenium.remote.service.DriverCommandExecutor.execute(DriverCommandExecutor.java:83)
		at org.openqa.selenium.remote.RemoteWebDriver.execute(RemoteWebDriver.java:552)
		at org.openqa.selenium.remote.RemoteWebDriver.perform(RemoteWebDriver.java:618)
		at sun.reflect.GeneratedMethodAccessor19.invoke(Unknown Source)
		at sun.reflect.DelegatingMethodAccessorImpl.invoke(DelegatingMethodAccessorImpl.java:43)
		at java.lang.reflect.Method.invoke(Method.java:498)
		at org.openqa.selenium.support.events.EventFiringWebDriver.lambda$new$1(EventFiringWebDriver.java:105)
		at com.sun.proxy.$Proxy25.perform(Unknown Source)
		at org.openqa.selenium.support.events.EventFiringWebDriver.perform(EventFiringWebDriver.java:360)
		at org.openqa.selenium.interactions.Actions$BuiltAction.perform(Actions.java:639)
		at com.zensar.scriptutils.GlobalFunction.click(GlobalFunction.java:408)
		at com.zensar.pageobjects.ProjectDetails.OverviewMaxPursuits(ProjectDetails.java:431)
		at com.zensar.stepDefinations.ActiveTransactionStepDefinitions.maximum_Character_future_prospects(ActiveTransactionStepDefinitions.java:88)
		at sun.reflect.NativeMethodAccessorImpl.invoke0(Native Method)
		at sun.reflect.NativeMethodAccessorImpl.invoke(NativeMethodAccessorImpl.java:62)
		at sun.reflect.DelegatingMethodAccessorImpl.invoke(DelegatingMethodAccessorImpl.java:43)
		at java.lang.reflect.Method.invoke(Method.java:498)
		at cucumber.runtime.Utils$1.call(Utils.java:26)
		at cucumber.runtime.Timeout.timeout(Timeout.java:16)
		at cucumber.runtime.Utils.invoke(Utils.java:20)
		at cucumber.runtime.java.JavaStepDefinition.execute(JavaStepDefinition.java:49)
		at cucumber.runner.PickleStepDefinitionMatch.runStep(PickleStepDefinitionMatch.java:50)
		at cucumber.runner.TestStep.executeStep(TestStep.java:63)
		at cucumber.runner.TestStep.run(TestStep.java:49)
		at cucumber.runner.PickleStepTestStep.run(PickleStepTestStep.java:43)
		at cucumber.runner.TestCase.run(TestCase.java:44)
		at cucumber.runner.Runner.runPickle(Runner.java:40)
		at cucumber.api.testng.TestNGCucumberRunner.runScenario(TestNGCucumberRunner.java:68)
		at com.zensar.runner.ActiveTransaction.feature(ActiveTransaction.java:37)
		at sun.reflect.NativeMethodAccessorImpl.invoke0(Native Method)
		at sun.reflect.NativeMethodAccessorImpl.invoke(NativeMethodAccessorImpl.java:62)
		at sun.reflect.DelegatingMethodAccessorImpl.invoke(DelegatingMethodAccessorImpl.java:43)
		at java.lang.reflect.Method.invoke(Method.java:498)
		at org.testng.internal.MethodInvocationHelper.invokeMethod(MethodInvocationHelper.java:124)
		at org.testng.internal.Invoker.invokeMethod(Invoker.java:583)
		at org.testng.internal.Invoker.invokeTestMethod(Invoker.java:719)
		at org.testng.internal.Invoker.invokeTestMethods(Invoker.java:989)
		at org.testng.internal.TestMethodWorker.invokeTestMethods(TestMethodWorker.java:125)
		at org.testng.internal.TestMethodWorker.run(TestMethodWorker.java:109)
		at org.testng.TestRunner.privateRun(TestRunner.java:648)
		at org.testng.TestRunner.run(TestRunner.java:505)
		at org.testng.SuiteRunner.runTest(SuiteRunner.java:455)
		at org.testng.SuiteRunner.access$000(SuiteRunner.java:40)
		at org.testng.SuiteRunner$SuiteWorker.run(SuiteRunner.java:489)
		at org.testng.internal.thread.ThreadUtil$1.call(ThreadUtil.java:52)
		at java.util.concurrent.FutureTask.run(FutureTask.java:266)
		at java.util.concurrent.ThreadPoolExecutor.runWorker(ThreadPoolExecutor.java:1149)
		at java.util.concurrent.ThreadPoolExecutor$Worker.run(ThreadPoolExecutor.java:624)
		at java.lang.Thread.run(Thread.java:748)
Caused by: java.lang.reflect.InvocationTargetException
	at sun.reflect.GeneratedMethodAccessor20.invoke(Unknown Source)
	at sun.reflect.DelegatingMethodAccessorImpl.invoke(DelegatingMethodAccessorImpl.java:43)
	at java.lang.reflect.Method.invoke(Method.java:498)
	at org.openqa.selenium.json.JsonOutput.convertUsingMethod(JsonOutput.java:328)
	at org.openqa.selenium.json.JsonOutput.lambda$new$16(JsonOutput.java:155)
	at org.openqa.selenium.json.JsonOutput.write(JsonOutput.java:264)
	at org.openqa.selenium.json.JsonOutput.lambda$null$21(JsonOutput.java:168)
	at java.util.LinkedHashMap$LinkedValues.forEach(LinkedHashMap.java:608)
	at org.openqa.selenium.json.JsonOutput.lambda$new$22(JsonOutput.java:168)
	at org.openqa.selenium.json.JsonOutput.write(JsonOutput.java:264)
	at org.openqa.selenium.json.JsonOutput.lambda$null$23(JsonOutput.java:177)
	at com.google.common.collect.SingletonImmutableBiMap.forEach(SingletonImmutableBiMap.java:65)
	at org.openqa.selenium.json.JsonOutput.lambda$new$24(JsonOutput.java:176)
	at org.openqa.selenium.json.JsonOutput.write(JsonOutput.java:264)
	at org.openqa.selenium.json.JsonOutput.write(JsonOutput.java:255)
	at org.openqa.selenium.json.Json.toJson(Json.java:42)
	at org.openqa.selenium.remote.http.AbstractHttpCommandCodec.encode(AbstractHttpCommandCodec.java:227)
	at org.openqa.selenium.remote.http.AbstractHttpCommandCodec.encode(AbstractHttpCommandCodec.java:117)
	at org.openqa.selenium.remote.HttpCommandExecutor.execute(HttpCommandExecutor.java:152)
	at org.openqa.selenium.remote.service.DriverCommandExecutor.execute(DriverCommandExecutor.java:83)
	at org.openqa.selenium.remote.RemoteWebDriver.execute(RemoteWebDriver.java:552)
	at org.openqa.selenium.remote.RemoteWebDriver.perform(RemoteWebDriver.java:618)
	at sun.reflect.GeneratedMethodAccessor19.invoke(Unknown Source)
	at sun.reflect.DelegatingMethodAccessorImpl.invoke(DelegatingMethodAccessorImpl.java:43)
	at java.lang.reflect.Method.invoke(Method.java:498)
	at org.openqa.selenium.support.events.EventFiringWebDriver.lambda$new$1(EventFiringWebDriver.java:105)
	at com.sun.proxy.$Proxy25.perform(Unknown Source)
	at org.openqa.selenium.support.events.EventFiringWebDriver.perform(EventFiringWebDriver.java:360)
	at org.openqa.selenium.interactions.Actions$BuiltAction.perform(Actions.java:639)
	at com.zensar.scriptutils.GlobalFunction.click(GlobalFunction.java:408)
	at com.zensar.pageobjects.ProjectDetails.OverviewMaxPursuits(ProjectDetails.java:431)
	at com.zensar.stepDefinations.ActiveTransactionStepDefinitions.maximum_Character_future_prospects(ActiveTransactionStepDefinitions.java:88)
	at sun.reflect.NativeMethodAccessorImpl.invoke0(Native Method)
	at sun.reflect.NativeMethodAccessorImpl.invoke(NativeMethodAccessorImpl.java:62)
	at sun.reflect.DelegatingMethodAccessorImpl.invoke(DelegatingMethodAccessorImpl.java:43)
	at java.lang.reflect.Method.invoke(Method.java:498)
	at cucumber.runtime.Utils$1.call(Utils.java:26)
	at cucumber.runtime.Timeout.timeout(Timeout.java:16)
	at cucumber.runtime.Utils.invoke(Utils.java:20)
	at cucumber.runtime.java.JavaStepDefinition.execute(JavaStepDefinition.java:49)
	at cucumber.runner.PickleStepDefinitionMatch.runStep(PickleStepDefinitionMatch.java:50)
	at cucumber.runner.TestStep.executeStep(TestStep.java:63)
	at cucumber.runner.TestStep.run(TestStep.java:49)
	at cucumber.runner.PickleStepTestStep.run(PickleStepTestStep.java:43)
	at cucumber.runner.TestCase.run(TestCase.java:44)
	at cucumber.runner.Runner.runPickle(Runner.java:40)
	at cucumber.api.testng.TestNGCucumberRunner.runScenario(TestNGCucumberRunner.java:68)
	at com.zensar.runner.ActiveTransaction.feature(ActiveTransaction.java:37)
	at sun.reflect.NativeMethodAccessorImpl.invoke0(Native Method)
	at sun.reflect.NativeMethodAccessorImpl.invoke(NativeMethodAccessorImpl.java:62)
	at sun.reflect.DelegatingMethodAccessorImpl.invoke(DelegatingMethodAccessorImpl.java:43)
	at java.lang.reflect.Method.invoke(Method.java:498)
	at org.testng.internal.MethodInvocationHelper.invokeMethod(MethodInvocationHelper.java:124)
	at org.testng.internal.Invoker.invokeMethod(Invoker.java:583)
	at org.testng.internal.Invoker.invokeTestMethod(Invoker.java:719)
	at org.testng.internal.Invoker.invokeTestMethods(Invoker.java:989)
	at org.testng.internal.TestMethodWorker.invokeTestMethods(TestMethodWorker.java:125)
	at org.testng.internal.TestMethodWorker.run(TestMethodWorker.java:109)
	at org.testng.TestRunner.privateRun(TestRunner.java:648)
	at org.testng.TestRunner.run(TestRunner.java:505)
	at org.testng.SuiteRunner.runTest(SuiteRunner.java:455)
	at org.testng.SuiteRunner.access$000(SuiteRunner.java:40)
	at org.testng.SuiteRunner$SuiteWorker.run(SuiteRunner.java:489)
	at org.testng.internal.thread.ThreadUtil$1.call(ThreadUtil.java:52)
	at java.util.concurrent.FutureTask.run(FutureTask.java:266)
	at java.util.concurrent.ThreadPoolExecutor.runWorker(ThreadPoolExecutor.java:1149)
	at java.util.concurrent.ThreadPoolExecutor$Worker.run(ThreadPoolExecutor.java:624)
	at java.lang.Thread.run(Thread.java:748)
Caused by: org.openqa.selenium.NoSuchElementException: no such element: Unable to locate element: {"method":"xpath","selector":"//button[contains(@class,'btn secondary-btn-m edit-overview')]"}
  (Session info: chrome=122.0.6261.112)
For documentation on this error, please visit: https://www.seleniumhq.org/exceptions/no_such_element.html
Build info: version: '3.141.59', revision: 'e82be7d358', time: '2018-11-14T08:17:03'
System info: host: 'EUROW42SLPC5721', ip: '192.168.29.116', os.name: 'Windows 10', os.arch: 'amd64', os.version: '10.0', java.version: '1.8.0_221'
Driver info: org.openqa.selenium.chrome.ChromeDriver
Capabilities {acceptInsecureCerts: false, browserName: chrome, browserVersion: 122.0.6261.112, chrome: {chromedriverVersion: 122.0.6261.111 (9d4c1072da6..., userDataDir: C:\Users\vs106039\AppData\L...}, fedcm:accounts: true, goog:chromeOptions: {debuggerAddress: localhost:54317}, javascriptEnabled: true, networkConnectionEnabled: false, pageLoadStrategy: normal, platform: WINDOWS, platformName: WINDOWS, proxy: Proxy(), setWindowRect: true, strictFileInteractability: false, timeouts: {implicit: 0, pageLoad: 300000, script: 30000}, unhandledPromptBehavior: dismiss and notify, webauthn:extension:credBlob: true, webauthn:extension:largeBlob: true, webauthn:extension:minPinLength: true, webauthn:extension:prf: true, webauthn:virtualAuthenticators: true}
Session ID: fd984854d7bc3471c1c89d68f4e51ab1
*** Element info: {Using=xpath, value=//button[contains(@class,'btn secondary-btn-m edit-overview')]}
	at sun.reflect.GeneratedConstructorAccessor91.newInstance(Unknown Source)
	at sun.reflect.DelegatingConstructorAccessorImpl.newInstance(DelegatingConstructorAccessorImpl.java:45)
	at java.lang.reflect.Constructor.newInstance(Constructor.java:423)
	at org.openqa.selenium.remote.http.W3CHttpResponseCodec.createException(W3CHttpResponseCodec.java:187)
	at org.openqa.selenium.remote.http.W3CHttpResponseCodec.decode(W3CHttpResponseCodec.java:122)
	at org.openqa.selenium.remote.http.W3CHttpResponseCodec.decode(W3CHttpResponseCodec.java:49)
	at org.openqa.selenium.remote.HttpCommandExecutor.execute(HttpCommandExecutor.java:158)
	at org.openqa.selenium.remote.service.DriverCommandExecutor.execute(DriverCommandExecutor.java:83)
	at org.openqa.selenium.remote.RemoteWebDriver.execute(RemoteWebDriver.java:552)
	at org.openqa.selenium.remote.RemoteWebDriver.findElement(RemoteWebDriver.java:323)
	at org.openqa.selenium.remote.RemoteWebDriver.findElementByXPath(RemoteWebDriver.java:428)
	at org.openqa.selenium.By$ByXPath.findElement(By.java:353)
	at org.openqa.selenium.remote.RemoteWebDriver.findElement(RemoteWebDriver.java:315)
	at sun.reflect.GeneratedMethodAccessor8.invoke(Unknown Source)
	at sun.reflect.DelegatingMethodAccessorImpl.invoke(DelegatingMethodAccessorImpl.java:43)
	at java.lang.reflect.Method.invoke(Method.java:498)
	at org.openqa.selenium.support.events.EventFiringWebDriver.lambda$new$1(EventFiringWebDriver.java:105)
	at com.sun.proxy.$Proxy25.findElement(Unknown Source)
	at org.openqa.selenium.support.events.EventFiringWebDriver.findElement(EventFiringWebDriver.java:194)
	at org.openqa.selenium.support.pagefactory.DefaultElementLocator.findElement(DefaultElementLocator.java:69)
	at org.openqa.selenium.support.pagefactory.internal.LocatingElementHandler.invoke(LocatingElementHandler.java:38)
	at com.sun.proxy.$Proxy28.getWrappedElement(Unknown Source)
	at org.openqa.selenium.interactions.PointerInput$Origin.asArg(PointerInput.java:204)
	at org.openqa.selenium.interactions.PointerInput$Move.encode(PointerInput.java:155)
	at org.openqa.selenium.interactions.Sequence.encode(Sequence.java:75)
	at org.openqa.selenium.interactions.Sequence.toJson(Sequence.java:84)
	... 68 more


Failed scenarios:	 >>>>>> (Stats.java:172)	13:27:51
src/main/java/com/zensar/features/ActiveTransaction.feature:24 # Verify user able Update project Overview 	 >>>>>> (Stats.java:178)	13:27:51
#ValidLogin	 >>>>>> (Stats.java:178)	13:27:51
src/main/java/com/zensar/features/ActiveTransaction.feature:54 # Verify What did the provider/Carrier do well maximum character set 	 >>>>>> (Stats.java:178)	13:27:51
#ValidLogin	 >>>>>> (Stats.java:178)	13:27:51
src/main/java/com/zensar/features/ActiveTransaction.feature:64 # Verify What improvements would you suggest for their future pursuits for maximum character set 	 >>>>>> (Stats.java:178)	13:27:51
#ValidLogin	 >>>>>> (Stats.java:178)	13:27:51

5 Scenarios (3 failed, 2 passed)	 >>>>>> (Stats.java:129)	13:27:51
32 Steps (3 failed, 1 skipped, 28 passed)	 >>>>>> (Stats.java:122)	13:27:51
10m2.200s	 >>>>>> (Stats.java:157)	13:27:51

org.openqa.selenium.json.JsonException: java.lang.reflect.InvocationTargetException
Build info: version: '3.141.59', revision: 'e82be7d358', time: '2018-11-14T08:17:03'
System info: host: 'EUROW42SLPC5721', ip: '192.168.29.116', os.name: 'Windows 10', os.arch: 'amd64', os.version: '10.0', java.version: '1.8.0_221'
Driver info: driver.version: EventFiringWebDriver	 >>>>>> (Throwable.java:749)	13:27:51
	at org.openqa.selenium.json.JsonOutput.convertUsingMethod(JsonOutput.java:332)	 >>>>>> (Throwable.java:749)	13:27:51
	at org.openqa.selenium.json.JsonOutput.lambda$new$16(JsonOutput.java:155)	 >>>>>> (Throwable.java:749)	13:27:51
	at org.openqa.selenium.json.JsonOutput.write(JsonOutput.java:264)	 >>>>>> (Throwable.java:749)	13:27:51
	at org.openqa.selenium.json.JsonOutput.lambda$null$21(JsonOutput.java:168)	 >>>>>> (Throwable.java:749)	13:27:51
	at java.util.LinkedHashMap$LinkedValues.forEach(LinkedHashMap.java:608)	 >>>>>> (Throwable.java:749)	13:27:51
	at org.openqa.selenium.json.JsonOutput.lambda$new$22(JsonOutput.java:168)	 >>>>>> (Throwable.java:749)	13:27:51
	at org.openqa.selenium.json.JsonOutput.write(JsonOutput.java:264)	 >>>>>> (Throwable.java:749)	13:27:51
	at org.openqa.selenium.json.JsonOutput.lambda$null$23(JsonOutput.java:177)	 >>>>>> (Throwable.java:749)	13:27:51
	at com.google.common.collect.SingletonImmutableBiMap.forEach(SingletonImmutableBiMap.java:65)	 >>>>>> (Throwable.java:749)	13:27:51
	at org.openqa.selenium.json.JsonOutput.lambda$new$24(JsonOutput.java:176)	 >>>>>> (Throwable.java:749)	13:27:51
	at org.openqa.selenium.json.JsonOutput.write(JsonOutput.java:264)	 >>>>>> (Throwable.java:749)	13:27:51
	at org.openqa.selenium.json.JsonOutput.write(JsonOutput.java:255)	 >>>>>> (Throwable.java:749)	13:27:51
	at org.openqa.selenium.json.Json.toJson(Json.java:42)	 >>>>>> (Throwable.java:749)	13:27:51
	at org.openqa.selenium.remote.http.AbstractHttpCommandCodec.encode(AbstractHttpCommandCodec.java:227)	 >>>>>> (Throwable.java:749)	13:27:51
	at org.openqa.selenium.remote.http.AbstractHttpCommandCodec.encode(AbstractHttpCommandCodec.java:117)	 >>>>>> (Throwable.java:749)	13:27:51
	at org.openqa.selenium.remote.HttpCommandExecutor.execute(HttpCommandExecutor.java:152)	 >>>>>> (Throwable.java:749)	13:27:51
	at org.openqa.selenium.remote.service.DriverCommandExecutor.execute(DriverCommandExecutor.java:83)	 >>>>>> (Throwable.java:749)	13:27:51
	at org.openqa.selenium.remote.RemoteWebDriver.execute(RemoteWebDriver.java:552)	 >>>>>> (Throwable.java:749)	13:27:51
	at org.openqa.selenium.remote.RemoteWebDriver.perform(RemoteWebDriver.java:618)	 >>>>>> (Throwable.java:749)	13:27:51
	at sun.reflect.GeneratedMethodAccessor19.invoke(Unknown Source)	 >>>>>> (Throwable.java:749)	13:27:51
	at sun.reflect.DelegatingMethodAccessorImpl.invoke(DelegatingMethodAccessorImpl.java:43)	 >>>>>> (Throwable.java:749)	13:27:51
	at java.lang.reflect.Method.invoke(Method.java:498)	 >>>>>> (Throwable.java:749)	13:27:51
	at org.openqa.selenium.support.events.EventFiringWebDriver.lambda$new$1(EventFiringWebDriver.java:105)	 >>>>>> (Throwable.java:749)	13:27:51
	at com.sun.proxy.$Proxy25.perform(Unknown Source)	 >>>>>> (Throwable.java:749)	13:27:51
	at org.openqa.selenium.support.events.EventFiringWebDriver.perform(EventFiringWebDriver.java:360)	 >>>>>> (Throwable.java:749)	13:27:51
	at org.openqa.selenium.interactions.Actions$BuiltAction.perform(Actions.java:639)	 >>>>>> (Throwable.java:749)	13:27:51
	at com.zensar.scriptutils.GlobalFunction.click(GlobalFunction.java:408)	 >>>>>> (Throwable.java:749)	13:27:51
	at com.zensar.pageobjects.ProjectDetails.providerWell(ProjectDetails.java:354)	 >>>>>> (Throwable.java:749)	13:27:51
	at com.zensar.stepDefinations.ActiveTransactionStepDefinitions.what_provider_well(ActiveTransactionStepDefinitions.java:71)	 >>>>>> (Throwable.java:749)	13:27:51
	at ?.What provider do well(src/main/java/com/zensar/features/ActiveTransaction.feature:19)	 >>>>>> (Throwable.java:749)	13:27:51
	Suppressed: org.openqa.selenium.json.JsonException: Attempting to close incomplete json stream
Build info: version: '3.141.59', revision: 'e82be7d358', time: '2018-11-14T08:17:03'
System info: host: 'EUROW42SLPC5721', ip: '192.168.29.116', os.name: 'Windows 10', os.arch: 'amd64', os.version: '10.0', java.version: '1.8.0_221'
Driver info: driver.version: EventFiringWebDriver	 >>>>>> (Throwable.java:749)	13:27:51
		at org.openqa.selenium.json.JsonOutput.close(JsonOutput.java:279)	 >>>>>> (Throwable.java:749)	13:27:51
		at org.openqa.selenium.json.Json.toJson(Json.java:44)	 >>>>>> (Throwable.java:749)	13:27:51
		at org.openqa.selenium.remote.http.AbstractHttpCommandCodec.encode(AbstractHttpCommandCodec.java:227)	 >>>>>> (Throwable.java:749)	13:27:51
		at org.openqa.selenium.remote.http.AbstractHttpCommandCodec.encode(AbstractHttpCommandCodec.java:117)	 >>>>>> (Throwable.java:749)	13:27:51
		at org.openqa.selenium.remote.HttpCommandExecutor.execute(HttpCommandExecutor.java:152)	 >>>>>> (Throwable.java:749)	13:27:51
		at org.openqa.selenium.remote.service.DriverCommandExecutor.execute(DriverCommandExecutor.java:83)	 >>>>>> (Throwable.java:749)	13:27:51
		at org.openqa.selenium.remote.RemoteWebDriver.execute(RemoteWebDriver.java:552)	 >>>>>> (Throwable.java:749)	13:27:51
		at org.openqa.selenium.remote.RemoteWebDriver.perform(RemoteWebDriver.java:618)	 >>>>>> (Throwable.java:749)	13:27:51
		at sun.reflect.GeneratedMethodAccessor19.invoke(Unknown Source)	 >>>>>> (Throwable.java:749)	13:27:51
		at sun.reflect.DelegatingMethodAccessorImpl.invoke(DelegatingMethodAccessorImpl.java:43)	 >>>>>> (Throwable.java:749)	13:27:51
		at java.lang.reflect.Method.invoke(Method.java:498)	 >>>>>> (Throwable.java:749)	13:27:51
		at org.openqa.selenium.support.events.EventFiringWebDriver.lambda$new$1(EventFiringWebDriver.java:105)	 >>>>>> (Throwable.java:749)	13:27:51
		at com.sun.proxy.$Proxy25.perform(Unknown Source)	 >>>>>> (Throwable.java:749)	13:27:51
		at org.openqa.selenium.support.events.EventFiringWebDriver.perform(EventFiringWebDriver.java:360)	 >>>>>> (Throwable.java:749)	13:27:51
		at org.openqa.selenium.interactions.Actions$BuiltAction.perform(Actions.java:639)	 >>>>>> (Throwable.java:749)	13:27:51
		at com.zensar.scriptutils.GlobalFunction.click(GlobalFunction.java:408)	 >>>>>> (Throwable.java:749)	13:27:51
		at com.zensar.pageobjects.ProjectDetails.providerWell(ProjectDetails.java:354)	 >>>>>> (Throwable.java:749)	13:27:51
		at com.zensar.stepDefinations.ActiveTransactionStepDefinitions.what_provider_well(ActiveTransactionStepDefinitions.java:71)	 >>>>>> (Throwable.java:749)	13:27:51
		at sun.reflect.NativeMethodAccessorImpl.invoke0(Native Method)	 >>>>>> (Throwable.java:749)	13:27:51
		at sun.reflect.NativeMethodAccessorImpl.invoke(NativeMethodAccessorImpl.java:62)	 >>>>>> (Throwable.java:749)	13:27:51
		at sun.reflect.DelegatingMethodAccessorImpl.invoke(DelegatingMethodAccessorImpl.java:43)	 >>>>>> (Throwable.java:749)	13:27:51
		at java.lang.reflect.Method.invoke(Method.java:498)	 >>>>>> (Throwable.java:749)	13:27:51
		at cucumber.runtime.Utils$1.call(Utils.java:26)	 >>>>>> (Throwable.java:749)	13:27:51
		at cucumber.runtime.Timeout.timeout(Timeout.java:16)	 >>>>>> (Throwable.java:749)	13:27:51
		at cucumber.runtime.Utils.invoke(Utils.java:20)	 >>>>>> (Throwable.java:749)	13:27:51
		at cucumber.runtime.java.JavaStepDefinition.execute(JavaStepDefinition.java:49)	 >>>>>> (Throwable.java:749)	13:27:51
		at cucumber.runner.PickleStepDefinitionMatch.runStep(PickleStepDefinitionMatch.java:50)	 >>>>>> (Throwable.java:749)	13:27:51
		at cucumber.runner.TestStep.executeStep(TestStep.java:63)	 >>>>>> (Throwable.java:749)	13:27:51
		at cucumber.runner.TestStep.run(TestStep.java:49)	 >>>>>> (Throwable.java:749)	13:27:51
		at cucumber.runner.PickleStepTestStep.run(PickleStepTestStep.java:43)	 >>>>>> (Throwable.java:749)	13:27:51
		at cucumber.runner.TestCase.run(TestCase.java:44)	 >>>>>> (Throwable.java:749)	13:27:51
		at cucumber.runner.Runner.runPickle(Runner.java:40)	 >>>>>> (Throwable.java:749)	13:27:51
		at cucumber.api.testng.TestNGCucumberRunner.runScenario(TestNGCucumberRunner.java:68)	 >>>>>> (Throwable.java:749)	13:27:51
		at com.zensar.runner.ActiveTransaction.feature(ActiveTransaction.java:37)	 >>>>>> (Throwable.java:749)	13:27:51
		at sun.reflect.NativeMethodAccessorImpl.invoke0(Native Method)	 >>>>>> (Throwable.java:749)	13:27:51
		at sun.reflect.NativeMethodAccessorImpl.invoke(NativeMethodAccessorImpl.java:62)	 >>>>>> (Throwable.java:749)	13:27:51
		at sun.reflect.DelegatingMethodAccessorImpl.invoke(DelegatingMethodAccessorImpl.java:43)	 >>>>>> (Throwable.java:749)	13:27:51
		at java.lang.reflect.Method.invoke(Method.java:498)	 >>>>>> (Throwable.java:749)	13:27:51
		at org.testng.internal.MethodInvocationHelper.invokeMethod(MethodInvocationHelper.java:124)	 >>>>>> (Throwable.java:749)	13:27:51
		at org.testng.internal.Invoker.invokeMethod(Invoker.java:583)	 >>>>>> (Throwable.java:749)	13:27:51
		at org.testng.internal.Invoker.invokeTestMethod(Invoker.java:719)	 >>>>>> (Throwable.java:749)	13:27:51
		at org.testng.internal.Invoker.invokeTestMethods(Invoker.java:989)	 >>>>>> (Throwable.java:749)	13:27:51
		at org.testng.internal.TestMethodWorker.invokeTestMethods(TestMethodWorker.java:125)	 >>>>>> (Throwable.java:749)	13:27:51
		at org.testng.internal.TestMethodWorker.run(TestMethodWorker.java:109)	 >>>>>> (Throwable.java:749)	13:27:51
		at org.testng.TestRunner.privateRun(TestRunner.java:648)	 >>>>>> (Throwable.java:749)	13:27:51
		at org.testng.TestRunner.run(TestRunner.java:505)	 >>>>>> (Throwable.java:749)	13:27:51
		at org.testng.SuiteRunner.runTest(SuiteRunner.java:455)	 >>>>>> (Throwable.java:749)	13:27:51
		at org.testng.SuiteRunner.access$000(SuiteRunner.java:40)	 >>>>>> (Throwable.java:749)	13:27:51
		at org.testng.SuiteRunner$SuiteWorker.run(SuiteRunner.java:489)	 >>>>>> (Throwable.java:749)	13:27:51
		at org.testng.internal.thread.ThreadUtil$1.call(ThreadUtil.java:52)	 >>>>>> (Throwable.java:749)	13:27:51
		at java.util.concurrent.FutureTask.run(FutureTask.java:266)	 >>>>>> (Throwable.java:749)	13:27:51
		at java.util.concurrent.ThreadPoolExecutor.runWorker(ThreadPoolExecutor.java:1149)	 >>>>>> (Throwable.java:749)	13:27:51
		at java.util.concurrent.ThreadPoolExecutor$Worker.run(ThreadPoolExecutor.java:624)	 >>>>>> (Throwable.java:749)	13:27:51
		at java.lang.Thread.run(Thread.java:748)	 >>>>>> (Throwable.java:749)	13:27:51
Caused by: java.lang.reflect.InvocationTargetException	 >>>>>> (Throwable.java:749)	13:27:51
	at sun.reflect.GeneratedMethodAccessor20.invoke(Unknown Source)	 >>>>>> (Throwable.java:749)	13:27:51
	at sun.reflect.DelegatingMethodAccessorImpl.invoke(DelegatingMethodAccessorImpl.java:43)	 >>>>>> (Throwable.java:749)	13:27:51
	at java.lang.reflect.Method.invoke(Method.java:498)	 >>>>>> (Throwable.java:749)	13:27:51
	at org.openqa.selenium.json.JsonOutput.convertUsingMethod(JsonOutput.java:328)	 >>>>>> (Throwable.java:749)	13:27:51
	at org.openqa.selenium.json.JsonOutput.lambda$new$16(JsonOutput.java:155)	 >>>>>> (Throwable.java:749)	13:27:51
	at org.openqa.selenium.json.JsonOutput.write(JsonOutput.java:264)	 >>>>>> (Throwable.java:749)	13:27:51
	at org.openqa.selenium.json.JsonOutput.lambda$null$21(JsonOutput.java:168)	 >>>>>> (Throwable.java:749)	13:27:51
	at java.util.LinkedHashMap$LinkedValues.forEach(LinkedHashMap.java:608)	 >>>>>> (Throwable.java:749)	13:27:51
	at org.openqa.selenium.json.JsonOutput.lambda$new$22(JsonOutput.java:168)	 >>>>>> (Throwable.java:749)	13:27:51
	at org.openqa.selenium.json.JsonOutput.write(JsonOutput.java:264)	 >>>>>> (Throwable.java:749)	13:27:51
	at org.openqa.selenium.json.JsonOutput.lambda$null$23(JsonOutput.java:177)	 >>>>>> (Throwable.java:749)	13:27:51
	at com.google.common.collect.SingletonImmutableBiMap.forEach(SingletonImmutableBiMap.java:65)	 >>>>>> (Throwable.java:749)	13:27:51
	at org.openqa.selenium.json.JsonOutput.lambda$new$24(JsonOutput.java:176)	 >>>>>> (Throwable.java:749)	13:27:51
	at org.openqa.selenium.json.JsonOutput.write(JsonOutput.java:264)	 >>>>>> (Throwable.java:749)	13:27:51
	at org.openqa.selenium.json.JsonOutput.write(JsonOutput.java:255)	 >>>>>> (Throwable.java:749)	13:27:51
	at org.openqa.selenium.json.Json.toJson(Json.java:42)	 >>>>>> (Throwable.java:749)	13:27:51
	at org.openqa.selenium.remote.http.AbstractHttpCommandCodec.encode(AbstractHttpCommandCodec.java:227)	 >>>>>> (Throwable.java:749)	13:27:51
	at org.openqa.selenium.remote.http.AbstractHttpCommandCodec.encode(AbstractHttpCommandCodec.java:117)	 >>>>>> (Throwable.java:749)	13:27:51
	at org.openqa.selenium.remote.HttpCommandExecutor.execute(HttpCommandExecutor.java:152)	 >>>>>> (Throwable.java:749)	13:27:51
	at org.openqa.selenium.remote.service.DriverCommandExecutor.execute(DriverCommandExecutor.java:83)	 >>>>>> (Throwable.java:749)	13:27:51
	at org.openqa.selenium.remote.RemoteWebDriver.execute(RemoteWebDriver.java:552)	 >>>>>> (Throwable.java:749)	13:27:51
	at org.openqa.selenium.remote.RemoteWebDriver.perform(RemoteWebDriver.java:618)	 >>>>>> (Throwable.java:749)	13:27:51
	at sun.reflect.GeneratedMethodAccessor19.invoke(Unknown Source)	 >>>>>> (Throwable.java:749)	13:27:51
	at sun.reflect.DelegatingMethodAccessorImpl.invoke(DelegatingMethodAccessorImpl.java:43)	 >>>>>> (Throwable.java:749)	13:27:51
	at java.lang.reflect.Method.invoke(Method.java:498)	 >>>>>> (Throwable.java:749)	13:27:51
	at org.openqa.selenium.support.events.EventFiringWebDriver.lambda$new$1(EventFiringWebDriver.java:105)	 >>>>>> (Throwable.java:749)	13:27:51
	at com.sun.proxy.$Proxy25.perform(Unknown Source)	 >>>>>> (Throwable.java:749)	13:27:51
	at org.openqa.selenium.support.events.EventFiringWebDriver.perform(EventFiringWebDriver.java:360)	 >>>>>> (Throwable.java:749)	13:27:51
	at org.openqa.selenium.interactions.Actions$BuiltAction.perform(Actions.java:639)	 >>>>>> (Throwable.java:749)	13:27:51
	at com.zensar.scriptutils.GlobalFunction.click(GlobalFunction.java:408)	 >>>>>> (Throwable.java:749)	13:27:51
	at com.zensar.pageobjects.ProjectDetails.providerWell(ProjectDetails.java:354)	 >>>>>> (Throwable.java:749)	13:27:51
	at com.zensar.stepDefinations.ActiveTransactionStepDefinitions.what_provider_well(ActiveTransactionStepDefinitions.java:71)	 >>>>>> (Throwable.java:749)	13:27:51
	at sun.reflect.NativeMethodAccessorImpl.invoke0(Native Method)	 >>>>>> (Throwable.java:749)	13:27:51
	at sun.reflect.NativeMethodAccessorImpl.invoke(NativeMethodAccessorImpl.java:62)	 >>>>>> (Throwable.java:749)	13:27:51
	at sun.reflect.DelegatingMethodAccessorImpl.invoke(DelegatingMethodAccessorImpl.java:43)	 >>>>>> (Throwable.java:749)	13:27:51
	at java.lang.reflect.Method.invoke(Method.java:498)	 >>>>>> (Throwable.java:749)	13:27:51
	at cucumber.runtime.Utils$1.call(Utils.java:26)	 >>>>>> (Throwable.java:749)	13:27:51
	at cucumber.runtime.Timeout.timeout(Timeout.java:16)	 >>>>>> (Throwable.java:749)	13:27:51
	at cucumber.runtime.Utils.invoke(Utils.java:20)	 >>>>>> (Throwable.java:749)	13:27:51
	at cucumber.runtime.java.JavaStepDefinition.execute(JavaStepDefinition.java:49)	 >>>>>> (Throwable.java:749)	13:27:51
	at cucumber.runner.PickleStepDefinitionMatch.runStep(PickleStepDefinitionMatch.java:50)	 >>>>>> (Throwable.java:749)	13:27:51
	at cucumber.runner.TestStep.executeStep(TestStep.java:63)	 >>>>>> (Throwable.java:749)	13:27:51
	at cucumber.runner.TestStep.run(TestStep.java:49)	 >>>>>> (Throwable.java:749)	13:27:51
	at cucumber.runner.PickleStepTestStep.run(PickleStepTestStep.java:43)	 >>>>>> (Throwable.java:749)	13:27:51
	at cucumber.runner.TestCase.run(TestCase.java:44)	 >>>>>> (Throwable.java:749)	13:27:51
	at cucumber.runner.Runner.runPickle(Runner.java:40)	 >>>>>> (Throwable.java:749)	13:27:51
	at cucumber.api.testng.TestNGCucumberRunner.runScenario(TestNGCucumberRunner.java:68)	 >>>>>> (Throwable.java:749)	13:27:51
	at com.zensar.runner.ActiveTransaction.feature(ActiveTransaction.java:37)	 >>>>>> (Throwable.java:749)	13:27:51
	at sun.reflect.NativeMethodAccessorImpl.invoke0(Native Method)	 >>>>>> (Throwable.java:749)	13:27:51
	at sun.reflect.NativeMethodAccessorImpl.invoke(NativeMethodAccessorImpl.java:62)	 >>>>>> (Throwable.java:749)	13:27:51
	at sun.reflect.DelegatingMethodAccessorImpl.invoke(DelegatingMethodAccessorImpl.java:43)	 >>>>>> (Throwable.java:749)	13:27:51
	at java.lang.reflect.Method.invoke(Method.java:498)	 >>>>>> (Throwable.java:749)	13:27:51
	at org.testng.internal.MethodInvocationHelper.invokeMethod(MethodInvocationHelper.java:124)	 >>>>>> (Throwable.java:749)	13:27:51
	at org.testng.internal.Invoker.invokeMethod(Invoker.java:583)	 >>>>>> (Throwable.java:749)	13:27:51
	at org.testng.internal.Invoker.invokeTestMethod(Invoker.java:719)	 >>>>>> (Throwable.java:749)	13:27:51
	at org.testng.internal.Invoker.invokeTestMethods(Invoker.java:989)	 >>>>>> (Throwable.java:749)	13:27:51
	at org.testng.internal.TestMethodWorker.invokeTestMethods(TestMethodWorker.java:125)	 >>>>>> (Throwable.java:749)	13:27:51
	at org.testng.internal.TestMethodWorker.run(TestMethodWorker.java:109)	 >>>>>> (Throwable.java:749)	13:27:51
	at org.testng.TestRunner.privateRun(TestRunner.java:648)	 >>>>>> (Throwable.java:749)	13:27:51
	at org.testng.TestRunner.run(TestRunner.java:505)	 >>>>>> (Throwable.java:749)	13:27:51
	at org.testng.SuiteRunner.runTest(SuiteRunner.java:455)	 >>>>>> (Throwable.java:749)	13:27:51
	at org.testng.SuiteRunner.access$000(SuiteRunner.java:40)	 >>>>>> (Throwable.java:749)	13:27:51
	at org.testng.SuiteRunner$SuiteWorker.run(SuiteRunner.java:489)	 >>>>>> (Throwable.java:749)	13:27:51
	at org.testng.internal.thread.ThreadUtil$1.call(ThreadUtil.java:52)	 >>>>>> (Throwable.java:749)	13:27:51
	at java.util.concurrent.FutureTask.run(FutureTask.java:266)	 >>>>>> (Throwable.java:749)	13:27:51
	at java.util.concurrent.ThreadPoolExecutor.runWorker(ThreadPoolExecutor.java:1149)	 >>>>>> (Throwable.java:749)	13:27:51
	at java.util.concurrent.ThreadPoolExecutor$Worker.run(ThreadPoolExecutor.java:624)	 >>>>>> (Throwable.java:749)	13:27:51
	at java.lang.Thread.run(Thread.java:748)	 >>>>>> (Throwable.java:749)	13:27:51
Caused by: org.openqa.selenium.InvalidSelectorException: invalid selector: Unable to locate an element with the xpath expression (//textarea[@class='sm-ta ng-untouched ng-pristine ng-valid ng-star-inserted'] because of the following error:
SyntaxError: Failed to execute 'evaluate' on 'Document': The string '(//textarea[@class='sm-ta ng-untouched ng-pristine ng-valid ng-star-inserted']' is not a valid XPath expression.
  (Session info: chrome=122.0.6261.112)
For documentation on this error, please visit: https://www.seleniumhq.org/exceptions/invalid_selector_exception.html
Build info: version: '3.141.59', revision: 'e82be7d358', time: '2018-11-14T08:17:03'
System info: host: 'EUROW42SLPC5721', ip: '192.168.29.116', os.name: 'Windows 10', os.arch: 'amd64', os.version: '10.0', java.version: '1.8.0_221'
Driver info: org.openqa.selenium.chrome.ChromeDriver
Capabilities {acceptInsecureCerts: false, browserName: chrome, browserVersion: 122.0.6261.112, chrome: {chromedriverVersion: 122.0.6261.111 (9d4c1072da6..., userDataDir: C:\Users\vs106039\AppData\L...}, fedcm:accounts: true, goog:chromeOptions: {debuggerAddress: localhost:52733}, javascriptEnabled: true, networkConnectionEnabled: false, pageLoadStrategy: normal, platform: WINDOWS, platformName: WINDOWS, proxy: Proxy(), setWindowRect: true, strictFileInteractability: false, timeouts: {implicit: 0, pageLoad: 300000, script: 30000}, unhandledPromptBehavior: dismiss and notify, webauthn:extension:credBlob: true, webauthn:extension:largeBlob: true, webauthn:extension:minPinLength: true, webauthn:extension:prf: true, webauthn:virtualAuthenticators: true}
Session ID: 6e5fad5cd00544af7cc30643a5f297b0
*** Element info: {Using=xpath, value=(//textarea[@class='sm-ta ng-untouched ng-pristine ng-valid ng-star-inserted']}	 >>>>>> (Throwable.java:749)	13:27:51
	at sun.reflect.NativeConstructorAccessorImpl.newInstance0(Native Method)	 >>>>>> (Throwable.java:749)	13:27:51
	at sun.reflect.NativeConstructorAccessorImpl.newInstance(NativeConstructorAccessorImpl.java:62)	 >>>>>> (Throwable.java:749)	13:27:51
	at sun.reflect.DelegatingConstructorAccessorImpl.newInstance(DelegatingConstructorAccessorImpl.java:45)	 >>>>>> (Throwable.java:749)	13:27:51
	at java.lang.reflect.Constructor.newInstance(Constructor.java:423)	 >>>>>> (Throwable.java:749)	13:27:51
	at org.openqa.selenium.remote.http.W3CHttpResponseCodec.createException(W3CHttpResponseCodec.java:187)	 >>>>>> (Throwable.java:749)	13:27:51
	at org.openqa.selenium.remote.http.W3CHttpResponseCodec.decode(W3CHttpResponseCodec.java:122)	 >>>>>> (Throwable.java:749)	13:27:51
	at org.openqa.selenium.remote.http.W3CHttpResponseCodec.decode(W3CHttpResponseCodec.java:49)	 >>>>>> (Throwable.java:749)	13:27:51
	at org.openqa.selenium.remote.HttpCommandExecutor.execute(HttpCommandExecutor.java:158)	 >>>>>> (Throwable.java:749)	13:27:51
	at org.openqa.selenium.remote.service.DriverCommandExecutor.execute(DriverCommandExecutor.java:83)	 >>>>>> (Throwable.java:749)	13:27:51
	at org.openqa.selenium.remote.RemoteWebDriver.execute(RemoteWebDriver.java:552)	 >>>>>> (Throwable.java:749)	13:27:51
	at org.openqa.selenium.remote.RemoteWebDriver.findElement(RemoteWebDriver.java:323)	 >>>>>> (Throwable.java:749)	13:27:51
	at org.openqa.selenium.remote.RemoteWebDriver.findElementByXPath(RemoteWebDriver.java:428)	 >>>>>> (Throwable.java:749)	13:27:51
	at org.openqa.selenium.By$ByXPath.findElement(By.java:353)	 >>>>>> (Throwable.java:749)	13:27:51
	at org.openqa.selenium.remote.RemoteWebDriver.findElement(RemoteWebDriver.java:315)	 >>>>>> (Throwable.java:749)	13:27:51
	at sun.reflect.GeneratedMethodAccessor8.invoke(Unknown Source)	 >>>>>> (Throwable.java:749)	13:27:51
	at sun.reflect.DelegatingMethodAccessorImpl.invoke(DelegatingMethodAccessorImpl.java:43)	 >>>>>> (Throwable.java:749)	13:27:51
	at java.lang.reflect.Method.invoke(Method.java:498)	 >>>>>> (Throwable.java:749)	13:27:51
	at org.openqa.selenium.support.events.EventFiringWebDriver.lambda$new$1(EventFiringWebDriver.java:105)	 >>>>>> (Throwable.java:749)	13:27:51
	at com.sun.proxy.$Proxy25.findElement(Unknown Source)	 >>>>>> (Throwable.java:749)	13:27:51
	at org.openqa.selenium.support.events.EventFiringWebDriver.findElement(EventFiringWebDriver.java:194)	 >>>>>> (Throwable.java:749)	13:27:51
	at org.openqa.selenium.support.pagefactory.DefaultElementLocator.findElement(DefaultElementLocator.java:69)	 >>>>>> (Throwable.java:749)	13:27:51
	at org.openqa.selenium.support.pagefactory.internal.LocatingElementHandler.invoke(LocatingElementHandler.java:38)	 >>>>>> (Throwable.java:749)	13:27:51
	at com.sun.proxy.$Proxy28.getWrappedElement(Unknown Source)	 >>>>>> (Throwable.java:749)	13:27:51
	at org.openqa.selenium.interactions.PointerInput$Origin.asArg(PointerInput.java:204)	 >>>>>> (Throwable.java:749)	13:27:51
	at org.openqa.selenium.interactions.PointerInput$Move.encode(PointerInput.java:155)	 >>>>>> (Throwable.java:749)	13:27:51
	at org.openqa.selenium.interactions.Sequence.encode(Sequence.java:75)	 >>>>>> (Throwable.java:749)	13:27:51
	at org.openqa.selenium.interactions.Sequence.toJson(Sequence.java:84)	 >>>>>> (Throwable.java:749)	13:27:51
	... 68 more	 >>>>>> (Throwable.java:749)	13:27:51

org.openqa.selenium.json.JsonException: java.lang.reflect.InvocationTargetException
Build info: version: '3.141.59', revision: 'e82be7d358', time: '2018-11-14T08:17:03'
System info: host: 'EUROW42SLPC5721', ip: '192.168.29.116', os.name: 'Windows 10', os.arch: 'amd64', os.version: '10.0', java.version: '1.8.0_221'
Driver info: driver.version: EventFiringWebDriver	 >>>>>> (Throwable.java:749)	13:27:51
	at org.openqa.selenium.json.JsonOutput.convertUsingMethod(JsonOutput.java:332)	 >>>>>> (Throwable.java:749)	13:27:51
	at org.openqa.selenium.json.JsonOutput.lambda$new$16(JsonOutput.java:155)	 >>>>>> (Throwable.java:749)	13:27:51
	at org.openqa.selenium.json.JsonOutput.write(JsonOutput.java:264)	 >>>>>> (Throwable.java:749)	13:27:51
	at org.openqa.selenium.json.JsonOutput.lambda$null$21(JsonOutput.java:168)	 >>>>>> (Throwable.java:749)	13:27:51
	at java.util.LinkedHashMap$LinkedValues.forEach(LinkedHashMap.java:608)	 >>>>>> (Throwable.java:749)	13:27:51
	at org.openqa.selenium.json.JsonOutput.lambda$new$22(JsonOutput.java:168)	 >>>>>> (Throwable.java:749)	13:27:51
	at org.openqa.selenium.json.JsonOutput.write(JsonOutput.java:264)	 >>>>>> (Throwable.java:749)	13:27:51
	at org.openqa.selenium.json.JsonOutput.lambda$null$23(JsonOutput.java:177)	 >>>>>> (Throwable.java:749)	13:27:51
	at com.google.common.collect.SingletonImmutableBiMap.forEach(SingletonImmutableBiMap.java:65)	 >>>>>> (Throwable.java:749)	13:27:51
	at org.openqa.selenium.json.JsonOutput.lambda$new$24(JsonOutput.java:176)	 >>>>>> (Throwable.java:749)	13:27:51
	at org.openqa.selenium.json.JsonOutput.write(JsonOutput.java:264)	 >>>>>> (Throwable.java:749)	13:27:51
	at org.openqa.selenium.json.JsonOutput.write(JsonOutput.java:255)	 >>>>>> (Throwable.java:749)	13:27:51
	at org.openqa.selenium.json.Json.toJson(Json.java:42)	 >>>>>> (Throwable.java:749)	13:27:51
	at org.openqa.selenium.remote.http.AbstractHttpCommandCodec.encode(AbstractHttpCommandCodec.java:227)	 >>>>>> (Throwable.java:749)	13:27:51
	at org.openqa.selenium.remote.http.AbstractHttpCommandCodec.encode(AbstractHttpCommandCodec.java:117)	 >>>>>> (Throwable.java:749)	13:27:51
	at org.openqa.selenium.remote.HttpCommandExecutor.execute(HttpCommandExecutor.java:152)	 >>>>>> (Throwable.java:749)	13:27:51
	at org.openqa.selenium.remote.service.DriverCommandExecutor.execute(DriverCommandExecutor.java:83)	 >>>>>> (Throwable.java:749)	13:27:51
	at org.openqa.selenium.remote.RemoteWebDriver.execute(RemoteWebDriver.java:552)	 >>>>>> (Throwable.java:749)	13:27:51
	at org.openqa.selenium.remote.RemoteWebDriver.perform(RemoteWebDriver.java:618)	 >>>>>> (Throwable.java:749)	13:27:51
	at sun.reflect.GeneratedMethodAccessor19.invoke(Unknown Source)	 >>>>>> (Throwable.java:749)	13:27:51
	at sun.reflect.DelegatingMethodAccessorImpl.invoke(DelegatingMethodAccessorImpl.java:43)	 >>>>>> (Throwable.java:749)	13:27:51
	at java.lang.reflect.Method.invoke(Method.java:498)	 >>>>>> (Throwable.java:749)	13:27:51
	at org.openqa.selenium.support.events.EventFiringWebDriver.lambda$new$1(EventFiringWebDriver.java:105)	 >>>>>> (Throwable.java:749)	13:27:51
	at com.sun.proxy.$Proxy25.perform(Unknown Source)	 >>>>>> (Throwable.java:749)	13:27:51
	at org.openqa.selenium.support.events.EventFiringWebDriver.perform(EventFiringWebDriver.java:360)	 >>>>>> (Throwable.java:749)	13:27:51
	at org.openqa.selenium.interactions.Actions$BuiltAction.perform(Actions.java:639)	 >>>>>> (Throwable.java:749)	13:27:51
	at com.zensar.scriptutils.GlobalFunction.click(GlobalFunction.java:408)	 >>>>>> (Throwable.java:749)	13:27:51
	at com.zensar.pageobjects.ProjectDetails.OverviewMaxProvider(ProjectDetails.java:414)	 >>>>>> (Throwable.java:749)	13:27:51
	at com.zensar.stepDefinations.ActiveTransactionStepDefinitions.maximum_Character_Provider(ActiveTransactionStepDefinitions.java:84)	 >>>>>> (Throwable.java:749)	13:27:51
	at ?.User Validates for Maximum Character in What did the provider/Carrier do well & Save(src/main/java/com/zensar/features/ActiveTransaction.feature:50)	 >>>>>> (Throwable.java:749)	13:27:51
	Suppressed: org.openqa.selenium.json.JsonException: Attempting to close incomplete json stream
Build info: version: '3.141.59', revision: 'e82be7d358', time: '2018-11-14T08:17:03'
System info: host: 'EUROW42SLPC5721', ip: '192.168.29.116', os.name: 'Windows 10', os.arch: 'amd64', os.version: '10.0', java.version: '1.8.0_221'
Driver info: driver.version: EventFiringWebDriver	 >>>>>> (Throwable.java:749)	13:27:51
		at org.openqa.selenium.json.JsonOutput.close(JsonOutput.java:279)	 >>>>>> (Throwable.java:749)	13:27:51
		at org.openqa.selenium.json.Json.toJson(Json.java:44)	 >>>>>> (Throwable.java:749)	13:27:51
		at org.openqa.selenium.remote.http.AbstractHttpCommandCodec.encode(AbstractHttpCommandCodec.java:227)	 >>>>>> (Throwable.java:749)	13:27:51
		at org.openqa.selenium.remote.http.AbstractHttpCommandCodec.encode(AbstractHttpCommandCodec.java:117)	 >>>>>> (Throwable.java:749)	13:27:51
		at org.openqa.selenium.remote.HttpCommandExecutor.execute(HttpCommandExecutor.java:152)	 >>>>>> (Throwable.java:749)	13:27:51
		at org.openqa.selenium.remote.service.DriverCommandExecutor.execute(DriverCommandExecutor.java:83)	 >>>>>> (Throwable.java:749)	13:27:51
		at org.openqa.selenium.remote.RemoteWebDriver.execute(RemoteWebDriver.java:552)	 >>>>>> (Throwable.java:749)	13:27:51
		at org.openqa.selenium.remote.RemoteWebDriver.perform(RemoteWebDriver.java:618)	 >>>>>> (Throwable.java:749)	13:27:51
		at sun.reflect.GeneratedMethodAccessor19.invoke(Unknown Source)	 >>>>>> (Throwable.java:749)	13:27:51
		at sun.reflect.DelegatingMethodAccessorImpl.invoke(DelegatingMethodAccessorImpl.java:43)	 >>>>>> (Throwable.java:749)	13:27:51
		at java.lang.reflect.Method.invoke(Method.java:498)	 >>>>>> (Throwable.java:749)	13:27:51
		at org.openqa.selenium.support.events.EventFiringWebDriver.lambda$new$1(EventFiringWebDriver.java:105)	 >>>>>> (Throwable.java:749)	13:27:51
		at com.sun.proxy.$Proxy25.perform(Unknown Source)	 >>>>>> (Throwable.java:749)	13:27:51
		at org.openqa.selenium.support.events.EventFiringWebDriver.perform(EventFiringWebDriver.java:360)	 >>>>>> (Throwable.java:749)	13:27:51
		at org.openqa.selenium.interactions.Actions$BuiltAction.perform(Actions.java:639)	 >>>>>> (Throwable.java:749)	13:27:51
		at com.zensar.scriptutils.GlobalFunction.click(GlobalFunction.java:408)	 >>>>>> (Throwable.java:749)	13:27:51
		at com.zensar.pageobjects.ProjectDetails.OverviewMaxProvider(ProjectDetails.java:414)	 >>>>>> (Throwable.java:749)	13:27:51
		at com.zensar.stepDefinations.ActiveTransactionStepDefinitions.maximum_Character_Provider(ActiveTransactionStepDefinitions.java:84)	 >>>>>> (Throwable.java:749)	13:27:51
		at sun.reflect.NativeMethodAccessorImpl.invoke0(Native Method)	 >>>>>> (Throwable.java:749)	13:27:51
		at sun.reflect.NativeMethodAccessorImpl.invoke(NativeMethodAccessorImpl.java:62)	 >>>>>> (Throwable.java:749)	13:27:51
		at sun.reflect.DelegatingMethodAccessorImpl.invoke(DelegatingMethodAccessorImpl.java:43)	 >>>>>> (Throwable.java:749)	13:27:51
		at java.lang.reflect.Method.invoke(Method.java:498)	 >>>>>> (Throwable.java:749)	13:27:51
		at cucumber.runtime.Utils$1.call(Utils.java:26)	 >>>>>> (Throwable.java:749)	13:27:51
		at cucumber.runtime.Timeout.timeout(Timeout.java:16)	 >>>>>> (Throwable.java:749)	13:27:51
		at cucumber.runtime.Utils.invoke(Utils.java:20)	 >>>>>> (Throwable.java:749)	13:27:51
		at cucumber.runtime.java.JavaStepDefinition.execute(JavaStepDefinition.java:49)	 >>>>>> (Throwable.java:749)	13:27:51
		at cucumber.runner.PickleStepDefinitionMatch.runStep(PickleStepDefinitionMatch.java:50)	 >>>>>> (Throwable.java:749)	13:27:51
		at cucumber.runner.TestStep.executeStep(TestStep.java:63)	 >>>>>> (Throwable.java:749)	13:27:51
		at cucumber.runner.TestStep.run(TestStep.java:49)	 >>>>>> (Throwable.java:749)	13:27:51
		at cucumber.runner.PickleStepTestStep.run(PickleStepTestStep.java:43)	 >>>>>> (Throwable.java:749)	13:27:51
		at cucumber.runner.TestCase.run(TestCase.java:44)	 >>>>>> (Throwable.java:749)	13:27:51
		at cucumber.runner.Runner.runPickle(Runner.java:40)	 >>>>>> (Throwable.java:749)	13:27:51
		at cucumber.api.testng.TestNGCucumberRunner.runScenario(TestNGCucumberRunner.java:68)	 >>>>>> (Throwable.java:749)	13:27:51
		at com.zensar.runner.ActiveTransaction.feature(ActiveTransaction.java:37)	 >>>>>> (Throwable.java:749)	13:27:51
		at sun.reflect.NativeMethodAccessorImpl.invoke0(Native Method)	 >>>>>> (Throwable.java:749)	13:27:51
		at sun.reflect.NativeMethodAccessorImpl.invoke(NativeMethodAccessorImpl.java:62)	 >>>>>> (Throwable.java:749)	13:27:51
		at sun.reflect.DelegatingMethodAccessorImpl.invoke(DelegatingMethodAccessorImpl.java:43)	 >>>>>> (Throwable.java:749)	13:27:51
		at java.lang.reflect.Method.invoke(Method.java:498)	 >>>>>> (Throwable.java:749)	13:27:51
		at org.testng.internal.MethodInvocationHelper.invokeMethod(MethodInvocationHelper.java:124)	 >>>>>> (Throwable.java:749)	13:27:51
		at org.testng.internal.Invoker.invokeMethod(Invoker.java:583)	 >>>>>> (Throwable.java:749)	13:27:51
		at org.testng.internal.Invoker.invokeTestMethod(Invoker.java:719)	 >>>>>> (Throwable.java:749)	13:27:51
		at org.testng.internal.Invoker.invokeTestMethods(Invoker.java:989)	 >>>>>> (Throwable.java:749)	13:27:51
		at org.testng.internal.TestMethodWorker.invokeTestMethods(TestMethodWorker.java:125)	 >>>>>> (Throwable.java:749)	13:27:51
		at org.testng.internal.TestMethodWorker.run(TestMethodWorker.java:109)	 >>>>>> (Throwable.java:749)	13:27:51
		at org.testng.TestRunner.privateRun(TestRunner.java:648)	 >>>>>> (Throwable.java:749)	13:27:51
		at org.testng.TestRunner.run(TestRunner.java:505)	 >>>>>> (Throwable.java:749)	13:27:51
		at org.testng.SuiteRunner.runTest(SuiteRunner.java:455)	 >>>>>> (Throwable.java:749)	13:27:51
		at org.testng.SuiteRunner.access$000(SuiteRunner.java:40)	 >>>>>> (Throwable.java:749)	13:27:51
		at org.testng.SuiteRunner$SuiteWorker.run(SuiteRunner.java:489)	 >>>>>> (Throwable.java:749)	13:27:51
		at org.testng.internal.thread.ThreadUtil$1.call(ThreadUtil.java:52)	 >>>>>> (Throwable.java:749)	13:27:51
		at java.util.concurrent.FutureTask.run(FutureTask.java:266)	 >>>>>> (Throwable.java:749)	13:27:51
		at java.util.concurrent.ThreadPoolExecutor.runWorker(ThreadPoolExecutor.java:1149)	 >>>>>> (Throwable.java:749)	13:27:51
		at java.util.concurrent.ThreadPoolExecutor$Worker.run(ThreadPoolExecutor.java:624)	 >>>>>> (Throwable.java:749)	13:27:51
		at java.lang.Thread.run(Thread.java:748)	 >>>>>> (Throwable.java:749)	13:27:51
Caused by: java.lang.reflect.InvocationTargetException	 >>>>>> (Throwable.java:749)	13:27:51
	at sun.reflect.GeneratedMethodAccessor20.invoke(Unknown Source)	 >>>>>> (Throwable.java:749)	13:27:51
	at sun.reflect.DelegatingMethodAccessorImpl.invoke(DelegatingMethodAccessorImpl.java:43)	 >>>>>> (Throwable.java:749)	13:27:51
	at java.lang.reflect.Method.invoke(Method.java:498)	 >>>>>> (Throwable.java:749)	13:27:51
	at org.openqa.selenium.json.JsonOutput.convertUsingMethod(JsonOutput.java:328)	 >>>>>> (Throwable.java:749)	13:27:51
	at org.openqa.selenium.json.JsonOutput.lambda$new$16(JsonOutput.java:155)	 >>>>>> (Throwable.java:749)	13:27:51
	at org.openqa.selenium.json.JsonOutput.write(JsonOutput.java:264)	 >>>>>> (Throwable.java:749)	13:27:51
	at org.openqa.selenium.json.JsonOutput.lambda$null$21(JsonOutput.java:168)	 >>>>>> (Throwable.java:749)	13:27:51
	at java.util.LinkedHashMap$LinkedValues.forEach(LinkedHashMap.java:608)	 >>>>>> (Throwable.java:749)	13:27:51
	at org.openqa.selenium.json.JsonOutput.lambda$new$22(JsonOutput.java:168)	 >>>>>> (Throwable.java:749)	13:27:51
	at org.openqa.selenium.json.JsonOutput.write(JsonOutput.java:264)	 >>>>>> (Throwable.java:749)	13:27:51
	at org.openqa.selenium.json.JsonOutput.lambda$null$23(JsonOutput.java:177)	 >>>>>> (Throwable.java:749)	13:27:51
	at com.google.common.collect.SingletonImmutableBiMap.forEach(SingletonImmutableBiMap.java:65)	 >>>>>> (Throwable.java:749)	13:27:51
	at org.openqa.selenium.json.JsonOutput.lambda$new$24(JsonOutput.java:176)	 >>>>>> (Throwable.java:749)	13:27:51
	at org.openqa.selenium.json.JsonOutput.write(JsonOutput.java:264)	 >>>>>> (Throwable.java:749)	13:27:51
	at org.openqa.selenium.json.JsonOutput.write(JsonOutput.java:255)	 >>>>>> (Throwable.java:749)	13:27:51
	at org.openqa.selenium.json.Json.toJson(Json.java:42)	 >>>>>> (Throwable.java:749)	13:27:51
	at org.openqa.selenium.remote.http.AbstractHttpCommandCodec.encode(AbstractHttpCommandCodec.java:227)	 >>>>>> (Throwable.java:749)	13:27:51
	at org.openqa.selenium.remote.http.AbstractHttpCommandCodec.encode(AbstractHttpCommandCodec.java:117)	 >>>>>> (Throwable.java:749)	13:27:51
	at org.openqa.selenium.remote.HttpCommandExecutor.execute(HttpCommandExecutor.java:152)	 >>>>>> (Throwable.java:749)	13:27:51
	at org.openqa.selenium.remote.service.DriverCommandExecutor.execute(DriverCommandExecutor.java:83)	 >>>>>> (Throwable.java:749)	13:27:51
	at org.openqa.selenium.remote.RemoteWebDriver.execute(RemoteWebDriver.java:552)	 >>>>>> (Throwable.java:749)	13:27:51
	at org.openqa.selenium.remote.RemoteWebDriver.perform(RemoteWebDriver.java:618)	 >>>>>> (Throwable.java:749)	13:27:51
	at sun.reflect.GeneratedMethodAccessor19.invoke(Unknown Source)	 >>>>>> (Throwable.java:749)	13:27:51
	at sun.reflect.DelegatingMethodAccessorImpl.invoke(DelegatingMethodAccessorImpl.java:43)	 >>>>>> (Throwable.java:749)	13:27:51
	at java.lang.reflect.Method.invoke(Method.java:498)	 >>>>>> (Throwable.java:749)	13:27:51
	at org.openqa.selenium.support.events.EventFiringWebDriver.lambda$new$1(EventFiringWebDriver.java:105)	 >>>>>> (Throwable.java:749)	13:27:51
	at com.sun.proxy.$Proxy25.perform(Unknown Source)	 >>>>>> (Throwable.java:749)	13:27:51
	at org.openqa.selenium.support.events.EventFiringWebDriver.perform(EventFiringWebDriver.java:360)	 >>>>>> (Throwable.java:749)	13:27:51
	at org.openqa.selenium.interactions.Actions$BuiltAction.perform(Actions.java:639)	 >>>>>> (Throwable.java:749)	13:27:51
	at com.zensar.scriptutils.GlobalFunction.click(GlobalFunction.java:408)	 >>>>>> (Throwable.java:749)	13:27:51
	at com.zensar.pageobjects.ProjectDetails.OverviewMaxProvider(ProjectDetails.java:414)	 >>>>>> (Throwable.java:749)	13:27:51
	at com.zensar.stepDefinations.ActiveTransactionStepDefinitions.maximum_Character_Provider(ActiveTransactionStepDefinitions.java:84)	 >>>>>> (Throwable.java:749)	13:27:51
	at sun.reflect.NativeMethodAccessorImpl.invoke0(Native Method)	 >>>>>> (Throwable.java:749)	13:27:51
	at sun.reflect.NativeMethodAccessorImpl.invoke(NativeMethodAccessorImpl.java:62)	 >>>>>> (Throwable.java:749)	13:27:51
	at sun.reflect.DelegatingMethodAccessorImpl.invoke(DelegatingMethodAccessorImpl.java:43)	 >>>>>> (Throwable.java:749)	13:27:51
	at java.lang.reflect.Method.invoke(Method.java:498)	 >>>>>> (Throwable.java:749)	13:27:51
	at cucumber.runtime.Utils$1.call(Utils.java:26)	 >>>>>> (Throwable.java:749)	13:27:51
	at cucumber.runtime.Timeout.timeout(Timeout.java:16)	 >>>>>> (Throwable.java:749)	13:27:51
	at cucumber.runtime.Utils.invoke(Utils.java:20)	 >>>>>> (Throwable.java:749)	13:27:51
	at cucumber.runtime.java.JavaStepDefinition.execute(JavaStepDefinition.java:49)	 >>>>>> (Throwable.java:749)	13:27:51
	at cucumber.runner.PickleStepDefinitionMatch.runStep(PickleStepDefinitionMatch.java:50)	 >>>>>> (Throwable.java:749)	13:27:51
	at cucumber.runner.TestStep.executeStep(TestStep.java:63)	 >>>>>> (Throwable.java:749)	13:27:51
	at cucumber.runner.TestStep.run(TestStep.java:49)	 >>>>>> (Throwable.java:749)	13:27:51
	at cucumber.runner.PickleStepTestStep.run(PickleStepTestStep.java:43)	 >>>>>> (Throwable.java:749)	13:27:51
	at cucumber.runner.TestCase.run(TestCase.java:44)	 >>>>>> (Throwable.java:749)	13:27:51
	at cucumber.runner.Runner.runPickle(Runner.java:40)	 >>>>>> (Throwable.java:749)	13:27:51
	at cucumber.api.testng.TestNGCucumberRunner.runScenario(TestNGCucumberRunner.java:68)	 >>>>>> (Throwable.java:749)	13:27:51
	at com.zensar.runner.ActiveTransaction.feature(ActiveTransaction.java:37)	 >>>>>> (Throwable.java:749)	13:27:51
	at sun.reflect.NativeMethodAccessorImpl.invoke0(Native Method)	 >>>>>> (Throwable.java:749)	13:27:51
	at sun.reflect.NativeMethodAccessorImpl.invoke(NativeMethodAccessorImpl.java:62)	 >>>>>> (Throwable.java:749)	13:27:51
	at sun.reflect.DelegatingMethodAccessorImpl.invoke(DelegatingMethodAccessorImpl.java:43)	 >>>>>> (Throwable.java:749)	13:27:51
	at java.lang.reflect.Method.invoke(Method.java:498)	 >>>>>> (Throwable.java:749)	13:27:51
	at org.testng.internal.MethodInvocationHelper.invokeMethod(MethodInvocationHelper.java:124)	 >>>>>> (Throwable.java:749)	13:27:51
	at org.testng.internal.Invoker.invokeMethod(Invoker.java:583)	 >>>>>> (Throwable.java:749)	13:27:51
	at org.testng.internal.Invoker.invokeTestMethod(Invoker.java:719)	 >>>>>> (Throwable.java:749)	13:27:51
	at org.testng.internal.Invoker.invokeTestMethods(Invoker.java:989)	 >>>>>> (Throwable.java:749)	13:27:51
	at org.testng.internal.TestMethodWorker.invokeTestMethods(TestMethodWorker.java:125)	 >>>>>> (Throwable.java:749)	13:27:51
	at org.testng.internal.TestMethodWorker.run(TestMethodWorker.java:109)	 >>>>>> (Throwable.java:749)	13:27:51
	at org.testng.TestRunner.privateRun(TestRunner.java:648)	 >>>>>> (Throwable.java:749)	13:27:51
	at org.testng.TestRunner.run(TestRunner.java:505)	 >>>>>> (Throwable.java:749)	13:27:51
	at org.testng.SuiteRunner.runTest(SuiteRunner.java:455)	 >>>>>> (Throwable.java:749)	13:27:51
	at org.testng.SuiteRunner.access$000(SuiteRunner.java:40)	 >>>>>> (Throwable.java:749)	13:27:51
	at org.testng.SuiteRunner$SuiteWorker.run(SuiteRunner.java:489)	 >>>>>> (Throwable.java:749)	13:27:51
	at org.testng.internal.thread.ThreadUtil$1.call(ThreadUtil.java:52)	 >>>>>> (Throwable.java:749)	13:27:51
	at java.util.concurrent.FutureTask.run(FutureTask.java:266)	 >>>>>> (Throwable.java:749)	13:27:51
	at java.util.concurrent.ThreadPoolExecutor.runWorker(ThreadPoolExecutor.java:1149)	 >>>>>> (Throwable.java:749)	13:27:51
	at java.util.concurrent.ThreadPoolExecutor$Worker.run(ThreadPoolExecutor.java:624)	 >>>>>> (Throwable.java:749)	13:27:51
	at java.lang.Thread.run(Thread.java:748)	 >>>>>> (Throwable.java:749)	13:27:51
Caused by: org.openqa.selenium.NoSuchElementException: no such element: Unable to locate element: {"method":"xpath","selector":"//textarea[@class='sm-ta ng-pristine ng-valid ng-star-inserted ng-touched']"}
  (Session info: chrome=122.0.6261.112)
For documentation on this error, please visit: https://www.seleniumhq.org/exceptions/no_such_element.html
Build info: version: '3.141.59', revision: 'e82be7d358', time: '2018-11-14T08:17:03'
System info: host: 'EUROW42SLPC5721', ip: '192.168.29.116', os.name: 'Windows 10', os.arch: 'amd64', os.version: '10.0', java.version: '1.8.0_221'
Driver info: org.openqa.selenium.chrome.ChromeDriver
Capabilities {acceptInsecureCerts: false, browserName: chrome, browserVersion: 122.0.6261.112, chrome: {chromedriverVersion: 122.0.6261.111 (9d4c1072da6..., userDataDir: C:\Users\vs106039\AppData\L...}, fedcm:accounts: true, goog:chromeOptions: {debuggerAddress: localhost:53746}, javascriptEnabled: true, networkConnectionEnabled: false, pageLoadStrategy: normal, platform: WINDOWS, platformName: WINDOWS, proxy: Proxy(), setWindowRect: true, strictFileInteractability: false, timeouts: {implicit: 0, pageLoad: 300000, script: 30000}, unhandledPromptBehavior: dismiss and notify, webauthn:extension:credBlob: true, webauthn:extension:largeBlob: true, webauthn:extension:minPinLength: true, webauthn:extension:prf: true, webauthn:virtualAuthenticators: true}
Session ID: 195ab788e0e0797559a1528775920b88
*** Element info: {Using=xpath, value=//textarea[@class='sm-ta ng-pristine ng-valid ng-star-inserted ng-touched']}	 >>>>>> (Throwable.java:749)	13:27:51
	at sun.reflect.GeneratedConstructorAccessor91.newInstance(Unknown Source)	 >>>>>> (Throwable.java:749)	13:27:51
	at sun.reflect.DelegatingConstructorAccessorImpl.newInstance(DelegatingConstructorAccessorImpl.java:45)	 >>>>>> (Throwable.java:749)	13:27:51
	at java.lang.reflect.Constructor.newInstance(Constructor.java:423)	 >>>>>> (Throwable.java:749)	13:27:51
	at org.openqa.selenium.remote.http.W3CHttpResponseCodec.createException(W3CHttpResponseCodec.java:187)	 >>>>>> (Throwable.java:749)	13:27:51
	at org.openqa.selenium.remote.http.W3CHttpResponseCodec.decode(W3CHttpResponseCodec.java:122)	 >>>>>> (Throwable.java:749)	13:27:51
	at org.openqa.selenium.remote.http.W3CHttpResponseCodec.decode(W3CHttpResponseCodec.java:49)	 >>>>>> (Throwable.java:749)	13:27:51
	at org.openqa.selenium.remote.HttpCommandExecutor.execute(HttpCommandExecutor.java:158)	 >>>>>> (Throwable.java:749)	13:27:51
	at org.openqa.selenium.remote.service.DriverCommandExecutor.execute(DriverCommandExecutor.java:83)	 >>>>>> (Throwable.java:749)	13:27:51
	at org.openqa.selenium.remote.RemoteWebDriver.execute(RemoteWebDriver.java:552)	 >>>>>> (Throwable.java:749)	13:27:51
	at org.openqa.selenium.remote.RemoteWebDriver.findElement(RemoteWebDriver.java:323)	 >>>>>> (Throwable.java:749)	13:27:51
	at org.openqa.selenium.remote.RemoteWebDriver.findElementByXPath(RemoteWebDriver.java:428)	 >>>>>> (Throwable.java:749)	13:27:51
	at org.openqa.selenium.By$ByXPath.findElement(By.java:353)	 >>>>>> (Throwable.java:749)	13:27:51
	at org.openqa.selenium.remote.RemoteWebDriver.findElement(RemoteWebDriver.java:315)	 >>>>>> (Throwable.java:749)	13:27:51
	at sun.reflect.GeneratedMethodAccessor8.invoke(Unknown Source)	 >>>>>> (Throwable.java:749)	13:27:51
	at sun.reflect.DelegatingMethodAccessorImpl.invoke(DelegatingMethodAccessorImpl.java:43)	 >>>>>> (Throwable.java:749)	13:27:51
	at java.lang.reflect.Method.invoke(Method.java:498)	 >>>>>> (Throwable.java:749)	13:27:51
	at org.openqa.selenium.support.events.EventFiringWebDriver.lambda$new$1(EventFiringWebDriver.java:105)	 >>>>>> (Throwable.java:749)	13:27:51
	at com.sun.proxy.$Proxy25.findElement(Unknown Source)	 >>>>>> (Throwable.java:749)	13:27:51
	at org.openqa.selenium.support.events.EventFiringWebDriver.findElement(EventFiringWebDriver.java:194)	 >>>>>> (Throwable.java:749)	13:27:51
	at org.openqa.selenium.support.pagefactory.DefaultElementLocator.findElement(DefaultElementLocator.java:69)	 >>>>>> (Throwable.java:749)	13:27:51
	at org.openqa.selenium.support.pagefactory.internal.LocatingElementHandler.invoke(LocatingElementHandler.java:38)	 >>>>>> (Throwable.java:749)	13:27:51
	at com.sun.proxy.$Proxy28.getWrappedElement(Unknown Source)	 >>>>>> (Throwable.java:749)	13:27:51
	at org.openqa.selenium.interactions.PointerInput$Origin.asArg(PointerInput.java:204)	 >>>>>> (Throwable.java:749)	13:27:51
	at org.openqa.selenium.interactions.PointerInput$Move.encode(PointerInput.java:155)	 >>>>>> (Throwable.java:749)	13:27:51
	at org.openqa.selenium.interactions.Sequence.encode(Sequence.java:75)	 >>>>>> (Throwable.java:749)	13:27:51
	at org.openqa.selenium.interactions.Sequence.toJson(Sequence.java:84)	 >>>>>> (Throwable.java:749)	13:27:51
	... 68 more	 >>>>>> (Throwable.java:749)	13:27:51

org.openqa.selenium.json.JsonException: java.lang.reflect.InvocationTargetException
Build info: version: '3.141.59', revision: 'e82be7d358', time: '2018-11-14T08:17:03'
System info: host: 'EUROW42SLPC5721', ip: '192.168.29.116', os.name: 'Windows 10', os.arch: 'amd64', os.version: '10.0', java.version: '1.8.0_221'
Driver info: driver.version: EventFiringWebDriver	 >>>>>> (Throwable.java:749)	13:27:51
	at org.openqa.selenium.json.JsonOutput.convertUsingMethod(JsonOutput.java:332)	 >>>>>> (Throwable.java:749)	13:27:51
	at org.openqa.selenium.json.JsonOutput.lambda$new$16(JsonOutput.java:155)	 >>>>>> (Throwable.java:749)	13:27:51
	at org.openqa.selenium.json.JsonOutput.write(JsonOutput.java:264)	 >>>>>> (Throwable.java:749)	13:27:51
	at org.openqa.selenium.json.JsonOutput.lambda$null$21(JsonOutput.java:168)	 >>>>>> (Throwable.java:749)	13:27:51
	at java.util.LinkedHashMap$LinkedValues.forEach(LinkedHashMap.java:608)	 >>>>>> (Throwable.java:749)	13:27:51
	at org.openqa.selenium.json.JsonOutput.lambda$new$22(JsonOutput.java:168)	 >>>>>> (Throwable.java:749)	13:27:51
	at org.openqa.selenium.json.JsonOutput.write(JsonOutput.java:264)	 >>>>>> (Throwable.java:749)	13:27:51
	at org.openqa.selenium.json.JsonOutput.lambda$null$23(JsonOutput.java:177)	 >>>>>> (Throwable.java:749)	13:27:51
	at com.google.common.collect.SingletonImmutableBiMap.forEach(SingletonImmutableBiMap.java:65)	 >>>>>> (Throwable.java:749)	13:27:51
	at org.openqa.selenium.json.JsonOutput.lambda$new$24(JsonOutput.java:176)	 >>>>>> (Throwable.java:749)	13:27:51
	at org.openqa.selenium.json.JsonOutput.write(JsonOutput.java:264)	 >>>>>> (Throwable.java:749)	13:27:51
	at org.openqa.selenium.json.JsonOutput.write(JsonOutput.java:255)	 >>>>>> (Throwable.java:749)	13:27:51
	at org.openqa.selenium.json.Json.toJson(Json.java:42)	 >>>>>> (Throwable.java:749)	13:27:51
	at org.openqa.selenium.remote.http.AbstractHttpCommandCodec.encode(AbstractHttpCommandCodec.java:227)	 >>>>>> (Throwable.java:749)	13:27:51
	at org.openqa.selenium.remote.http.AbstractHttpCommandCodec.encode(AbstractHttpCommandCodec.java:117)	 >>>>>> (Throwable.java:749)	13:27:51
	at org.openqa.selenium.remote.HttpCommandExecutor.execute(HttpCommandExecutor.java:152)	 >>>>>> (Throwable.java:749)	13:27:51
	at org.openqa.selenium.remote.service.DriverCommandExecutor.execute(DriverCommandExecutor.java:83)	 >>>>>> (Throwable.java:749)	13:27:51
	at org.openqa.selenium.remote.RemoteWebDriver.execute(RemoteWebDriver.java:552)	 >>>>>> (Throwable.java:749)	13:27:51
	at org.openqa.selenium.remote.RemoteWebDriver.perform(RemoteWebDriver.java:618)	 >>>>>> (Throwable.java:749)	13:27:51
	at sun.reflect.GeneratedMethodAccessor19.invoke(Unknown Source)	 >>>>>> (Throwable.java:749)	13:27:51
	at sun.reflect.DelegatingMethodAccessorImpl.invoke(DelegatingMethodAccessorImpl.java:43)	 >>>>>> (Throwable.java:749)	13:27:51
	at java.lang.reflect.Method.invoke(Method.java:498)	 >>>>>> (Throwable.java:749)	13:27:51
	at org.openqa.selenium.support.events.EventFiringWebDriver.lambda$new$1(EventFiringWebDriver.java:105)	 >>>>>> (Throwable.java:749)	13:27:51
	at com.sun.proxy.$Proxy25.perform(Unknown Source)	 >>>>>> (Throwable.java:749)	13:27:51
	at org.openqa.selenium.support.events.EventFiringWebDriver.perform(EventFiringWebDriver.java:360)	 >>>>>> (Throwable.java:749)	13:27:51
	at org.openqa.selenium.interactions.Actions$BuiltAction.perform(Actions.java:639)	 >>>>>> (Throwable.java:749)	13:27:51
	at com.zensar.scriptutils.GlobalFunction.click(GlobalFunction.java:408)	 >>>>>> (Throwable.java:749)	13:27:51
	at com.zensar.pageobjects.ProjectDetails.OverviewMaxPursuits(ProjectDetails.java:431)	 >>>>>> (Throwable.java:749)	13:27:51
	at com.zensar.stepDefinations.ActiveTransactionStepDefinitions.maximum_Character_future_prospects(ActiveTransactionStepDefinitions.java:88)	 >>>>>> (Throwable.java:749)	13:27:51
	at ?.User Validates for Maximum Character in What improvements would you suggest for their future pursuits & save(src/main/java/com/zensar/features/ActiveTransaction.feature:60)	 >>>>>> (Throwable.java:749)	13:27:51
	Suppressed: org.openqa.selenium.json.JsonException: Attempting to close incomplete json stream
Build info: version: '3.141.59', revision: 'e82be7d358', time: '2018-11-14T08:17:03'
System info: host: 'EUROW42SLPC5721', ip: '192.168.29.116', os.name: 'Windows 10', os.arch: 'amd64', os.version: '10.0', java.version: '1.8.0_221'
Driver info: driver.version: EventFiringWebDriver	 >>>>>> (Throwable.java:749)	13:27:51
		at org.openqa.selenium.json.JsonOutput.close(JsonOutput.java:279)	 >>>>>> (Throwable.java:749)	13:27:51
		at org.openqa.selenium.json.Json.toJson(Json.java:44)	 >>>>>> (Throwable.java:749)	13:27:51
		at org.openqa.selenium.remote.http.AbstractHttpCommandCodec.encode(AbstractHttpCommandCodec.java:227)	 >>>>>> (Throwable.java:749)	13:27:51
		at org.openqa.selenium.remote.http.AbstractHttpCommandCodec.encode(AbstractHttpCommandCodec.java:117)	 >>>>>> (Throwable.java:749)	13:27:51
		at org.openqa.selenium.remote.HttpCommandExecutor.execute(HttpCommandExecutor.java:152)	 >>>>>> (Throwable.java:749)	13:27:51
		at org.openqa.selenium.remote.service.DriverCommandExecutor.execute(DriverCommandExecutor.java:83)	 >>>>>> (Throwable.java:749)	13:27:51
		at org.openqa.selenium.remote.RemoteWebDriver.execute(RemoteWebDriver.java:552)	 >>>>>> (Throwable.java:749)	13:27:51
		at org.openqa.selenium.remote.RemoteWebDriver.perform(RemoteWebDriver.java:618)	 >>>>>> (Throwable.java:749)	13:27:51
		at sun.reflect.GeneratedMethodAccessor19.invoke(Unknown Source)	 >>>>>> (Throwable.java:749)	13:27:51
		at sun.reflect.DelegatingMethodAccessorImpl.invoke(DelegatingMethodAccessorImpl.java:43)	 >>>>>> (Throwable.java:749)	13:27:51
		at java.lang.reflect.Method.invoke(Method.java:498)	 >>>>>> (Throwable.java:749)	13:27:51
		at org.openqa.selenium.support.events.EventFiringWebDriver.lambda$new$1(EventFiringWebDriver.java:105)	 >>>>>> (Throwable.java:749)	13:27:51
		at com.sun.proxy.$Proxy25.perform(Unknown Source)	 >>>>>> (Throwable.java:749)	13:27:51
		at org.openqa.selenium.support.events.EventFiringWebDriver.perform(EventFiringWebDriver.java:360)	 >>>>>> (Throwable.java:749)	13:27:51
		at org.openqa.selenium.interactions.Actions$BuiltAction.perform(Actions.java:639)	 >>>>>> (Throwable.java:749)	13:27:51
		at com.zensar.scriptutils.GlobalFunction.click(GlobalFunction.java:408)	 >>>>>> (Throwable.java:749)	13:27:51
		at com.zensar.pageobjects.ProjectDetails.OverviewMaxPursuits(ProjectDetails.java:431)	 >>>>>> (Throwable.java:749)	13:27:51
		at com.zensar.stepDefinations.ActiveTransactionStepDefinitions.maximum_Character_future_prospects(ActiveTransactionStepDefinitions.java:88)	 >>>>>> (Throwable.java:749)	13:27:51
		at sun.reflect.NativeMethodAccessorImpl.invoke0(Native Method)	 >>>>>> (Throwable.java:749)	13:27:51
		at sun.reflect.NativeMethodAccessorImpl.invoke(NativeMethodAccessorImpl.java:62)	 >>>>>> (Throwable.java:749)	13:27:51
		at sun.reflect.DelegatingMethodAccessorImpl.invoke(DelegatingMethodAccessorImpl.java:43)	 >>>>>> (Throwable.java:749)	13:27:51
		at java.lang.reflect.Method.invoke(Method.java:498)	 >>>>>> (Throwable.java:749)	13:27:51
		at cucumber.runtime.Utils$1.call(Utils.java:26)	 >>>>>> (Throwable.java:749)	13:27:51
		at cucumber.runtime.Timeout.timeout(Timeout.java:16)	 >>>>>> (Throwable.java:749)	13:27:51
		at cucumber.runtime.Utils.invoke(Utils.java:20)	 >>>>>> (Throwable.java:749)	13:27:51
		at cucumber.runtime.java.JavaStepDefinition.execute(JavaStepDefinition.java:49)	 >>>>>> (Throwable.java:749)	13:27:51
		at cucumber.runner.PickleStepDefinitionMatch.runStep(PickleStepDefinitionMatch.java:50)	 >>>>>> (Throwable.java:749)	13:27:51
		at cucumber.runner.TestStep.executeStep(TestStep.java:63)	 >>>>>> (Throwable.java:749)	13:27:51
		at cucumber.runner.TestStep.run(TestStep.java:49)	 >>>>>> (Throwable.java:749)	13:27:51
		at cucumber.runner.PickleStepTestStep.run(PickleStepTestStep.java:43)	 >>>>>> (Throwable.java:749)	13:27:51
		at cucumber.runner.TestCase.run(TestCase.java:44)	 >>>>>> (Throwable.java:749)	13:27:51
		at cucumber.runner.Runner.runPickle(Runner.java:40)	 >>>>>> (Throwable.java:749)	13:27:51
		at cucumber.api.testng.TestNGCucumberRunner.runScenario(TestNGCucumberRunner.java:68)	 >>>>>> (Throwable.java:749)	13:27:51
		at com.zensar.runner.ActiveTransaction.feature(ActiveTransaction.java:37)	 >>>>>> (Throwable.java:749)	13:27:51
		at sun.reflect.NativeMethodAccessorImpl.invoke0(Native Method)	 >>>>>> (Throwable.java:749)	13:27:51
		at sun.reflect.NativeMethodAccessorImpl.invoke(NativeMethodAccessorImpl.java:62)	 >>>>>> (Throwable.java:749)	13:27:51
		at sun.reflect.DelegatingMethodAccessorImpl.invoke(DelegatingMethodAccessorImpl.java:43)	 >>>>>> (Throwable.java:749)	13:27:51
		at java.lang.reflect.Method.invoke(Method.java:498)	 >>>>>> (Throwable.java:749)	13:27:51
		at org.testng.internal.MethodInvocationHelper.invokeMethod(MethodInvocationHelper.java:124)	 >>>>>> (Throwable.java:749)	13:27:51
		at org.testng.internal.Invoker.invokeMethod(Invoker.java:583)	 >>>>>> (Throwable.java:749)	13:27:51
		at org.testng.internal.Invoker.invokeTestMethod(Invoker.java:719)	 >>>>>> (Throwable.java:749)	13:27:51
		at org.testng.internal.Invoker.invokeTestMethods(Invoker.java:989)	 >>>>>> (Throwable.java:749)	13:27:51
		at org.testng.internal.TestMethodWorker.invokeTestMethods(TestMethodWorker.java:125)	 >>>>>> (Throwable.java:749)	13:27:51
		at org.testng.internal.TestMethodWorker.run(TestMethodWorker.java:109)	 >>>>>> (Throwable.java:749)	13:27:51
		at org.testng.TestRunner.privateRun(TestRunner.java:648)	 >>>>>> (Throwable.java:749)	13:27:51
		at org.testng.TestRunner.run(TestRunner.java:505)	 >>>>>> (Throwable.java:749)	13:27:51
		at org.testng.SuiteRunner.runTest(SuiteRunner.java:455)	 >>>>>> (Throwable.java:749)	13:27:51
		at org.testng.SuiteRunner.access$000(SuiteRunner.java:40)	 >>>>>> (Throwable.java:749)	13:27:51
		at org.testng.SuiteRunner$SuiteWorker.run(SuiteRunner.java:489)	 >>>>>> (Throwable.java:749)	13:27:51
		at org.testng.internal.thread.ThreadUtil$1.call(ThreadUtil.java:52)	 >>>>>> (Throwable.java:749)	13:27:51
		at java.util.concurrent.FutureTask.run(FutureTask.java:266)	 >>>>>> (Throwable.java:749)	13:27:51
		at java.util.concurrent.ThreadPoolExecutor.runWorker(ThreadPoolExecutor.java:1149)	 >>>>>> (Throwable.java:749)	13:27:51
		at java.util.concurrent.ThreadPoolExecutor$Worker.run(ThreadPoolExecutor.java:624)	 >>>>>> (Throwable.java:749)	13:27:51
		at java.lang.Thread.run(Thread.java:748)	 >>>>>> (Throwable.java:749)	13:27:51
Caused by: java.lang.reflect.InvocationTargetException	 >>>>>> (Throwable.java:749)	13:27:51
	at sun.reflect.GeneratedMethodAccessor20.invoke(Unknown Source)	 >>>>>> (Throwable.java:749)	13:27:51
	at sun.reflect.DelegatingMethodAccessorImpl.invoke(DelegatingMethodAccessorImpl.java:43)	 >>>>>> (Throwable.java:749)	13:27:51
	at java.lang.reflect.Method.invoke(Method.java:498)	 >>>>>> (Throwable.java:749)	13:27:51
	at org.openqa.selenium.json.JsonOutput.convertUsingMethod(JsonOutput.java:328)	 >>>>>> (Throwable.java:749)	13:27:51
	at org.openqa.selenium.json.JsonOutput.lambda$new$16(JsonOutput.java:155)	 >>>>>> (Throwable.java:749)	13:27:51
	at org.openqa.selenium.json.JsonOutput.write(JsonOutput.java:264)	 >>>>>> (Throwable.java:749)	13:27:51
	at org.openqa.selenium.json.JsonOutput.lambda$null$21(JsonOutput.java:168)	 >>>>>> (Throwable.java:749)	13:27:51
	at java.util.LinkedHashMap$LinkedValues.forEach(LinkedHashMap.java:608)	 >>>>>> (Throwable.java:749)	13:27:51
	at org.openqa.selenium.json.JsonOutput.lambda$new$22(JsonOutput.java:168)	 >>>>>> (Throwable.java:749)	13:27:51
	at org.openqa.selenium.json.JsonOutput.write(JsonOutput.java:264)	 >>>>>> (Throwable.java:749)	13:27:51
	at org.openqa.selenium.json.JsonOutput.lambda$null$23(JsonOutput.java:177)	 >>>>>> (Throwable.java:749)	13:27:51
	at com.google.common.collect.SingletonImmutableBiMap.forEach(SingletonImmutableBiMap.java:65)	 >>>>>> (Throwable.java:749)	13:27:51
	at org.openqa.selenium.json.JsonOutput.lambda$new$24(JsonOutput.java:176)	 >>>>>> (Throwable.java:749)	13:27:51
	at org.openqa.selenium.json.JsonOutput.write(JsonOutput.java:264)	 >>>>>> (Throwable.java:749)	13:27:51
	at org.openqa.selenium.json.JsonOutput.write(JsonOutput.java:255)	 >>>>>> (Throwable.java:749)	13:27:51
	at org.openqa.selenium.json.Json.toJson(Json.java:42)	 >>>>>> (Throwable.java:749)	13:27:51
	at org.openqa.selenium.remote.http.AbstractHttpCommandCodec.encode(AbstractHttpCommandCodec.java:227)	 >>>>>> (Throwable.java:749)	13:27:51
	at org.openqa.selenium.remote.http.AbstractHttpCommandCodec.encode(AbstractHttpCommandCodec.java:117)	 >>>>>> (Throwable.java:749)	13:27:51
	at org.openqa.selenium.remote.HttpCommandExecutor.execute(HttpCommandExecutor.java:152)	 >>>>>> (Throwable.java:749)	13:27:51
	at org.openqa.selenium.remote.service.DriverCommandExecutor.execute(DriverCommandExecutor.java:83)	 >>>>>> (Throwable.java:749)	13:27:51
	at org.openqa.selenium.remote.RemoteWebDriver.execute(RemoteWebDriver.java:552)	 >>>>>> (Throwable.java:749)	13:27:51
	at org.openqa.selenium.remote.RemoteWebDriver.perform(RemoteWebDriver.java:618)	 >>>>>> (Throwable.java:749)	13:27:51
	at sun.reflect.GeneratedMethodAccessor19.invoke(Unknown Source)	 >>>>>> (Throwable.java:749)	13:27:51
	at sun.reflect.DelegatingMethodAccessorImpl.invoke(DelegatingMethodAccessorImpl.java:43)	 >>>>>> (Throwable.java:749)	13:27:51
	at java.lang.reflect.Method.invoke(Method.java:498)	 >>>>>> (Throwable.java:749)	13:27:51
	at org.openqa.selenium.support.events.EventFiringWebDriver.lambda$new$1(EventFiringWebDriver.java:105)	 >>>>>> (Throwable.java:749)	13:27:51
	at com.sun.proxy.$Proxy25.perform(Unknown Source)	 >>>>>> (Throwable.java:749)	13:27:51
	at org.openqa.selenium.support.events.EventFiringWebDriver.perform(EventFiringWebDriver.java:360)	 >>>>>> (Throwable.java:749)	13:27:51
	at org.openqa.selenium.interactions.Actions$BuiltAction.perform(Actions.java:639)	 >>>>>> (Throwable.java:749)	13:27:51
	at com.zensar.scriptutils.GlobalFunction.click(GlobalFunction.java:408)	 >>>>>> (Throwable.java:749)	13:27:51
	at com.zensar.pageobjects.ProjectDetails.OverviewMaxPursuits(ProjectDetails.java:431)	 >>>>>> (Throwable.java:749)	13:27:51
	at com.zensar.stepDefinations.ActiveTransactionStepDefinitions.maximum_Character_future_prospects(ActiveTransactionStepDefinitions.java:88)	 >>>>>> (Throwable.java:749)	13:27:51
	at sun.reflect.NativeMethodAccessorImpl.invoke0(Native Method)	 >>>>>> (Throwable.java:749)	13:27:51
	at sun.reflect.NativeMethodAccessorImpl.invoke(NativeMethodAccessorImpl.java:62)	 >>>>>> (Throwable.java:749)	13:27:51
	at sun.reflect.DelegatingMethodAccessorImpl.invoke(DelegatingMethodAccessorImpl.java:43)	 >>>>>> (Throwable.java:749)	13:27:51
	at java.lang.reflect.Method.invoke(Method.java:498)	 >>>>>> (Throwable.java:749)	13:27:51
	at cucumber.runtime.Utils$1.call(Utils.java:26)	 >>>>>> (Throwable.java:749)	13:27:51
	at cucumber.runtime.Timeout.timeout(Timeout.java:16)	 >>>>>> (Throwable.java:749)	13:27:51
	at cucumber.runtime.Utils.invoke(Utils.java:20)	 >>>>>> (Throwable.java:749)	13:27:51
	at cucumber.runtime.java.JavaStepDefinition.execute(JavaStepDefinition.java:49)	 >>>>>> (Throwable.java:749)	13:27:51
	at cucumber.runner.PickleStepDefinitionMatch.runStep(PickleStepDefinitionMatch.java:50)	 >>>>>> (Throwable.java:749)	13:27:51
	at cucumber.runner.TestStep.executeStep(TestStep.java:63)	 >>>>>> (Throwable.java:749)	13:27:51
	at cucumber.runner.TestStep.run(TestStep.java:49)	 >>>>>> (Throwable.java:749)	13:27:51
	at cucumber.runner.PickleStepTestStep.run(PickleStepTestStep.java:43)	 >>>>>> (Throwable.java:749)	13:27:51
	at cucumber.runner.TestCase.run(TestCase.java:44)	 >>>>>> (Throwable.java:749)	13:27:51
	at cucumber.runner.Runner.runPickle(Runner.java:40)	 >>>>>> (Throwable.java:749)	13:27:51
	at cucumber.api.testng.TestNGCucumberRunner.runScenario(TestNGCucumberRunner.java:68)	 >>>>>> (Throwable.java:749)	13:27:51
	at com.zensar.runner.ActiveTransaction.feature(ActiveTransaction.java:37)	 >>>>>> (Throwable.java:749)	13:27:51
	at sun.reflect.NativeMethodAccessorImpl.invoke0(Native Method)	 >>>>>> (Throwable.java:749)	13:27:51
	at sun.reflect.NativeMethodAccessorImpl.invoke(NativeMethodAccessorImpl.java:62)	 >>>>>> (Throwable.java:749)	13:27:51
	at sun.reflect.DelegatingMethodAccessorImpl.invoke(DelegatingMethodAccessorImpl.java:43)	 >>>>>> (Throwable.java:749)	13:27:51
	at java.lang.reflect.Method.invoke(Method.java:498)	 >>>>>> (Throwable.java:749)	13:27:51
	at org.testng.internal.MethodInvocationHelper.invokeMethod(MethodInvocationHelper.java:124)	 >>>>>> (Throwable.java:749)	13:27:51
	at org.testng.internal.Invoker.invokeMethod(Invoker.java:583)	 >>>>>> (Throwable.java:749)	13:27:51
	at org.testng.internal.Invoker.invokeTestMethod(Invoker.java:719)	 >>>>>> (Throwable.java:749)	13:27:51
	at org.testng.internal.Invoker.invokeTestMethods(Invoker.java:989)	 >>>>>> (Throwable.java:749)	13:27:51
	at org.testng.internal.TestMethodWorker.invokeTestMethods(TestMethodWorker.java:125)	 >>>>>> (Throwable.java:749)	13:27:51
	at org.testng.internal.TestMethodWorker.run(TestMethodWorker.java:109)	 >>>>>> (Throwable.java:749)	13:27:51
	at org.testng.TestRunner.privateRun(TestRunner.java:648)	 >>>>>> (Throwable.java:749)	13:27:51
	at org.testng.TestRunner.run(TestRunner.java:505)	 >>>>>> (Throwable.java:749)	13:27:51
	at org.testng.SuiteRunner.runTest(SuiteRunner.java:455)	 >>>>>> (Throwable.java:749)	13:27:51
	at org.testng.SuiteRunner.access$000(SuiteRunner.java:40)	 >>>>>> (Throwable.java:749)	13:27:51
	at org.testng.SuiteRunner$SuiteWorker.run(SuiteRunner.java:489)	 >>>>>> (Throwable.java:749)	13:27:51
	at org.testng.internal.thread.ThreadUtil$1.call(ThreadUtil.java:52)	 >>>>>> (Throwable.java:749)	13:27:51
	at java.util.concurrent.FutureTask.run(FutureTask.java:266)	 >>>>>> (Throwable.java:749)	13:27:51
	at java.util.concurrent.ThreadPoolExecutor.runWorker(ThreadPoolExecutor.java:1149)	 >>>>>> (Throwable.java:749)	13:27:51
	at java.util.concurrent.ThreadPoolExecutor$Worker.run(ThreadPoolExecutor.java:624)	 >>>>>> (Throwable.java:749)	13:27:51
	at java.lang.Thread.run(Thread.java:748)	 >>>>>> (Throwable.java:749)	13:27:51
Caused by: org.openqa.selenium.NoSuchElementException: no such element: Unable to locate element: {"method":"xpath","selector":"//button[contains(@class,'btn secondary-btn-m edit-overview')]"}
  (Session info: chrome=122.0.6261.112)
For documentation on this error, please visit: https://www.seleniumhq.org/exceptions/no_such_element.html
Build info: version: '3.141.59', revision: 'e82be7d358', time: '2018-11-14T08:17:03'
System info: host: 'EUROW42SLPC5721', ip: '192.168.29.116', os.name: 'Windows 10', os.arch: 'amd64', os.version: '10.0', java.version: '1.8.0_221'
Driver info: org.openqa.selenium.chrome.ChromeDriver
Capabilities {acceptInsecureCerts: false, browserName: chrome, browserVersion: 122.0.6261.112, chrome: {chromedriverVersion: 122.0.6261.111 (9d4c1072da6..., userDataDir: C:\Users\vs106039\AppData\L...}, fedcm:accounts: true, goog:chromeOptions: {debuggerAddress: localhost:54317}, javascriptEnabled: true, networkConnectionEnabled: false, pageLoadStrategy: normal, platform: WINDOWS, platformName: WINDOWS, proxy: Proxy(), setWindowRect: true, strictFileInteractability: false, timeouts: {implicit: 0, pageLoad: 300000, script: 30000}, unhandledPromptBehavior: dismiss and notify, webauthn:extension:credBlob: true, webauthn:extension:largeBlob: true, webauthn:extension:minPinLength: true, webauthn:extension:prf: true, webauthn:virtualAuthenticators: true}
Session ID: fd984854d7bc3471c1c89d68f4e51ab1
*** Element info: {Using=xpath, value=//button[contains(@class,'btn secondary-btn-m edit-overview')]}	 >>>>>> (Throwable.java:749)	13:27:51
	at sun.reflect.GeneratedConstructorAccessor91.newInstance(Unknown Source)	 >>>>>> (Throwable.java:749)	13:27:51
	at sun.reflect.DelegatingConstructorAccessorImpl.newInstance(DelegatingConstructorAccessorImpl.java:45)	 >>>>>> (Throwable.java:749)	13:27:51
	at java.lang.reflect.Constructor.newInstance(Constructor.java:423)	 >>>>>> (Throwable.java:749)	13:27:51
	at org.openqa.selenium.remote.http.W3CHttpResponseCodec.createException(W3CHttpResponseCodec.java:187)	 >>>>>> (Throwable.java:749)	13:27:51
	at org.openqa.selenium.remote.http.W3CHttpResponseCodec.decode(W3CHttpResponseCodec.java:122)	 >>>>>> (Throwable.java:749)	13:27:51
	at org.openqa.selenium.remote.http.W3CHttpResponseCodec.decode(W3CHttpResponseCodec.java:49)	 >>>>>> (Throwable.java:749)	13:27:51
	at org.openqa.selenium.remote.HttpCommandExecutor.execute(HttpCommandExecutor.java:158)	 >>>>>> (Throwable.java:749)	13:27:51
	at org.openqa.selenium.remote.service.DriverCommandExecutor.execute(DriverCommandExecutor.java:83)	 >>>>>> (Throwable.java:749)	13:27:51
	at org.openqa.selenium.remote.RemoteWebDriver.execute(RemoteWebDriver.java:552)	 >>>>>> (Throwable.java:749)	13:27:51
	at org.openqa.selenium.remote.RemoteWebDriver.findElement(RemoteWebDriver.java:323)	 >>>>>> (Throwable.java:749)	13:27:51
	at org.openqa.selenium.remote.RemoteWebDriver.findElementByXPath(RemoteWebDriver.java:428)	 >>>>>> (Throwable.java:749)	13:27:51
	at org.openqa.selenium.By$ByXPath.findElement(By.java:353)	 >>>>>> (Throwable.java:749)	13:27:51
	at org.openqa.selenium.remote.RemoteWebDriver.findElement(RemoteWebDriver.java:315)	 >>>>>> (Throwable.java:749)	13:27:51
	at sun.reflect.GeneratedMethodAccessor8.invoke(Unknown Source)	 >>>>>> (Throwable.java:749)	13:27:51
	at sun.reflect.DelegatingMethodAccessorImpl.invoke(DelegatingMethodAccessorImpl.java:43)	 >>>>>> (Throwable.java:749)	13:27:51
	at java.lang.reflect.Method.invoke(Method.java:498)	 >>>>>> (Throwable.java:749)	13:27:51
	at org.openqa.selenium.support.events.EventFiringWebDriver.lambda$new$1(EventFiringWebDriver.java:105)	 >>>>>> (Throwable.java:749)	13:27:51
	at com.sun.proxy.$Proxy25.findElement(Unknown Source)	 >>>>>> (Throwable.java:749)	13:27:51
	at org.openqa.selenium.support.events.EventFiringWebDriver.findElement(EventFiringWebDriver.java:194)	 >>>>>> (Throwable.java:749)	13:27:51
	at org.openqa.selenium.support.pagefactory.DefaultElementLocator.findElement(DefaultElementLocator.java:69)	 >>>>>> (Throwable.java:749)	13:27:51
	at org.openqa.selenium.support.pagefactory.internal.LocatingElementHandler.invoke(LocatingElementHandler.java:38)	 >>>>>> (Throwable.java:749)	13:27:51
	at com.sun.proxy.$Proxy28.getWrappedElement(Unknown Source)	 >>>>>> (Throwable.java:749)	13:27:51
	at org.openqa.selenium.interactions.PointerInput$Origin.asArg(PointerInput.java:204)	 >>>>>> (Throwable.java:749)	13:27:51
	at org.openqa.selenium.interactions.PointerInput$Move.encode(PointerInput.java:155)	 >>>>>> (Throwable.java:749)	13:27:51
	at org.openqa.selenium.interactions.Sequence.encode(Sequence.java:75)	 >>>>>> (Throwable.java:749)	13:27:51
	at org.openqa.selenium.interactions.Sequence.toJson(Sequence.java:84)	 >>>>>> (Throwable.java:749)	13:27:51
	... 68 more	 >>>>>> (Throwable.java:749)	13:27:51

Suite Complete - ActiveTransaction	 >>>>>> (ActiveTransaction.java:77)	13:27:51
[INFO]	 Attempt 1 of 1 to execute 	 >>>>>> (CloseTransaction.java:35)	13:27:51
Feature :	CloseTransaction	 >>>>>> (CloseTransaction.java:60)	13:27:51
Scenario :	Verify user able Check close Transaction	 >>>>>> (CloseTransaction.java:61)	13:27:51
DataSetName :	CloseTransaction
	 >>>>>> (CloseTransaction.java:62)	13:27:51
SCENARIO STATE Init	 >>>>>> (Hooks.java:24)	13:27:51
getText	 >>>>>> (GlobalFunction.java:74)	13:27:53
Number of Active Transaction: Active transactions (2)	 >>>>>> (ProjectContact.java:113)	13:27:53
embedScreenshot	 >>>>>> (GlobalFunction.java:74)	13:27:53
Thread Local getDrive()	 >>>>>> (DriverHandler.java:87)	13:27:53
zAssertTrue	 >>>>>> (GlobalFunction.java:74)	13:27:53
waitForElement	 >>>>>> (GlobalFunction.java:74)	13:27:53
isPresent	 >>>>>> (GlobalFunction.java:74)	13:27:53
isPresent	 >>>>>> (GlobalFunction.java:74)	13:27:53
Thread Local getDrive()	 >>>>>> (DriverHandler.java:87)	13:27:54
3 columns(s) affected	 >>>>>> (Connection.java:93)	13:27:54
1 row(s) affected	 >>>>>> (Connection.java:73)	13:27:54
1 row(s) affected	 >>>>>> (Connection.java:73)	13:27:54
1 row(s) affected	 >>>>>> (Connection.java:73)	13:27:54
BROWSER STACK SESSION : 	 >>>>>> (OutputSheetLogger.java:174)	13:27:54
Thread Local getDrive()	 >>>>>> (DriverHandler.java:87)	13:27:54
64964a2a7787aab6594491e9b255f4ba	 >>>>>> (OutputSheetLogger.java:175)	13:27:54
Entered try in open	 >>>>>> (IsgLandingPage.java:145)	13:27:54
click	 >>>>>> (GlobalFunction.java:74)	13:27:56
embedScreenshot	 >>>>>> (GlobalFunction.java:74)	13:27:57
Thread Local getDrive()	 >>>>>> (DriverHandler.java:87)	13:27:57
click	 >>>>>> (GlobalFunction.java:74)	13:27:57
embedScreenshot	 >>>>>> (GlobalFunction.java:74)	13:27:58
highlightElement	 >>>>>> (GlobalFunction.java:74)	13:27:58
Thread Local getDrive()	 >>>>>> (DriverHandler.java:87)	13:27:58
unHighlightElement	 >>>>>> (GlobalFunction.java:74)	13:27:59
forceClick	 >>>>>> (GlobalFunction.java:74)	13:27:59
Clicked Login	 >>>>>> (IsgLandingPage.java:179)	13:28:0
waitForElement	 >>>>>> (GlobalFunction.java:74)	13:28:3
isPresent	 >>>>>> (GlobalFunction.java:74)	13:28:3
isPresent	 >>>>>> (GlobalFunction.java:74)	13:28:3
getText	 >>>>>> (GlobalFunction.java:74)	13:28:3
click	 >>>>>> (GlobalFunction.java:74)	13:28:3
User will be redirected to Provider list: Provider list	 >>>>>> (ProjectDetails.java:178)	13:28:4
embedScreenshot	 >>>>>> (GlobalFunction.java:74)	13:28:4
Thread Local getDrive()	 >>>>>> (DriverHandler.java:87)	13:28:4
zAssertTrue	 >>>>>> (GlobalFunction.java:74)	13:28:4
click	 >>>>>> (GlobalFunction.java:74)	13:28:4
embedScreenshot	 >>>>>> (GlobalFunction.java:74)	13:28:4
Thread Local getDrive()	 >>>>>> (DriverHandler.java:87)	13:28:4
username : NGS3@isg-one.com	 >>>>>> (IsgLandingPage.java:181)	13:28:4
password : T|2txZ>UJs	 >>>>>> (IsgLandingPage.java:183)	13:28:4
embedScreenshot	 >>>>>> (GlobalFunction.java:74)	13:28:4
highlightElement	 >>>>>> (GlobalFunction.java:74)	13:28:4
Thread Local getDrive()	 >>>>>> (DriverHandler.java:87)	13:28:4
unHighlightElement	 >>>>>> (GlobalFunction.java:74)	13:28:5
click	 >>>>>> (GlobalFunction.java:74)	13:28:5
isPresent	 >>>>>> (GlobalFunction.java:74)	13:28:5
Thread Local getDrive()	 >>>>>> (DriverHandler.java:87)	13:28:5
Thread Local getDrive()	 >>>>>> (DriverHandler.java:87)	13:28:5
Thread Local getDrive()	 >>>>>> (DriverHandler.java:87)	13:28:5
isPresent	 >>>>>> (GlobalFunction.java:74)	13:28:5
waitForElementClickabality	 >>>>>> (GlobalFunction.java:74)	13:28:6
1 row(s) affected	 >>>>>> (Connection.java:73)	13:28:8
1 row(s) affected	 >>>>>> (Connection.java:73)	13:28:8
1 row(s) affected	 >>>>>> (Connection.java:73)	13:28:8
[INFO]	 Attempt 1 of 1 to execute  [PASSED]	 >>>>>> (ActiveTransactionProviderList.java:38)	13:28:8
Feature :	ActiveTransactionProviderList	 >>>>>> (ActiveTransactionProviderList.java:60)	13:28:8
Scenario :	Verify user able Export provider list	 >>>>>> (ActiveTransactionProviderList.java:61)	13:28:8
DataSetName :	ProviderList
	 >>>>>> (ActiveTransactionProviderList.java:62)	13:28:8
]]></system-out>
    <system-err><![CDATA[[ERROR] Problem while finding out runner name
java.lang.NullPointerException
	at com.zensar.scriptutils.ScenarioState.<init>(ScenarioState.java:56)
	at sun.reflect.GeneratedConstructorAccessor134.newInstance(Unknown Source)
	at sun.reflect.DelegatingConstructorAccessorImpl.newInstance(DelegatingConstructorAccessorImpl.java:45)
	at java.lang.reflect.Constructor.newInstance(Constructor.java:423)
	at org.picocontainer.injectors.AbstractInjector.newInstance(AbstractInjector.java:145)
	at org.picocontainer.injectors.ConstructorInjector$1.run(ConstructorInjector.java:342)
	at org.picocontainer.injectors.AbstractInjector$ThreadLocalCyclicDependencyGuard.observe(AbstractInjector.java:270)
	at org.picocontainer.injectors.ConstructorInjector.getComponentInstance(ConstructorInjector.java:364)
	at org.picocontainer.injectors.AbstractInjectionFactory$LifecycleAdapter.getComponentInstance(AbstractInjectionFactory.java:56)
	at org.picocontainer.behaviors.AbstractBehavior.getComponentInstance(AbstractBehavior.java:64)
	at org.picocontainer.behaviors.Stored.getComponentInstance(Stored.java:91)
	at org.picocontainer.DefaultPicoContainer.getInstance(DefaultPicoContainer.java:699)
	at org.picocontainer.DefaultPicoContainer.getComponent(DefaultPicoContainer.java:647)
	at org.picocontainer.DefaultPicoContainer.getComponent(DefaultPicoContainer.java:632)
	at org.picocontainer.parameters.BasicComponentParameter$1.resolveInstance(BasicComponentParameter.java:118)
	at org.picocontainer.parameters.ComponentParameter$1.resolveInstance(ComponentParameter.java:136)
	at org.picocontainer.injectors.SingleMemberInjector.getParameter(SingleMemberInjector.java:78)
	at org.picocontainer.injectors.ConstructorInjector$CtorAndAdapters.getParameterArguments(ConstructorInjector.java:309)
	at org.picocontainer.injectors.ConstructorInjector$1.run(ConstructorInjector.java:335)
	at org.picocontainer.injectors.AbstractInjector$ThreadLocalCyclicDependencyGuard.observe(AbstractInjector.java:270)
	at org.picocontainer.injectors.ConstructorInjector.getComponentInstance(ConstructorInjector.java:364)
	at org.picocontainer.injectors.AbstractInjectionFactory$LifecycleAdapter.getComponentInstance(AbstractInjectionFactory.java:56)
	at org.picocontainer.behaviors.AbstractBehavior.getComponentInstance(AbstractBehavior.java:64)
	at org.picocontainer.behaviors.Stored.getComponentInstance(Stored.java:91)
	at org.picocontainer.DefaultPicoContainer.getInstance(DefaultPicoContainer.java:699)
	at org.picocontainer.DefaultPicoContainer.getComponent(DefaultPicoContainer.java:647)
	at org.picocontainer.DefaultPicoContainer.getComponent(DefaultPicoContainer.java:678)
	at cucumber.runtime.java.picocontainer.PicoFactory.getInstance(PicoFactory.java:40)
	at cucumber.runtime.java.JavaHookDefinition.execute(JavaHookDefinition.java:60)
	at cucumber.runner.HookDefinitionMatch.runStep(HookDefinitionMatch.java:16)
	at cucumber.runner.TestStep.executeStep(TestStep.java:63)
	at cucumber.runner.TestStep.run(TestStep.java:49)
	at cucumber.runner.TestCase.run(TestCase.java:40)
	at cucumber.runner.Runner.runPickle(Runner.java:40)
	at cucumber.api.testng.TestNGCucumberRunner.runScenario(TestNGCucumberRunner.java:68)
	at com.zensar.runner.CloseTransaction.feature(CloseTransaction.java:37)
	at sun.reflect.NativeMethodAccessorImpl.invoke0(Native Method)
	at sun.reflect.NativeMethodAccessorImpl.invoke(NativeMethodAccessorImpl.java:62)
	at sun.reflect.DelegatingMethodAccessorImpl.invoke(DelegatingMethodAccessorImpl.java:43)
	at java.lang.reflect.Method.invoke(Method.java:498)
	at org.testng.internal.MethodInvocationHelper.invokeMethod(MethodInvocationHelper.java:124)
	at org.testng.internal.Invoker.invokeMethod(Invoker.java:583)
	at org.testng.internal.Invoker.invokeTestMethod(Invoker.java:719)
	at org.testng.internal.Invoker.invokeTestMethods(Invoker.java:989)
	at org.testng.internal.TestMethodWorker.invokeTestMethods(TestMethodWorker.java:125)
	at org.testng.internal.TestMethodWorker.run(TestMethodWorker.java:109)
	at org.testng.TestRunner.privateRun(TestRunner.java:648)
	at org.testng.TestRunner.run(TestRunner.java:505)
	at org.testng.SuiteRunner.runTest(SuiteRunner.java:455)
	at org.testng.SuiteRunner.access$000(SuiteRunner.java:40)
	at org.testng.SuiteRunner$SuiteWorker.run(SuiteRunner.java:489)
	at org.testng.internal.thread.ThreadUtil$1.call(ThreadUtil.java:52)
	at java.util.concurrent.FutureTask.run(FutureTask.java:266)
	at java.util.concurrent.ThreadPoolExecutor.runWorker(ThreadPoolExecutor.java:1149)
	at java.util.concurrent.ThreadPoolExecutor$Worker.run(ThreadPoolExecutor.java:624)
	at java.lang.Thread.run(Thread.java:748)
602362 [TestNG-tests-2] INFO io.github.bonigarcia.wdm.WebDriverManager - Using chromedriver 122.0.6261.111 (resolved driver for Chrome 122)
602373 [TestNG-tests-2] INFO io.github.bonigarcia.wdm.WebDriverManager - Exporting webdriver.chrome.driver as C:\Users\vs106039\.cache\selenium\chromedriver\win64\122.0.6261.111\chromedriver.exe
Starting ChromeDriver 122.0.6261.111 (9d4c1072da62b411b351a38b9ed6214ab236aa7b-refs/branch-heads/6261@{#1015}) on port 27429
Only local connections are allowed.
Please see https://chromedriver.chromium.org/security-considerations for suggestions on keeping ChromeDriver safe.
ChromeDriver was started successfully.
Mar 12, 2024 1:27:54 PM org.openqa.selenium.remote.ProtocolHandshake createSession
INFO: Detected dialect: W3C
]]></system-err>
  </testcase>
  <testcase name="feature[com.zensar.scriptutils.PickleWrapper@2c5d6b47](6)" classname="com.zensar.runner.ActiveTransactionProviderList" time="100.468">
    <system-out><![CDATA[Feature: CloseTransaction

  Scenario Outline: Verify user able Check close Transaction #<DataSetName> # src/main/java/com/zensar/features/CloseTransaction.feature:6
    When user logs in to ISG
    Then Verify for Close Transaction
    Then User clicks on View all Close Transaction
    Then User Clicks on First close Transaction
    Then Able to verify close transaction message
    Then Able to verify Project overview in read only mode
    Then User able on go to Project contact Details
    Then Able to verify Add contact & view button

    Examples: 

  Background:                                          # src/main/java/com/zensar/features/CloseTransaction.feature:3
    Given User navigates to ISG Landing Page and Login # SetupProjectStepDefinitions.user_navigates_to_Isg_Landing_Page()

  Scenario Outline: Verify user able Check close Transaction #CloseTransaction # src/main/java/com/zensar/features/CloseTransaction.feature:18
    When user logs in to ISG                                                   # SetupProjectStepDefinitions.user_clicks_on_submit_another_item()
[INFO]	[Assertion Pass]	Number of Close Transaction =  Closed transactions (1)
    Then Verify for Close Transaction                                          # CloseTransactionStepDefinitions.Verify_for_Close_Transaction()
    Then User clicks on View all Close Transaction                             # CloseTransactionStepDefinitions.user_clicks_on_set_up_Project_icon()
      org.openqa.selenium.NoSuchElementException: no such element: Unable to locate element: {"method":"xpath","selector":"//button[@class='btn secondary-icon-btn-m view-all-transaction ng-star-inserted']"}
  (Session info: chrome=122.0.6261.112)
For documentation on this error, please visit: https://www.seleniumhq.org/exceptions/no_such_element.html
Build info: version: '3.141.59', revision: 'e82be7d358', time: '2018-11-14T08:17:03'
System info: host: 'EUROW42SLPC5721', ip: '192.168.29.116', os.name: 'Windows 10', os.arch: 'amd64', os.version: '10.0', java.version: '1.8.0_221'
Driver info: org.openqa.selenium.chrome.ChromeDriver
Capabilities {acceptInsecureCerts: false, browserName: chrome, browserVersion: 122.0.6261.112, chrome: {chromedriverVersion: 122.0.6261.111 (9d4c1072da6..., userDataDir: C:\Users\vs106039\AppData\L...}, fedcm:accounts: true, goog:chromeOptions: {debuggerAddress: localhost:54976}, javascriptEnabled: true, networkConnectionEnabled: false, pageLoadStrategy: normal, platform: WINDOWS, platformName: WINDOWS, proxy: Proxy(), setWindowRect: true, strictFileInteractability: false, timeouts: {implicit: 0, pageLoad: 300000, script: 30000}, unhandledPromptBehavior: dismiss and notify, webauthn:extension:credBlob: true, webauthn:extension:largeBlob: true, webauthn:extension:minPinLength: true, webauthn:extension:prf: true, webauthn:virtualAuthenticators: true}
Session ID: 64964a2a7787aab6594491e9b255f4ba
*** Element info: {Using=xpath, value=//button[@class='btn secondary-icon-btn-m view-all-transaction ng-star-inserted']}
	at sun.reflect.GeneratedConstructorAccessor91.newInstance(Unknown Source)
	at sun.reflect.DelegatingConstructorAccessorImpl.newInstance(DelegatingConstructorAccessorImpl.java:45)
	at java.lang.reflect.Constructor.newInstance(Constructor.java:423)
	at org.openqa.selenium.remote.http.W3CHttpResponseCodec.createException(W3CHttpResponseCodec.java:187)
	at org.openqa.selenium.remote.http.W3CHttpResponseCodec.decode(W3CHttpResponseCodec.java:122)
	at org.openqa.selenium.remote.http.W3CHttpResponseCodec.decode(W3CHttpResponseCodec.java:49)
	at org.openqa.selenium.remote.HttpCommandExecutor.execute(HttpCommandExecutor.java:158)
	at org.openqa.selenium.remote.service.DriverCommandExecutor.execute(DriverCommandExecutor.java:83)
	at org.openqa.selenium.remote.RemoteWebDriver.execute(RemoteWebDriver.java:552)
	at org.openqa.selenium.remote.RemoteWebDriver.findElement(RemoteWebDriver.java:323)
	at org.openqa.selenium.remote.RemoteWebDriver.findElementByXPath(RemoteWebDriver.java:428)
	at org.openqa.selenium.By$ByXPath.findElement(By.java:353)
	at org.openqa.selenium.remote.RemoteWebDriver.findElement(RemoteWebDriver.java:315)
	at sun.reflect.GeneratedMethodAccessor8.invoke(Unknown Source)
	at sun.reflect.DelegatingMethodAccessorImpl.invoke(DelegatingMethodAccessorImpl.java:43)
	at java.lang.reflect.Method.invoke(Method.java:498)
	at org.openqa.selenium.support.events.EventFiringWebDriver.lambda$new$1(EventFiringWebDriver.java:105)
	at com.sun.proxy.$Proxy25.findElement(Unknown Source)
	at org.openqa.selenium.support.events.EventFiringWebDriver.findElement(EventFiringWebDriver.java:194)
	at org.openqa.selenium.support.pagefactory.DefaultElementLocator.findElement(DefaultElementLocator.java:69)
	at org.openqa.selenium.support.pagefactory.internal.LocatingElementHandler.invoke(LocatingElementHandler.java:38)
	at com.sun.proxy.$Proxy28.isDisplayed(Unknown Source)
	at com.zensar.scriptutils.GlobalFunction.waitForElement(GlobalFunction.java:1677)
	at com.zensar.pageobjects.CloseTransaction.viewAllClose(CloseTransaction.java:49)
	at com.zensar.stepDefinations.CloseTransactionStepDefinitions.user_clicks_on_set_up_Project_icon(CloseTransactionStepDefinitions.java:32)
	at ?.User clicks on View all Close Transaction(src/main/java/com/zensar/features/CloseTransaction.feature:9)

    Then User Clicks on First close Transaction                                # CloseTransactionStepDefinitions.user_verifies_project_details_click_next()
    Then Able to verify close transaction message                              # CloseTransactionStepDefinitions.navigate_Project_Overview_section_add_project_overview()
    Then Able to verify Project overview in read only mode                     # CloseTransactionStepDefinitions.clicks_on_Next_Add_Client_Lead()
    Then User able on go to Project contact Details                            # CloseTransactionStepDefinitions.select_Anticipated_award_Date()
    Then Able to verify Add contact & view button                              # CloseTransactionStepDefinitions.select_Competitive_Project()

Failed scenarios:	 >>>>>> (Stats.java:172)	13:29:28
src/main/java/com/zensar/features/CloseTransaction.feature:18 # Verify user able Check close Transaction 	 >>>>>> (Stats.java:178)	13:29:28
#CloseTransaction	 >>>>>> (Stats.java:178)	13:29:28

1 Scenarios (1 failed)	 >>>>>> (Stats.java:129)	13:29:28
9 Steps (1 failed, 5 skipped, 3 passed)	 >>>>>> (Stats.java:122)	13:29:28
1m36.788s	 >>>>>> (Stats.java:157)	13:29:28

org.openqa.selenium.NoSuchElementException: no such element: Unable to locate element: {"method":"xpath","selector":"//button[@class='btn secondary-icon-btn-m view-all-transaction ng-star-inserted']"}
  (Session info: chrome=122.0.6261.112)
For documentation on this error, please visit: https://www.seleniumhq.org/exceptions/no_such_element.html
Build info: version: '3.141.59', revision: 'e82be7d358', time: '2018-11-14T08:17:03'
System info: host: 'EUROW42SLPC5721', ip: '192.168.29.116', os.name: 'Windows 10', os.arch: 'amd64', os.version: '10.0', java.version: '1.8.0_221'
Driver info: org.openqa.selenium.chrome.ChromeDriver
Capabilities {acceptInsecureCerts: false, browserName: chrome, browserVersion: 122.0.6261.112, chrome: {chromedriverVersion: 122.0.6261.111 (9d4c1072da6..., userDataDir: C:\Users\vs106039\AppData\L...}, fedcm:accounts: true, goog:chromeOptions: {debuggerAddress: localhost:54976}, javascriptEnabled: true, networkConnectionEnabled: false, pageLoadStrategy: normal, platform: WINDOWS, platformName: WINDOWS, proxy: Proxy(), setWindowRect: true, strictFileInteractability: false, timeouts: {implicit: 0, pageLoad: 300000, script: 30000}, unhandledPromptBehavior: dismiss and notify, webauthn:extension:credBlob: true, webauthn:extension:largeBlob: true, webauthn:extension:minPinLength: true, webauthn:extension:prf: true, webauthn:virtualAuthenticators: true}
Session ID: 64964a2a7787aab6594491e9b255f4ba
*** Element info: {Using=xpath, value=//button[@class='btn secondary-icon-btn-m view-all-transaction ng-star-inserted']}	 >>>>>> (Throwable.java:749)	13:29:28
	at sun.reflect.GeneratedConstructorAccessor91.newInstance(Unknown Source)	 >>>>>> (Throwable.java:749)	13:29:28
	at sun.reflect.DelegatingConstructorAccessorImpl.newInstance(DelegatingConstructorAccessorImpl.java:45)	 >>>>>> (Throwable.java:749)	13:29:28
	at java.lang.reflect.Constructor.newInstance(Constructor.java:423)	 >>>>>> (Throwable.java:749)	13:29:28
	at org.openqa.selenium.remote.http.W3CHttpResponseCodec.createException(W3CHttpResponseCodec.java:187)	 >>>>>> (Throwable.java:749)	13:29:28
	at org.openqa.selenium.remote.http.W3CHttpResponseCodec.decode(W3CHttpResponseCodec.java:122)	 >>>>>> (Throwable.java:749)	13:29:28
	at org.openqa.selenium.remote.http.W3CHttpResponseCodec.decode(W3CHttpResponseCodec.java:49)	 >>>>>> (Throwable.java:749)	13:29:28
	at org.openqa.selenium.remote.HttpCommandExecutor.execute(HttpCommandExecutor.java:158)	 >>>>>> (Throwable.java:749)	13:29:28
	at org.openqa.selenium.remote.service.DriverCommandExecutor.execute(DriverCommandExecutor.java:83)	 >>>>>> (Throwable.java:749)	13:29:28
	at org.openqa.selenium.remote.RemoteWebDriver.execute(RemoteWebDriver.java:552)	 >>>>>> (Throwable.java:749)	13:29:28
	at org.openqa.selenium.remote.RemoteWebDriver.findElement(RemoteWebDriver.java:323)	 >>>>>> (Throwable.java:749)	13:29:28
	at org.openqa.selenium.remote.RemoteWebDriver.findElementByXPath(RemoteWebDriver.java:428)	 >>>>>> (Throwable.java:749)	13:29:28
	at org.openqa.selenium.By$ByXPath.findElement(By.java:353)	 >>>>>> (Throwable.java:749)	13:29:28
	at org.openqa.selenium.remote.RemoteWebDriver.findElement(RemoteWebDriver.java:315)	 >>>>>> (Throwable.java:749)	13:29:28
	at sun.reflect.GeneratedMethodAccessor8.invoke(Unknown Source)	 >>>>>> (Throwable.java:749)	13:29:28
	at sun.reflect.DelegatingMethodAccessorImpl.invoke(DelegatingMethodAccessorImpl.java:43)	 >>>>>> (Throwable.java:749)	13:29:28
	at java.lang.reflect.Method.invoke(Method.java:498)	 >>>>>> (Throwable.java:749)	13:29:28
	at org.openqa.selenium.support.events.EventFiringWebDriver.lambda$new$1(EventFiringWebDriver.java:105)	 >>>>>> (Throwable.java:749)	13:29:28
	at com.sun.proxy.$Proxy25.findElement(Unknown Source)	 >>>>>> (Throwable.java:749)	13:29:28
	at org.openqa.selenium.support.events.EventFiringWebDriver.findElement(EventFiringWebDriver.java:194)	 >>>>>> (Throwable.java:749)	13:29:28
	at org.openqa.selenium.support.pagefactory.DefaultElementLocator.findElement(DefaultElementLocator.java:69)	 >>>>>> (Throwable.java:749)	13:29:28
	at org.openqa.selenium.support.pagefactory.internal.LocatingElementHandler.invoke(LocatingElementHandler.java:38)	 >>>>>> (Throwable.java:749)	13:29:28
	at com.sun.proxy.$Proxy28.isDisplayed(Unknown Source)	 >>>>>> (Throwable.java:749)	13:29:28
	at com.zensar.scriptutils.GlobalFunction.waitForElement(GlobalFunction.java:1677)	 >>>>>> (Throwable.java:749)	13:29:28
	at com.zensar.pageobjects.CloseTransaction.viewAllClose(CloseTransaction.java:49)	 >>>>>> (Throwable.java:749)	13:29:28
	at com.zensar.stepDefinations.CloseTransactionStepDefinitions.user_clicks_on_set_up_Project_icon(CloseTransactionStepDefinitions.java:32)	 >>>>>> (Throwable.java:749)	13:29:28
	at ?.User clicks on View all Close Transaction(src/main/java/com/zensar/features/CloseTransaction.feature:9)	 >>>>>> (Throwable.java:749)	13:29:28

Suite Complete - CloseTransaction	 >>>>>> (CloseTransaction.java:77)	13:29:28
10
isPresent	 >>>>>> (GlobalFunction.java:74)	13:29:29
1
isPresent	 >>>>>> (GlobalFunction.java:74)	13:29:30
11
isPresent	 >>>>>> (GlobalFunction.java:74)	13:29:31
2
isPresent	 >>>>>> (GlobalFunction.java:74)	13:29:32
isPresent	 >>>>>> (GlobalFunction.java:74)	13:29:32
12
isPresent	 >>>>>> (GlobalFunction.java:74)	13:29:33
13
isPresent	 >>>>>> (GlobalFunction.java:74)	13:29:35
click	 >>>>>> (GlobalFunction.java:74)	13:29:37
14
isPresent	 >>>>>> (GlobalFunction.java:74)	13:29:37
15
isPresent	 >>>>>> (GlobalFunction.java:74)	13:29:39
16
isPresent	 >>>>>> (GlobalFunction.java:74)	13:29:41
>>>ExcelInput  ProjectContact  - AddContact  - FirstName	 >>>>>> (ExcelInput.java:14)	13:29:42
Value:Himanshu	 >>>>>> (ExcelInput.java:22)	13:29:42
clearAndEnterText	 >>>>>> (GlobalFunction.java:74)	13:29:42
isPresent	 >>>>>> (GlobalFunction.java:74)	13:29:43
zAssertTrue	 >>>>>> (GlobalFunction.java:74)	13:29:43
17
isPresent	 >>>>>> (GlobalFunction.java:74)	13:29:44
18
isPresent	 >>>>>> (GlobalFunction.java:74)	13:29:46
>>>ExcelInput  ProjectContact  - AddContact  - LastName	 >>>>>> (ExcelInput.java:14)	13:29:48
Value:Upreti	 >>>>>> (ExcelInput.java:22)	13:29:48
clearAndEnterText	 >>>>>> (GlobalFunction.java:74)	13:29:48
19
isPresent	 >>>>>> (GlobalFunction.java:74)	13:29:48
embedScreenshot	 >>>>>> (GlobalFunction.java:74)	13:29:48
Thread Local getDrive()	 >>>>>> (DriverHandler.java:87)	13:29:48
isPresent	 >>>>>> (GlobalFunction.java:74)	13:29:48
zAssertTrue	 >>>>>> (GlobalFunction.java:74)	13:29:48
waitForElement	 >>>>>> (GlobalFunction.java:74)	13:29:48
isPresent	 >>>>>> (GlobalFunction.java:74)	13:29:48
isPresent	 >>>>>> (GlobalFunction.java:74)	13:29:48
20
isPresent	 >>>>>> (GlobalFunction.java:74)	13:29:50
21
isPresent	 >>>>>> (GlobalFunction.java:74)	13:29:52
click	 >>>>>> (GlobalFunction.java:74)	13:29:53
embedScreenshot	 >>>>>> (GlobalFunction.java:74)	13:29:53
Thread Local getDrive()	 >>>>>> (DriverHandler.java:87)	13:29:53
waitForElement	 >>>>>> (GlobalFunction.java:74)	13:29:54
isPresent	 >>>>>> (GlobalFunction.java:74)	13:29:54
isPresent	 >>>>>> (GlobalFunction.java:74)	13:29:54
22
isPresent	 >>>>>> (GlobalFunction.java:74)	13:29:54
23
isPresent	 >>>>>> (GlobalFunction.java:74)	13:29:56
24
isPresent	 >>>>>> (GlobalFunction.java:74)	13:29:58
>>>ExcelInput  ProjectContact  - AddContact  - JobTitle	 >>>>>> (ExcelInput.java:14)	13:29:59
Value:Chairman	 >>>>>> (ExcelInput.java:22)	13:29:59
selectBoxByVisibleTextContains	 >>>>>> (GlobalFunction.java:74)	13:29:59
embedScreenshot	 >>>>>> (GlobalFunction.java:74)	13:29:59
Thread Local getDrive()	 >>>>>> (DriverHandler.java:87)	13:29:59
waitForElement	 >>>>>> (GlobalFunction.java:74)	13:29:59
isPresent	 >>>>>> (GlobalFunction.java:74)	13:29:59
isPresent	 >>>>>> (GlobalFunction.java:74)	13:29:59
25
isPresent	 >>>>>> (GlobalFunction.java:74)	13:30:0
26
isPresent	 >>>>>> (GlobalFunction.java:74)	13:30:2
27
isPresent	 >>>>>> (GlobalFunction.java:74)	13:30:4
>>>ExcelInput  ProjectContact  - AddContact  - ProjectRole	 >>>>>> (ExcelInput.java:14)	13:30:4
Value:Client team member	 >>>>>> (ExcelInput.java:22)	13:30:4
selectBoxByVisibleTextContains	 >>>>>> (GlobalFunction.java:74)	13:30:4
embedScreenshot	 >>>>>> (GlobalFunction.java:74)	13:30:4
Thread Local getDrive()	 >>>>>> (DriverHandler.java:87)	13:30:4
waitForElement	 >>>>>> (GlobalFunction.java:74)	13:30:5
isPresent	 >>>>>> (GlobalFunction.java:74)	13:30:5
isPresent	 >>>>>> (GlobalFunction.java:74)	13:30:5
28
isPresent	 >>>>>> (GlobalFunction.java:74)	13:30:6
29
isPresent	 >>>>>> (GlobalFunction.java:74)	13:30:8
click	 >>>>>> (GlobalFunction.java:74)	13:30:10
embedScreenshot	 >>>>>> (GlobalFunction.java:74)	13:30:10
Thread Local getDrive()	 >>>>>> (DriverHandler.java:87)	13:30:10
30
isPresent	 >>>>>> (GlobalFunction.java:74)	13:30:10
>>>ExcelInput  ProjectContact  - AddContact  - Email	 >>>>>> (ExcelInput.java:14)	13:30:10
Value:Tester1@yopmail.com	 >>>>>> (ExcelInput.java:22)	13:30:10
clearAndEnterText	 >>>>>> (GlobalFunction.java:74)	13:30:10
isPresent	 >>>>>> (GlobalFunction.java:74)	13:30:10
embedScreenshot	 >>>>>> (GlobalFunction.java:74)	13:30:10
Thread Local getDrive()	 >>>>>> (DriverHandler.java:87)	13:30:10
1 row(s) affected	 >>>>>> (Connection.java:73)	13:30:11
1 row(s) affected	 >>>>>> (Connection.java:73)	13:30:11
1 row(s) affected	 >>>>>> (Connection.java:73)	13:30:11


[ERROR]	 Attempt 1 of 1 to execute  [FAILED]	 >>>>>> (ActiveTransactionProviderList.java:44)	13:30:11
Feature :	ActiveTransactionProviderList	 >>>>>> (ActiveTransactionProviderList.java:60)	13:30:11
Scenario :	Verify user able Edit filter	 >>>>>> (ActiveTransactionProviderList.java:61)	13:30:11
DataSetName :	ProviderList
	 >>>>>> (ActiveTransactionProviderList.java:62)	13:30:11
[INFO]	 Not going to attempt again.	 >>>>>> (ActiveTransactionProviderList.java:50)	13:30:11
]]></system-out>
    <system-err><![CDATA[org.openqa.selenium.NoSuchElementException: no such element: Unable to locate element: {"method":"xpath","selector":"//button[@class='btn primary-btn-large save-provider-list']"}
  (Session info: chrome=122.0.6261.112)
For documentation on this error, please visit: https://www.seleniumhq.org/exceptions/no_such_element.html
Build info: version: '3.141.59', revision: 'e82be7d358', time: '2018-11-14T08:17:03'
System info: host: 'EUROW42SLPC5721', ip: '192.168.29.116', os.name: 'Windows 10', os.arch: 'amd64', os.version: '10.0', java.version: '1.8.0_221'
Driver info: org.openqa.selenium.chrome.ChromeDriver
Capabilities {acceptInsecureCerts: false, browserName: chrome, browserVersion: 122.0.6261.112, chrome: {chromedriverVersion: 122.0.6261.111 (9d4c1072da6..., userDataDir: C:\Users\vs106039\AppData\L...}, fedcm:accounts: true, goog:chromeOptions: {debuggerAddress: localhost:55081}, javascriptEnabled: true, networkConnectionEnabled: false, pageLoadStrategy: normal, platform: WINDOWS, platformName: WINDOWS, proxy: Proxy(), setWindowRect: true, strictFileInteractability: false, timeouts: {implicit: 0, pageLoad: 300000, script: 30000}, unhandledPromptBehavior: dismiss and notify, webauthn:extension:credBlob: true, webauthn:extension:largeBlob: true, webauthn:extension:minPinLength: true, webauthn:extension:prf: true, webauthn:virtualAuthenticators: true}
Session ID: 904804093e814039d69c5746e00f7b01
*** Element info: {Using=xpath, value=//button[@class='btn primary-btn-large save-provider-list']}
	at sun.reflect.GeneratedConstructorAccessor91.newInstance(Unknown Source)
	at sun.reflect.DelegatingConstructorAccessorImpl.newInstance(DelegatingConstructorAccessorImpl.java:45)
	at java.lang.reflect.Constructor.newInstance(Constructor.java:423)
	at org.openqa.selenium.remote.http.W3CHttpResponseCodec.createException(W3CHttpResponseCodec.java:187)
	at org.openqa.selenium.remote.http.W3CHttpResponseCodec.decode(W3CHttpResponseCodec.java:122)
	at org.openqa.selenium.remote.http.W3CHttpResponseCodec.decode(W3CHttpResponseCodec.java:49)
	at org.openqa.selenium.remote.HttpCommandExecutor.execute(HttpCommandExecutor.java:158)
	at org.openqa.selenium.remote.service.DriverCommandExecutor.execute(DriverCommandExecutor.java:83)
	at org.openqa.selenium.remote.RemoteWebDriver.execute(RemoteWebDriver.java:552)
	at org.openqa.selenium.remote.RemoteWebDriver.findElement(RemoteWebDriver.java:323)
	at org.openqa.selenium.remote.RemoteWebDriver.findElementByXPath(RemoteWebDriver.java:428)
	at org.openqa.selenium.By$ByXPath.findElement(By.java:353)
	at org.openqa.selenium.remote.RemoteWebDriver.findElement(RemoteWebDriver.java:315)
	at sun.reflect.GeneratedMethodAccessor8.invoke(Unknown Source)
	at sun.reflect.DelegatingMethodAccessorImpl.invoke(DelegatingMethodAccessorImpl.java:43)
	at java.lang.reflect.Method.invoke(Method.java:498)
	at org.openqa.selenium.support.events.EventFiringWebDriver.lambda$new$1(EventFiringWebDriver.java:105)
	at com.sun.proxy.$Proxy25.findElement(Unknown Source)
	at org.openqa.selenium.support.events.EventFiringWebDriver.findElement(EventFiringWebDriver.java:194)
	at org.openqa.selenium.support.pagefactory.DefaultElementLocator.findElement(DefaultElementLocator.java:69)
	at org.openqa.selenium.support.pagefactory.internal.LocatingElementHandler.invoke(LocatingElementHandler.java:38)
	at com.sun.proxy.$Proxy28.isDisplayed(Unknown Source)
	at com.zensar.scriptutils.GlobalFunction.waitForElement(GlobalFunction.java:1677)
	at com.zensar.pageobjects.ProjectDetails.editProvider(ProjectDetails.java:229)
	at com.zensar.stepDefinations.ActiveTransactionProviderListStepDefinitions.able_to_click_on_Edit_change_values(ActiveTransactionProviderListStepDefinitions.java:47)
	at ✽.Able to click on Edit & change values for In scope geographies ,In Scope industry & TCV(src/main/java/com/zensar/features/ActiveTransactionProviderList.feature:66)
]]></system-err>
  </testcase>
  <testcase name="feature[com.zensar.scriptutils.PickleWrapper@5737ef9c](1)" classname="com.zensar.runner.ActiveTransactionScopeBuilder" time="61.393">
    <system-out><![CDATA[Feature: SetupProject

  Scenario Outline: Verify user able to Setup new Project #<DataSetName> # src/main/java/com/zensar/features/SetupProject.feature:6
    When user logs in to ISG
    Then Verify for Notifications
    Then User clicks on set up Project icon
    Then User verifies project details & click on next
    And Navigate to Project Overview section & add project overview
    Then Select Anticipated award Date
    Then Select Competitive Project
    Then Select Primary objevtives of sourcing
    Then Clicks on Next & Add Client Lead
    Then Enter Client First Name & Last Name
    Then Add Client Lead Email Address & click on next

    Examples: 

  Background:                                          # src/main/java/com/zensar/features/SetupProject.feature:3
    Given User navigates to ISG Landing Page and Login # SetupProjectStepDefinitions.user_navigates_to_Isg_Landing_Page()

  Scenario Outline: Verify user able to Setup new Project #ValidLogin # src/main/java/com/zensar/features/SetupProject.feature:22
    When user logs in to ISG                                          # SetupProjectStepDefinitions.user_clicks_on_submit_another_item()
[INFO]	[Assertion Pass]	Number of Set up Project notification =  3
    Then Verify for Notifications                                     # SetupProjectStepDefinitions.verify_for_Notifications()
[INFO]	[Assertion Pass]	redirected to Project setup page
    Then User clicks on set up Project icon                           # SetupProjectStepDefinitions.user_clicks_on_set_up_Project_icon()
[INFO]	[Assertion Pass]	Project Number for the Project =  8018122
[INFO]	[Assertion Pass]	Client Name for the Project =  ACME Ventures
[INFO]	[Assertion Pass]	Client Name for the Project =  ACME NGS Train 98
[INFO]	[Assertion Pass]	Client Name for the Project =  Kathy Rudy
[INFO]	[Assertion Pass]	Client Name for the Project =  Sourcing 3 Next Gen
[INFO]	[Assertion Pass]	Client Name for the Project =  01 Mar 2024
[INFO]	[Assertion Pass]	Client Name for the Project =  11 Jun 2024
[INFO]	[Assertion Pass]	Client Name for the Project =  USA
[INFO]	[Assertion Pass]	Client Name for the Project =  Consumer Services
    Then User verifies project details & click on next                # SetupProjectStepDefinitions.user_verifies_project_details_click_next()
[INFO]	[Assertion Pass]	redirected to project overview page
    And Navigate to Project Overview section & add project overview   # SetupProjectStepDefinitions.navigate_Project_Overview_section_add_project_overview()
[INFO]	[Assertion Pass]	Anticipated date is selected
    Then Select Anticipated award Date                                # SetupProjectStepDefinitions.select_Anticipated_award_Date()
[INFO]	[Assertion Pass]	Competitive Project is selected
    Then Select Competitive Project                                   # SetupProjectStepDefinitions.select_Competitive_Project()
[INFO]	[Assertion Pass]	Primary Objective value is selected
    Then Select Primary objevtives of sourcing                        # SetupProjectStepDefinitions.select_Primary_objevtives_of_sourcing()
[INFO]	[Assertion Pass]	redirected to add client lead page
    Then Clicks on Next & Add Client Lead                             # SetupProjectStepDefinitions.clicks_on_Next_Add_Client_Lead()
[INFO]	[Assertion Pass]	User entered first Name
[INFO]	[Assertion Pass]	User entered last Name
    Then Enter Client First Name & Last Name                          # SetupProjectStepDefinitions.enter_Client_First_Name_Last_Name()
[INFO]	[Assertion Pass]	User entered Lead Email ID
    Then Add Client Lead Email Address & click on next                # SetupProjectStepDefinitions.add_Client_Lead_Email_Address_click_on_next()

  Scenario Outline: Verify user able to Setup new Project with Projet Overview validation #<DataSetName> # src/main/java/com/zensar/features/SetupProject.feature:24
    When user logs in to ISG
    Then Verify for Notifications
    Then User clicks on set up Project icon
    Then User verifies project details & click on next
    And Navigate to Project Overview section & add project overview for 5000 Chracter check
    Then Select Anticipated award Date
    Then Select Competitive Project
    Then Select Primary objevtives of sourcing
    Then Clicks on Next & Add Client Lead
    Then Enter Client First Name & Last Name
    Then Add Client Lead Email Address & click on next

    Examples: 

  Background:                                          # src/main/java/com/zensar/features/SetupProject.feature:3
    Given User navigates to ISG Landing Page and Login # SetupProjectStepDefinitions.user_navigates_to_Isg_Landing_Page()

  Scenario Outline: Verify user able to Setup new Project with Projet Overview validation #ValidLogin # src/main/java/com/zensar/features/SetupProject.feature:40
    When user logs in to ISG                                                                          # SetupProjectStepDefinitions.user_clicks_on_submit_another_item()
[INFO]	[Assertion Pass]	Number of Set up Project notification =  3
    Then Verify for Notifications                                                                     # SetupProjectStepDefinitions.verify_for_Notifications()
[INFO]	[Assertion Pass]	redirected to Project setup page
    Then User clicks on set up Project icon                                                           # SetupProjectStepDefinitions.user_clicks_on_set_up_Project_icon()
[INFO]	[Assertion Pass]	Project Number for the Project =  8018122
[INFO]	[Assertion Pass]	Client Name for the Project =  ACME Ventures
[INFO]	[Assertion Pass]	Client Name for the Project =  ACME NGS Train 98
[INFO]	[Assertion Pass]	Client Name for the Project =  Kathy Rudy
[INFO]	[Assertion Pass]	Client Name for the Project =  Sourcing 3 Next Gen
[INFO]	[Assertion Pass]	Client Name for the Project =  01 Mar 2024
[INFO]	[Assertion Pass]	Client Name for the Project =  11 Jun 2024
[INFO]	[Assertion Pass]	Client Name for the Project =  USA
[INFO]	[Assertion Pass]	Client Name for the Project =  Consumer Services
    Then User verifies project details & click on next                                                # SetupProjectStepDefinitions.user_verifies_project_details_click_next()
[INFO]	[Assertion Pass]	redirected to project overview page
    And Navigate to Project Overview section & add project overview for 5000 Chracter check           # SetupProjectStepDefinitions.navigate_Project_Overview_section_add_project_overview_5000_Chracter_check()
[INFO]	[Assertion Pass]	Anticipated date is selected
    Then Select Anticipated award Date                                                                # SetupProjectStepDefinitions.select_Anticipated_award_Date()
[INFO]	[Assertion Pass]	Competitive Project is selected
    Then Select Competitive Project                                                                   # SetupProjectStepDefinitions.select_Competitive_Project()
[INFO]	[Assertion Pass]	Primary Objective value is selected
    Then Select Primary objevtives of sourcing                                                        # SetupProjectStepDefinitions.select_Primary_objevtives_of_sourcing()
[INFO]	[Assertion Pass]	redirected to add client lead page
    Then Clicks on Next & Add Client Lead                                                             # SetupProjectStepDefinitions.clicks_on_Next_Add_Client_Lead()
[INFO]	[Assertion Pass]	User entered first Name
[INFO]	[Assertion Pass]	User entered last Name
    Then Enter Client First Name & Last Name                                                          # SetupProjectStepDefinitions.enter_Client_First_Name_Last_Name()
[INFO]	[Assertion Pass]	User entered Lead Email ID
    Then Add Client Lead Email Address & click on next                                                # SetupProjectStepDefinitions.add_Client_Lead_Email_Address_click_on_next()

  Scenario Outline: Verify user able to Setup new Project with first name validation #<DataSetName> # src/main/java/com/zensar/features/SetupProject.feature:42
    When user logs in to ISG
    Then Verify for Notifications
    Then User clicks on set up Project icon
    Then User verifies project details & click on next
    And Navigate to Project Overview section & add project overview
    Then Select Anticipated award Date
    Then Select Competitive Project
    Then Select Primary objevtives of sourcing
    Then Clicks on Next & Add Client Lead
    Then Enter Client First Name Validation and enter Last Name
    Then Add Client Lead Email Address & click on next

    Examples: 

  Background:                                          # src/main/java/com/zensar/features/SetupProject.feature:3
    Given User navigates to ISG Landing Page and Login # SetupProjectStepDefinitions.user_navigates_to_Isg_Landing_Page()

  Scenario Outline: Verify user able to Setup new Project with first name validation #ValidLogin # src/main/java/com/zensar/features/SetupProject.feature:58
    When user logs in to ISG                                                                     # SetupProjectStepDefinitions.user_clicks_on_submit_another_item()
[INFO]	[Assertion Pass]	Number of Set up Project notification =  3
    Then Verify for Notifications                                                                # SetupProjectStepDefinitions.verify_for_Notifications()
[INFO]	[Assertion Pass]	redirected to Project setup page
    Then User clicks on set up Project icon                                                      # SetupProjectStepDefinitions.user_clicks_on_set_up_Project_icon()
[INFO]	[Assertion Pass]	Project Number for the Project =  8018122
[INFO]	[Assertion Pass]	Client Name for the Project =  ACME Ventures
[INFO]	[Assertion Pass]	Client Name for the Project =  ACME NGS Train 98
[INFO]	[Assertion Pass]	Client Name for the Project =  Kathy Rudy
[INFO]	[Assertion Pass]	Client Name for the Project =  Sourcing 3 Next Gen
[INFO]	[Assertion Pass]	Client Name for the Project =  01 Mar 2024
[INFO]	[Assertion Pass]	Client Name for the Project =  11 Jun 2024
[INFO]	[Assertion Pass]	Client Name for the Project =  USA
[INFO]	[Assertion Pass]	Client Name for the Project =  Consumer Services
    Then User verifies project details & click on next                                           # SetupProjectStepDefinitions.user_verifies_project_details_click_next()
[INFO]	[Assertion Pass]	redirected to project overview page
    And Navigate to Project Overview section & add project overview                              # SetupProjectStepDefinitions.navigate_Project_Overview_section_add_project_overview()
[INFO]	[Assertion Pass]	Anticipated date is selected
    Then Select Anticipated award Date                                                           # SetupProjectStepDefinitions.select_Anticipated_award_Date()
[INFO]	[Assertion Pass]	Competitive Project is selected
    Then Select Competitive Project                                                              # SetupProjectStepDefinitions.select_Competitive_Project()
[INFO]	[Assertion Pass]	Primary Objective value is selected
    Then Select Primary objevtives of sourcing                                                   # SetupProjectStepDefinitions.select_Primary_objevtives_of_sourcing()
[INFO]	[Assertion Pass]	redirected to add client lead page
    Then Clicks on Next & Add Client Lead                                                        # SetupProjectStepDefinitions.clicks_on_Next_Add_Client_Lead()
[INFO]	[Assertion Pass]	User entered incorrect first Name with Number
[INFO]	[Assertion Pass]	Numbers are not allowed in this field.
Actual:Numbers are not allowed in this field.
ExpectedNumbers are not allowed in this field.
[INFO]	[Assertion Pass]	User entered incorrect first Name with Space
[INFO]	[Assertion Pass]	First name is required.
Actual:First name is required.
ExpectedFirst name is required.
[INFO]	[Assertion Pass]	User entered incorrect first Name with more than 100 Characters
[INFO]	[Assertion Pass]	Maximum 100 characters are allowed.
Actual:Maximum 100 characters are allowed.
ExpectedMaximum 100 characters are allowed.
[INFO]	[Assertion Pass]	User entered incorrect first Name with Special Character
[INFO]	[Assertion Pass]	Special characters are not allowed in this field.
Actual:Special characters are not allowed in this field.
ExpectedSpecial characters are not allowed in this field.
[INFO]	[Assertion Pass]	User entered incorrect first Name with blank space
[INFO]	[Assertion Pass]	First name is required.
Actual:First name is required.
ExpectedFirst name is required.
[INFO]	[Assertion Pass]	User entered last Name
    Then Enter Client First Name Validation and enter Last Name                                  # SetupProjectStepDefinitions.Enter_Client_First_Name_Validation_and_enter_Last_Name()
[INFO]	[Assertion Pass]	User entered Lead Email ID
    Then Add Client Lead Email Address & click on next                                           # SetupProjectStepDefinitions.add_Client_Lead_Email_Address_click_on_next()

  Scenario Outline: Verify user able to Setup new Project with last name validation #<DataSetName> # src/main/java/com/zensar/features/SetupProject.feature:60
    When user logs in to ISG
    Then Verify for Notifications
    Then User clicks on set up Project icon
    Then User verifies project details & click on next
    And Navigate to Project Overview section & add project overview
    Then Select Anticipated award Date
    Then Select Competitive Project
    Then Select Primary objevtives of sourcing
    Then Clicks on Next & Add Client Lead
    Then Enter Client First Name and enter Last Name with validation
    Then Add Client Lead Email Address & click on next

    Examples: 

  Background:                                          # src/main/java/com/zensar/features/SetupProject.feature:3
    Given User navigates to ISG Landing Page and Login # SetupProjectStepDefinitions.user_navigates_to_Isg_Landing_Page()

  Scenario Outline: Verify user able to Setup new Project with last name validation #ValidLogin # src/main/java/com/zensar/features/SetupProject.feature:76
    When user logs in to ISG                                                                    # SetupProjectStepDefinitions.user_clicks_on_submit_another_item()
[INFO]	[Assertion Pass]	Number of Set up Project notification =  3
    Then Verify for Notifications                                                               # SetupProjectStepDefinitions.verify_for_Notifications()
[INFO]	[Assertion Pass]	redirected to Project setup page
    Then User clicks on set up Project icon                                                     # SetupProjectStepDefinitions.user_clicks_on_set_up_Project_icon()
[INFO]	[Assertion Pass]	Project Number for the Project =  8018122
[INFO]	[Assertion Pass]	Client Name for the Project =  ACME Ventures
[INFO]	[Assertion Pass]	Client Name for the Project =  ACME NGS Train 98
[INFO]	[Assertion Pass]	Client Name for the Project =  Kathy Rudy
[INFO]	[Assertion Pass]	Client Name for the Project =  Sourcing 3 Next Gen
[INFO]	[Assertion Pass]	Client Name for the Project =  01 Mar 2024
[INFO]	[Assertion Pass]	Client Name for the Project =  11 Jun 2024
[INFO]	[Assertion Pass]	Client Name for the Project =  USA
[INFO]	[Assertion Pass]	Client Name for the Project =  Consumer Services
    Then User verifies project details & click on next                                          # SetupProjectStepDefinitions.user_verifies_project_details_click_next()
[INFO]	[Assertion Pass]	redirected to project overview page
    And Navigate to Project Overview section & add project overview                             # SetupProjectStepDefinitions.navigate_Project_Overview_section_add_project_overview()
[INFO]	[Assertion Pass]	Anticipated date is selected
    Then Select Anticipated award Date                                                          # SetupProjectStepDefinitions.select_Anticipated_award_Date()
[INFO]	[Assertion Pass]	Competitive Project is selected
    Then Select Competitive Project                                                             # SetupProjectStepDefinitions.select_Competitive_Project()
[INFO]	[Assertion Pass]	Primary Objective value is selected
    Then Select Primary objevtives of sourcing                                                  # SetupProjectStepDefinitions.select_Primary_objevtives_of_sourcing()
[INFO]	[Assertion Pass]	redirected to add client lead page
    Then Clicks on Next & Add Client Lead                                                       # SetupProjectStepDefinitions.clicks_on_Next_Add_Client_Lead()
[INFO]	[Assertion Pass]	User entered first Name
[INFO]	[Assertion Pass]	User entered incorrect last Name with Number
[INFO]	[Assertion Pass]	Numbers are not allowed in this field.
Actual:Numbers are not allowed in this field.
ExpectedNumbers are not allowed in this field.
[INFO]	[Assertion Pass]	User entered incorrect last Name with Space
[INFO]	[Assertion Pass]	Last name is required.
Actual:Last name is required.
ExpectedLast name is required.
[INFO]	[Assertion Pass]	User entered incorrect last Name with more than 100 character
[INFO]	[Assertion Pass]	Maximum 100 characters are allowed.
Actual:Maximum 100 characters are allowed.
ExpectedMaximum 100 characters are allowed.
[INFO]	[Assertion Pass]	User entered incorrect last Name with special character
[INFO]	[Assertion Pass]	Special characters are not allowed in this field.
Actual:Special characters are not allowed in this field.
ExpectedSpecial characters are not allowed in this field.
[INFO]	[Assertion Pass]	User entered incorrect last Name with blank space
[INFO]	[Assertion Pass]	Last name is required.
Actual:Last name is required.
ExpectedLast name is required.
    Then Enter Client First Name and enter Last Name with validation                            # SetupProjectStepDefinitions.Enter_Client_First_Name_and_enter_Last_Name_with_validation()
[INFO]	[Assertion Pass]	User entered Lead Email ID
    Then Add Client Lead Email Address & click on next                                          # SetupProjectStepDefinitions.add_Client_Lead_Email_Address_click_on_next()

  Scenario Outline: Verify user able to Setup new Project with email validation #<DataSetName> # src/main/java/com/zensar/features/SetupProject.feature:78
    When user logs in to ISG
    Then Verify for Notifications
    Then User clicks on set up Project icon
    Then User verifies project details & click on next
    And Navigate to Project Overview section & add project overview
    Then Select Anticipated award Date
    Then Select Competitive Project
    Then Select Primary objevtives of sourcing
    Then Clicks on Next & Add Client Lead
    Then Enter Client First Name & Last Name
    Then Add Client Lead Email Address & click on next after validation

    Examples: 

  Background:                                          # src/main/java/com/zensar/features/SetupProject.feature:3
    Given User navigates to ISG Landing Page and Login # SetupProjectStepDefinitions.user_navigates_to_Isg_Landing_Page()

  Scenario Outline: Verify user able to Setup new Project with email validation #ValidLogin # src/main/java/com/zensar/features/SetupProject.feature:94
    When user logs in to ISG                                                                # SetupProjectStepDefinitions.user_clicks_on_submit_another_item()
[INFO]	[Assertion Pass]	Number of Set up Project notification =  3
    Then Verify for Notifications                                                           # SetupProjectStepDefinitions.verify_for_Notifications()
[INFO]	[Assertion Pass]	redirected to Project setup page
    Then User clicks on set up Project icon                                                 # SetupProjectStepDefinitions.user_clicks_on_set_up_Project_icon()
[INFO]	[Assertion Pass]	Project Number for the Project =  8018122
[INFO]	[Assertion Pass]	Client Name for the Project =  ACME Ventures
[INFO]	[Assertion Pass]	Client Name for the Project =  ACME NGS Train 98
[INFO]	[Assertion Pass]	Client Name for the Project =  Kathy Rudy
[INFO]	[Assertion Pass]	Client Name for the Project =  Sourcing 3 Next Gen
[INFO]	[Assertion Pass]	Client Name for the Project =  01 Mar 2024
[INFO]	[Assertion Pass]	Client Name for the Project =  11 Jun 2024
[INFO]	[Assertion Pass]	Client Name for the Project =  USA
[INFO]	[Assertion Pass]	Client Name for the Project =  Consumer Services
    Then User verifies project details & click on next                                      # SetupProjectStepDefinitions.user_verifies_project_details_click_next()
[INFO]	[Assertion Pass]	redirected to project overview page
    And Navigate to Project Overview section & add project overview                         # SetupProjectStepDefinitions.navigate_Project_Overview_section_add_project_overview()
[INFO]	[Assertion Pass]	Anticipated date is selected
    Then Select Anticipated award Date                                                      # SetupProjectStepDefinitions.select_Anticipated_award_Date()
[INFO]	[Assertion Pass]	Competitive Project is selected
    Then Select Competitive Project                                                         # SetupProjectStepDefinitions.select_Competitive_Project()
[INFO]	[Assertion Pass]	Primary Objective value is selected
    Then Select Primary objevtives of sourcing                                              # SetupProjectStepDefinitions.select_Primary_objevtives_of_sourcing()
[INFO]	[Assertion Pass]	redirected to add client lead page
    Then Clicks on Next & Add Client Lead                                                   # SetupProjectStepDefinitions.clicks_on_Next_Add_Client_Lead()
[INFO]	[Assertion Pass]	User entered first Name
[INFO]	[Assertion Pass]	User entered last Name
    Then Enter Client First Name & Last Name                                                # SetupProjectStepDefinitions.enter_Client_First_Name_Last_Name()
[INFO]	[Assertion Pass]	Case 2 - Invalid Email address 
[INFO]	[Assertion Pass]	Invalid Email Field Error Validation
Actual:Not a valid email address.
ExpectedNot a valid email address.
[INFO]	[Assertion Pass]	Case 2 - Email field is Blank
[INFO]	[Assertion Pass]	Blank Email Field Error Validation
Actual:Email is required.
ExpectedEmail is required.
[INFO]	[Assertion Pass]	Case 3 - Email field cross character limit
[INFO]	[Assertion Pass]	maximum character limit Error Validation
Actual:Maximum 255 characters are allowed.
ExpectedMaximum 255 characters are allowed.
[INFO]	[Assertion Pass]	User entered Non Com email Address
    Then Add Client Lead Email Address & click on next after validation                     # SetupProjectStepDefinitions.Add_Client_Lead_Email_Address_click_on_next_after_validation()

  Scenario Outline: Verify user able to Setup new Project with sole source #<DataSetName> # src/main/java/com/zensar/features/SetupProject.feature:96
    When user logs in to ISG
    Then Verify for Notifications
    Then User clicks on set up Project icon
    Then User verifies project details & click on next
    And Navigate to Project Overview section & add project overview
    Then Select Anticipated award Date
    Then Select sole source Project & reason
    Then Select Primary objevtives of sourcing
    Then Clicks on Next & Add Client Lead
    Then Enter Client First Name & Last Name
    Then Add Client Lead Email Address & click on next

    Examples: 

  Background:                                          # src/main/java/com/zensar/features/SetupProject.feature:3
    Given User navigates to ISG Landing Page and Login # SetupProjectStepDefinitions.user_navigates_to_Isg_Landing_Page()

  Scenario Outline: Verify user able to Setup new Project with sole source #ValidLogin # src/main/java/com/zensar/features/SetupProject.feature:112
    When user logs in to ISG                                                           # SetupProjectStepDefinitions.user_clicks_on_submit_another_item()
[INFO]	[Assertion Pass]	Number of Set up Project notification =  3
    Then Verify for Notifications                                                      # SetupProjectStepDefinitions.verify_for_Notifications()
[INFO]	[Assertion Pass]	redirected to Project setup page
    Then User clicks on set up Project icon                                            # SetupProjectStepDefinitions.user_clicks_on_set_up_Project_icon()
[INFO]	[Assertion Pass]	Project Number for the Project =  8018122
[INFO]	[Assertion Pass]	Client Name for the Project =  ACME Ventures
[INFO]	[Assertion Pass]	Client Name for the Project =  ACME NGS Train 98
[INFO]	[Assertion Pass]	Client Name for the Project =  Kathy Rudy
[INFO]	[Assertion Pass]	Client Name for the Project =  Sourcing 3 Next Gen
[INFO]	[Assertion Pass]	Client Name for the Project =  01 Mar 2024
[INFO]	[Assertion Pass]	Client Name for the Project =  11 Jun 2024
[INFO]	[Assertion Pass]	Client Name for the Project =  USA
[INFO]	[Assertion Pass]	Client Name for the Project =  Consumer Services
    Then User verifies project details & click on next                                 # SetupProjectStepDefinitions.user_verifies_project_details_click_next()
[INFO]	[Assertion Pass]	redirected to project overview page
    And Navigate to Project Overview section & add project overview                    # SetupProjectStepDefinitions.navigate_Project_Overview_section_add_project_overview()
[INFO]	[Assertion Pass]	Anticipated date is selected
    Then Select Anticipated award Date                                                 # SetupProjectStepDefinitions.select_Anticipated_award_Date()
[INFO]	[Assertion Pass]	Sole Source Project is selected
    Then Select sole source Project & reason                                           # SetupProjectStepDefinitions.Select_sole_source_Project_and_reason()
[INFO]	[Assertion Pass]	Primary Objective value is selected
    Then Select Primary objevtives of sourcing                                         # SetupProjectStepDefinitions.select_Primary_objevtives_of_sourcing()
[INFO]	[Assertion Pass]	redirected to add client lead page
    Then Clicks on Next & Add Client Lead                                              # SetupProjectStepDefinitions.clicks_on_Next_Add_Client_Lead()
[INFO]	[Assertion Pass]	User entered first Name
[INFO]	[Assertion Pass]	User entered last Name
    Then Enter Client First Name & Last Name                                           # SetupProjectStepDefinitions.enter_Client_First_Name_Last_Name()
[INFO]	[Assertion Pass]	User entered Lead Email ID
    Then Add Client Lead Email Address & click on next                                 # SetupProjectStepDefinitions.add_Client_Lead_Email_Address_click_on_next()

  Scenario Outline: Verify user is able to check number of notifications on Home page#<DataSetName> # src/main/java/com/zensar/features/SetupProject.feature:115
    When user logs in to ISG
    Then Verify and check for number of Notifications

    Examples: 

  Background:                                          # src/main/java/com/zensar/features/SetupProject.feature:3
    Given User navigates to ISG Landing Page and Login # SetupProjectStepDefinitions.user_navigates_to_Isg_Landing_Page()

  Scenario Outline: Verify user is able to check number of notifications on Home page#ValidLogin # src/main/java/com/zensar/features/SetupProject.feature:122
    When user logs in to ISG                                                                     # SetupProjectStepDefinitions.user_clicks_on_submit_another_item()
[INFO]	[Assertion Pass]	Show fewer notifications
    Then Verify and check for number of Notifications                                            # SetupProjectStepDefinitions.Verify_and_check_for_number_of_Notifications()

7 Scenarios (7 passed)	 >>>>>> (Stats.java:129)	13:24:4
75 Steps (75 passed)	 >>>>>> (Stats.java:122)	13:24:4
6m15.692s	 >>>>>> (Stats.java:157)	13:24:4

Suite Complete - SetupProject	 >>>>>> (SetupProject.java:77)	13:24:4
[INFO]	 Attempt 1 of 1 to execute 	 >>>>>> (ActiveTransactionScopeBuilder.java:35)	13:24:4
Feature :	ActiveTransactionScopeBuilder	 >>>>>> (ActiveTransactionScopeBuilder.java:60)	13:24:4
Scenario :	Verify user able add common packed service to the bundle	 >>>>>> (ActiveTransactionScopeBuilder.java:61)	13:24:4
DataSetName :	ScopeBuilder
	 >>>>>> (ActiveTransactionScopeBuilder.java:62)	13:24:4
SCENARIO STATE Init	 >>>>>> (Hooks.java:24)	13:24:4
waitForElement	 >>>>>> (GlobalFunction.java:74)	13:24:5
isPresent	 >>>>>> (GlobalFunction.java:74)	13:24:5
isPresent	 >>>>>> (GlobalFunction.java:74)	13:24:5
getText	 >>>>>> (GlobalFunction.java:74)	13:24:5
User will be redirected to Provider list: Provider list	 >>>>>> (ProjectDetails.java:178)	13:24:5
embedScreenshot	 >>>>>> (GlobalFunction.java:74)	13:24:5
Thread Local getDrive()	 >>>>>> (DriverHandler.java:87)	13:24:5
zAssertTrue	 >>>>>> (GlobalFunction.java:74)	13:24:5
click	 >>>>>> (GlobalFunction.java:74)	13:24:6
Thread Local getDrive()	 >>>>>> (DriverHandler.java:87)	13:24:7
3 columns(s) affected	 >>>>>> (Connection.java:93)	13:24:7
1 row(s) affected	 >>>>>> (Connection.java:73)	13:24:7
1 row(s) affected	 >>>>>> (Connection.java:73)	13:24:7
1 row(s) affected	 >>>>>> (Connection.java:73)	13:24:7
BROWSER STACK SESSION : 	 >>>>>> (OutputSheetLogger.java:174)	13:24:7
Thread Local getDrive()	 >>>>>> (DriverHandler.java:87)	13:24:7
ce9d7d6f793ae7b122873af7762c3b0d	 >>>>>> (OutputSheetLogger.java:175)	13:24:7
Entered try in open	 >>>>>> (IsgLandingPage.java:145)	13:24:7
>>>ExcelInput  ActiveTransactionProviderList  - ProviderList  - ProviderName	 >>>>>> (ExcelInput.java:14)	13:24:10
clearAndEnterText	 >>>>>> (GlobalFunction.java:74)	13:24:10
getText	 >>>>>> (GlobalFunction.java:74)	13:24:10
Number of Active Transaction: Active transactions (2)	 >>>>>> (ProjectContact.java:113)	13:24:11
embedScreenshot	 >>>>>> (GlobalFunction.java:74)	13:24:11
Thread Local getDrive()	 >>>>>> (DriverHandler.java:87)	13:24:11
zAssertTrue	 >>>>>> (GlobalFunction.java:74)	13:24:11
waitForElement	 >>>>>> (GlobalFunction.java:74)	13:24:11
isPresent	 >>>>>> (GlobalFunction.java:74)	13:24:11
isPresent	 >>>>>> (GlobalFunction.java:74)	13:24:11
embedScreenshot	 >>>>>> (GlobalFunction.java:74)	13:24:12
highlightElement	 >>>>>> (GlobalFunction.java:74)	13:24:12
Thread Local getDrive()	 >>>>>> (DriverHandler.java:87)	13:24:12
unHighlightElement	 >>>>>> (GlobalFunction.java:74)	13:24:12
forceClick	 >>>>>> (GlobalFunction.java:74)	13:24:12
Clicked Login	 >>>>>> (IsgLandingPage.java:179)	13:24:13
username : NGS3@isg-one.com	 >>>>>> (IsgLandingPage.java:181)	13:24:17
password : T|2txZ>UJs	 >>>>>> (IsgLandingPage.java:183)	13:24:17
embedScreenshot	 >>>>>> (GlobalFunction.java:74)	13:24:17
highlightElement	 >>>>>> (GlobalFunction.java:74)	13:24:17
Thread Local getDrive()	 >>>>>> (DriverHandler.java:87)	13:24:17
unHighlightElement	 >>>>>> (GlobalFunction.java:74)	13:24:17
click	 >>>>>> (GlobalFunction.java:74)	13:24:18
isPresent	 >>>>>> (GlobalFunction.java:74)	13:24:18
Thread Local getDrive()	 >>>>>> (DriverHandler.java:87)	13:24:18
Thread Local getDrive()	 >>>>>> (DriverHandler.java:87)	13:24:18
Thread Local getDrive()	 >>>>>> (DriverHandler.java:87)	13:24:18
isPresent	 >>>>>> (GlobalFunction.java:74)	13:24:18
waitForElementClickabality	 >>>>>> (GlobalFunction.java:74)	13:24:19
click	 >>>>>> (GlobalFunction.java:74)	13:24:21
embedScreenshot	 >>>>>> (GlobalFunction.java:74)	13:24:21
Thread Local getDrive()	 >>>>>> (DriverHandler.java:87)	13:24:21
click	 >>>>>> (GlobalFunction.java:74)	13:24:30
embedScreenshot	 >>>>>> (GlobalFunction.java:74)	13:24:31
highlightElement	 >>>>>> (GlobalFunction.java:74)	13:24:31
Thread Local getDrive()	 >>>>>> (DriverHandler.java:87)	13:24:31
unHighlightElement	 >>>>>> (GlobalFunction.java:74)	13:24:32
getText	 >>>>>> (GlobalFunction.java:74)	13:24:34
Number of Active Transaction: Active transactions (2)	 >>>>>> (ProjectContact.java:113)	13:24:34
embedScreenshot	 >>>>>> (GlobalFunction.java:74)	13:24:34
Thread Local getDrive()	 >>>>>> (DriverHandler.java:87)	13:24:34
zAssertTrue	 >>>>>> (GlobalFunction.java:74)	13:24:34
waitForElement	 >>>>>> (GlobalFunction.java:74)	13:24:34
isPresent	 >>>>>> (GlobalFunction.java:74)	13:24:34
isPresent	 >>>>>> (GlobalFunction.java:74)	13:24:34
click	 >>>>>> (GlobalFunction.java:74)	13:24:37
click	 >>>>>> (GlobalFunction.java:74)	13:24:42
click	 >>>>>> (GlobalFunction.java:74)	13:24:44
embedScreenshot	 >>>>>> (GlobalFunction.java:74)	13:24:44
Thread Local getDrive()	 >>>>>> (DriverHandler.java:87)	13:24:44
embedScreenshot	 >>>>>> (GlobalFunction.java:74)	13:24:47
highlightElement	 >>>>>> (GlobalFunction.java:74)	13:24:47
Thread Local getDrive()	 >>>>>> (DriverHandler.java:87)	13:24:47
unHighlightElement	 >>>>>> (GlobalFunction.java:74)	13:24:47
click	 >>>>>> (GlobalFunction.java:74)	13:24:52
waitForElement	 >>>>>> (GlobalFunction.java:74)	13:24:55
isPresent	 >>>>>> (GlobalFunction.java:74)	13:24:55
isPresent	 >>>>>> (GlobalFunction.java:74)	13:24:55
click	 >>>>>> (GlobalFunction.java:74)	13:24:55
embedScreenshot	 >>>>>> (GlobalFunction.java:74)	13:24:55
Thread Local getDrive()	 >>>>>> (DriverHandler.java:87)	13:24:55
waitForElement	 >>>>>> (GlobalFunction.java:74)	13:24:56
isPresent	 >>>>>> (GlobalFunction.java:74)	13:24:56
1
isPresent	 >>>>>> (GlobalFunction.java:74)	13:24:58
2
isPresent	 >>>>>> (GlobalFunction.java:74)	13:25:0
isPresent	 >>>>>> (GlobalFunction.java:74)	13:25:0
click	 >>>>>> (GlobalFunction.java:74)	13:25:0
click	 >>>>>> (GlobalFunction.java:74)	13:25:1
waitForElement	 >>>>>> (GlobalFunction.java:74)	13:25:5
isPresent	 >>>>>> (GlobalFunction.java:74)	13:25:5
isPresent	 >>>>>> (GlobalFunction.java:74)	13:25:5
click	 >>>>>> (GlobalFunction.java:74)	13:25:5
waitForElement	 >>>>>> (GlobalFunction.java:74)	13:25:5
isPresent	 >>>>>> (GlobalFunction.java:74)	13:25:5
isPresent	 >>>>>> (GlobalFunction.java:74)	13:25:5
click	 >>>>>> (GlobalFunction.java:74)	13:25:5
1 row(s) affected	 >>>>>> (Connection.java:73)	13:25:5
1 row(s) affected	 >>>>>> (Connection.java:73)	13:25:5
1 row(s) affected	 >>>>>> (Connection.java:73)	13:25:5
[INFO]	 Attempt 1 of 1 to execute  [PASSED]	 >>>>>> (ActiveTransactionScopeBuilder.java:38)	13:25:5
Feature :	ActiveTransactionScopeBuilder	 >>>>>> (ActiveTransactionScopeBuilder.java:60)	13:25:5
Scenario :	Verify user able add common packed service to the bundle	 >>>>>> (ActiveTransactionScopeBuilder.java:61)	13:25:5
DataSetName :	ScopeBuilder
	 >>>>>> (ActiveTransactionScopeBuilder.java:62)	13:25:5
]]></system-out>
    <system-err><![CDATA[[ERROR] Problem while finding out runner name
java.lang.NullPointerException
	at com.zensar.scriptutils.ScenarioState.<init>(ScenarioState.java:56)
	at sun.reflect.GeneratedConstructorAccessor134.newInstance(Unknown Source)
	at sun.reflect.DelegatingConstructorAccessorImpl.newInstance(DelegatingConstructorAccessorImpl.java:45)
	at java.lang.reflect.Constructor.newInstance(Constructor.java:423)
	at org.picocontainer.injectors.AbstractInjector.newInstance(AbstractInjector.java:145)
	at org.picocontainer.injectors.ConstructorInjector$1.run(ConstructorInjector.java:342)
	at org.picocontainer.injectors.AbstractInjector$ThreadLocalCyclicDependencyGuard.observe(AbstractInjector.java:270)
	at org.picocontainer.injectors.ConstructorInjector.getComponentInstance(ConstructorInjector.java:364)
	at org.picocontainer.injectors.AbstractInjectionFactory$LifecycleAdapter.getComponentInstance(AbstractInjectionFactory.java:56)
	at org.picocontainer.behaviors.AbstractBehavior.getComponentInstance(AbstractBehavior.java:64)
	at org.picocontainer.behaviors.Stored.getComponentInstance(Stored.java:91)
	at org.picocontainer.DefaultPicoContainer.getInstance(DefaultPicoContainer.java:699)
	at org.picocontainer.DefaultPicoContainer.getComponent(DefaultPicoContainer.java:647)
	at org.picocontainer.DefaultPicoContainer.getComponent(DefaultPicoContainer.java:632)
	at org.picocontainer.parameters.BasicComponentParameter$1.resolveInstance(BasicComponentParameter.java:118)
	at org.picocontainer.parameters.ComponentParameter$1.resolveInstance(ComponentParameter.java:136)
	at org.picocontainer.injectors.SingleMemberInjector.getParameter(SingleMemberInjector.java:78)
	at org.picocontainer.injectors.ConstructorInjector$CtorAndAdapters.getParameterArguments(ConstructorInjector.java:309)
	at org.picocontainer.injectors.ConstructorInjector$1.run(ConstructorInjector.java:335)
	at org.picocontainer.injectors.AbstractInjector$ThreadLocalCyclicDependencyGuard.observe(AbstractInjector.java:270)
	at org.picocontainer.injectors.ConstructorInjector.getComponentInstance(ConstructorInjector.java:364)
	at org.picocontainer.injectors.AbstractInjectionFactory$LifecycleAdapter.getComponentInstance(AbstractInjectionFactory.java:56)
	at org.picocontainer.behaviors.AbstractBehavior.getComponentInstance(AbstractBehavior.java:64)
	at org.picocontainer.behaviors.Stored.getComponentInstance(Stored.java:91)
	at org.picocontainer.DefaultPicoContainer.getInstance(DefaultPicoContainer.java:699)
	at org.picocontainer.DefaultPicoContainer.getComponent(DefaultPicoContainer.java:647)
	at org.picocontainer.DefaultPicoContainer.getComponent(DefaultPicoContainer.java:678)
	at cucumber.runtime.java.picocontainer.PicoFactory.getInstance(PicoFactory.java:40)
	at cucumber.runtime.java.JavaHookDefinition.execute(JavaHookDefinition.java:60)
	at cucumber.runner.HookDefinitionMatch.runStep(HookDefinitionMatch.java:16)
	at cucumber.runner.TestStep.executeStep(TestStep.java:63)
	at cucumber.runner.TestStep.run(TestStep.java:49)
	at cucumber.runner.TestCase.run(TestCase.java:40)
	at cucumber.runner.Runner.runPickle(Runner.java:40)
	at cucumber.api.testng.TestNGCucumberRunner.runScenario(TestNGCucumberRunner.java:68)
	at com.zensar.runner.ActiveTransactionScopeBuilder.feature(ActiveTransactionScopeBuilder.java:37)
	at sun.reflect.NativeMethodAccessorImpl.invoke0(Native Method)
	at sun.reflect.NativeMethodAccessorImpl.invoke(NativeMethodAccessorImpl.java:62)
	at sun.reflect.DelegatingMethodAccessorImpl.invoke(DelegatingMethodAccessorImpl.java:43)
	at java.lang.reflect.Method.invoke(Method.java:498)
	at org.testng.internal.MethodInvocationHelper.invokeMethod(MethodInvocationHelper.java:124)
	at org.testng.internal.Invoker.invokeMethod(Invoker.java:583)
	at org.testng.internal.Invoker.invokeTestMethod(Invoker.java:719)
	at org.testng.internal.Invoker.invokeTestMethods(Invoker.java:989)
	at org.testng.internal.TestMethodWorker.invokeTestMethods(TestMethodWorker.java:125)
	at org.testng.internal.TestMethodWorker.run(TestMethodWorker.java:109)
	at org.testng.TestRunner.privateRun(TestRunner.java:648)
	at org.testng.TestRunner.run(TestRunner.java:505)
	at org.testng.SuiteRunner.runTest(SuiteRunner.java:455)
	at org.testng.SuiteRunner.access$000(SuiteRunner.java:40)
	at org.testng.SuiteRunner$SuiteWorker.run(SuiteRunner.java:489)
	at org.testng.internal.thread.ThreadUtil$1.call(ThreadUtil.java:52)
	at java.util.concurrent.FutureTask.run(FutureTask.java:266)
	at java.util.concurrent.ThreadPoolExecutor.runWorker(ThreadPoolExecutor.java:1149)
	at java.util.concurrent.ThreadPoolExecutor$Worker.run(ThreadPoolExecutor.java:624)
	at java.lang.Thread.run(Thread.java:748)
375245 [TestNG-tests-3] INFO io.github.bonigarcia.wdm.WebDriverManager - Using chromedriver 122.0.6261.111 (resolved driver for Chrome 122)
375257 [TestNG-tests-3] INFO io.github.bonigarcia.wdm.WebDriverManager - Exporting webdriver.chrome.driver as C:\Users\vs106039\.cache\selenium\chromedriver\win64\122.0.6261.111\chromedriver.exe
Starting ChromeDriver 122.0.6261.111 (9d4c1072da62b411b351a38b9ed6214ab236aa7b-refs/branch-heads/6261@{#1015}) on port 23462
Only local connections are allowed.
Please see https://chromedriver.chromium.org/security-considerations for suggestions on keeping ChromeDriver safe.
ChromeDriver was started successfully.
Mar 12, 2024 1:24:07 PM org.openqa.selenium.remote.ProtocolHandshake createSession
INFO: Detected dialect: W3C
com.codoid.products.exception.FilloException: No records found
	at com.codoid.products.fillo.Recordset.<init>(Recordset.java:40)
	at com.codoid.products.fillo.Recordset.where(Recordset.java:220)
	at com.zensar.excel.ExcelInput.fetchData(ExcelInput.java:18)
	at com.zensar.scriptutils.GlobalFunction.getTestDataValue(GlobalFunction.java:1796)
	at com.zensar.pageobjects.ProjectDetails.addProvider(ProjectDetails.java:202)
	at com.zensar.stepDefinations.ActiveTransactionProviderListStepDefinitions.able_to_see_In_Process_provider_add_provider(ActiveTransactionProviderListStepDefinitions.java:31)
	at sun.reflect.NativeMethodAccessorImpl.invoke0(Native Method)
	at sun.reflect.NativeMethodAccessorImpl.invoke(NativeMethodAccessorImpl.java:62)
	at sun.reflect.DelegatingMethodAccessorImpl.invoke(DelegatingMethodAccessorImpl.java:43)
	at java.lang.reflect.Method.invoke(Method.java:498)
	at cucumber.runtime.Utils$1.call(Utils.java:26)
	at cucumber.runtime.Timeout.timeout(Timeout.java:16)
	at cucumber.runtime.Utils.invoke(Utils.java:20)
	at cucumber.runtime.java.JavaStepDefinition.execute(JavaStepDefinition.java:49)
	at cucumber.runner.PickleStepDefinitionMatch.runStep(PickleStepDefinitionMatch.java:50)
	at cucumber.runner.TestStep.executeStep(TestStep.java:63)
	at cucumber.runner.TestStep.run(TestStep.java:49)
	at cucumber.runner.PickleStepTestStep.run(PickleStepTestStep.java:43)
	at cucumber.runner.TestCase.run(TestCase.java:44)
	at cucumber.runner.Runner.runPickle(Runner.java:40)
	at cucumber.api.testng.TestNGCucumberRunner.runScenario(TestNGCucumberRunner.java:68)
	at com.zensar.runner.ActiveTransactionProviderList.feature(ActiveTransactionProviderList.java:37)
	at sun.reflect.NativeMethodAccessorImpl.invoke0(Native Method)
	at sun.reflect.NativeMethodAccessorImpl.invoke(NativeMethodAccessorImpl.java:62)
	at sun.reflect.DelegatingMethodAccessorImpl.invoke(DelegatingMethodAccessorImpl.java:43)
	at java.lang.reflect.Method.invoke(Method.java:498)
	at org.testng.internal.MethodInvocationHelper.invokeMethod(MethodInvocationHelper.java:124)
	at org.testng.internal.Invoker.invokeMethod(Invoker.java:583)
	at org.testng.internal.Invoker.invokeTestMethod(Invoker.java:719)
	at org.testng.internal.Invoker.invokeTestMethods(Invoker.java:989)
	at org.testng.internal.TestMethodWorker.invokeTestMethods(TestMethodWorker.java:125)
	at org.testng.internal.TestMethodWorker.run(TestMethodWorker.java:109)
	at org.testng.TestRunner.privateRun(TestRunner.java:648)
	at org.testng.TestRunner.run(TestRunner.java:505)
	at org.testng.SuiteRunner.runTest(SuiteRunner.java:455)
	at org.testng.SuiteRunner.access$000(SuiteRunner.java:40)
	at org.testng.SuiteRunner$SuiteWorker.run(SuiteRunner.java:489)
	at org.testng.internal.thread.ThreadUtil$1.call(ThreadUtil.java:52)
	at java.util.concurrent.FutureTask.run(FutureTask.java:266)
	at java.util.concurrent.ThreadPoolExecutor.runWorker(ThreadPoolExecutor.java:1149)
	at java.util.concurrent.ThreadPoolExecutor$Worker.run(ThreadPoolExecutor.java:624)
	at java.lang.Thread.run(Thread.java:748)
]]></system-err>
  </testcase>
  <testcase name="feature[com.zensar.scriptutils.PickleWrapper@6ba7cd34](2)" classname="com.zensar.runner.ActiveTransactionScopeBuilder" time="3.04">
    <system-out><![CDATA[[INFO]	 Attempt 1 of 1 to execute 	 >>>>>> (ActiveTransactionProviderList.java:35)	13:26:6
Feature :	ActiveTransactionProviderList	 >>>>>> (ActiveTransactionProviderList.java:60)	13:26:6
Scenario :	Verify user able to reinstate provider from Removed providers	 >>>>>> (ActiveTransactionProviderList.java:61)	13:26:6
DataSetName :	ProviderList
	 >>>>>> (ActiveTransactionProviderList.java:62)	13:26:6
SCENARIO STATE Init	 >>>>>> (Hooks.java:24)	13:26:6
isPresent	 >>>>>> (GlobalFunction.java:74)	13:26:6
Thread Local getDrive()	 >>>>>> (DriverHandler.java:87)	13:26:6
Thread Local getDrive()	 >>>>>> (DriverHandler.java:87)	13:26:6
Thread Local getDrive()	 >>>>>> (DriverHandler.java:87)	13:26:6
isPresent	 >>>>>> (GlobalFunction.java:74)	13:26:6
waitForElementClickabality	 >>>>>> (GlobalFunction.java:74)	13:26:7
waitForElement	 >>>>>> (GlobalFunction.java:74)	13:26:7
isPresent	 >>>>>> (GlobalFunction.java:74)	13:26:7
isPresent	 >>>>>> (GlobalFunction.java:74)	13:26:8
click	 >>>>>> (GlobalFunction.java:74)	13:26:8
Thread Local getDrive()	 >>>>>> (DriverHandler.java:87)	13:26:8
3 columns(s) affected	 >>>>>> (Connection.java:93)	13:26:8
1 row(s) affected	 >>>>>> (Connection.java:73)	13:26:8
1 row(s) affected	 >>>>>> (Connection.java:73)	13:26:8
1 row(s) affected	 >>>>>> (Connection.java:73)	13:26:8
BROWSER STACK SESSION : 	 >>>>>> (OutputSheetLogger.java:174)	13:26:8
Thread Local getDrive()	 >>>>>> (DriverHandler.java:87)	13:26:8
ab74f06b77455b1c1fb04f27cd78b2d3	 >>>>>> (OutputSheetLogger.java:175)	13:26:8
Entered try in open	 >>>>>> (IsgLandingPage.java:145)	13:26:8
waitForElement	 >>>>>> (GlobalFunction.java:74)	13:26:8
isPresent	 >>>>>> (GlobalFunction.java:74)	13:26:8
isPresent	 >>>>>> (GlobalFunction.java:74)	13:26:8
click	 >>>>>> (GlobalFunction.java:74)	13:26:8
1 row(s) affected	 >>>>>> (Connection.java:73)	13:26:9
1 row(s) affected	 >>>>>> (Connection.java:73)	13:26:9
1 row(s) affected	 >>>>>> (Connection.java:73)	13:26:9
[INFO]	 Attempt 1 of 1 to execute  [PASSED]	 >>>>>> (ActiveTransactionScopeBuilder.java:38)	13:26:9
Feature :	ActiveTransactionScopeBuilder	 >>>>>> (ActiveTransactionScopeBuilder.java:60)	13:26:9
Scenario :	Verify user able add FA to the Scope Bundle	 >>>>>> (ActiveTransactionScopeBuilder.java:61)	13:26:9
DataSetName :	ScopeBuilder
	 >>>>>> (ActiveTransactionScopeBuilder.java:62)	13:26:9
]]></system-out>
    <system-err><![CDATA[[ERROR] Problem while finding out runner name
java.lang.NullPointerException
	at com.zensar.scriptutils.ScenarioState.<init>(ScenarioState.java:56)
	at sun.reflect.GeneratedConstructorAccessor134.newInstance(Unknown Source)
	at sun.reflect.DelegatingConstructorAccessorImpl.newInstance(DelegatingConstructorAccessorImpl.java:45)
	at java.lang.reflect.Constructor.newInstance(Constructor.java:423)
	at org.picocontainer.injectors.AbstractInjector.newInstance(AbstractInjector.java:145)
	at org.picocontainer.injectors.ConstructorInjector$1.run(ConstructorInjector.java:342)
	at org.picocontainer.injectors.AbstractInjector$ThreadLocalCyclicDependencyGuard.observe(AbstractInjector.java:270)
	at org.picocontainer.injectors.ConstructorInjector.getComponentInstance(ConstructorInjector.java:364)
	at org.picocontainer.injectors.AbstractInjectionFactory$LifecycleAdapter.getComponentInstance(AbstractInjectionFactory.java:56)
	at org.picocontainer.behaviors.AbstractBehavior.getComponentInstance(AbstractBehavior.java:64)
	at org.picocontainer.behaviors.Stored.getComponentInstance(Stored.java:91)
	at org.picocontainer.DefaultPicoContainer.getInstance(DefaultPicoContainer.java:699)
	at org.picocontainer.DefaultPicoContainer.getComponent(DefaultPicoContainer.java:647)
	at org.picocontainer.DefaultPicoContainer.getComponent(DefaultPicoContainer.java:632)
	at org.picocontainer.parameters.BasicComponentParameter$1.resolveInstance(BasicComponentParameter.java:118)
	at org.picocontainer.parameters.ComponentParameter$1.resolveInstance(ComponentParameter.java:136)
	at org.picocontainer.injectors.SingleMemberInjector.getParameter(SingleMemberInjector.java:78)
	at org.picocontainer.injectors.ConstructorInjector$CtorAndAdapters.getParameterArguments(ConstructorInjector.java:309)
	at org.picocontainer.injectors.ConstructorInjector$1.run(ConstructorInjector.java:335)
	at org.picocontainer.injectors.AbstractInjector$ThreadLocalCyclicDependencyGuard.observe(AbstractInjector.java:270)
	at org.picocontainer.injectors.ConstructorInjector.getComponentInstance(ConstructorInjector.java:364)
	at org.picocontainer.injectors.AbstractInjectionFactory$LifecycleAdapter.getComponentInstance(AbstractInjectionFactory.java:56)
	at org.picocontainer.behaviors.AbstractBehavior.getComponentInstance(AbstractBehavior.java:64)
	at org.picocontainer.behaviors.Stored.getComponentInstance(Stored.java:91)
	at org.picocontainer.DefaultPicoContainer.getInstance(DefaultPicoContainer.java:699)
	at org.picocontainer.DefaultPicoContainer.getComponent(DefaultPicoContainer.java:647)
	at org.picocontainer.DefaultPicoContainer.getComponent(DefaultPicoContainer.java:678)
	at cucumber.runtime.java.picocontainer.PicoFactory.getInstance(PicoFactory.java:40)
	at cucumber.runtime.java.JavaHookDefinition.execute(JavaHookDefinition.java:60)
	at cucumber.runner.HookDefinitionMatch.runStep(HookDefinitionMatch.java:16)
	at cucumber.runner.TestStep.executeStep(TestStep.java:63)
	at cucumber.runner.TestStep.run(TestStep.java:49)
	at cucumber.runner.TestCase.run(TestCase.java:40)
	at cucumber.runner.Runner.runPickle(Runner.java:40)
	at cucumber.api.testng.TestNGCucumberRunner.runScenario(TestNGCucumberRunner.java:68)
	at com.zensar.runner.ActiveTransactionProviderList.feature(ActiveTransactionProviderList.java:37)
	at sun.reflect.NativeMethodAccessorImpl.invoke0(Native Method)
	at sun.reflect.NativeMethodAccessorImpl.invoke(NativeMethodAccessorImpl.java:62)
	at sun.reflect.DelegatingMethodAccessorImpl.invoke(DelegatingMethodAccessorImpl.java:43)
	at java.lang.reflect.Method.invoke(Method.java:498)
	at org.testng.internal.MethodInvocationHelper.invokeMethod(MethodInvocationHelper.java:124)
	at org.testng.internal.Invoker.invokeMethod(Invoker.java:583)
	at org.testng.internal.Invoker.invokeTestMethod(Invoker.java:719)
	at org.testng.internal.Invoker.invokeTestMethods(Invoker.java:989)
	at org.testng.internal.TestMethodWorker.invokeTestMethods(TestMethodWorker.java:125)
	at org.testng.internal.TestMethodWorker.run(TestMethodWorker.java:109)
	at org.testng.TestRunner.privateRun(TestRunner.java:648)
	at org.testng.TestRunner.run(TestRunner.java:505)
	at org.testng.SuiteRunner.runTest(SuiteRunner.java:455)
	at org.testng.SuiteRunner.access$000(SuiteRunner.java:40)
	at org.testng.SuiteRunner$SuiteWorker.run(SuiteRunner.java:489)
	at org.testng.internal.thread.ThreadUtil$1.call(ThreadUtil.java:52)
	at java.util.concurrent.FutureTask.run(FutureTask.java:266)
	at java.util.concurrent.ThreadPoolExecutor.runWorker(ThreadPoolExecutor.java:1149)
	at java.util.concurrent.ThreadPoolExecutor$Worker.run(ThreadPoolExecutor.java:624)
	at java.lang.Thread.run(Thread.java:748)
496675 [TestNG-tests-1] INFO io.github.bonigarcia.wdm.WebDriverManager - Using chromedriver 122.0.6261.111 (resolved driver for Chrome 122)
496686 [TestNG-tests-1] INFO io.github.bonigarcia.wdm.WebDriverManager - Exporting webdriver.chrome.driver as C:\Users\vs106039\.cache\selenium\chromedriver\win64\122.0.6261.111\chromedriver.exe
Starting ChromeDriver 122.0.6261.111 (9d4c1072da62b411b351a38b9ed6214ab236aa7b-refs/branch-heads/6261@{#1015}) on port 38073
Only local connections are allowed.
Please see https://chromedriver.chromium.org/security-considerations for suggestions on keeping ChromeDriver safe.
ChromeDriver was started successfully.
Mar 12, 2024 1:26:08 PM org.openqa.selenium.remote.ProtocolHandshake createSession
INFO: Detected dialect: W3C
]]></system-err>
  </testcase>
  <testcase name="feature[com.zensar.scriptutils.PickleWrapper@e59f000](3)" classname="com.zensar.runner.ActiveTransactionScopeBuilder" time="7.388">
    <system-out><![CDATA[[INFO]	 Attempt 1 of 1 to execute 	 >>>>>> (ActiveTransactionProviderList.java:35)	13:27:12
Feature :	ActiveTransactionProviderList	 >>>>>> (ActiveTransactionProviderList.java:60)	13:27:12
Scenario :	Verify user able Export provider list	 >>>>>> (ActiveTransactionProviderList.java:61)	13:27:12
DataSetName :	ProviderList
	 >>>>>> (ActiveTransactionProviderList.java:62)	13:27:12
SCENARIO STATE Init	 >>>>>> (Hooks.java:24)	13:27:12
waitForElement	 >>>>>> (GlobalFunction.java:74)	13:27:14
isPresent	 >>>>>> (GlobalFunction.java:74)	13:27:14
isPresent	 >>>>>> (GlobalFunction.java:74)	13:27:14
click	 >>>>>> (GlobalFunction.java:74)	13:27:15
Thread Local getDrive()	 >>>>>> (DriverHandler.java:87)	13:27:15
3 columns(s) affected	 >>>>>> (Connection.java:93)	13:27:15
1 row(s) affected	 >>>>>> (Connection.java:73)	13:27:15
1 row(s) affected	 >>>>>> (Connection.java:73)	13:27:15
1 row(s) affected	 >>>>>> (Connection.java:73)	13:27:15
BROWSER STACK SESSION : 	 >>>>>> (OutputSheetLogger.java:174)	13:27:15
Thread Local getDrive()	 >>>>>> (DriverHandler.java:87)	13:27:15
c6fd5520e3e426f2304435c5ad158529	 >>>>>> (OutputSheetLogger.java:175)	13:27:15
Entered try in open	 >>>>>> (IsgLandingPage.java:145)	13:27:15
waitForElement	 >>>>>> (GlobalFunction.java:74)	13:27:19
isPresent	 >>>>>> (GlobalFunction.java:74)	13:27:19
isPresent	 >>>>>> (GlobalFunction.java:74)	13:27:19
click	 >>>>>> (GlobalFunction.java:74)	13:27:19
waitForElement	 >>>>>> (GlobalFunction.java:74)	13:27:19
isPresent	 >>>>>> (GlobalFunction.java:74)	13:27:19
isPresent	 >>>>>> (GlobalFunction.java:74)	13:27:19
click	 >>>>>> (GlobalFunction.java:74)	13:27:20
1 row(s) affected	 >>>>>> (Connection.java:73)	13:27:20
1 row(s) affected	 >>>>>> (Connection.java:73)	13:27:20
1 row(s) affected	 >>>>>> (Connection.java:73)	13:27:20
[INFO]	 Attempt 1 of 1 to execute  [PASSED]	 >>>>>> (ActiveTransactionScopeBuilder.java:38)	13:27:20
Feature :	ActiveTransactionScopeBuilder	 >>>>>> (ActiveTransactionScopeBuilder.java:60)	13:27:20
Scenario :	Verify user able remove one services from selected FA to the Scope Bundle	 >>>>>> (ActiveTransactionScopeBuilder.java:61)	13:27:20
DataSetName :	ScopeBuilder
	 >>>>>> (ActiveTransactionScopeBuilder.java:62)	13:27:20
]]></system-out>
    <system-err><![CDATA[[ERROR] Problem while finding out runner name
java.lang.NullPointerException
	at com.zensar.scriptutils.ScenarioState.<init>(ScenarioState.java:56)
	at sun.reflect.GeneratedConstructorAccessor134.newInstance(Unknown Source)
	at sun.reflect.DelegatingConstructorAccessorImpl.newInstance(DelegatingConstructorAccessorImpl.java:45)
	at java.lang.reflect.Constructor.newInstance(Constructor.java:423)
	at org.picocontainer.injectors.AbstractInjector.newInstance(AbstractInjector.java:145)
	at org.picocontainer.injectors.ConstructorInjector$1.run(ConstructorInjector.java:342)
	at org.picocontainer.injectors.AbstractInjector$ThreadLocalCyclicDependencyGuard.observe(AbstractInjector.java:270)
	at org.picocontainer.injectors.ConstructorInjector.getComponentInstance(ConstructorInjector.java:364)
	at org.picocontainer.injectors.AbstractInjectionFactory$LifecycleAdapter.getComponentInstance(AbstractInjectionFactory.java:56)
	at org.picocontainer.behaviors.AbstractBehavior.getComponentInstance(AbstractBehavior.java:64)
	at org.picocontainer.behaviors.Stored.getComponentInstance(Stored.java:91)
	at org.picocontainer.DefaultPicoContainer.getInstance(DefaultPicoContainer.java:699)
	at org.picocontainer.DefaultPicoContainer.getComponent(DefaultPicoContainer.java:647)
	at org.picocontainer.DefaultPicoContainer.getComponent(DefaultPicoContainer.java:632)
	at org.picocontainer.parameters.BasicComponentParameter$1.resolveInstance(BasicComponentParameter.java:118)
	at org.picocontainer.parameters.ComponentParameter$1.resolveInstance(ComponentParameter.java:136)
	at org.picocontainer.injectors.SingleMemberInjector.getParameter(SingleMemberInjector.java:78)
	at org.picocontainer.injectors.ConstructorInjector$CtorAndAdapters.getParameterArguments(ConstructorInjector.java:309)
	at org.picocontainer.injectors.ConstructorInjector$1.run(ConstructorInjector.java:335)
	at org.picocontainer.injectors.AbstractInjector$ThreadLocalCyclicDependencyGuard.observe(AbstractInjector.java:270)
	at org.picocontainer.injectors.ConstructorInjector.getComponentInstance(ConstructorInjector.java:364)
	at org.picocontainer.injectors.AbstractInjectionFactory$LifecycleAdapter.getComponentInstance(AbstractInjectionFactory.java:56)
	at org.picocontainer.behaviors.AbstractBehavior.getComponentInstance(AbstractBehavior.java:64)
	at org.picocontainer.behaviors.Stored.getComponentInstance(Stored.java:91)
	at org.picocontainer.DefaultPicoContainer.getInstance(DefaultPicoContainer.java:699)
	at org.picocontainer.DefaultPicoContainer.getComponent(DefaultPicoContainer.java:647)
	at org.picocontainer.DefaultPicoContainer.getComponent(DefaultPicoContainer.java:678)
	at cucumber.runtime.java.picocontainer.PicoFactory.getInstance(PicoFactory.java:40)
	at cucumber.runtime.java.JavaHookDefinition.execute(JavaHookDefinition.java:60)
	at cucumber.runner.HookDefinitionMatch.runStep(HookDefinitionMatch.java:16)
	at cucumber.runner.TestStep.executeStep(TestStep.java:63)
	at cucumber.runner.TestStep.run(TestStep.java:49)
	at cucumber.runner.TestCase.run(TestCase.java:40)
	at cucumber.runner.Runner.runPickle(Runner.java:40)
	at cucumber.api.testng.TestNGCucumberRunner.runScenario(TestNGCucumberRunner.java:68)
	at com.zensar.runner.ActiveTransactionProviderList.feature(ActiveTransactionProviderList.java:37)
	at sun.reflect.NativeMethodAccessorImpl.invoke0(Native Method)
	at sun.reflect.NativeMethodAccessorImpl.invoke(NativeMethodAccessorImpl.java:62)
	at sun.reflect.DelegatingMethodAccessorImpl.invoke(DelegatingMethodAccessorImpl.java:43)
	at java.lang.reflect.Method.invoke(Method.java:498)
	at org.testng.internal.MethodInvocationHelper.invokeMethod(MethodInvocationHelper.java:124)
	at org.testng.internal.Invoker.invokeMethod(Invoker.java:583)
	at org.testng.internal.Invoker.invokeTestMethod(Invoker.java:719)
	at org.testng.internal.Invoker.invokeTestMethods(Invoker.java:989)
	at org.testng.internal.TestMethodWorker.invokeTestMethods(TestMethodWorker.java:125)
	at org.testng.internal.TestMethodWorker.run(TestMethodWorker.java:109)
	at org.testng.TestRunner.privateRun(TestRunner.java:648)
	at org.testng.TestRunner.run(TestRunner.java:505)
	at org.testng.SuiteRunner.runTest(SuiteRunner.java:455)
	at org.testng.SuiteRunner.access$000(SuiteRunner.java:40)
	at org.testng.SuiteRunner$SuiteWorker.run(SuiteRunner.java:489)
	at org.testng.internal.thread.ThreadUtil$1.call(ThreadUtil.java:52)
	at java.util.concurrent.FutureTask.run(FutureTask.java:266)
	at java.util.concurrent.ThreadPoolExecutor.runWorker(ThreadPoolExecutor.java:1149)
	at java.util.concurrent.ThreadPoolExecutor$Worker.run(ThreadPoolExecutor.java:624)
	at java.lang.Thread.run(Thread.java:748)
563503 [TestNG-tests-1] INFO io.github.bonigarcia.wdm.WebDriverManager - Using chromedriver 122.0.6261.111 (resolved driver for Chrome 122)
563511 [TestNG-tests-1] INFO io.github.bonigarcia.wdm.WebDriverManager - Exporting webdriver.chrome.driver as C:\Users\vs106039\.cache\selenium\chromedriver\win64\122.0.6261.111\chromedriver.exe
Starting ChromeDriver 122.0.6261.111 (9d4c1072da62b411b351a38b9ed6214ab236aa7b-refs/branch-heads/6261@{#1015}) on port 37660
Only local connections are allowed.
Please see https://chromedriver.chromium.org/security-considerations for suggestions on keeping ChromeDriver safe.
ChromeDriver was started successfully.
Mar 12, 2024 1:27:15 PM org.openqa.selenium.remote.ProtocolHandshake createSession
INFO: Detected dialect: W3C
]]></system-err>
  </testcase>
  <testcase name="feature[com.zensar.scriptutils.PickleWrapper@674cd90b](4)" classname="com.zensar.runner.ActiveTransactionScopeBuilder" time="21.689">
    <system-out><![CDATA[[INFO]	 Attempt 1 of 1 to execute 	 >>>>>> (ActiveTransactionProviderList.java:35)	13:28:8
Feature :	ActiveTransactionProviderList	 >>>>>> (ActiveTransactionProviderList.java:60)	13:28:8
Scenario :	Verify user able Edit filter	 >>>>>> (ActiveTransactionProviderList.java:61)	13:28:8
DataSetName :	ProviderList
	 >>>>>> (ActiveTransactionProviderList.java:62)	13:28:8
SCENARIO STATE Init	 >>>>>> (Hooks.java:24)	13:28:8
Thread Local getDrive()	 >>>>>> (DriverHandler.java:87)	13:28:13
3 columns(s) affected	 >>>>>> (Connection.java:93)	13:28:13
1 row(s) affected	 >>>>>> (Connection.java:73)	13:28:13
1 row(s) affected	 >>>>>> (Connection.java:73)	13:28:13
1 row(s) affected	 >>>>>> (Connection.java:73)	13:28:13
BROWSER STACK SESSION : 	 >>>>>> (OutputSheetLogger.java:174)	13:28:13
Thread Local getDrive()	 >>>>>> (DriverHandler.java:87)	13:28:13
904804093e814039d69c5746e00f7b01	 >>>>>> (OutputSheetLogger.java:175)	13:28:13
Entered try in open	 >>>>>> (IsgLandingPage.java:145)	13:28:13
waitForElement	 >>>>>> (GlobalFunction.java:74)	13:28:14
isPresent	 >>>>>> (GlobalFunction.java:74)	13:28:14
isPresent	 >>>>>> (GlobalFunction.java:74)	13:28:14
click	 >>>>>> (GlobalFunction.java:74)	13:28:14
embedScreenshot	 >>>>>> (GlobalFunction.java:74)	13:28:14
Thread Local getDrive()	 >>>>>> (DriverHandler.java:87)	13:28:14
embedScreenshot	 >>>>>> (GlobalFunction.java:74)	13:28:15
highlightElement	 >>>>>> (GlobalFunction.java:74)	13:28:15
Thread Local getDrive()	 >>>>>> (DriverHandler.java:87)	13:28:18
unHighlightElement	 >>>>>> (GlobalFunction.java:74)	13:28:18
forceClick	 >>>>>> (GlobalFunction.java:74)	13:28:18
Clicked Login	 >>>>>> (IsgLandingPage.java:179)	13:28:20
waitForElement	 >>>>>> (GlobalFunction.java:74)	13:28:25
isPresent	 >>>>>> (GlobalFunction.java:74)	13:28:25
isPresent	 >>>>>> (GlobalFunction.java:74)	13:28:25
click	 >>>>>> (GlobalFunction.java:74)	13:28:25
username : NGS3@isg-one.com	 >>>>>> (IsgLandingPage.java:181)	13:28:25
password : T|2txZ>UJs	 >>>>>> (IsgLandingPage.java:183)	13:28:25
embedScreenshot	 >>>>>> (GlobalFunction.java:74)	13:28:25
highlightElement	 >>>>>> (GlobalFunction.java:74)	13:28:25
Thread Local getDrive()	 >>>>>> (DriverHandler.java:87)	13:28:25
getText	 >>>>>> (GlobalFunction.java:74)	13:28:25
Number of Close Transaction: Closed transactions (1)	 >>>>>> (CloseTransaction.java:41)	13:28:25
embedScreenshot	 >>>>>> (GlobalFunction.java:74)	13:28:25
Thread Local getDrive()	 >>>>>> (DriverHandler.java:87)	13:28:25
unHighlightElement	 >>>>>> (GlobalFunction.java:74)	13:28:26
zAssertTrue	 >>>>>> (GlobalFunction.java:74)	13:28:26
waitForElement	 >>>>>> (GlobalFunction.java:74)	13:28:26
isPresent	 >>>>>> (GlobalFunction.java:74)	13:28:26
click	 >>>>>> (GlobalFunction.java:74)	13:28:26
isPresent	 >>>>>> (GlobalFunction.java:74)	13:28:26
Thread Local getDrive()	 >>>>>> (DriverHandler.java:87)	13:28:26
Thread Local getDrive()	 >>>>>> (DriverHandler.java:87)	13:28:26
Thread Local getDrive()	 >>>>>> (DriverHandler.java:87)	13:28:26
isPresent	 >>>>>> (GlobalFunction.java:74)	13:28:26
waitForElementClickabality	 >>>>>> (GlobalFunction.java:74)	13:28:27
1
isPresent	 >>>>>> (GlobalFunction.java:74)	13:28:28
waitForElement	 >>>>>> (GlobalFunction.java:74)	13:28:29
isPresent	 >>>>>> (GlobalFunction.java:74)	13:28:29
isPresent	 >>>>>> (GlobalFunction.java:74)	13:28:29
click	 >>>>>> (GlobalFunction.java:74)	13:28:29
waitForElement	 >>>>>> (GlobalFunction.java:74)	13:28:29
isPresent	 >>>>>> (GlobalFunction.java:74)	13:28:29
isPresent	 >>>>>> (GlobalFunction.java:74)	13:28:29
click	 >>>>>> (GlobalFunction.java:74)	13:28:30
2
isPresent	 >>>>>> (GlobalFunction.java:74)	13:28:30
1 row(s) affected	 >>>>>> (Connection.java:73)	13:28:30
1 row(s) affected	 >>>>>> (Connection.java:73)	13:28:30
1 row(s) affected	 >>>>>> (Connection.java:73)	13:28:30
[INFO]	 Attempt 1 of 1 to execute  [PASSED]	 >>>>>> (ActiveTransactionScopeBuilder.java:38)	13:28:30
Feature :	ActiveTransactionScopeBuilder	 >>>>>> (ActiveTransactionScopeBuilder.java:60)	13:28:30
Scenario :	Verify user able remove one Process from selected FA to the Scope Bundle	 >>>>>> (ActiveTransactionScopeBuilder.java:61)	13:28:30
DataSetName :	ScopeBuilder
	 >>>>>> (ActiveTransactionScopeBuilder.java:62)	13:28:30
]]></system-out>
    <system-err><![CDATA[[ERROR] Problem while finding out runner name
java.lang.NullPointerException
	at com.zensar.scriptutils.ScenarioState.<init>(ScenarioState.java:56)
	at sun.reflect.GeneratedConstructorAccessor134.newInstance(Unknown Source)
	at sun.reflect.DelegatingConstructorAccessorImpl.newInstance(DelegatingConstructorAccessorImpl.java:45)
	at java.lang.reflect.Constructor.newInstance(Constructor.java:423)
	at org.picocontainer.injectors.AbstractInjector.newInstance(AbstractInjector.java:145)
	at org.picocontainer.injectors.ConstructorInjector$1.run(ConstructorInjector.java:342)
	at org.picocontainer.injectors.AbstractInjector$ThreadLocalCyclicDependencyGuard.observe(AbstractInjector.java:270)
	at org.picocontainer.injectors.ConstructorInjector.getComponentInstance(ConstructorInjector.java:364)
	at org.picocontainer.injectors.AbstractInjectionFactory$LifecycleAdapter.getComponentInstance(AbstractInjectionFactory.java:56)
	at org.picocontainer.behaviors.AbstractBehavior.getComponentInstance(AbstractBehavior.java:64)
	at org.picocontainer.behaviors.Stored.getComponentInstance(Stored.java:91)
	at org.picocontainer.DefaultPicoContainer.getInstance(DefaultPicoContainer.java:699)
	at org.picocontainer.DefaultPicoContainer.getComponent(DefaultPicoContainer.java:647)
	at org.picocontainer.DefaultPicoContainer.getComponent(DefaultPicoContainer.java:632)
	at org.picocontainer.parameters.BasicComponentParameter$1.resolveInstance(BasicComponentParameter.java:118)
	at org.picocontainer.parameters.ComponentParameter$1.resolveInstance(ComponentParameter.java:136)
	at org.picocontainer.injectors.SingleMemberInjector.getParameter(SingleMemberInjector.java:78)
	at org.picocontainer.injectors.ConstructorInjector$CtorAndAdapters.getParameterArguments(ConstructorInjector.java:309)
	at org.picocontainer.injectors.ConstructorInjector$1.run(ConstructorInjector.java:335)
	at org.picocontainer.injectors.AbstractInjector$ThreadLocalCyclicDependencyGuard.observe(AbstractInjector.java:270)
	at org.picocontainer.injectors.ConstructorInjector.getComponentInstance(ConstructorInjector.java:364)
	at org.picocontainer.injectors.AbstractInjectionFactory$LifecycleAdapter.getComponentInstance(AbstractInjectionFactory.java:56)
	at org.picocontainer.behaviors.AbstractBehavior.getComponentInstance(AbstractBehavior.java:64)
	at org.picocontainer.behaviors.Stored.getComponentInstance(Stored.java:91)
	at org.picocontainer.DefaultPicoContainer.getInstance(DefaultPicoContainer.java:699)
	at org.picocontainer.DefaultPicoContainer.getComponent(DefaultPicoContainer.java:647)
	at org.picocontainer.DefaultPicoContainer.getComponent(DefaultPicoContainer.java:678)
	at cucumber.runtime.java.picocontainer.PicoFactory.getInstance(PicoFactory.java:40)
	at cucumber.runtime.java.JavaHookDefinition.execute(JavaHookDefinition.java:60)
	at cucumber.runner.HookDefinitionMatch.runStep(HookDefinitionMatch.java:16)
	at cucumber.runner.TestStep.executeStep(TestStep.java:63)
	at cucumber.runner.TestStep.run(TestStep.java:49)
	at cucumber.runner.TestCase.run(TestCase.java:40)
	at cucumber.runner.Runner.runPickle(Runner.java:40)
	at cucumber.api.testng.TestNGCucumberRunner.runScenario(TestNGCucumberRunner.java:68)
	at com.zensar.runner.ActiveTransactionProviderList.feature(ActiveTransactionProviderList.java:37)
	at sun.reflect.NativeMethodAccessorImpl.invoke0(Native Method)
	at sun.reflect.NativeMethodAccessorImpl.invoke(NativeMethodAccessorImpl.java:62)
	at sun.reflect.DelegatingMethodAccessorImpl.invoke(DelegatingMethodAccessorImpl.java:43)
	at java.lang.reflect.Method.invoke(Method.java:498)
	at org.testng.internal.MethodInvocationHelper.invokeMethod(MethodInvocationHelper.java:124)
	at org.testng.internal.Invoker.invokeMethod(Invoker.java:583)
	at org.testng.internal.Invoker.invokeTestMethod(Invoker.java:719)
	at org.testng.internal.Invoker.invokeTestMethods(Invoker.java:989)
	at org.testng.internal.TestMethodWorker.invokeTestMethods(TestMethodWorker.java:125)
	at org.testng.internal.TestMethodWorker.run(TestMethodWorker.java:109)
	at org.testng.TestRunner.privateRun(TestRunner.java:648)
	at org.testng.TestRunner.run(TestRunner.java:505)
	at org.testng.SuiteRunner.runTest(SuiteRunner.java:455)
	at org.testng.SuiteRunner.access$000(SuiteRunner.java:40)
	at org.testng.SuiteRunner$SuiteWorker.run(SuiteRunner.java:489)
	at org.testng.internal.thread.ThreadUtil$1.call(ThreadUtil.java:52)
	at java.util.concurrent.FutureTask.run(FutureTask.java:266)
	at java.util.concurrent.ThreadPoolExecutor.runWorker(ThreadPoolExecutor.java:1149)
	at java.util.concurrent.ThreadPoolExecutor$Worker.run(ThreadPoolExecutor.java:624)
	at java.lang.Thread.run(Thread.java:748)
619220 [TestNG-tests-1] INFO io.github.bonigarcia.wdm.WebDriverManager - Using chromedriver 122.0.6261.111 (resolved driver for Chrome 122)
619250 [TestNG-tests-1] INFO io.github.bonigarcia.wdm.WebDriverManager - Exporting webdriver.chrome.driver as C:\Users\vs106039\.cache\selenium\chromedriver\win64\122.0.6261.111\chromedriver.exe
Starting ChromeDriver 122.0.6261.111 (9d4c1072da62b411b351a38b9ed6214ab236aa7b-refs/branch-heads/6261@{#1015}) on port 15617
Only local connections are allowed.
Please see https://chromedriver.chromium.org/security-considerations for suggestions on keeping ChromeDriver safe.
ChromeDriver was started successfully.
Mar 12, 2024 1:28:12 PM org.openqa.selenium.remote.ProtocolHandshake createSession
INFO: Detected dialect: W3C
]]></system-err>
  </testcase>
  <testcase name="feature[com.zensar.scriptutils.PickleWrapper@5de2b6bd](1)" classname="com.zensar.runner.CloseTransaction" time="57.934">
    <system-out><![CDATA[Feature: ActiveTransactionScopeBuilder

  Scenario Outline: Verify user able add common packed service to the bundle  #<DataSetName> # src/main/java/com/zensar/features/ActiveTransactionScopeBuilder.feature:6
    When user logs in to ISG
    Then Verify for Active Transaction
    Then User clicks on first Active Transaction
    Then User clicks on Go to scope builder
    Then User selects commonly packed service
    And User Clicks on Items in Scope Basket & Save Basket

    Examples: 

  Background:                                          # src/main/java/com/zensar/features/ActiveTransactionScopeBuilder.feature:3
    Given User navigates to ISG Landing Page and Login # SetupProjectStepDefinitions.user_navigates_to_Isg_Landing_Page()

  Scenario Outline: Verify user able add common packed service to the bundle  #ScopeBuilder # src/main/java/com/zensar/features/ActiveTransactionScopeBuilder.feature:16
    When user logs in to ISG                                                                # SetupProjectStepDefinitions.user_clicks_on_submit_another_item()
[INFO]	[Assertion Pass]	Number of Active Transaction =  Active transactions (2)
    Then Verify for Active Transaction                                                      # ActiveTransactionProjectContactStepDefinitions.verify_for_Active_Notifications()
    Then User clicks on first Active Transaction                                            # ActiveTransactionProjectContactStepDefinitions.User_clicks_first_Active_Transaction()
    Then User clicks on Go to scope builder                                                 # ActiveTransactionScopeBuilderStepDefinitions.user_clicks_on_Go_to_scope_builder()
    Then User selects commonly packed service                                               # ActiveTransactionScopeBuilderStepDefinitions.user_selects_commonly_packed_service()
    And User Clicks on Items in Scope Basket & Save Basket                                  # ActiveTransactionScopeBuilderStepDefinitions.user_Clicks_on_Items_in_Scope_Basket_Save_Basket()

  Scenario Outline: Verify user able add FA to the Scope Bundle  #<DataSetName> # src/main/java/com/zensar/features/ActiveTransactionScopeBuilder.feature:18
    When user logs in to ISG
    Then Verify for Active Transaction
    Then User clicks on first Active Transaction
    Then User clicks on Go to scope builder
    Then User selects FA from section
    And User Clicks on Items in Scope Basket & Save Basket

    Examples: 

  Background:                                          # src/main/java/com/zensar/features/ActiveTransactionScopeBuilder.feature:3
    Given User navigates to ISG Landing Page and Login # SetupProjectStepDefinitions.user_navigates_to_Isg_Landing_Page()

  Scenario Outline: Verify user able add FA to the Scope Bundle  #ScopeBuilder # src/main/java/com/zensar/features/ActiveTransactionScopeBuilder.feature:28
    When user logs in to ISG                                                   # SetupProjectStepDefinitions.user_clicks_on_submit_another_item()
[INFO]	[Assertion Pass]	Number of Active Transaction =  Active transactions (2)
    Then Verify for Active Transaction                                         # ActiveTransactionProjectContactStepDefinitions.verify_for_Active_Notifications()
    Then User clicks on first Active Transaction                               # ActiveTransactionProjectContactStepDefinitions.User_clicks_first_Active_Transaction()
    Then User clicks on Go to scope builder                                    # ActiveTransactionScopeBuilderStepDefinitions.user_clicks_on_Go_to_scope_builder()
    Then User selects FA from section                                          # ActiveTransactionScopeBuilderStepDefinitions.user_selects_FA_from_section()
    And User Clicks on Items in Scope Basket & Save Basket                     # ActiveTransactionScopeBuilderStepDefinitions.user_Clicks_on_Items_in_Scope_Basket_Save_Basket()

  Scenario Outline: Verify user able remove one services from selected FA to the Scope Bundle  #<DataSetName> # src/main/java/com/zensar/features/ActiveTransactionScopeBuilder.feature:30
    When user logs in to ISG
    Then Verify for Active Transaction
    Then User clicks on first Active Transaction
    Then User clicks on Go to scope builder
    Then User deselects FA from section
    And User Clicks on Items in Scope Basket & Save Basket

    Examples: 

  Background:                                          # src/main/java/com/zensar/features/ActiveTransactionScopeBuilder.feature:3
    Given User navigates to ISG Landing Page and Login # SetupProjectStepDefinitions.user_navigates_to_Isg_Landing_Page()

  Scenario Outline: Verify user able remove one services from selected FA to the Scope Bundle  #ScopeBuilder # src/main/java/com/zensar/features/ActiveTransactionScopeBuilder.feature:40
    When user logs in to ISG                                                                                 # SetupProjectStepDefinitions.user_clicks_on_submit_another_item()
[INFO]	[Assertion Pass]	Number of Active Transaction =  Active transactions (2)
    Then Verify for Active Transaction                                                                       # ActiveTransactionProjectContactStepDefinitions.verify_for_Active_Notifications()
    Then User clicks on first Active Transaction                                                             # ActiveTransactionProjectContactStepDefinitions.User_clicks_first_Active_Transaction()
    Then User clicks on Go to scope builder                                                                  # ActiveTransactionScopeBuilderStepDefinitions.user_clicks_on_Go_to_scope_builder()
    Then User deselects FA from section                                                                      # ActiveTransactionScopeBuilderStepDefinitions.user_deselects_FA_from_section()
    And User Clicks on Items in Scope Basket & Save Basket                                                   # ActiveTransactionScopeBuilderStepDefinitions.user_Clicks_on_Items_in_Scope_Basket_Save_Basket()

  Scenario Outline: Verify user able remove one Process from selected FA to the Scope Bundle  #<DataSetName> # src/main/java/com/zensar/features/ActiveTransactionScopeBuilder.feature:42
    When user logs in to ISG
    Then Verify for Active Transaction
    Then User clicks on first Active Transaction
    Then User clicks on Go to scope builder
    Then User deselects one Process from section
    And User Clicks on Items in Scope Basket & Save Basket

    Examples: 

  Background:                                          # src/main/java/com/zensar/features/ActiveTransactionScopeBuilder.feature:3
    Given User navigates to ISG Landing Page and Login # SetupProjectStepDefinitions.user_navigates_to_Isg_Landing_Page()

  Scenario Outline: Verify user able remove one Process from selected FA to the Scope Bundle  #ScopeBuilder # src/main/java/com/zensar/features/ActiveTransactionScopeBuilder.feature:52
    When user logs in to ISG                                                                                # SetupProjectStepDefinitions.user_clicks_on_submit_another_item()
[INFO]	[Assertion Pass]	Number of Active Transaction =  Active transactions (2)
    Then Verify for Active Transaction                                                                      # ActiveTransactionProjectContactStepDefinitions.verify_for_Active_Notifications()
    Then User clicks on first Active Transaction                                                            # ActiveTransactionProjectContactStepDefinitions.User_clicks_first_Active_Transaction()
    Then User clicks on Go to scope builder                                                                 # ActiveTransactionScopeBuilderStepDefinitions.user_clicks_on_Go_to_scope_builder()
    Then User deselects one Process from section                                                            # ActiveTransactionScopeBuilderStepDefinitions.user_deselects_one_Process_from_section()
    And User Clicks on Items in Scope Basket & Save Basket                                                  # ActiveTransactionScopeBuilderStepDefinitions.user_Clicks_on_Items_in_Scope_Basket_Save_Basket()

4 Scenarios (4 passed)	 >>>>>> (Stats.java:129)	13:28:30
28 Steps (28 passed)	 >>>>>> (Stats.java:122)	13:28:30
4m25.685s	 >>>>>> (Stats.java:157)	13:28:30

Suite Complete - ActiveTransactionScopeBuilder	 >>>>>> (ActiveTransactionScopeBuilder.java:77)	13:28:30

0 Scenarios	 >>>>>> (Stats.java:109)	13:28:30
0 Steps	 >>>>>> (Stats.java:110)	13:28:30
0m0.001s	 >>>>>> (Stats.java:157)	13:28:30

Suite Complete - Sanity	 >>>>>> (Sanity.java:77)	13:28:30

0 Scenarios	 >>>>>> (Stats.java:109)	13:28:30
0 Steps	 >>>>>> (Stats.java:110)	13:28:30
0m0.001s	 >>>>>> (Stats.java:157)	13:28:30

Suite Complete - Regression	 >>>>>> (Regression.java:77)	13:28:30
[INFO]	 Attempt 1 of 1 to execute 	 >>>>>> (ProjectContact.java:35)	13:28:30
Feature :	ProjectContact	 >>>>>> (ProjectContact.java:60)	13:28:30
Scenario :	Verify user able add Client to Project contact list	 >>>>>> (ProjectContact.java:61)	13:28:30
DataSetName :	AddContact
	 >>>>>> (ProjectContact.java:62)	13:28:30
SCENARIO STATE Init	 >>>>>> (Hooks.java:24)	13:28:30
3
isPresent	 >>>>>> (GlobalFunction.java:74)	13:28:32
4
isPresent	 >>>>>> (GlobalFunction.java:74)	13:28:34
Thread Local getDrive()	 >>>>>> (DriverHandler.java:87)	13:28:36
3 columns(s) affected	 >>>>>> (Connection.java:93)	13:28:36
1 row(s) affected	 >>>>>> (Connection.java:73)	13:28:36
1 row(s) affected	 >>>>>> (Connection.java:73)	13:28:36
1 row(s) affected	 >>>>>> (Connection.java:73)	13:28:36
BROWSER STACK SESSION : 	 >>>>>> (OutputSheetLogger.java:174)	13:28:36
Thread Local getDrive()	 >>>>>> (DriverHandler.java:87)	13:28:36
55c08893407aa6284f18fc6ba0cdc220	 >>>>>> (OutputSheetLogger.java:175)	13:28:36
Entered try in open	 >>>>>> (IsgLandingPage.java:145)	13:28:36
5
isPresent	 >>>>>> (GlobalFunction.java:74)	13:28:36
embedScreenshot	 >>>>>> (GlobalFunction.java:74)	13:28:38
highlightElement	 >>>>>> (GlobalFunction.java:74)	13:28:38
6
isPresent	 >>>>>> (GlobalFunction.java:74)	13:28:38
Thread Local getDrive()	 >>>>>> (DriverHandler.java:87)	13:28:39
unHighlightElement	 >>>>>> (GlobalFunction.java:74)	13:28:39
forceClick	 >>>>>> (GlobalFunction.java:74)	13:28:40
7
isPresent	 >>>>>> (GlobalFunction.java:74)	13:28:40
Clicked Login	 >>>>>> (IsgLandingPage.java:179)	13:28:41
8
isPresent	 >>>>>> (GlobalFunction.java:74)	13:28:42
9
isPresent	 >>>>>> (GlobalFunction.java:74)	13:28:45
username : NGS3@isg-one.com	 >>>>>> (IsgLandingPage.java:181)	13:28:45
password : T|2txZ>UJs	 >>>>>> (IsgLandingPage.java:183)	13:28:45
embedScreenshot	 >>>>>> (GlobalFunction.java:74)	13:28:45
highlightElement	 >>>>>> (GlobalFunction.java:74)	13:28:45
Thread Local getDrive()	 >>>>>> (DriverHandler.java:87)	13:28:45
unHighlightElement	 >>>>>> (GlobalFunction.java:74)	13:28:46
getText	 >>>>>> (GlobalFunction.java:74)	13:28:46
click	 >>>>>> (GlobalFunction.java:74)	13:28:46
Number of Active Transaction: Active transactions (2)	 >>>>>> (ProjectContact.java:113)	13:28:46
embedScreenshot	 >>>>>> (GlobalFunction.java:74)	13:28:46
Thread Local getDrive()	 >>>>>> (DriverHandler.java:87)	13:28:46
isPresent	 >>>>>> (GlobalFunction.java:74)	13:28:46
Thread Local getDrive()	 >>>>>> (DriverHandler.java:87)	13:28:46
zAssertTrue	 >>>>>> (GlobalFunction.java:74)	13:28:46
waitForElement	 >>>>>> (GlobalFunction.java:74)	13:28:46
isPresent	 >>>>>> (GlobalFunction.java:74)	13:28:46
Thread Local getDrive()	 >>>>>> (DriverHandler.java:87)	13:28:46
Thread Local getDrive()	 >>>>>> (DriverHandler.java:87)	13:28:46
isPresent	 >>>>>> (GlobalFunction.java:74)	13:28:46
isPresent	 >>>>>> (GlobalFunction.java:74)	13:28:46
10
isPresent	 >>>>>> (GlobalFunction.java:74)	13:28:47
waitForElementClickabality	 >>>>>> (GlobalFunction.java:74)	13:28:47
11
isPresent	 >>>>>> (GlobalFunction.java:74)	13:28:49
12
isPresent	 >>>>>> (GlobalFunction.java:74)	13:28:51
13
isPresent	 >>>>>> (GlobalFunction.java:74)	13:28:53
14
isPresent	 >>>>>> (GlobalFunction.java:74)	13:28:55
click	 >>>>>> (GlobalFunction.java:74)	13:28:56
embedScreenshot	 >>>>>> (GlobalFunction.java:74)	13:28:56
Thread Local getDrive()	 >>>>>> (DriverHandler.java:87)	13:28:56
click	 >>>>>> (GlobalFunction.java:74)	13:28:57
15
isPresent	 >>>>>> (GlobalFunction.java:74)	13:28:57
16
isPresent	 >>>>>> (GlobalFunction.java:74)	13:28:59
17
isPresent	 >>>>>> (GlobalFunction.java:74)	13:29:1
18
isPresent	 >>>>>> (GlobalFunction.java:74)	13:29:3
waitForElement	 >>>>>> (GlobalFunction.java:74)	13:29:4
isPresent	 >>>>>> (GlobalFunction.java:74)	13:29:4
isPresent	 >>>>>> (GlobalFunction.java:74)	13:29:4
getText	 >>>>>> (GlobalFunction.java:74)	13:29:4
User will be redirected to Provider list: Provider list	 >>>>>> (ProjectDetails.java:178)	13:29:4
embedScreenshot	 >>>>>> (GlobalFunction.java:74)	13:29:4
Thread Local getDrive()	 >>>>>> (DriverHandler.java:87)	13:29:4
zAssertTrue	 >>>>>> (GlobalFunction.java:74)	13:29:4
click	 >>>>>> (GlobalFunction.java:74)	13:29:4
getText	 >>>>>> (GlobalFunction.java:74)	13:29:4
Number of Active Transaction: Active transactions (2)	 >>>>>> (ProjectContact.java:113)	13:29:4
embedScreenshot	 >>>>>> (GlobalFunction.java:74)	13:29:4
Thread Local getDrive()	 >>>>>> (DriverHandler.java:87)	13:29:4
zAssertTrue	 >>>>>> (GlobalFunction.java:74)	13:29:4
waitForElement	 >>>>>> (GlobalFunction.java:74)	13:29:4
isPresent	 >>>>>> (GlobalFunction.java:74)	13:29:4
isPresent	 >>>>>> (GlobalFunction.java:74)	13:29:5
19
isPresent	 >>>>>> (GlobalFunction.java:74)	13:29:5
20
isPresent	 >>>>>> (GlobalFunction.java:74)	13:29:7
waitForElement	 >>>>>> (GlobalFunction.java:74)	13:29:8
isPresent	 >>>>>> (GlobalFunction.java:74)	13:29:8
21
isPresent	 >>>>>> (GlobalFunction.java:74)	13:29:9
1
isPresent	 >>>>>> (GlobalFunction.java:74)	13:29:11
22
isPresent	 >>>>>> (GlobalFunction.java:74)	13:29:11
2
isPresent	 >>>>>> (GlobalFunction.java:74)	13:29:13
23
isPresent	 >>>>>> (GlobalFunction.java:74)	13:29:13
click	 >>>>>> (GlobalFunction.java:74)	13:29:15
3
isPresent	 >>>>>> (GlobalFunction.java:74)	13:29:15
embedScreenshot	 >>>>>> (GlobalFunction.java:74)	13:29:15
Thread Local getDrive()	 >>>>>> (DriverHandler.java:87)	13:29:15
waitForElement	 >>>>>> (GlobalFunction.java:74)	13:29:15
isPresent	 >>>>>> (GlobalFunction.java:74)	13:29:15
24
isPresent	 >>>>>> (GlobalFunction.java:74)	13:29:15
4
isPresent	 >>>>>> (GlobalFunction.java:74)	13:29:17
1
isPresent	 >>>>>> (GlobalFunction.java:74)	13:29:17
25
isPresent	 >>>>>> (GlobalFunction.java:74)	13:29:17
5
isPresent	 >>>>>> (GlobalFunction.java:74)	13:29:19
2
isPresent	 >>>>>> (GlobalFunction.java:74)	13:29:19
26
isPresent	 >>>>>> (GlobalFunction.java:74)	13:29:20
6
isPresent	 >>>>>> (GlobalFunction.java:74)	13:29:21
3
isPresent	 >>>>>> (GlobalFunction.java:74)	13:29:21
isPresent	 >>>>>> (GlobalFunction.java:74)	13:29:21
27
isPresent	 >>>>>> (GlobalFunction.java:74)	13:29:22
7
isPresent	 >>>>>> (GlobalFunction.java:74)	13:29:23
28
isPresent	 >>>>>> (GlobalFunction.java:74)	13:29:24
8
isPresent	 >>>>>> (GlobalFunction.java:74)	13:29:25
29
isPresent	 >>>>>> (GlobalFunction.java:74)	13:29:26
waitForceScrollClick	 >>>>>> (GlobalFunction.java:74)	13:29:26
waitForElement	 >>>>>> (GlobalFunction.java:74)	13:29:26
forceScrollToElement	 >>>>>> (GlobalFunction.java:74)	13:29:26
forceClick	 >>>>>> (GlobalFunction.java:74)	13:29:27
9
isPresent	 >>>>>> (GlobalFunction.java:74)	13:29:27
waitForElement	 >>>>>> (GlobalFunction.java:74)	13:29:28
isPresent	 >>>>>> (GlobalFunction.java:74)	13:29:28
30
isPresent	 >>>>>> (GlobalFunction.java:74)	13:29:28
isPresent	 >>>>>> (GlobalFunction.java:74)	13:29:28
embedScreenshot	 >>>>>> (GlobalFunction.java:74)	13:29:28
Thread Local getDrive()	 >>>>>> (DriverHandler.java:87)	13:29:28
1 row(s) affected	 >>>>>> (Connection.java:73)	13:29:28
1 row(s) affected	 >>>>>> (Connection.java:73)	13:29:28
1 row(s) affected	 >>>>>> (Connection.java:73)	13:29:28


[ERROR]	 Attempt 1 of 1 to execute  [FAILED]	 >>>>>> (CloseTransaction.java:44)	13:29:28
Feature :	CloseTransaction	 >>>>>> (CloseTransaction.java:60)	13:29:28
Scenario :	Verify user able Check close Transaction	 >>>>>> (CloseTransaction.java:61)	13:29:28
DataSetName :	CloseTransaction
	 >>>>>> (CloseTransaction.java:62)	13:29:28
[INFO]	 Not going to attempt again.	 >>>>>> (CloseTransaction.java:50)	13:29:28
]]></system-out>
    <system-err><![CDATA[[ERROR] Problem while finding out runner name
java.lang.NullPointerException
	at com.zensar.scriptutils.ScenarioState.<init>(ScenarioState.java:56)
	at sun.reflect.GeneratedConstructorAccessor134.newInstance(Unknown Source)
	at sun.reflect.DelegatingConstructorAccessorImpl.newInstance(DelegatingConstructorAccessorImpl.java:45)
	at java.lang.reflect.Constructor.newInstance(Constructor.java:423)
	at org.picocontainer.injectors.AbstractInjector.newInstance(AbstractInjector.java:145)
	at org.picocontainer.injectors.ConstructorInjector$1.run(ConstructorInjector.java:342)
	at org.picocontainer.injectors.AbstractInjector$ThreadLocalCyclicDependencyGuard.observe(AbstractInjector.java:270)
	at org.picocontainer.injectors.ConstructorInjector.getComponentInstance(ConstructorInjector.java:364)
	at org.picocontainer.injectors.AbstractInjectionFactory$LifecycleAdapter.getComponentInstance(AbstractInjectionFactory.java:56)
	at org.picocontainer.behaviors.AbstractBehavior.getComponentInstance(AbstractBehavior.java:64)
	at org.picocontainer.behaviors.Stored.getComponentInstance(Stored.java:91)
	at org.picocontainer.DefaultPicoContainer.getInstance(DefaultPicoContainer.java:699)
	at org.picocontainer.DefaultPicoContainer.getComponent(DefaultPicoContainer.java:647)
	at org.picocontainer.DefaultPicoContainer.getComponent(DefaultPicoContainer.java:632)
	at org.picocontainer.parameters.BasicComponentParameter$1.resolveInstance(BasicComponentParameter.java:118)
	at org.picocontainer.parameters.ComponentParameter$1.resolveInstance(ComponentParameter.java:136)
	at org.picocontainer.injectors.SingleMemberInjector.getParameter(SingleMemberInjector.java:78)
	at org.picocontainer.injectors.ConstructorInjector$CtorAndAdapters.getParameterArguments(ConstructorInjector.java:309)
	at org.picocontainer.injectors.ConstructorInjector$1.run(ConstructorInjector.java:335)
	at org.picocontainer.injectors.AbstractInjector$ThreadLocalCyclicDependencyGuard.observe(AbstractInjector.java:270)
	at org.picocontainer.injectors.ConstructorInjector.getComponentInstance(ConstructorInjector.java:364)
	at org.picocontainer.injectors.AbstractInjectionFactory$LifecycleAdapter.getComponentInstance(AbstractInjectionFactory.java:56)
	at org.picocontainer.behaviors.AbstractBehavior.getComponentInstance(AbstractBehavior.java:64)
	at org.picocontainer.behaviors.Stored.getComponentInstance(Stored.java:91)
	at org.picocontainer.DefaultPicoContainer.getInstance(DefaultPicoContainer.java:699)
	at org.picocontainer.DefaultPicoContainer.getComponent(DefaultPicoContainer.java:647)
	at org.picocontainer.DefaultPicoContainer.getComponent(DefaultPicoContainer.java:678)
	at cucumber.runtime.java.picocontainer.PicoFactory.getInstance(PicoFactory.java:40)
	at cucumber.runtime.java.JavaHookDefinition.execute(JavaHookDefinition.java:60)
	at cucumber.runner.HookDefinitionMatch.runStep(HookDefinitionMatch.java:16)
	at cucumber.runner.TestStep.executeStep(TestStep.java:63)
	at cucumber.runner.TestStep.run(TestStep.java:49)
	at cucumber.runner.TestCase.run(TestCase.java:40)
	at cucumber.runner.Runner.runPickle(Runner.java:40)
	at cucumber.api.testng.TestNGCucumberRunner.runScenario(TestNGCucumberRunner.java:68)
	at com.zensar.runner.ProjectContact.feature(ProjectContact.java:37)
	at sun.reflect.NativeMethodAccessorImpl.invoke0(Native Method)
	at sun.reflect.NativeMethodAccessorImpl.invoke(NativeMethodAccessorImpl.java:62)
	at sun.reflect.DelegatingMethodAccessorImpl.invoke(DelegatingMethodAccessorImpl.java:43)
	at java.lang.reflect.Method.invoke(Method.java:498)
	at org.testng.internal.MethodInvocationHelper.invokeMethod(MethodInvocationHelper.java:124)
	at org.testng.internal.Invoker.invokeMethod(Invoker.java:583)
	at org.testng.internal.Invoker.invokeTestMethod(Invoker.java:719)
	at org.testng.internal.Invoker.invokeTestMethods(Invoker.java:989)
	at org.testng.internal.TestMethodWorker.invokeTestMethods(TestMethodWorker.java:125)
	at org.testng.internal.TestMethodWorker.run(TestMethodWorker.java:109)
	at org.testng.TestRunner.privateRun(TestRunner.java:648)
	at org.testng.TestRunner.run(TestRunner.java:505)
	at org.testng.SuiteRunner.runTest(SuiteRunner.java:455)
	at org.testng.SuiteRunner.access$000(SuiteRunner.java:40)
	at org.testng.SuiteRunner$SuiteWorker.run(SuiteRunner.java:489)
	at org.testng.internal.thread.ThreadUtil$1.call(ThreadUtil.java:52)
	at java.util.concurrent.FutureTask.run(FutureTask.java:266)
	at java.util.concurrent.ThreadPoolExecutor.runWorker(ThreadPoolExecutor.java:1149)
	at java.util.concurrent.ThreadPoolExecutor$Worker.run(ThreadPoolExecutor.java:624)
	at java.lang.Thread.run(Thread.java:748)
641239 [TestNG-tests-3] INFO io.github.bonigarcia.wdm.WebDriverManager - Using chromedriver 122.0.6261.111 (resolved driver for Chrome 122)
641259 [TestNG-tests-3] INFO io.github.bonigarcia.wdm.WebDriverManager - Exporting webdriver.chrome.driver as C:\Users\vs106039\.cache\selenium\chromedriver\win64\122.0.6261.111\chromedriver.exe
Starting ChromeDriver 122.0.6261.111 (9d4c1072da62b411b351a38b9ed6214ab236aa7b-refs/branch-heads/6261@{#1015}) on port 15687
Only local connections are allowed.
Please see https://chromedriver.chromium.org/security-considerations for suggestions on keeping ChromeDriver safe.
ChromeDriver was started successfully.
Mar 12, 2024 1:28:35 PM org.openqa.selenium.remote.ProtocolHandshake createSession
INFO: Detected dialect: W3C
org.openqa.selenium.NoSuchElementException: no such element: Unable to locate element: {"method":"xpath","selector":"//button[@class='btn secondary-icon-btn-m view-all-transaction ng-star-inserted']"}
  (Session info: chrome=122.0.6261.112)
For documentation on this error, please visit: https://www.seleniumhq.org/exceptions/no_such_element.html
Build info: version: '3.141.59', revision: 'e82be7d358', time: '2018-11-14T08:17:03'
System info: host: 'EUROW42SLPC5721', ip: '192.168.29.116', os.name: 'Windows 10', os.arch: 'amd64', os.version: '10.0', java.version: '1.8.0_221'
Driver info: org.openqa.selenium.chrome.ChromeDriver
Capabilities {acceptInsecureCerts: false, browserName: chrome, browserVersion: 122.0.6261.112, chrome: {chromedriverVersion: 122.0.6261.111 (9d4c1072da6..., userDataDir: C:\Users\vs106039\AppData\L...}, fedcm:accounts: true, goog:chromeOptions: {debuggerAddress: localhost:54976}, javascriptEnabled: true, networkConnectionEnabled: false, pageLoadStrategy: normal, platform: WINDOWS, platformName: WINDOWS, proxy: Proxy(), setWindowRect: true, strictFileInteractability: false, timeouts: {implicit: 0, pageLoad: 300000, script: 30000}, unhandledPromptBehavior: dismiss and notify, webauthn:extension:credBlob: true, webauthn:extension:largeBlob: true, webauthn:extension:minPinLength: true, webauthn:extension:prf: true, webauthn:virtualAuthenticators: true}
Session ID: 64964a2a7787aab6594491e9b255f4ba
*** Element info: {Using=xpath, value=//button[@class='btn secondary-icon-btn-m view-all-transaction ng-star-inserted']}
	at sun.reflect.GeneratedConstructorAccessor91.newInstance(Unknown Source)
	at sun.reflect.DelegatingConstructorAccessorImpl.newInstance(DelegatingConstructorAccessorImpl.java:45)
	at java.lang.reflect.Constructor.newInstance(Constructor.java:423)
	at org.openqa.selenium.remote.http.W3CHttpResponseCodec.createException(W3CHttpResponseCodec.java:187)
	at org.openqa.selenium.remote.http.W3CHttpResponseCodec.decode(W3CHttpResponseCodec.java:122)
	at org.openqa.selenium.remote.http.W3CHttpResponseCodec.decode(W3CHttpResponseCodec.java:49)
	at org.openqa.selenium.remote.HttpCommandExecutor.execute(HttpCommandExecutor.java:158)
	at org.openqa.selenium.remote.service.DriverCommandExecutor.execute(DriverCommandExecutor.java:83)
	at org.openqa.selenium.remote.RemoteWebDriver.execute(RemoteWebDriver.java:552)
	at org.openqa.selenium.remote.RemoteWebDriver.findElement(RemoteWebDriver.java:323)
	at org.openqa.selenium.remote.RemoteWebDriver.findElementByXPath(RemoteWebDriver.java:428)
	at org.openqa.selenium.By$ByXPath.findElement(By.java:353)
	at org.openqa.selenium.remote.RemoteWebDriver.findElement(RemoteWebDriver.java:315)
	at sun.reflect.GeneratedMethodAccessor8.invoke(Unknown Source)
	at sun.reflect.DelegatingMethodAccessorImpl.invoke(DelegatingMethodAccessorImpl.java:43)
	at java.lang.reflect.Method.invoke(Method.java:498)
	at org.openqa.selenium.support.events.EventFiringWebDriver.lambda$new$1(EventFiringWebDriver.java:105)
	at com.sun.proxy.$Proxy25.findElement(Unknown Source)
	at org.openqa.selenium.support.events.EventFiringWebDriver.findElement(EventFiringWebDriver.java:194)
	at org.openqa.selenium.support.pagefactory.DefaultElementLocator.findElement(DefaultElementLocator.java:69)
	at org.openqa.selenium.support.pagefactory.internal.LocatingElementHandler.invoke(LocatingElementHandler.java:38)
	at com.sun.proxy.$Proxy28.isDisplayed(Unknown Source)
	at com.zensar.scriptutils.GlobalFunction.waitForElement(GlobalFunction.java:1677)
	at com.zensar.pageobjects.CloseTransaction.viewAllClose(CloseTransaction.java:49)
	at com.zensar.stepDefinations.CloseTransactionStepDefinitions.user_clicks_on_set_up_Project_icon(CloseTransactionStepDefinitions.java:32)
	at ✽.User clicks on View all Close Transaction(src/main/java/com/zensar/features/CloseTransaction.feature:9)
]]></system-err>
  </testcase>
  <testcase name="feature[com.zensar.scriptutils.PickleWrapper@74983ec5](1)" classname="com.zensar.runner.ProjectContact" time="101.412">
    <system-out><![CDATA[Feature: ActiveTransactionProviderList

  Scenario Outline: Verify user able view In Process provider and Removed providers #<DataSetName> # src/main/java/com/zensar/features/ActiveTransactionProviderList.feature:6
    When user logs in to ISG
    Then Verify for Active Transaction
    Then User clicks on first Active Transaction
    Then User will able to click view provider list
    And Able to see In Process provider & Removed Provider

    Examples: 

  Background:                                          # src/main/java/com/zensar/features/ActiveTransactionProviderList.feature:3
    Given User navigates to ISG Landing Page and Login # SetupProjectStepDefinitions.user_navigates_to_Isg_Landing_Page()

  Scenario Outline: Verify user able view In Process provider and Removed providers #ProviderList # src/main/java/com/zensar/features/ActiveTransactionProviderList.feature:15
    When user logs in to ISG                                                                      # SetupProjectStepDefinitions.user_clicks_on_submit_another_item()
[INFO]	[Assertion Pass]	Number of Active Transaction =  Active transactions (2)
    Then Verify for Active Transaction                                                            # ActiveTransactionProjectContactStepDefinitions.verify_for_Active_Notifications()
    Then User clicks on first Active Transaction                                                  # ActiveTransactionProjectContactStepDefinitions.User_clicks_first_Active_Transaction()
[INFO]	[Assertion Pass]	User will be redirected to provider list =  Provider list
    Then User will able to click view provider list                                               # ActiveTransactionProviderListStepDefinitions.user_will_able_to_click_view_provider_list()
[INFO]	[Assertion Pass]	Number of in Process provider =  In-process providers (20)
[INFO]	[Assertion Pass]	Number of removed providers are =  Removed providers (4)
    And Able to see In Process provider & Removed Provider                                        # ActiveTransactionProviderListStepDefinitions.able_to_see_In_Process_provider_Removed_Provider()

  Scenario Outline: Verify user able to add In Process provider#<DataSetName> # src/main/java/com/zensar/features/ActiveTransactionProviderList.feature:17
    When user logs in to ISG
    Then Verify for Active Transaction
    Then User clicks on first Active Transaction
    Then User will able to click view provider list
    And Able to see In Process provider & add provider

    Examples: 

  Background:                                          # src/main/java/com/zensar/features/ActiveTransactionProviderList.feature:3
    Given User navigates to ISG Landing Page and Login # SetupProjectStepDefinitions.user_navigates_to_Isg_Landing_Page()

  Scenario Outline: Verify user able to add In Process provider#ProviderList # src/main/java/com/zensar/features/ActiveTransactionProviderList.feature:26
    When user logs in to ISG                                                 # SetupProjectStepDefinitions.user_clicks_on_submit_another_item()
[INFO]	[Assertion Pass]	Number of Active Transaction =  Active transactions (2)
    Then Verify for Active Transaction                                       # ActiveTransactionProjectContactStepDefinitions.verify_for_Active_Notifications()
embedScreenshot	 >>>>>> (GlobalFunction.java:74)	13:30:11
Thread Local getDrive()	 >>>>>> (DriverHandler.java:87)	13:30:11
    Then User clicks on first Active Transaction                             # ActiveTransactionProjectContactStepDefinitions.User_clicks_first_Active_Transaction()
[INFO]	[Assertion Pass]	User will be redirected to provider list =  Provider list
    Then User will able to click view provider list                          # ActiveTransactionProviderListStepDefinitions.user_will_able_to_click_view_provider_list()
[Error]	Element Not found exception 
    And Able to see In Process provider & add provider                       # ActiveTransactionProviderListStepDefinitions.able_to_see_In_Process_provider_add_provider()
      org.openqa.selenium.NoSuchElementException: no such element: Unable to locate element: {"method":"xpath","selector":"//*[@class='k-input-inner']"}
  (Session info: chrome=122.0.6261.112)
For documentation on this error, please visit: https://www.seleniumhq.org/exceptions/no_such_element.html
Build info: version: '3.141.59', revision: 'e82be7d358', time: '2018-11-14T08:17:03'
System info: host: 'EUROW42SLPC5721', ip: '192.168.29.116', os.name: 'Windows 10', os.arch: 'amd64', os.version: '10.0', java.version: '1.8.0_221'
Driver info: org.openqa.selenium.chrome.ChromeDriver
Capabilities {acceptInsecureCerts: false, browserName: chrome, browserVersion: 122.0.6261.112, chrome: {chromedriverVersion: 122.0.6261.111 (9d4c1072da6..., userDataDir: C:\Users\vs106039\AppData\L...}, fedcm:accounts: true, goog:chromeOptions: {debuggerAddress: localhost:53641}, javascriptEnabled: true, networkConnectionEnabled: false, pageLoadStrategy: normal, platform: WINDOWS, platformName: WINDOWS, proxy: Proxy(), setWindowRect: true, strictFileInteractability: false, timeouts: {implicit: 0, pageLoad: 300000, script: 30000}, unhandledPromptBehavior: dismiss and notify, webauthn:extension:credBlob: true, webauthn:extension:largeBlob: true, webauthn:extension:minPinLength: true, webauthn:extension:prf: true, webauthn:virtualAuthenticators: true}
Session ID: 9af9113a6ba22c64575931710c0dfd08
*** Element info: {Using=xpath, value=//*[@class='k-input-inner']}
	at sun.reflect.GeneratedConstructorAccessor91.newInstance(Unknown Source)
	at sun.reflect.DelegatingConstructorAccessorImpl.newInstance(DelegatingConstructorAccessorImpl.java:45)
	at java.lang.reflect.Constructor.newInstance(Constructor.java:423)
	at org.openqa.selenium.remote.http.W3CHttpResponseCodec.createException(W3CHttpResponseCodec.java:187)
	at org.openqa.selenium.remote.http.W3CHttpResponseCodec.decode(W3CHttpResponseCodec.java:122)
	at org.openqa.selenium.remote.http.W3CHttpResponseCodec.decode(W3CHttpResponseCodec.java:49)
	at org.openqa.selenium.remote.HttpCommandExecutor.execute(HttpCommandExecutor.java:158)
	at org.openqa.selenium.remote.service.DriverCommandExecutor.execute(DriverCommandExecutor.java:83)
	at org.openqa.selenium.remote.RemoteWebDriver.execute(RemoteWebDriver.java:552)
	at org.openqa.selenium.remote.RemoteWebDriver.findElement(RemoteWebDriver.java:323)
	at org.openqa.selenium.remote.RemoteWebDriver.findElementByXPath(RemoteWebDriver.java:428)
	at org.openqa.selenium.By$ByXPath.findElement(By.java:353)
	at org.openqa.selenium.remote.RemoteWebDriver.findElement(RemoteWebDriver.java:315)
	at sun.reflect.GeneratedMethodAccessor8.invoke(Unknown Source)
	at sun.reflect.DelegatingMethodAccessorImpl.invoke(DelegatingMethodAccessorImpl.java:43)
	at java.lang.reflect.Method.invoke(Method.java:498)
	at org.openqa.selenium.support.events.EventFiringWebDriver.lambda$new$1(EventFiringWebDriver.java:105)
	at com.sun.proxy.$Proxy25.findElement(Unknown Source)
	at org.openqa.selenium.support.events.EventFiringWebDriver.findElement(EventFiringWebDriver.java:194)
	at org.openqa.selenium.support.pagefactory.DefaultElementLocator.findElement(DefaultElementLocator.java:69)
	at org.openqa.selenium.support.pagefactory.internal.LocatingElementHandler.invoke(LocatingElementHandler.java:38)
	at com.sun.proxy.$Proxy28.clear(Unknown Source)
	at com.zensar.scriptutils.GlobalFunction.clearAndEnterText(GlobalFunction.java:726)
	at com.zensar.pageobjects.ProjectDetails.addProvider(ProjectDetails.java:202)
	at com.zensar.stepDefinations.ActiveTransactionProviderListStepDefinitions.able_to_see_In_Process_provider_add_provider(ActiveTransactionProviderListStepDefinitions.java:31)
	at ?.Able to see In Process provider & add provider(src/main/java/com/zensar/features/ActiveTransactionProviderList.feature:22)


  Scenario Outline: Verify user able to Delete In Process provider#<DataSetName> # src/main/java/com/zensar/features/ActiveTransactionProviderList.feature:28
    When user logs in to ISG
    Then Verify for Active Transaction
    Then User clicks on first Active Transaction
    Then User will able to click view provider list
    And Able to see In Process provider & delete provider

    Examples: 

  Background:                                          # src/main/java/com/zensar/features/ActiveTransactionProviderList.feature:3
    Given User navigates to ISG Landing Page and Login # SetupProjectStepDefinitions.user_navigates_to_Isg_Landing_Page()

  Scenario Outline: Verify user able to Delete In Process provider#ProviderList # src/main/java/com/zensar/features/ActiveTransactionProviderList.feature:37
    When user logs in to ISG                                                    # SetupProjectStepDefinitions.user_clicks_on_submit_another_item()
[INFO]	[Assertion Pass]	Number of Active Transaction =  Active transactions (2)
    Then Verify for Active Transaction                                          # ActiveTransactionProjectContactStepDefinitions.verify_for_Active_Notifications()
    Then User clicks on first Active Transaction                                # ActiveTransactionProjectContactStepDefinitions.User_clicks_first_Active_Transaction()
[INFO]	[Assertion Pass]	User will be redirected to provider list =  Provider list
    Then User will able to click view provider list                             # ActiveTransactionProviderListStepDefinitions.user_will_able_to_click_view_provider_list()
    And Able to see In Process provider & delete provider                       # ActiveTransactionProviderListStepDefinitions.able_to_see_In_Process_provider_delete_provider()
      org.openqa.selenium.support.ui.UnexpectedTagNameException: Element should have been "select" but was "span"
Build info: version: '3.141.59', revision: 'e82be7d358', time: '2018-11-14T08:17:03'
System info: host: 'EUROW42SLPC5721', ip: '192.168.29.116', os.name: 'Windows 10', os.arch: 'amd64', os.version: '10.0', java.version: '1.8.0_221'
Driver info: driver.version: unknown
	at org.openqa.selenium.support.ui.Select.<init>(Select.java:48)
	at com.zensar.scriptutils.GlobalFunction.selectBoxByVisibleTextContains(GlobalFunction.java:919)
	at com.zensar.pageobjects.ProjectDetails.deleteProvider(ProjectDetails.java:211)
	at com.zensar.stepDefinations.ActiveTransactionProviderListStepDefinitions.able_to_see_In_Process_provider_delete_provider(ActiveTransactionProviderListStepDefinitions.java:35)
	at ?.Able to see In Process provider & delete provider(src/main/java/com/zensar/features/ActiveTransactionProviderList.feature:33)


  Scenario Outline: Verify user able to reinstate provider from Removed providers#<DataSetName> # src/main/java/com/zensar/features/ActiveTransactionProviderList.feature:39
    When user logs in to ISG
    Then Verify for Active Transaction
    Then User clicks on first Active Transaction
    Then User will able to click view provider list
    And Able to see In Removed provider & reinstate provider

    Examples: 

  Background:                                          # src/main/java/com/zensar/features/ActiveTransactionProviderList.feature:3
    Given User navigates to ISG Landing Page and Login # SetupProjectStepDefinitions.user_navigates_to_Isg_Landing_Page()

  Scenario Outline: Verify user able to reinstate provider from Removed providers#ProviderList # src/main/java/com/zensar/features/ActiveTransactionProviderList.feature:48
    When user logs in to ISG                                                                   # SetupProjectStepDefinitions.user_clicks_on_submit_another_item()
[INFO]	[Assertion Pass]	Number of Active Transaction =  Active transactions (2)
    Then Verify for Active Transaction                                                         # ActiveTransactionProjectContactStepDefinitions.verify_for_Active_Notifications()
    Then User clicks on first Active Transaction                                               # ActiveTransactionProjectContactStepDefinitions.User_clicks_first_Active_Transaction()
[INFO]	[Assertion Pass]	User will be redirected to provider list =  Provider list
    Then User will able to click view provider list                                            # ActiveTransactionProviderListStepDefinitions.user_will_able_to_click_view_provider_list()
    And Able to see In Removed provider & reinstate provider                                   # ActiveTransactionProviderListStepDefinitions.Able_to_see_In_Removed_provider_reinstate_provider()
      org.openqa.selenium.support.ui.UnexpectedTagNameException: Element should have been "select" but was "span"
Build info: version: '3.141.59', revision: 'e82be7d358', time: '2018-11-14T08:17:03'
System info: host: 'EUROW42SLPC5721', ip: '192.168.29.116', os.name: 'Windows 10', os.arch: 'amd64', os.version: '10.0', java.version: '1.8.0_221'
Driver info: driver.version: unknown
	at org.openqa.selenium.support.ui.Select.<init>(Select.java:48)
	at com.zensar.scriptutils.GlobalFunction.selectBoxByVisibleTextContains(GlobalFunction.java:919)
	at com.zensar.pageobjects.ProjectDetails.reinstateProvider(ProjectDetails.java:218)
	at com.zensar.stepDefinations.ActiveTransactionProviderListStepDefinitions.Able_to_see_In_Removed_provider_reinstate_provider(ActiveTransactionProviderListStepDefinitions.java:39)
	at ?.Able to see In Removed provider & reinstate provider(src/main/java/com/zensar/features/ActiveTransactionProviderList.feature:44)


  Scenario Outline: Verify user able Export provider list#<DataSetName> # src/main/java/com/zensar/features/ActiveTransactionProviderList.feature:50
    When user logs in to ISG
    Then Verify for Active Transaction
    Then User clicks on first Active Transaction
    Then User will able to click view provider list
    And Able to click on export provider list

    Examples: 

  Background:                                          # src/main/java/com/zensar/features/ActiveTransactionProviderList.feature:3
    Given User navigates to ISG Landing Page and Login # SetupProjectStepDefinitions.user_navigates_to_Isg_Landing_Page()

  Scenario Outline: Verify user able Export provider list#ProviderList # src/main/java/com/zensar/features/ActiveTransactionProviderList.feature:59
    When user logs in to ISG                                           # SetupProjectStepDefinitions.user_clicks_on_submit_another_item()
[INFO]	[Assertion Pass]	Number of Active Transaction =  Active transactions (2)
    Then Verify for Active Transaction                                 # ActiveTransactionProjectContactStepDefinitions.verify_for_Active_Notifications()
    Then User clicks on first Active Transaction                       # ActiveTransactionProjectContactStepDefinitions.User_clicks_first_Active_Transaction()
[INFO]	[Assertion Pass]	User will be redirected to provider list =  Provider list
    Then User will able to click view provider list                    # ActiveTransactionProviderListStepDefinitions.user_will_able_to_click_view_provider_list()
    And Able to click on export provider list                          # ActiveTransactionProviderListStepDefinitions.able_to_click_on_export_provider_list()

  Scenario Outline: Verify user able Edit filter #<DataSetName> # src/main/java/com/zensar/features/ActiveTransactionProviderList.feature:61
    When user logs in to ISG
    Then Verify for Active Transaction
    Then User clicks on first Active Transaction
    Then User will able to click view provider list
    And Able to click on Edit & change values for In scope geographies ,In Scope industry & TCV

    Examples: 

  Background:                                          # src/main/java/com/zensar/features/ActiveTransactionProviderList.feature:3
    Given User navigates to ISG Landing Page and Login # SetupProjectStepDefinitions.user_navigates_to_Isg_Landing_Page()

  Scenario Outline: Verify user able Edit filter #ProviderList                                  # src/main/java/com/zensar/features/ActiveTransactionProviderList.feature:70
    When user logs in to ISG                                                                    # SetupProjectStepDefinitions.user_clicks_on_submit_another_item()
[INFO]	[Assertion Pass]	Number of Active Transaction =  Active transactions (2)
    Then Verify for Active Transaction                                                          # ActiveTransactionProjectContactStepDefinitions.verify_for_Active_Notifications()
    Then User clicks on first Active Transaction                                                # ActiveTransactionProjectContactStepDefinitions.User_clicks_first_Active_Transaction()
[INFO]	[Assertion Pass]	User will be redirected to provider list =  Provider list
    Then User will able to click view provider list                                             # ActiveTransactionProviderListStepDefinitions.user_will_able_to_click_view_provider_list()
    And Able to click on Edit & change values for In scope geographies ,In Scope industry & TCV # ActiveTransactionProviderListStepDefinitions.able_to_click_on_Edit_change_values()
      org.openqa.selenium.NoSuchElementException: no such element: Unable to locate element: {"method":"xpath","selector":"//button[@class='btn primary-btn-large save-provider-list']"}
  (Session info: chrome=122.0.6261.112)
For documentation on this error, please visit: https://www.seleniumhq.org/exceptions/no_such_element.html
Build info: version: '3.141.59', revision: 'e82be7d358', time: '2018-11-14T08:17:03'
System info: host: 'EUROW42SLPC5721', ip: '192.168.29.116', os.name: 'Windows 10', os.arch: 'amd64', os.version: '10.0', java.version: '1.8.0_221'
Driver info: org.openqa.selenium.chrome.ChromeDriver
Capabilities {acceptInsecureCerts: false, browserName: chrome, browserVersion: 122.0.6261.112, chrome: {chromedriverVersion: 122.0.6261.111 (9d4c1072da6..., userDataDir: C:\Users\vs106039\AppData\L...}, fedcm:accounts: true, goog:chromeOptions: {debuggerAddress: localhost:55081}, javascriptEnabled: true, networkConnectionEnabled: false, pageLoadStrategy: normal, platform: WINDOWS, platformName: WINDOWS, proxy: Proxy(), setWindowRect: true, strictFileInteractability: false, timeouts: {implicit: 0, pageLoad: 300000, script: 30000}, unhandledPromptBehavior: dismiss and notify, webauthn:extension:credBlob: true, webauthn:extension:largeBlob: true, webauthn:extension:minPinLength: true, webauthn:extension:prf: true, webauthn:virtualAuthenticators: true}
Session ID: 904804093e814039d69c5746e00f7b01
*** Element info: {Using=xpath, value=//button[@class='btn primary-btn-large save-provider-list']}
	at sun.reflect.GeneratedConstructorAccessor91.newInstance(Unknown Source)
	at sun.reflect.DelegatingConstructorAccessorImpl.newInstance(DelegatingConstructorAccessorImpl.java:45)
	at java.lang.reflect.Constructor.newInstance(Constructor.java:423)
	at org.openqa.selenium.remote.http.W3CHttpResponseCodec.createException(W3CHttpResponseCodec.java:187)
	at org.openqa.selenium.remote.http.W3CHttpResponseCodec.decode(W3CHttpResponseCodec.java:122)
	at org.openqa.selenium.remote.http.W3CHttpResponseCodec.decode(W3CHttpResponseCodec.java:49)
	at org.openqa.selenium.remote.HttpCommandExecutor.execute(HttpCommandExecutor.java:158)
	at org.openqa.selenium.remote.service.DriverCommandExecutor.execute(DriverCommandExecutor.java:83)
	at org.openqa.selenium.remote.RemoteWebDriver.execute(RemoteWebDriver.java:552)
	at org.openqa.selenium.remote.RemoteWebDriver.findElement(RemoteWebDriver.java:323)
	at org.openqa.selenium.remote.RemoteWebDriver.findElementByXPath(RemoteWebDriver.java:428)
	at org.openqa.selenium.By$ByXPath.findElement(By.java:353)
	at org.openqa.selenium.remote.RemoteWebDriver.findElement(RemoteWebDriver.java:315)
	at sun.reflect.GeneratedMethodAccessor8.invoke(Unknown Source)
	at sun.reflect.DelegatingMethodAccessorImpl.invoke(DelegatingMethodAccessorImpl.java:43)
	at java.lang.reflect.Method.invoke(Method.java:498)
	at org.openqa.selenium.support.events.EventFiringWebDriver.lambda$new$1(EventFiringWebDriver.java:105)
	at com.sun.proxy.$Proxy25.findElement(Unknown Source)
	at org.openqa.selenium.support.events.EventFiringWebDriver.findElement(EventFiringWebDriver.java:194)
	at org.openqa.selenium.support.pagefactory.DefaultElementLocator.findElement(DefaultElementLocator.java:69)
	at org.openqa.selenium.support.pagefactory.internal.LocatingElementHandler.invoke(LocatingElementHandler.java:38)
	at com.sun.proxy.$Proxy28.isDisplayed(Unknown Source)
	at com.zensar.scriptutils.GlobalFunction.waitForElement(GlobalFunction.java:1677)
	at com.zensar.pageobjects.ProjectDetails.editProvider(ProjectDetails.java:229)
	at com.zensar.stepDefinations.ActiveTransactionProviderListStepDefinitions.able_to_click_on_Edit_change_values(ActiveTransactionProviderListStepDefinitions.java:47)
	at ?.Able to click on Edit & change values for In scope geographies ,In Scope industry & TCV(src/main/java/com/zensar/features/ActiveTransactionProviderList.feature:66)

isPresent	 >>>>>> (GlobalFunction.java:74)	13:30:11
zAssertTrue	 >>>>>> (GlobalFunction.java:74)	13:30:11
>>>ExcelInput  ProjectContact  - AddContact  - Mobile	 >>>>>> (ExcelInput.java:14)	13:30:11
Value:8956210123	 >>>>>> (ExcelInput.java:22)	13:30:11
clearAndEnterText	 >>>>>> (GlobalFunction.java:74)	13:30:11

Failed scenarios:	 >>>>>> (Stats.java:172)	13:30:11
src/main/java/com/zensar/features/ActiveTransactionProviderList.feature:26 # Verify user able to add In Process provider	 >>>>>> (Stats.java:178)	13:30:11
#ProviderList	 >>>>>> (Stats.java:178)	13:30:11
src/main/java/com/zensar/features/ActiveTransactionProviderList.feature:37 # Verify user able to Delete In Process provider	 >>>>>> (Stats.java:178)	13:30:11
#ProviderList	 >>>>>> (Stats.java:178)	13:30:11
src/main/java/com/zensar/features/ActiveTransactionProviderList.feature:48 # Verify user able to reinstate provider from Removed providers	 >>>>>> (Stats.java:178)	13:30:11
#ProviderList	 >>>>>> (Stats.java:178)	13:30:11
src/main/java/com/zensar/features/ActiveTransactionProviderList.feature:70 # Verify user able Edit filter 	 >>>>>> (Stats.java:178)	13:30:11
#ProviderList	 >>>>>> (Stats.java:178)	13:30:11

6 Scenarios (4 failed, 2 passed)	 >>>>>> (Stats.java:129)	13:30:11
36 Steps (4 failed, 32 passed)	 >>>>>> (Stats.java:122)	13:30:11
7m49.535s	 >>>>>> (Stats.java:157)	13:30:11

org.openqa.selenium.NoSuchElementException: no such element: Unable to locate element: {"method":"xpath","selector":"//*[@class='k-input-inner']"}
  (Session info: chrome=122.0.6261.112)
For documentation on this error, please visit: https://www.seleniumhq.org/exceptions/no_such_element.html
Build info: version: '3.141.59', revision: 'e82be7d358', time: '2018-11-14T08:17:03'
System info: host: 'EUROW42SLPC5721', ip: '192.168.29.116', os.name: 'Windows 10', os.arch: 'amd64', os.version: '10.0', java.version: '1.8.0_221'
Driver info: org.openqa.selenium.chrome.ChromeDriver
Capabilities {acceptInsecureCerts: false, browserName: chrome, browserVersion: 122.0.6261.112, chrome: {chromedriverVersion: 122.0.6261.111 (9d4c1072da6..., userDataDir: C:\Users\vs106039\AppData\L...}, fedcm:accounts: true, goog:chromeOptions: {debuggerAddress: localhost:53641}, javascriptEnabled: true, networkConnectionEnabled: false, pageLoadStrategy: normal, platform: WINDOWS, platformName: WINDOWS, proxy: Proxy(), setWindowRect: true, strictFileInteractability: false, timeouts: {implicit: 0, pageLoad: 300000, script: 30000}, unhandledPromptBehavior: dismiss and notify, webauthn:extension:credBlob: true, webauthn:extension:largeBlob: true, webauthn:extension:minPinLength: true, webauthn:extension:prf: true, webauthn:virtualAuthenticators: true}
Session ID: 9af9113a6ba22c64575931710c0dfd08
*** Element info: {Using=xpath, value=//*[@class='k-input-inner']}	 >>>>>> (Throwable.java:749)	13:30:11
	at sun.reflect.GeneratedConstructorAccessor91.newInstance(Unknown Source)	 >>>>>> (Throwable.java:749)	13:30:11
	at sun.reflect.DelegatingConstructorAccessorImpl.newInstance(DelegatingConstructorAccessorImpl.java:45)	 >>>>>> (Throwable.java:749)	13:30:11
	at java.lang.reflect.Constructor.newInstance(Constructor.java:423)	 >>>>>> (Throwable.java:749)	13:30:11
	at org.openqa.selenium.remote.http.W3CHttpResponseCodec.createException(W3CHttpResponseCodec.java:187)	 >>>>>> (Throwable.java:749)	13:30:11
	at org.openqa.selenium.remote.http.W3CHttpResponseCodec.decode(W3CHttpResponseCodec.java:122)	 >>>>>> (Throwable.java:749)	13:30:11
	at org.openqa.selenium.remote.http.W3CHttpResponseCodec.decode(W3CHttpResponseCodec.java:49)	 >>>>>> (Throwable.java:749)	13:30:11
	at org.openqa.selenium.remote.HttpCommandExecutor.execute(HttpCommandExecutor.java:158)	 >>>>>> (Throwable.java:749)	13:30:11
	at org.openqa.selenium.remote.service.DriverCommandExecutor.execute(DriverCommandExecutor.java:83)	 >>>>>> (Throwable.java:749)	13:30:11
	at org.openqa.selenium.remote.RemoteWebDriver.execute(RemoteWebDriver.java:552)	 >>>>>> (Throwable.java:749)	13:30:11
	at org.openqa.selenium.remote.RemoteWebDriver.findElement(RemoteWebDriver.java:323)	 >>>>>> (Throwable.java:749)	13:30:11
	at org.openqa.selenium.remote.RemoteWebDriver.findElementByXPath(RemoteWebDriver.java:428)	 >>>>>> (Throwable.java:749)	13:30:11
	at org.openqa.selenium.By$ByXPath.findElement(By.java:353)	 >>>>>> (Throwable.java:749)	13:30:11
	at org.openqa.selenium.remote.RemoteWebDriver.findElement(RemoteWebDriver.java:315)	 >>>>>> (Throwable.java:749)	13:30:11
	at sun.reflect.GeneratedMethodAccessor8.invoke(Unknown Source)	 >>>>>> (Throwable.java:749)	13:30:11
	at sun.reflect.DelegatingMethodAccessorImpl.invoke(DelegatingMethodAccessorImpl.java:43)	 >>>>>> (Throwable.java:749)	13:30:11
	at java.lang.reflect.Method.invoke(Method.java:498)	 >>>>>> (Throwable.java:749)	13:30:11
	at org.openqa.selenium.support.events.EventFiringWebDriver.lambda$new$1(EventFiringWebDriver.java:105)	 >>>>>> (Throwable.java:749)	13:30:11
	at com.sun.proxy.$Proxy25.findElement(Unknown Source)	 >>>>>> (Throwable.java:749)	13:30:11
	at org.openqa.selenium.support.events.EventFiringWebDriver.findElement(EventFiringWebDriver.java:194)	 >>>>>> (Throwable.java:749)	13:30:11
	at org.openqa.selenium.support.pagefactory.DefaultElementLocator.findElement(DefaultElementLocator.java:69)	 >>>>>> (Throwable.java:749)	13:30:11
	at org.openqa.selenium.support.pagefactory.internal.LocatingElementHandler.invoke(LocatingElementHandler.java:38)	 >>>>>> (Throwable.java:749)	13:30:11
	at com.sun.proxy.$Proxy28.clear(Unknown Source)	 >>>>>> (Throwable.java:749)	13:30:11
	at com.zensar.scriptutils.GlobalFunction.clearAndEnterText(GlobalFunction.java:726)	 >>>>>> (Throwable.java:749)	13:30:11
	at com.zensar.pageobjects.ProjectDetails.addProvider(ProjectDetails.java:202)	 >>>>>> (Throwable.java:749)	13:30:11
	at com.zensar.stepDefinations.ActiveTransactionProviderListStepDefinitions.able_to_see_In_Process_provider_add_provider(ActiveTransactionProviderListStepDefinitions.java:31)	 >>>>>> (Throwable.java:749)	13:30:11
	at ?.Able to see In Process provider & add provider(src/main/java/com/zensar/features/ActiveTransactionProviderList.feature:22)	 >>>>>> (Throwable.java:749)	13:30:11

org.openqa.selenium.support.ui.UnexpectedTagNameException: Element should have been "select" but was "span"
Build info: version: '3.141.59', revision: 'e82be7d358', time: '2018-11-14T08:17:03'
System info: host: 'EUROW42SLPC5721', ip: '192.168.29.116', os.name: 'Windows 10', os.arch: 'amd64', os.version: '10.0', java.version: '1.8.0_221'
Driver info: driver.version: unknown	 >>>>>> (Throwable.java:749)	13:30:11
	at org.openqa.selenium.support.ui.Select.<init>(Select.java:48)	 >>>>>> (Throwable.java:749)	13:30:11
	at com.zensar.scriptutils.GlobalFunction.selectBoxByVisibleTextContains(GlobalFunction.java:919)	 >>>>>> (Throwable.java:749)	13:30:11
	at com.zensar.pageobjects.ProjectDetails.deleteProvider(ProjectDetails.java:211)	 >>>>>> (Throwable.java:749)	13:30:11
	at com.zensar.stepDefinations.ActiveTransactionProviderListStepDefinitions.able_to_see_In_Process_provider_delete_provider(ActiveTransactionProviderListStepDefinitions.java:35)	 >>>>>> (Throwable.java:749)	13:30:11
	at ?.Able to see In Process provider & delete provider(src/main/java/com/zensar/features/ActiveTransactionProviderList.feature:33)	 >>>>>> (Throwable.java:749)	13:30:11

org.openqa.selenium.support.ui.UnexpectedTagNameException: Element should have been "select" but was "span"
Build info: version: '3.141.59', revision: 'e82be7d358', time: '2018-11-14T08:17:03'
System info: host: 'EUROW42SLPC5721', ip: '192.168.29.116', os.name: 'Windows 10', os.arch: 'amd64', os.version: '10.0', java.version: '1.8.0_221'
Driver info: driver.version: unknown	 >>>>>> (Throwable.java:749)	13:30:11
	at org.openqa.selenium.support.ui.Select.<init>(Select.java:48)	 >>>>>> (Throwable.java:749)	13:30:11
	at com.zensar.scriptutils.GlobalFunction.selectBoxByVisibleTextContains(GlobalFunction.java:919)	 >>>>>> (Throwable.java:749)	13:30:11
	at com.zensar.pageobjects.ProjectDetails.reinstateProvider(ProjectDetails.java:218)	 >>>>>> (Throwable.java:749)	13:30:11
	at com.zensar.stepDefinations.ActiveTransactionProviderListStepDefinitions.Able_to_see_In_Removed_provider_reinstate_provider(ActiveTransactionProviderListStepDefinitions.java:39)	 >>>>>> (Throwable.java:749)	13:30:11
	at ?.Able to see In Removed provider & reinstate provider(src/main/java/com/zensar/features/ActiveTransactionProviderList.feature:44)	 >>>>>> (Throwable.java:749)	13:30:11

org.openqa.selenium.NoSuchElementException: no such element: Unable to locate element: {"method":"xpath","selector":"//button[@class='btn primary-btn-large save-provider-list']"}
  (Session info: chrome=122.0.6261.112)
For documentation on this error, please visit: https://www.seleniumhq.org/exceptions/no_such_element.html
Build info: version: '3.141.59', revision: 'e82be7d358', time: '2018-11-14T08:17:03'
System info: host: 'EUROW42SLPC5721', ip: '192.168.29.116', os.name: 'Windows 10', os.arch: 'amd64', os.version: '10.0', java.version: '1.8.0_221'
Driver info: org.openqa.selenium.chrome.ChromeDriver
Capabilities {acceptInsecureCerts: false, browserName: chrome, browserVersion: 122.0.6261.112, chrome: {chromedriverVersion: 122.0.6261.111 (9d4c1072da6..., userDataDir: C:\Users\vs106039\AppData\L...}, fedcm:accounts: true, goog:chromeOptions: {debuggerAddress: localhost:55081}, javascriptEnabled: true, networkConnectionEnabled: false, pageLoadStrategy: normal, platform: WINDOWS, platformName: WINDOWS, proxy: Proxy(), setWindowRect: true, strictFileInteractability: false, timeouts: {implicit: 0, pageLoad: 300000, script: 30000}, unhandledPromptBehavior: dismiss and notify, webauthn:extension:credBlob: true, webauthn:extension:largeBlob: true, webauthn:extension:minPinLength: true, webauthn:extension:prf: true, webauthn:virtualAuthenticators: true}
Session ID: 904804093e814039d69c5746e00f7b01
*** Element info: {Using=xpath, value=//button[@class='btn primary-btn-large save-provider-list']}	 >>>>>> (Throwable.java:749)	13:30:11
	at sun.reflect.GeneratedConstructorAccessor91.newInstance(Unknown Source)	 >>>>>> (Throwable.java:749)	13:30:11
	at sun.reflect.DelegatingConstructorAccessorImpl.newInstance(DelegatingConstructorAccessorImpl.java:45)	 >>>>>> (Throwable.java:749)	13:30:11
	at java.lang.reflect.Constructor.newInstance(Constructor.java:423)	 >>>>>> (Throwable.java:749)	13:30:11
	at org.openqa.selenium.remote.http.W3CHttpResponseCodec.createException(W3CHttpResponseCodec.java:187)	 >>>>>> (Throwable.java:749)	13:30:11
	at org.openqa.selenium.remote.http.W3CHttpResponseCodec.decode(W3CHttpResponseCodec.java:122)	 >>>>>> (Throwable.java:749)	13:30:11
	at org.openqa.selenium.remote.http.W3CHttpResponseCodec.decode(W3CHttpResponseCodec.java:49)	 >>>>>> (Throwable.java:749)	13:30:11
	at org.openqa.selenium.remote.HttpCommandExecutor.execute(HttpCommandExecutor.java:158)	 >>>>>> (Throwable.java:749)	13:30:11
	at org.openqa.selenium.remote.service.DriverCommandExecutor.execute(DriverCommandExecutor.java:83)	 >>>>>> (Throwable.java:749)	13:30:11
	at org.openqa.selenium.remote.RemoteWebDriver.execute(RemoteWebDriver.java:552)	 >>>>>> (Throwable.java:749)	13:30:11
	at org.openqa.selenium.remote.RemoteWebDriver.findElement(RemoteWebDriver.java:323)	 >>>>>> (Throwable.java:749)	13:30:11
	at org.openqa.selenium.remote.RemoteWebDriver.findElementByXPath(RemoteWebDriver.java:428)	 >>>>>> (Throwable.java:749)	13:30:11
	at org.openqa.selenium.By$ByXPath.findElement(By.java:353)	 >>>>>> (Throwable.java:749)	13:30:11
	at org.openqa.selenium.remote.RemoteWebDriver.findElement(RemoteWebDriver.java:315)	 >>>>>> (Throwable.java:749)	13:30:11
	at sun.reflect.GeneratedMethodAccessor8.invoke(Unknown Source)	 >>>>>> (Throwable.java:749)	13:30:11
	at sun.reflect.DelegatingMethodAccessorImpl.invoke(DelegatingMethodAccessorImpl.java:43)	 >>>>>> (Throwable.java:749)	13:30:11
	at java.lang.reflect.Method.invoke(Method.java:498)	 >>>>>> (Throwable.java:749)	13:30:11
	at org.openqa.selenium.support.events.EventFiringWebDriver.lambda$new$1(EventFiringWebDriver.java:105)	 >>>>>> (Throwable.java:749)	13:30:11
	at com.sun.proxy.$Proxy25.findElement(Unknown Source)	 >>>>>> (Throwable.java:749)	13:30:11
	at org.openqa.selenium.support.events.EventFiringWebDriver.findElement(EventFiringWebDriver.java:194)	 >>>>>> (Throwable.java:749)	13:30:11
	at org.openqa.selenium.support.pagefactory.DefaultElementLocator.findElement(DefaultElementLocator.java:69)	 >>>>>> (Throwable.java:749)	13:30:11
	at org.openqa.selenium.support.pagefactory.internal.LocatingElementHandler.invoke(LocatingElementHandler.java:38)	 >>>>>> (Throwable.java:749)	13:30:11
	at com.sun.proxy.$Proxy28.isDisplayed(Unknown Source)	 >>>>>> (Throwable.java:749)	13:30:11
	at com.zensar.scriptutils.GlobalFunction.waitForElement(GlobalFunction.java:1677)	 >>>>>> (Throwable.java:749)	13:30:11
	at com.zensar.pageobjects.ProjectDetails.editProvider(ProjectDetails.java:229)	 >>>>>> (Throwable.java:749)	13:30:11
	at com.zensar.stepDefinations.ActiveTransactionProviderListStepDefinitions.able_to_click_on_Edit_change_values(ActiveTransactionProviderListStepDefinitions.java:47)	 >>>>>> (Throwable.java:749)	13:30:11
	at ?.Able to click on Edit & change values for In scope geographies ,In Scope industry & TCV(src/main/java/com/zensar/features/ActiveTransactionProviderList.feature:66)	 >>>>>> (Throwable.java:749)	13:30:11

Suite Complete - ActiveTransactionProviderList	 >>>>>> (ActiveTransactionProviderList.java:77)	13:30:11
embedScreenshot	 >>>>>> (GlobalFunction.java:74)	13:30:11
Thread Local getDrive()	 >>>>>> (DriverHandler.java:87)	13:30:11
isPresent	 >>>>>> (GlobalFunction.java:74)	13:30:11
zAssertTrue	 >>>>>> (GlobalFunction.java:74)	13:30:11
click	 >>>>>> (GlobalFunction.java:74)	13:30:11
1 row(s) affected	 >>>>>> (Connection.java:73)	13:30:11
1 row(s) affected	 >>>>>> (Connection.java:73)	13:30:11
1 row(s) affected	 >>>>>> (Connection.java:73)	13:30:11
[INFO]	 Attempt 1 of 1 to execute  [PASSED]	 >>>>>> (ProjectContact.java:38)	13:30:11
Feature :	ProjectContact	 >>>>>> (ProjectContact.java:60)	13:30:11
Scenario :	Verify user able add Client to Project contact list	 >>>>>> (ProjectContact.java:61)	13:30:11
DataSetName :	AddContact
	 >>>>>> (ProjectContact.java:62)	13:30:11
]]></system-out>
  </testcase>
  <testcase name="feature[com.zensar.scriptutils.PickleWrapper@169eef55](2)" classname="com.zensar.runner.ProjectContact" time="78.159">
    <system-out><![CDATA[[INFO]	 Attempt 1 of 1 to execute 	 >>>>>> (ProjectContact.java:35)	13:30:11
Feature :	ProjectContact	 >>>>>> (ProjectContact.java:60)	13:30:11
Scenario :	Verify user able add Client to Project contact list after adding only Required field	 >>>>>> (ProjectContact.java:61)	13:30:11
DataSetName :	AddContact
	 >>>>>> (ProjectContact.java:62)	13:30:11
SCENARIO STATE Init	 >>>>>> (Hooks.java:24)	13:30:11
Thread Local getDrive()	 >>>>>> (DriverHandler.java:87)	13:30:14
3 columns(s) affected	 >>>>>> (Connection.java:93)	13:30:14
1 row(s) affected	 >>>>>> (Connection.java:73)	13:30:14
1 row(s) affected	 >>>>>> (Connection.java:73)	13:30:14
1 row(s) affected	 >>>>>> (Connection.java:73)	13:30:14
BROWSER STACK SESSION : 	 >>>>>> (OutputSheetLogger.java:174)	13:30:14
Thread Local getDrive()	 >>>>>> (DriverHandler.java:87)	13:30:14
50077d227079843875dc021fc2d108e7	 >>>>>> (OutputSheetLogger.java:175)	13:30:14
Entered try in open	 >>>>>> (IsgLandingPage.java:145)	13:30:14
embedScreenshot	 >>>>>> (GlobalFunction.java:74)	13:30:18
highlightElement	 >>>>>> (GlobalFunction.java:74)	13:30:18
Thread Local getDrive()	 >>>>>> (DriverHandler.java:87)	13:30:19
unHighlightElement	 >>>>>> (GlobalFunction.java:74)	13:30:19
forceClick	 >>>>>> (GlobalFunction.java:74)	13:30:19
Clicked Login	 >>>>>> (IsgLandingPage.java:179)	13:30:20
username : NGS3@isg-one.com	 >>>>>> (IsgLandingPage.java:181)	13:30:24
password : T|2txZ>UJs	 >>>>>> (IsgLandingPage.java:183)	13:30:24
embedScreenshot	 >>>>>> (GlobalFunction.java:74)	13:30:24
highlightElement	 >>>>>> (GlobalFunction.java:74)	13:30:24
Thread Local getDrive()	 >>>>>> (DriverHandler.java:87)	13:30:24
unHighlightElement	 >>>>>> (GlobalFunction.java:74)	13:30:25
click	 >>>>>> (GlobalFunction.java:74)	13:30:25
isPresent	 >>>>>> (GlobalFunction.java:74)	13:30:25
Thread Local getDrive()	 >>>>>> (DriverHandler.java:87)	13:30:25
Thread Local getDrive()	 >>>>>> (DriverHandler.java:87)	13:30:25
Thread Local getDrive()	 >>>>>> (DriverHandler.java:87)	13:30:25
isPresent	 >>>>>> (GlobalFunction.java:74)	13:30:25
waitForElementClickabality	 >>>>>> (GlobalFunction.java:74)	13:30:26
getText	 >>>>>> (GlobalFunction.java:74)	13:30:42
Number of Active Transaction: Active transactions (2)	 >>>>>> (ProjectContact.java:113)	13:30:42
embedScreenshot	 >>>>>> (GlobalFunction.java:74)	13:30:42
Thread Local getDrive()	 >>>>>> (DriverHandler.java:87)	13:30:42
zAssertTrue	 >>>>>> (GlobalFunction.java:74)	13:30:42
waitForElement	 >>>>>> (GlobalFunction.java:74)	13:30:42
isPresent	 >>>>>> (GlobalFunction.java:74)	13:30:42
isPresent	 >>>>>> (GlobalFunction.java:74)	13:30:42
click	 >>>>>> (GlobalFunction.java:74)	13:30:52
embedScreenshot	 >>>>>> (GlobalFunction.java:74)	13:30:52
Thread Local getDrive()	 >>>>>> (DriverHandler.java:87)	13:30:52
waitForElement	 >>>>>> (GlobalFunction.java:74)	13:30:52
isPresent	 >>>>>> (GlobalFunction.java:74)	13:30:52
1
isPresent	 >>>>>> (GlobalFunction.java:74)	13:30:54
2
isPresent	 >>>>>> (GlobalFunction.java:74)	13:30:57
isPresent	 >>>>>> (GlobalFunction.java:74)	13:30:57
waitForceScrollClick	 >>>>>> (GlobalFunction.java:74)	13:31:2
waitForElement	 >>>>>> (GlobalFunction.java:74)	13:31:2
forceScrollToElement	 >>>>>> (GlobalFunction.java:74)	13:31:2
forceClick	 >>>>>> (GlobalFunction.java:74)	13:31:2
waitForElement	 >>>>>> (GlobalFunction.java:74)	13:31:3
isPresent	 >>>>>> (GlobalFunction.java:74)	13:31:3
1
isPresent	 >>>>>> (GlobalFunction.java:74)	13:31:5
2
isPresent	 >>>>>> (GlobalFunction.java:74)	13:31:7
isPresent	 >>>>>> (GlobalFunction.java:74)	13:31:7
click	 >>>>>> (GlobalFunction.java:74)	13:31:12
>>>ExcelInput  ProjectContact  - AddContact  - FirstName	 >>>>>> (ExcelInput.java:14)	13:31:18
Value:Himanshu	 >>>>>> (ExcelInput.java:22)	13:31:18
clearAndEnterText	 >>>>>> (GlobalFunction.java:74)	13:31:18
isPresent	 >>>>>> (GlobalFunction.java:74)	13:31:18
zAssertTrue	 >>>>>> (GlobalFunction.java:74)	13:31:18
>>>ExcelInput  ProjectContact  - AddContact  - LastName	 >>>>>> (ExcelInput.java:14)	13:31:23
Value:Upreti	 >>>>>> (ExcelInput.java:22)	13:31:23
clearAndEnterText	 >>>>>> (GlobalFunction.java:74)	13:31:23
embedScreenshot	 >>>>>> (GlobalFunction.java:74)	13:31:23
Thread Local getDrive()	 >>>>>> (DriverHandler.java:87)	13:31:23
isPresent	 >>>>>> (GlobalFunction.java:74)	13:31:23
zAssertTrue	 >>>>>> (GlobalFunction.java:74)	13:31:23
waitForElement	 >>>>>> (GlobalFunction.java:74)	13:31:23
isPresent	 >>>>>> (GlobalFunction.java:74)	13:31:23
isPresent	 >>>>>> (GlobalFunction.java:74)	13:31:23
>>>ExcelInput  ProjectContact  - AddContact  - ProjectRole	 >>>>>> (ExcelInput.java:14)	13:31:28
Value:Client team member	 >>>>>> (ExcelInput.java:22)	13:31:28
selectBoxByVisibleTextContains	 >>>>>> (GlobalFunction.java:74)	13:31:28
embedScreenshot	 >>>>>> (GlobalFunction.java:74)	13:31:29
Thread Local getDrive()	 >>>>>> (DriverHandler.java:87)	13:31:29
>>>ExcelInput  ProjectContact  - AddContact  - Email	 >>>>>> (ExcelInput.java:14)	13:31:29
Value:Tester1@yopmail.com	 >>>>>> (ExcelInput.java:22)	13:31:29
clearAndEnterText	 >>>>>> (GlobalFunction.java:74)	13:31:29
embedScreenshot	 >>>>>> (GlobalFunction.java:74)	13:31:29
Thread Local getDrive()	 >>>>>> (DriverHandler.java:87)	13:31:29
isPresent	 >>>>>> (GlobalFunction.java:74)	13:31:29
zAssertTrue	 >>>>>> (GlobalFunction.java:74)	13:31:29
click	 >>>>>> (GlobalFunction.java:74)	13:31:29
1 row(s) affected	 >>>>>> (Connection.java:73)	13:31:30
1 row(s) affected	 >>>>>> (Connection.java:73)	13:31:30
1 row(s) affected	 >>>>>> (Connection.java:73)	13:31:30
[INFO]	 Attempt 1 of 1 to execute  [PASSED]	 >>>>>> (ProjectContact.java:38)	13:31:30
Feature :	ProjectContact	 >>>>>> (ProjectContact.java:60)	13:31:30
Scenario :	Verify user able add Client to Project contact list after adding only Required field	 >>>>>> (ProjectContact.java:61)	13:31:30
DataSetName :	AddContact
	 >>>>>> (ProjectContact.java:62)	13:31:30
]]></system-out>
    <system-err><![CDATA[[ERROR] Problem while finding out runner name
java.lang.NullPointerException
	at com.zensar.scriptutils.ScenarioState.<init>(ScenarioState.java:56)
	at sun.reflect.GeneratedConstructorAccessor134.newInstance(Unknown Source)
	at sun.reflect.DelegatingConstructorAccessorImpl.newInstance(DelegatingConstructorAccessorImpl.java:45)
	at java.lang.reflect.Constructor.newInstance(Constructor.java:423)
	at org.picocontainer.injectors.AbstractInjector.newInstance(AbstractInjector.java:145)
	at org.picocontainer.injectors.ConstructorInjector$1.run(ConstructorInjector.java:342)
	at org.picocontainer.injectors.AbstractInjector$ThreadLocalCyclicDependencyGuard.observe(AbstractInjector.java:270)
	at org.picocontainer.injectors.ConstructorInjector.getComponentInstance(ConstructorInjector.java:364)
	at org.picocontainer.injectors.AbstractInjectionFactory$LifecycleAdapter.getComponentInstance(AbstractInjectionFactory.java:56)
	at org.picocontainer.behaviors.AbstractBehavior.getComponentInstance(AbstractBehavior.java:64)
	at org.picocontainer.behaviors.Stored.getComponentInstance(Stored.java:91)
	at org.picocontainer.DefaultPicoContainer.getInstance(DefaultPicoContainer.java:699)
	at org.picocontainer.DefaultPicoContainer.getComponent(DefaultPicoContainer.java:647)
	at org.picocontainer.DefaultPicoContainer.getComponent(DefaultPicoContainer.java:632)
	at org.picocontainer.parameters.BasicComponentParameter$1.resolveInstance(BasicComponentParameter.java:118)
	at org.picocontainer.parameters.ComponentParameter$1.resolveInstance(ComponentParameter.java:136)
	at org.picocontainer.injectors.SingleMemberInjector.getParameter(SingleMemberInjector.java:78)
	at org.picocontainer.injectors.ConstructorInjector$CtorAndAdapters.getParameterArguments(ConstructorInjector.java:309)
	at org.picocontainer.injectors.ConstructorInjector$1.run(ConstructorInjector.java:335)
	at org.picocontainer.injectors.AbstractInjector$ThreadLocalCyclicDependencyGuard.observe(AbstractInjector.java:270)
	at org.picocontainer.injectors.ConstructorInjector.getComponentInstance(ConstructorInjector.java:364)
	at org.picocontainer.injectors.AbstractInjectionFactory$LifecycleAdapter.getComponentInstance(AbstractInjectionFactory.java:56)
	at org.picocontainer.behaviors.AbstractBehavior.getComponentInstance(AbstractBehavior.java:64)
	at org.picocontainer.behaviors.Stored.getComponentInstance(Stored.java:91)
	at org.picocontainer.DefaultPicoContainer.getInstance(DefaultPicoContainer.java:699)
	at org.picocontainer.DefaultPicoContainer.getComponent(DefaultPicoContainer.java:647)
	at org.picocontainer.DefaultPicoContainer.getComponent(DefaultPicoContainer.java:678)
	at cucumber.runtime.java.picocontainer.PicoFactory.getInstance(PicoFactory.java:40)
	at cucumber.runtime.java.JavaHookDefinition.execute(JavaHookDefinition.java:60)
	at cucumber.runner.HookDefinitionMatch.runStep(HookDefinitionMatch.java:16)
	at cucumber.runner.TestStep.executeStep(TestStep.java:63)
	at cucumber.runner.TestStep.run(TestStep.java:49)
	at cucumber.runner.TestCase.run(TestCase.java:40)
	at cucumber.runner.Runner.runPickle(Runner.java:40)
	at cucumber.api.testng.TestNGCucumberRunner.runScenario(TestNGCucumberRunner.java:68)
	at com.zensar.runner.ProjectContact.feature(ProjectContact.java:37)
	at sun.reflect.NativeMethodAccessorImpl.invoke0(Native Method)
	at sun.reflect.NativeMethodAccessorImpl.invoke(NativeMethodAccessorImpl.java:62)
	at sun.reflect.DelegatingMethodAccessorImpl.invoke(DelegatingMethodAccessorImpl.java:43)
	at java.lang.reflect.Method.invoke(Method.java:498)
	at org.testng.internal.MethodInvocationHelper.invokeMethod(MethodInvocationHelper.java:124)
	at org.testng.internal.Invoker.invokeMethod(Invoker.java:583)
	at org.testng.internal.Invoker.invokeTestMethod(Invoker.java:719)
	at org.testng.internal.Invoker.invokeTestMethods(Invoker.java:989)
	at org.testng.internal.TestMethodWorker.invokeTestMethods(TestMethodWorker.java:125)
	at org.testng.internal.TestMethodWorker.run(TestMethodWorker.java:109)
	at org.testng.TestRunner.privateRun(TestRunner.java:648)
	at org.testng.TestRunner.run(TestRunner.java:505)
	at org.testng.SuiteRunner.runTest(SuiteRunner.java:455)
	at org.testng.SuiteRunner.access$000(SuiteRunner.java:40)
	at org.testng.SuiteRunner$SuiteWorker.run(SuiteRunner.java:489)
	at org.testng.internal.thread.ThreadUtil$1.call(ThreadUtil.java:52)
	at java.util.concurrent.FutureTask.run(FutureTask.java:266)
	at java.util.concurrent.ThreadPoolExecutor.runWorker(ThreadPoolExecutor.java:1149)
	at java.util.concurrent.ThreadPoolExecutor$Worker.run(ThreadPoolExecutor.java:624)
	at java.lang.Thread.run(Thread.java:748)
742613 [TestNG-tests-3] INFO io.github.bonigarcia.wdm.WebDriverManager - Using chromedriver 122.0.6261.111 (resolved driver for Chrome 122)
742625 [TestNG-tests-3] INFO io.github.bonigarcia.wdm.WebDriverManager - Exporting webdriver.chrome.driver as C:\Users\vs106039\.cache\selenium\chromedriver\win64\122.0.6261.111\chromedriver.exe
Starting ChromeDriver 122.0.6261.111 (9d4c1072da62b411b351a38b9ed6214ab236aa7b-refs/branch-heads/6261@{#1015}) on port 39477
Only local connections are allowed.
Please see https://chromedriver.chromium.org/security-considerations for suggestions on keeping ChromeDriver safe.
ChromeDriver was started successfully.
Mar 12, 2024 1:30:14 PM org.openqa.selenium.remote.ProtocolHandshake createSession
INFO: Detected dialect: W3C
]]></system-err>
  </testcase>
  <testcase name="feature[com.zensar.scriptutils.PickleWrapper@51dbd110](3)" classname="com.zensar.runner.ProjectContact" time="99.495">
    <system-out><![CDATA[[INFO]	 Attempt 1 of 1 to execute 	 >>>>>> (ProjectContact.java:35)	13:31:30
Feature :	ProjectContact	 >>>>>> (ProjectContact.java:60)	13:31:30
Scenario :	Verify user able add Lead Attorney to Project contact list	 >>>>>> (ProjectContact.java:61)	13:31:30
DataSetName :	AddContact
	 >>>>>> (ProjectContact.java:62)	13:31:30
SCENARIO STATE Init	 >>>>>> (Hooks.java:24)	13:31:30
Thread Local getDrive()	 >>>>>> (DriverHandler.java:87)	13:31:32
3 columns(s) affected	 >>>>>> (Connection.java:93)	13:31:32
1 row(s) affected	 >>>>>> (Connection.java:73)	13:31:32
1 row(s) affected	 >>>>>> (Connection.java:73)	13:31:32
1 row(s) affected	 >>>>>> (Connection.java:73)	13:31:32
BROWSER STACK SESSION : 	 >>>>>> (OutputSheetLogger.java:174)	13:31:32
Thread Local getDrive()	 >>>>>> (DriverHandler.java:87)	13:31:32
8190d21c3c4c86fd1717d1eb3dc5b73d	 >>>>>> (OutputSheetLogger.java:175)	13:31:32
Entered try in open	 >>>>>> (IsgLandingPage.java:145)	13:31:32
embedScreenshot	 >>>>>> (GlobalFunction.java:74)	13:31:36
highlightElement	 >>>>>> (GlobalFunction.java:74)	13:31:36
Thread Local getDrive()	 >>>>>> (DriverHandler.java:87)	13:31:36
unHighlightElement	 >>>>>> (GlobalFunction.java:74)	13:31:37
forceClick	 >>>>>> (GlobalFunction.java:74)	13:31:37
Clicked Login	 >>>>>> (IsgLandingPage.java:179)	13:31:38
username : NGS3@isg-one.com	 >>>>>> (IsgLandingPage.java:181)	13:31:41
password : T|2txZ>UJs	 >>>>>> (IsgLandingPage.java:183)	13:31:41
embedScreenshot	 >>>>>> (GlobalFunction.java:74)	13:31:41
highlightElement	 >>>>>> (GlobalFunction.java:74)	13:31:41
Thread Local getDrive()	 >>>>>> (DriverHandler.java:87)	13:31:42
unHighlightElement	 >>>>>> (GlobalFunction.java:74)	13:31:42
click	 >>>>>> (GlobalFunction.java:74)	13:31:42
isPresent	 >>>>>> (GlobalFunction.java:74)	13:31:42
Thread Local getDrive()	 >>>>>> (DriverHandler.java:87)	13:31:42
Thread Local getDrive()	 >>>>>> (DriverHandler.java:87)	13:31:42
Thread Local getDrive()	 >>>>>> (DriverHandler.java:87)	13:31:42
isPresent	 >>>>>> (GlobalFunction.java:74)	13:31:42
waitForElementClickabality	 >>>>>> (GlobalFunction.java:74)	13:31:43
getText	 >>>>>> (GlobalFunction.java:74)	13:31:59
Number of Active Transaction: Active transactions (2)	 >>>>>> (ProjectContact.java:113)	13:31:59
embedScreenshot	 >>>>>> (GlobalFunction.java:74)	13:31:59
Thread Local getDrive()	 >>>>>> (DriverHandler.java:87)	13:31:59
zAssertTrue	 >>>>>> (GlobalFunction.java:74)	13:31:59
waitForElement	 >>>>>> (GlobalFunction.java:74)	13:31:59
isPresent	 >>>>>> (GlobalFunction.java:74)	13:31:59
isPresent	 >>>>>> (GlobalFunction.java:74)	13:31:59
click	 >>>>>> (GlobalFunction.java:74)	13:32:10
embedScreenshot	 >>>>>> (GlobalFunction.java:74)	13:32:10
Thread Local getDrive()	 >>>>>> (DriverHandler.java:87)	13:32:10
waitForElement	 >>>>>> (GlobalFunction.java:74)	13:32:10
isPresent	 >>>>>> (GlobalFunction.java:74)	13:32:10
1
isPresent	 >>>>>> (GlobalFunction.java:74)	13:32:12
2
isPresent	 >>>>>> (GlobalFunction.java:74)	13:32:14
isPresent	 >>>>>> (GlobalFunction.java:74)	13:32:14
waitForceScrollClick	 >>>>>> (GlobalFunction.java:74)	13:32:19
waitForElement	 >>>>>> (GlobalFunction.java:74)	13:32:19
forceScrollToElement	 >>>>>> (GlobalFunction.java:74)	13:32:19
forceClick	 >>>>>> (GlobalFunction.java:74)	13:32:20
waitForElement	 >>>>>> (GlobalFunction.java:74)	13:32:20
isPresent	 >>>>>> (GlobalFunction.java:74)	13:32:20
1
isPresent	 >>>>>> (GlobalFunction.java:74)	13:32:22
2
isPresent	 >>>>>> (GlobalFunction.java:74)	13:32:24
isPresent	 >>>>>> (GlobalFunction.java:74)	13:32:25
click	 >>>>>> (GlobalFunction.java:74)	13:32:30
waitForElement	 >>>>>> (GlobalFunction.java:74)	13:32:30
isPresent	 >>>>>> (GlobalFunction.java:74)	13:32:30
isPresent	 >>>>>> (GlobalFunction.java:74)	13:32:30
click	 >>>>>> (GlobalFunction.java:74)	13:32:30
embedScreenshot	 >>>>>> (GlobalFunction.java:74)	13:32:31
Thread Local getDrive()	 >>>>>> (DriverHandler.java:87)	13:32:31
waitForElement	 >>>>>> (GlobalFunction.java:74)	13:32:36
isPresent	 >>>>>> (GlobalFunction.java:74)	13:32:36
isPresent	 >>>>>> (GlobalFunction.java:74)	13:32:36
embedScreenshot	 >>>>>> (GlobalFunction.java:74)	13:32:36
Thread Local getDrive()	 >>>>>> (DriverHandler.java:87)	13:32:36
>>>ExcelInput  ProjectContact  - AddContact  - AttorneyFirstName	 >>>>>> (ExcelInput.java:14)	13:32:36
Value:first	 >>>>>> (ExcelInput.java:22)	13:32:36
clearAndEnterText	 >>>>>> (GlobalFunction.java:74)	13:32:36
isPresent	 >>>>>> (GlobalFunction.java:74)	13:32:36
zAssertTrue	 >>>>>> (GlobalFunction.java:74)	13:32:36
waitForElement	 >>>>>> (GlobalFunction.java:74)	13:32:41
isPresent	 >>>>>> (GlobalFunction.java:74)	13:32:41
isPresent	 >>>>>> (GlobalFunction.java:74)	13:32:41
embedScreenshot	 >>>>>> (GlobalFunction.java:74)	13:32:41
Thread Local getDrive()	 >>>>>> (DriverHandler.java:87)	13:32:41
>>>ExcelInput  ProjectContact  - AddContact  - AttorneyLastName	 >>>>>> (ExcelInput.java:14)	13:32:41
Value:last	 >>>>>> (ExcelInput.java:22)	13:32:41
clearAndEnterText	 >>>>>> (GlobalFunction.java:74)	13:32:41
isPresent	 >>>>>> (GlobalFunction.java:74)	13:32:42
zAssertTrue	 >>>>>> (GlobalFunction.java:74)	13:32:42
waitForElement	 >>>>>> (GlobalFunction.java:74)	13:32:42
isPresent	 >>>>>> (GlobalFunction.java:74)	13:32:42
isPresent	 >>>>>> (GlobalFunction.java:74)	13:32:42
click	 >>>>>> (GlobalFunction.java:74)	13:32:47
embedScreenshot	 >>>>>> (GlobalFunction.java:74)	13:32:47
Thread Local getDrive()	 >>>>>> (DriverHandler.java:87)	13:32:47
waitForElement	 >>>>>> (GlobalFunction.java:74)	13:32:52
isPresent	 >>>>>> (GlobalFunction.java:74)	13:32:52
isPresent	 >>>>>> (GlobalFunction.java:74)	13:32:52
embedScreenshot	 >>>>>> (GlobalFunction.java:74)	13:32:52
Thread Local getDrive()	 >>>>>> (DriverHandler.java:87)	13:32:52
>>>ExcelInput  ProjectContact  - AddContact  - AttorneyLegalFirm	 >>>>>> (ExcelInput.java:14)	13:32:52
Value:firm	 >>>>>> (ExcelInput.java:22)	13:32:52
clearAndEnterText	 >>>>>> (GlobalFunction.java:74)	13:32:52
isPresent	 >>>>>> (GlobalFunction.java:74)	13:32:53
zAssertTrue	 >>>>>> (GlobalFunction.java:74)	13:32:53
waitForElement	 >>>>>> (GlobalFunction.java:74)	13:32:58
isPresent	 >>>>>> (GlobalFunction.java:74)	13:32:58
isPresent	 >>>>>> (GlobalFunction.java:74)	13:32:58
>>>ExcelInput  ProjectContact  - AddContact  - AttorneyJobTitle	 >>>>>> (ExcelInput.java:14)	13:32:58
Value:Chairman	 >>>>>> (ExcelInput.java:22)	13:32:58
selectBoxByVisibleTextContains	 >>>>>> (GlobalFunction.java:74)	13:32:58
embedScreenshot	 >>>>>> (GlobalFunction.java:74)	13:32:58
Thread Local getDrive()	 >>>>>> (DriverHandler.java:87)	13:32:58
>>>ExcelInput  ProjectContact  - AddContact  - Email	 >>>>>> (ExcelInput.java:14)	13:33:3
Value:Tester1@yopmail.com	 >>>>>> (ExcelInput.java:22)	13:33:3
clearAndEnterText	 >>>>>> (GlobalFunction.java:74)	13:33:3
embedScreenshot	 >>>>>> (GlobalFunction.java:74)	13:33:3
Thread Local getDrive()	 >>>>>> (DriverHandler.java:87)	13:33:3
isPresent	 >>>>>> (GlobalFunction.java:74)	13:33:4
zAssertTrue	 >>>>>> (GlobalFunction.java:74)	13:33:4
>>>ExcelInput  ProjectContact  - AddContact  - Mobile	 >>>>>> (ExcelInput.java:14)	13:33:9
Value:8956210123	 >>>>>> (ExcelInput.java:22)	13:33:9
clearAndEnterText	 >>>>>> (GlobalFunction.java:74)	13:33:9
embedScreenshot	 >>>>>> (GlobalFunction.java:74)	13:33:9
Thread Local getDrive()	 >>>>>> (DriverHandler.java:87)	13:33:9
isPresent	 >>>>>> (GlobalFunction.java:74)	13:33:9
zAssertTrue	 >>>>>> (GlobalFunction.java:74)	13:33:9
click	 >>>>>> (GlobalFunction.java:74)	13:33:9
1 row(s) affected	 >>>>>> (Connection.java:73)	13:33:9
1 row(s) affected	 >>>>>> (Connection.java:73)	13:33:9
1 row(s) affected	 >>>>>> (Connection.java:73)	13:33:9
[INFO]	 Attempt 1 of 1 to execute  [PASSED]	 >>>>>> (ProjectContact.java:38)	13:33:9
Feature :	ProjectContact	 >>>>>> (ProjectContact.java:60)	13:33:9
Scenario :	Verify user able add Lead Attorney to Project contact list	 >>>>>> (ProjectContact.java:61)	13:33:9
DataSetName :	AddContact
	 >>>>>> (ProjectContact.java:62)	13:33:9
]]></system-out>
    <system-err><![CDATA[[ERROR] Problem while finding out runner name
java.lang.NullPointerException
	at com.zensar.scriptutils.ScenarioState.<init>(ScenarioState.java:56)
	at sun.reflect.GeneratedConstructorAccessor134.newInstance(Unknown Source)
	at sun.reflect.DelegatingConstructorAccessorImpl.newInstance(DelegatingConstructorAccessorImpl.java:45)
	at java.lang.reflect.Constructor.newInstance(Constructor.java:423)
	at org.picocontainer.injectors.AbstractInjector.newInstance(AbstractInjector.java:145)
	at org.picocontainer.injectors.ConstructorInjector$1.run(ConstructorInjector.java:342)
	at org.picocontainer.injectors.AbstractInjector$ThreadLocalCyclicDependencyGuard.observe(AbstractInjector.java:270)
	at org.picocontainer.injectors.ConstructorInjector.getComponentInstance(ConstructorInjector.java:364)
	at org.picocontainer.injectors.AbstractInjectionFactory$LifecycleAdapter.getComponentInstance(AbstractInjectionFactory.java:56)
	at org.picocontainer.behaviors.AbstractBehavior.getComponentInstance(AbstractBehavior.java:64)
	at org.picocontainer.behaviors.Stored.getComponentInstance(Stored.java:91)
	at org.picocontainer.DefaultPicoContainer.getInstance(DefaultPicoContainer.java:699)
	at org.picocontainer.DefaultPicoContainer.getComponent(DefaultPicoContainer.java:647)
	at org.picocontainer.DefaultPicoContainer.getComponent(DefaultPicoContainer.java:632)
	at org.picocontainer.parameters.BasicComponentParameter$1.resolveInstance(BasicComponentParameter.java:118)
	at org.picocontainer.parameters.ComponentParameter$1.resolveInstance(ComponentParameter.java:136)
	at org.picocontainer.injectors.SingleMemberInjector.getParameter(SingleMemberInjector.java:78)
	at org.picocontainer.injectors.ConstructorInjector$CtorAndAdapters.getParameterArguments(ConstructorInjector.java:309)
	at org.picocontainer.injectors.ConstructorInjector$1.run(ConstructorInjector.java:335)
	at org.picocontainer.injectors.AbstractInjector$ThreadLocalCyclicDependencyGuard.observe(AbstractInjector.java:270)
	at org.picocontainer.injectors.ConstructorInjector.getComponentInstance(ConstructorInjector.java:364)
	at org.picocontainer.injectors.AbstractInjectionFactory$LifecycleAdapter.getComponentInstance(AbstractInjectionFactory.java:56)
	at org.picocontainer.behaviors.AbstractBehavior.getComponentInstance(AbstractBehavior.java:64)
	at org.picocontainer.behaviors.Stored.getComponentInstance(Stored.java:91)
	at org.picocontainer.DefaultPicoContainer.getInstance(DefaultPicoContainer.java:699)
	at org.picocontainer.DefaultPicoContainer.getComponent(DefaultPicoContainer.java:647)
	at org.picocontainer.DefaultPicoContainer.getComponent(DefaultPicoContainer.java:678)
	at cucumber.runtime.java.picocontainer.PicoFactory.getInstance(PicoFactory.java:40)
	at cucumber.runtime.java.JavaHookDefinition.execute(JavaHookDefinition.java:60)
	at cucumber.runner.HookDefinitionMatch.runStep(HookDefinitionMatch.java:16)
	at cucumber.runner.TestStep.executeStep(TestStep.java:63)
	at cucumber.runner.TestStep.run(TestStep.java:49)
	at cucumber.runner.TestCase.run(TestCase.java:40)
	at cucumber.runner.Runner.runPickle(Runner.java:40)
	at cucumber.api.testng.TestNGCucumberRunner.runScenario(TestNGCucumberRunner.java:68)
	at com.zensar.runner.ProjectContact.feature(ProjectContact.java:37)
	at sun.reflect.NativeMethodAccessorImpl.invoke0(Native Method)
	at sun.reflect.NativeMethodAccessorImpl.invoke(NativeMethodAccessorImpl.java:62)
	at sun.reflect.DelegatingMethodAccessorImpl.invoke(DelegatingMethodAccessorImpl.java:43)
	at java.lang.reflect.Method.invoke(Method.java:498)
	at org.testng.internal.MethodInvocationHelper.invokeMethod(MethodInvocationHelper.java:124)
	at org.testng.internal.Invoker.invokeMethod(Invoker.java:583)
	at org.testng.internal.Invoker.invokeTestMethod(Invoker.java:719)
	at org.testng.internal.Invoker.invokeTestMethods(Invoker.java:989)
	at org.testng.internal.TestMethodWorker.invokeTestMethods(TestMethodWorker.java:125)
	at org.testng.internal.TestMethodWorker.run(TestMethodWorker.java:109)
	at org.testng.TestRunner.privateRun(TestRunner.java:648)
	at org.testng.TestRunner.run(TestRunner.java:505)
	at org.testng.SuiteRunner.runTest(SuiteRunner.java:455)
	at org.testng.SuiteRunner.access$000(SuiteRunner.java:40)
	at org.testng.SuiteRunner$SuiteWorker.run(SuiteRunner.java:489)
	at org.testng.internal.thread.ThreadUtil$1.call(ThreadUtil.java:52)
	at java.util.concurrent.FutureTask.run(FutureTask.java:266)
	at java.util.concurrent.ThreadPoolExecutor.runWorker(ThreadPoolExecutor.java:1149)
	at java.util.concurrent.ThreadPoolExecutor$Worker.run(ThreadPoolExecutor.java:624)
	at java.lang.Thread.run(Thread.java:748)
820777 [TestNG-tests-3] INFO io.github.bonigarcia.wdm.WebDriverManager - Using chromedriver 122.0.6261.111 (resolved driver for Chrome 122)
820787 [TestNG-tests-3] INFO io.github.bonigarcia.wdm.WebDriverManager - Exporting webdriver.chrome.driver as C:\Users\vs106039\.cache\selenium\chromedriver\win64\122.0.6261.111\chromedriver.exe
Starting ChromeDriver 122.0.6261.111 (9d4c1072da62b411b351a38b9ed6214ab236aa7b-refs/branch-heads/6261@{#1015}) on port 1071
Only local connections are allowed.
Please see https://chromedriver.chromium.org/security-considerations for suggestions on keeping ChromeDriver safe.
ChromeDriver was started successfully.
Mar 12, 2024 1:31:32 PM org.openqa.selenium.remote.ProtocolHandshake createSession
INFO: Detected dialect: W3C
]]></system-err>
  </testcase>
  <testcase name="feature[com.zensar.scriptutils.PickleWrapper@20b1d719](4)" classname="com.zensar.runner.ProjectContact" time="92.01">
    <system-out><![CDATA[[INFO]	 Attempt 1 of 1 to execute 	 >>>>>> (ProjectContact.java:35)	13:33:9
Feature :	ProjectContact	 >>>>>> (ProjectContact.java:60)	13:33:9
Scenario :	Verify user able add Lead Attorney to Project contact list After adding only required field	 >>>>>> (ProjectContact.java:61)	13:33:9
DataSetName :	AddContact
	 >>>>>> (ProjectContact.java:62)	13:33:9
SCENARIO STATE Init	 >>>>>> (Hooks.java:24)	13:33:9
Thread Local getDrive()	 >>>>>> (DriverHandler.java:87)	13:33:11
3 columns(s) affected	 >>>>>> (Connection.java:93)	13:33:11
1 row(s) affected	 >>>>>> (Connection.java:73)	13:33:11
1 row(s) affected	 >>>>>> (Connection.java:73)	13:33:11
1 row(s) affected	 >>>>>> (Connection.java:73)	13:33:11
BROWSER STACK SESSION : 	 >>>>>> (OutputSheetLogger.java:174)	13:33:11
Thread Local getDrive()	 >>>>>> (DriverHandler.java:87)	13:33:11
c84344e49f3a8c274d11e152e54eb0ab	 >>>>>> (OutputSheetLogger.java:175)	13:33:11
Entered try in open	 >>>>>> (IsgLandingPage.java:145)	13:33:11
embedScreenshot	 >>>>>> (GlobalFunction.java:74)	13:33:24
highlightElement	 >>>>>> (GlobalFunction.java:74)	13:33:24
Thread Local getDrive()	 >>>>>> (DriverHandler.java:87)	13:33:24
unHighlightElement	 >>>>>> (GlobalFunction.java:74)	13:33:24
forceClick	 >>>>>> (GlobalFunction.java:74)	13:33:24
Clicked Login	 >>>>>> (IsgLandingPage.java:179)	13:33:25
username : NGS3@isg-one.com	 >>>>>> (IsgLandingPage.java:181)	13:33:29
password : T|2txZ>UJs	 >>>>>> (IsgLandingPage.java:183)	13:33:29
embedScreenshot	 >>>>>> (GlobalFunction.java:74)	13:33:29
highlightElement	 >>>>>> (GlobalFunction.java:74)	13:33:29
Thread Local getDrive()	 >>>>>> (DriverHandler.java:87)	13:33:29
unHighlightElement	 >>>>>> (GlobalFunction.java:74)	13:33:30
click	 >>>>>> (GlobalFunction.java:74)	13:33:30
isPresent	 >>>>>> (GlobalFunction.java:74)	13:33:30
Thread Local getDrive()	 >>>>>> (DriverHandler.java:87)	13:33:30
Thread Local getDrive()	 >>>>>> (DriverHandler.java:87)	13:33:30
Thread Local getDrive()	 >>>>>> (DriverHandler.java:87)	13:33:30
isPresent	 >>>>>> (GlobalFunction.java:74)	13:33:30
waitForElementClickabality	 >>>>>> (GlobalFunction.java:74)	13:33:31
getText	 >>>>>> (GlobalFunction.java:74)	13:33:48
Number of Active Transaction: Active transactions (2)	 >>>>>> (ProjectContact.java:113)	13:33:48
embedScreenshot	 >>>>>> (GlobalFunction.java:74)	13:33:48
Thread Local getDrive()	 >>>>>> (DriverHandler.java:87)	13:33:48
zAssertTrue	 >>>>>> (GlobalFunction.java:74)	13:33:48
waitForElement	 >>>>>> (GlobalFunction.java:74)	13:33:48
isPresent	 >>>>>> (GlobalFunction.java:74)	13:33:48
isPresent	 >>>>>> (GlobalFunction.java:74)	13:33:48
click	 >>>>>> (GlobalFunction.java:74)	13:33:59
embedScreenshot	 >>>>>> (GlobalFunction.java:74)	13:33:59
Thread Local getDrive()	 >>>>>> (DriverHandler.java:87)	13:33:59
waitForElement	 >>>>>> (GlobalFunction.java:74)	13:33:59
isPresent	 >>>>>> (GlobalFunction.java:74)	13:33:59
1
isPresent	 >>>>>> (GlobalFunction.java:74)	13:34:1
2
isPresent	 >>>>>> (GlobalFunction.java:74)	13:34:3
isPresent	 >>>>>> (GlobalFunction.java:74)	13:34:3
waitForceScrollClick	 >>>>>> (GlobalFunction.java:74)	13:34:8
waitForElement	 >>>>>> (GlobalFunction.java:74)	13:34:8
forceScrollToElement	 >>>>>> (GlobalFunction.java:74)	13:34:8
forceClick	 >>>>>> (GlobalFunction.java:74)	13:34:9
waitForElement	 >>>>>> (GlobalFunction.java:74)	13:34:9
isPresent	 >>>>>> (GlobalFunction.java:74)	13:34:9
1
isPresent	 >>>>>> (GlobalFunction.java:74)	13:34:11
2
isPresent	 >>>>>> (GlobalFunction.java:74)	13:34:13
isPresent	 >>>>>> (GlobalFunction.java:74)	13:34:13
click	 >>>>>> (GlobalFunction.java:74)	13:34:19
waitForElement	 >>>>>> (GlobalFunction.java:74)	13:34:19
isPresent	 >>>>>> (GlobalFunction.java:74)	13:34:19
isPresent	 >>>>>> (GlobalFunction.java:74)	13:34:19
click	 >>>>>> (GlobalFunction.java:74)	13:34:19
embedScreenshot	 >>>>>> (GlobalFunction.java:74)	13:34:19
Thread Local getDrive()	 >>>>>> (DriverHandler.java:87)	13:34:19
waitForElement	 >>>>>> (GlobalFunction.java:74)	13:34:24
isPresent	 >>>>>> (GlobalFunction.java:74)	13:34:24
isPresent	 >>>>>> (GlobalFunction.java:74)	13:34:24
embedScreenshot	 >>>>>> (GlobalFunction.java:74)	13:34:24
Thread Local getDrive()	 >>>>>> (DriverHandler.java:87)	13:34:24
>>>ExcelInput  ProjectContact  - AddContact  - AttorneyFirstName	 >>>>>> (ExcelInput.java:14)	13:34:24
Value:first	 >>>>>> (ExcelInput.java:22)	13:34:24
clearAndEnterText	 >>>>>> (GlobalFunction.java:74)	13:34:24
isPresent	 >>>>>> (GlobalFunction.java:74)	13:34:25
zAssertTrue	 >>>>>> (GlobalFunction.java:74)	13:34:25
waitForElement	 >>>>>> (GlobalFunction.java:74)	13:34:30
isPresent	 >>>>>> (GlobalFunction.java:74)	13:34:30
isPresent	 >>>>>> (GlobalFunction.java:74)	13:34:30
embedScreenshot	 >>>>>> (GlobalFunction.java:74)	13:34:30
Thread Local getDrive()	 >>>>>> (DriverHandler.java:87)	13:34:30
>>>ExcelInput  ProjectContact  - AddContact  - AttorneyLastName	 >>>>>> (ExcelInput.java:14)	13:34:30
Value:last	 >>>>>> (ExcelInput.java:22)	13:34:30
clearAndEnterText	 >>>>>> (GlobalFunction.java:74)	13:34:30
isPresent	 >>>>>> (GlobalFunction.java:74)	13:34:30
zAssertTrue	 >>>>>> (GlobalFunction.java:74)	13:34:30
waitForElement	 >>>>>> (GlobalFunction.java:74)	13:34:35
isPresent	 >>>>>> (GlobalFunction.java:74)	13:34:35
isPresent	 >>>>>> (GlobalFunction.java:74)	13:34:35
embedScreenshot	 >>>>>> (GlobalFunction.java:74)	13:34:35
Thread Local getDrive()	 >>>>>> (DriverHandler.java:87)	13:34:35
>>>ExcelInput  ProjectContact  - AddContact  - AttorneyLegalFirm	 >>>>>> (ExcelInput.java:14)	13:34:35
Value:firm	 >>>>>> (ExcelInput.java:22)	13:34:35
clearAndEnterText	 >>>>>> (GlobalFunction.java:74)	13:34:35
isPresent	 >>>>>> (GlobalFunction.java:74)	13:34:35
zAssertTrue	 >>>>>> (GlobalFunction.java:74)	13:34:36
>>>ExcelInput  ProjectContact  - AddContact  - Email	 >>>>>> (ExcelInput.java:14)	13:34:41
Value:Tester1@yopmail.com	 >>>>>> (ExcelInput.java:22)	13:34:41
clearAndEnterText	 >>>>>> (GlobalFunction.java:74)	13:34:41
embedScreenshot	 >>>>>> (GlobalFunction.java:74)	13:34:41
Thread Local getDrive()	 >>>>>> (DriverHandler.java:87)	13:34:41
isPresent	 >>>>>> (GlobalFunction.java:74)	13:34:41
zAssertTrue	 >>>>>> (GlobalFunction.java:74)	13:34:41
click	 >>>>>> (GlobalFunction.java:74)	13:34:41
1 row(s) affected	 >>>>>> (Connection.java:73)	13:34:41
1 row(s) affected	 >>>>>> (Connection.java:73)	13:34:41
1 row(s) affected	 >>>>>> (Connection.java:73)	13:34:41
[INFO]	 Attempt 1 of 1 to execute  [PASSED]	 >>>>>> (ProjectContact.java:38)	13:34:41
Feature :	ProjectContact	 >>>>>> (ProjectContact.java:60)	13:34:41
Scenario :	Verify user able add Lead Attorney to Project contact list After adding only required field	 >>>>>> (ProjectContact.java:61)	13:34:41
DataSetName :	AddContact
	 >>>>>> (ProjectContact.java:62)	13:34:41
]]></system-out>
    <system-err><![CDATA[[ERROR] Problem while finding out runner name
java.lang.NullPointerException
	at com.zensar.scriptutils.ScenarioState.<init>(ScenarioState.java:56)
	at sun.reflect.GeneratedConstructorAccessor134.newInstance(Unknown Source)
	at sun.reflect.DelegatingConstructorAccessorImpl.newInstance(DelegatingConstructorAccessorImpl.java:45)
	at java.lang.reflect.Constructor.newInstance(Constructor.java:423)
	at org.picocontainer.injectors.AbstractInjector.newInstance(AbstractInjector.java:145)
	at org.picocontainer.injectors.ConstructorInjector$1.run(ConstructorInjector.java:342)
	at org.picocontainer.injectors.AbstractInjector$ThreadLocalCyclicDependencyGuard.observe(AbstractInjector.java:270)
	at org.picocontainer.injectors.ConstructorInjector.getComponentInstance(ConstructorInjector.java:364)
	at org.picocontainer.injectors.AbstractInjectionFactory$LifecycleAdapter.getComponentInstance(AbstractInjectionFactory.java:56)
	at org.picocontainer.behaviors.AbstractBehavior.getComponentInstance(AbstractBehavior.java:64)
	at org.picocontainer.behaviors.Stored.getComponentInstance(Stored.java:91)
	at org.picocontainer.DefaultPicoContainer.getInstance(DefaultPicoContainer.java:699)
	at org.picocontainer.DefaultPicoContainer.getComponent(DefaultPicoContainer.java:647)
	at org.picocontainer.DefaultPicoContainer.getComponent(DefaultPicoContainer.java:632)
	at org.picocontainer.parameters.BasicComponentParameter$1.resolveInstance(BasicComponentParameter.java:118)
	at org.picocontainer.parameters.ComponentParameter$1.resolveInstance(ComponentParameter.java:136)
	at org.picocontainer.injectors.SingleMemberInjector.getParameter(SingleMemberInjector.java:78)
	at org.picocontainer.injectors.ConstructorInjector$CtorAndAdapters.getParameterArguments(ConstructorInjector.java:309)
	at org.picocontainer.injectors.ConstructorInjector$1.run(ConstructorInjector.java:335)
	at org.picocontainer.injectors.AbstractInjector$ThreadLocalCyclicDependencyGuard.observe(AbstractInjector.java:270)
	at org.picocontainer.injectors.ConstructorInjector.getComponentInstance(ConstructorInjector.java:364)
	at org.picocontainer.injectors.AbstractInjectionFactory$LifecycleAdapter.getComponentInstance(AbstractInjectionFactory.java:56)
	at org.picocontainer.behaviors.AbstractBehavior.getComponentInstance(AbstractBehavior.java:64)
	at org.picocontainer.behaviors.Stored.getComponentInstance(Stored.java:91)
	at org.picocontainer.DefaultPicoContainer.getInstance(DefaultPicoContainer.java:699)
	at org.picocontainer.DefaultPicoContainer.getComponent(DefaultPicoContainer.java:647)
	at org.picocontainer.DefaultPicoContainer.getComponent(DefaultPicoContainer.java:678)
	at cucumber.runtime.java.picocontainer.PicoFactory.getInstance(PicoFactory.java:40)
	at cucumber.runtime.java.JavaHookDefinition.execute(JavaHookDefinition.java:60)
	at cucumber.runner.HookDefinitionMatch.runStep(HookDefinitionMatch.java:16)
	at cucumber.runner.TestStep.executeStep(TestStep.java:63)
	at cucumber.runner.TestStep.run(TestStep.java:49)
	at cucumber.runner.TestCase.run(TestCase.java:40)
	at cucumber.runner.Runner.runPickle(Runner.java:40)
	at cucumber.api.testng.TestNGCucumberRunner.runScenario(TestNGCucumberRunner.java:68)
	at com.zensar.runner.ProjectContact.feature(ProjectContact.java:37)
	at sun.reflect.NativeMethodAccessorImpl.invoke0(Native Method)
	at sun.reflect.NativeMethodAccessorImpl.invoke(NativeMethodAccessorImpl.java:62)
	at sun.reflect.DelegatingMethodAccessorImpl.invoke(DelegatingMethodAccessorImpl.java:43)
	at java.lang.reflect.Method.invoke(Method.java:498)
	at org.testng.internal.MethodInvocationHelper.invokeMethod(MethodInvocationHelper.java:124)
	at org.testng.internal.Invoker.invokeMethod(Invoker.java:583)
	at org.testng.internal.Invoker.invokeTestMethod(Invoker.java:719)
	at org.testng.internal.Invoker.invokeTestMethods(Invoker.java:989)
	at org.testng.internal.TestMethodWorker.invokeTestMethods(TestMethodWorker.java:125)
	at org.testng.internal.TestMethodWorker.run(TestMethodWorker.java:109)
	at org.testng.TestRunner.privateRun(TestRunner.java:648)
	at org.testng.TestRunner.run(TestRunner.java:505)
	at org.testng.SuiteRunner.runTest(SuiteRunner.java:455)
	at org.testng.SuiteRunner.access$000(SuiteRunner.java:40)
	at org.testng.SuiteRunner$SuiteWorker.run(SuiteRunner.java:489)
	at org.testng.internal.thread.ThreadUtil$1.call(ThreadUtil.java:52)
	at java.util.concurrent.FutureTask.run(FutureTask.java:266)
	at java.util.concurrent.ThreadPoolExecutor.runWorker(ThreadPoolExecutor.java:1149)
	at java.util.concurrent.ThreadPoolExecutor$Worker.run(ThreadPoolExecutor.java:624)
	at java.lang.Thread.run(Thread.java:748)
920265 [TestNG-tests-3] INFO io.github.bonigarcia.wdm.WebDriverManager - Using chromedriver 122.0.6261.111 (resolved driver for Chrome 122)
920277 [TestNG-tests-3] INFO io.github.bonigarcia.wdm.WebDriverManager - Exporting webdriver.chrome.driver as C:\Users\vs106039\.cache\selenium\chromedriver\win64\122.0.6261.111\chromedriver.exe
Starting ChromeDriver 122.0.6261.111 (9d4c1072da62b411b351a38b9ed6214ab236aa7b-refs/branch-heads/6261@{#1015}) on port 32156
Only local connections are allowed.
Please see https://chromedriver.chromium.org/security-considerations for suggestions on keeping ChromeDriver safe.
ChromeDriver was started successfully.
Mar 12, 2024 1:33:11 PM org.openqa.selenium.remote.ProtocolHandshake createSession
INFO: Detected dialect: W3C
]]></system-err>
  </testcase>
  <testcase name="feature[com.zensar.scriptutils.PickleWrapper@8786b77](5)" classname="com.zensar.runner.ProjectContact" time="83.068">
    <system-out><![CDATA[[INFO]	 Attempt 1 of 1 to execute 	 >>>>>> (ProjectContact.java:35)	13:34:41
Feature :	ProjectContact	 >>>>>> (ProjectContact.java:60)	13:34:41
Scenario :	Verify user able add Client Lead to Project contact list	 >>>>>> (ProjectContact.java:61)	13:34:41
DataSetName :	AddContact
	 >>>>>> (ProjectContact.java:62)	13:34:41
SCENARIO STATE Init	 >>>>>> (Hooks.java:24)	13:34:41
Thread Local getDrive()	 >>>>>> (DriverHandler.java:87)	13:34:43
3 columns(s) affected	 >>>>>> (Connection.java:93)	13:34:43
1 row(s) affected	 >>>>>> (Connection.java:73)	13:34:43
1 row(s) affected	 >>>>>> (Connection.java:73)	13:34:43
1 row(s) affected	 >>>>>> (Connection.java:73)	13:34:43
BROWSER STACK SESSION : 	 >>>>>> (OutputSheetLogger.java:174)	13:34:43
Thread Local getDrive()	 >>>>>> (DriverHandler.java:87)	13:34:43
b69cde4b24b1d1e914c236e93ec9327f	 >>>>>> (OutputSheetLogger.java:175)	13:34:43
Entered try in open	 >>>>>> (IsgLandingPage.java:145)	13:34:43
embedScreenshot	 >>>>>> (GlobalFunction.java:74)	13:34:48
highlightElement	 >>>>>> (GlobalFunction.java:74)	13:34:48
Thread Local getDrive()	 >>>>>> (DriverHandler.java:87)	13:34:48
unHighlightElement	 >>>>>> (GlobalFunction.java:74)	13:34:49
forceClick	 >>>>>> (GlobalFunction.java:74)	13:34:49
Clicked Login	 >>>>>> (IsgLandingPage.java:179)	13:34:50
username : NGS3@isg-one.com	 >>>>>> (IsgLandingPage.java:181)	13:34:54
password : T|2txZ>UJs	 >>>>>> (IsgLandingPage.java:183)	13:34:54
embedScreenshot	 >>>>>> (GlobalFunction.java:74)	13:34:54
highlightElement	 >>>>>> (GlobalFunction.java:74)	13:34:54
Thread Local getDrive()	 >>>>>> (DriverHandler.java:87)	13:34:54
unHighlightElement	 >>>>>> (GlobalFunction.java:74)	13:34:54
click	 >>>>>> (GlobalFunction.java:74)	13:34:54
isPresent	 >>>>>> (GlobalFunction.java:74)	13:34:54
Thread Local getDrive()	 >>>>>> (DriverHandler.java:87)	13:34:54
Thread Local getDrive()	 >>>>>> (DriverHandler.java:87)	13:34:54
Thread Local getDrive()	 >>>>>> (DriverHandler.java:87)	13:34:55
isPresent	 >>>>>> (GlobalFunction.java:74)	13:34:55
waitForElementClickabality	 >>>>>> (GlobalFunction.java:74)	13:34:56
getText	 >>>>>> (GlobalFunction.java:74)	13:35:11
Number of Active Transaction: Active transactions (2)	 >>>>>> (ProjectContact.java:113)	13:35:11
embedScreenshot	 >>>>>> (GlobalFunction.java:74)	13:35:11
Thread Local getDrive()	 >>>>>> (DriverHandler.java:87)	13:35:11
zAssertTrue	 >>>>>> (GlobalFunction.java:74)	13:35:12
waitForElement	 >>>>>> (GlobalFunction.java:74)	13:35:12
isPresent	 >>>>>> (GlobalFunction.java:74)	13:35:12
isPresent	 >>>>>> (GlobalFunction.java:74)	13:35:12
click	 >>>>>> (GlobalFunction.java:74)	13:35:22
embedScreenshot	 >>>>>> (GlobalFunction.java:74)	13:35:22
Thread Local getDrive()	 >>>>>> (DriverHandler.java:87)	13:35:22
waitForElement	 >>>>>> (GlobalFunction.java:74)	13:35:22
isPresent	 >>>>>> (GlobalFunction.java:74)	13:35:22
1
isPresent	 >>>>>> (GlobalFunction.java:74)	13:35:24
2
isPresent	 >>>>>> (GlobalFunction.java:74)	13:35:26
isPresent	 >>>>>> (GlobalFunction.java:74)	13:35:26
waitForceScrollClick	 >>>>>> (GlobalFunction.java:74)	13:35:31
waitForElement	 >>>>>> (GlobalFunction.java:74)	13:35:31
forceScrollToElement	 >>>>>> (GlobalFunction.java:74)	13:35:31
forceClick	 >>>>>> (GlobalFunction.java:74)	13:35:32
waitForElement	 >>>>>> (GlobalFunction.java:74)	13:35:33
isPresent	 >>>>>> (GlobalFunction.java:74)	13:35:33
1
isPresent	 >>>>>> (GlobalFunction.java:74)	13:35:35
2
isPresent	 >>>>>> (GlobalFunction.java:74)	13:35:37
isPresent	 >>>>>> (GlobalFunction.java:74)	13:35:37
click	 >>>>>> (GlobalFunction.java:74)	13:35:42
>>>ExcelInput  ProjectContact  - AddContact  - FirstName	 >>>>>> (ExcelInput.java:14)	13:35:47
Value:Himanshu	 >>>>>> (ExcelInput.java:22)	13:35:47
clearAndEnterText	 >>>>>> (GlobalFunction.java:74)	13:35:47
isPresent	 >>>>>> (GlobalFunction.java:74)	13:35:47
zAssertTrue	 >>>>>> (GlobalFunction.java:74)	13:35:47
>>>ExcelInput  ProjectContact  - AddContact  - LastName	 >>>>>> (ExcelInput.java:14)	13:35:52
Value:Upreti	 >>>>>> (ExcelInput.java:22)	13:35:52
clearAndEnterText	 >>>>>> (GlobalFunction.java:74)	13:35:52
embedScreenshot	 >>>>>> (GlobalFunction.java:74)	13:35:53
Thread Local getDrive()	 >>>>>> (DriverHandler.java:87)	13:35:53
isPresent	 >>>>>> (GlobalFunction.java:74)	13:35:53
zAssertTrue	 >>>>>> (GlobalFunction.java:74)	13:35:53
waitForElement	 >>>>>> (GlobalFunction.java:74)	13:35:58
isPresent	 >>>>>> (GlobalFunction.java:74)	13:35:58
isPresent	 >>>>>> (GlobalFunction.java:74)	13:35:58
>>>ExcelInput  ProjectContact  - AddContact  - RoleClientLead	 >>>>>> (ExcelInput.java:14)	13:35:58
Value:Client lead	 >>>>>> (ExcelInput.java:22)	13:35:58
selectBoxByVisibleTextContains	 >>>>>> (GlobalFunction.java:74)	13:35:58
isPresent	 >>>>>> (GlobalFunction.java:74)	13:35:58
zAssertTrue	 >>>>>> (GlobalFunction.java:74)	13:35:58
>>>ExcelInput  ProjectContact  - AddContact  - Email	 >>>>>> (ExcelInput.java:14)	13:35:58
Value:Tester1@yopmail.com	 >>>>>> (ExcelInput.java:22)	13:35:58
clearAndEnterText	 >>>>>> (GlobalFunction.java:74)	13:35:58
embedScreenshot	 >>>>>> (GlobalFunction.java:74)	13:35:58
Thread Local getDrive()	 >>>>>> (DriverHandler.java:87)	13:35:58
isPresent	 >>>>>> (GlobalFunction.java:74)	13:35:59
zAssertTrue	 >>>>>> (GlobalFunction.java:74)	13:35:59
click	 >>>>>> (GlobalFunction.java:74)	13:35:59
waitForElement	 >>>>>> (GlobalFunction.java:74)	13:35:59
isPresent	 >>>>>> (GlobalFunction.java:74)	13:35:59
isPresent	 >>>>>> (GlobalFunction.java:74)	13:35:59
click	 >>>>>> (GlobalFunction.java:74)	13:36:4
embedScreenshot	 >>>>>> (GlobalFunction.java:74)	13:36:4
Thread Local getDrive()	 >>>>>> (DriverHandler.java:87)	13:36:4
1 row(s) affected	 >>>>>> (Connection.java:73)	13:36:4
1 row(s) affected	 >>>>>> (Connection.java:73)	13:36:4
1 row(s) affected	 >>>>>> (Connection.java:73)	13:36:4
[INFO]	 Attempt 1 of 1 to execute  [PASSED]	 >>>>>> (ProjectContact.java:38)	13:36:4
Feature :	ProjectContact	 >>>>>> (ProjectContact.java:60)	13:36:4
Scenario :	Verify user able add Client Lead to Project contact list	 >>>>>> (ProjectContact.java:61)	13:36:4
DataSetName :	AddContact
	 >>>>>> (ProjectContact.java:62)	13:36:4
]]></system-out>
    <system-err><![CDATA[[ERROR] Problem while finding out runner name
java.lang.NullPointerException
	at com.zensar.scriptutils.ScenarioState.<init>(ScenarioState.java:56)
	at sun.reflect.GeneratedConstructorAccessor134.newInstance(Unknown Source)
	at sun.reflect.DelegatingConstructorAccessorImpl.newInstance(DelegatingConstructorAccessorImpl.java:45)
	at java.lang.reflect.Constructor.newInstance(Constructor.java:423)
	at org.picocontainer.injectors.AbstractInjector.newInstance(AbstractInjector.java:145)
	at org.picocontainer.injectors.ConstructorInjector$1.run(ConstructorInjector.java:342)
	at org.picocontainer.injectors.AbstractInjector$ThreadLocalCyclicDependencyGuard.observe(AbstractInjector.java:270)
	at org.picocontainer.injectors.ConstructorInjector.getComponentInstance(ConstructorInjector.java:364)
	at org.picocontainer.injectors.AbstractInjectionFactory$LifecycleAdapter.getComponentInstance(AbstractInjectionFactory.java:56)
	at org.picocontainer.behaviors.AbstractBehavior.getComponentInstance(AbstractBehavior.java:64)
	at org.picocontainer.behaviors.Stored.getComponentInstance(Stored.java:91)
	at org.picocontainer.DefaultPicoContainer.getInstance(DefaultPicoContainer.java:699)
	at org.picocontainer.DefaultPicoContainer.getComponent(DefaultPicoContainer.java:647)
	at org.picocontainer.DefaultPicoContainer.getComponent(DefaultPicoContainer.java:632)
	at org.picocontainer.parameters.BasicComponentParameter$1.resolveInstance(BasicComponentParameter.java:118)
	at org.picocontainer.parameters.ComponentParameter$1.resolveInstance(ComponentParameter.java:136)
	at org.picocontainer.injectors.SingleMemberInjector.getParameter(SingleMemberInjector.java:78)
	at org.picocontainer.injectors.ConstructorInjector$CtorAndAdapters.getParameterArguments(ConstructorInjector.java:309)
	at org.picocontainer.injectors.ConstructorInjector$1.run(ConstructorInjector.java:335)
	at org.picocontainer.injectors.AbstractInjector$ThreadLocalCyclicDependencyGuard.observe(AbstractInjector.java:270)
	at org.picocontainer.injectors.ConstructorInjector.getComponentInstance(ConstructorInjector.java:364)
	at org.picocontainer.injectors.AbstractInjectionFactory$LifecycleAdapter.getComponentInstance(AbstractInjectionFactory.java:56)
	at org.picocontainer.behaviors.AbstractBehavior.getComponentInstance(AbstractBehavior.java:64)
	at org.picocontainer.behaviors.Stored.getComponentInstance(Stored.java:91)
	at org.picocontainer.DefaultPicoContainer.getInstance(DefaultPicoContainer.java:699)
	at org.picocontainer.DefaultPicoContainer.getComponent(DefaultPicoContainer.java:647)
	at org.picocontainer.DefaultPicoContainer.getComponent(DefaultPicoContainer.java:678)
	at cucumber.runtime.java.picocontainer.PicoFactory.getInstance(PicoFactory.java:40)
	at cucumber.runtime.java.JavaHookDefinition.execute(JavaHookDefinition.java:60)
	at cucumber.runner.HookDefinitionMatch.runStep(HookDefinitionMatch.java:16)
	at cucumber.runner.TestStep.executeStep(TestStep.java:63)
	at cucumber.runner.TestStep.run(TestStep.java:49)
	at cucumber.runner.TestCase.run(TestCase.java:40)
	at cucumber.runner.Runner.runPickle(Runner.java:40)
	at cucumber.api.testng.TestNGCucumberRunner.runScenario(TestNGCucumberRunner.java:68)
	at com.zensar.runner.ProjectContact.feature(ProjectContact.java:37)
	at sun.reflect.NativeMethodAccessorImpl.invoke0(Native Method)
	at sun.reflect.NativeMethodAccessorImpl.invoke(NativeMethodAccessorImpl.java:62)
	at sun.reflect.DelegatingMethodAccessorImpl.invoke(DelegatingMethodAccessorImpl.java:43)
	at java.lang.reflect.Method.invoke(Method.java:498)
	at org.testng.internal.MethodInvocationHelper.invokeMethod(MethodInvocationHelper.java:124)
	at org.testng.internal.Invoker.invokeMethod(Invoker.java:583)
	at org.testng.internal.Invoker.invokeTestMethod(Invoker.java:719)
	at org.testng.internal.Invoker.invokeTestMethods(Invoker.java:989)
	at org.testng.internal.TestMethodWorker.invokeTestMethods(TestMethodWorker.java:125)
	at org.testng.internal.TestMethodWorker.run(TestMethodWorker.java:109)
	at org.testng.TestRunner.privateRun(TestRunner.java:648)
	at org.testng.TestRunner.run(TestRunner.java:505)
	at org.testng.SuiteRunner.runTest(SuiteRunner.java:455)
	at org.testng.SuiteRunner.access$000(SuiteRunner.java:40)
	at org.testng.SuiteRunner$SuiteWorker.run(SuiteRunner.java:489)
	at org.testng.internal.thread.ThreadUtil$1.call(ThreadUtil.java:52)
	at java.util.concurrent.FutureTask.run(FutureTask.java:266)
	at java.util.concurrent.ThreadPoolExecutor.runWorker(ThreadPoolExecutor.java:1149)
	at java.util.concurrent.ThreadPoolExecutor$Worker.run(ThreadPoolExecutor.java:624)
	at java.lang.Thread.run(Thread.java:748)
1012283 [TestNG-tests-3] INFO io.github.bonigarcia.wdm.WebDriverManager - Using chromedriver 122.0.6261.111 (resolved driver for Chrome 122)
1012294 [TestNG-tests-3] INFO io.github.bonigarcia.wdm.WebDriverManager - Exporting webdriver.chrome.driver as C:\Users\vs106039\.cache\selenium\chromedriver\win64\122.0.6261.111\chromedriver.exe
Starting ChromeDriver 122.0.6261.111 (9d4c1072da62b411b351a38b9ed6214ab236aa7b-refs/branch-heads/6261@{#1015}) on port 39858
Only local connections are allowed.
Please see https://chromedriver.chromium.org/security-considerations for suggestions on keeping ChromeDriver safe.
ChromeDriver was started successfully.
Mar 12, 2024 1:34:43 PM org.openqa.selenium.remote.ProtocolHandshake createSession
INFO: Detected dialect: W3C
]]></system-err>
  </testcase>
  <testcase name="feature[com.zensar.scriptutils.PickleWrapper@338965f6](6)" classname="com.zensar.runner.ProjectContact" time="62.422">
    <system-out><![CDATA[[INFO]	 Attempt 1 of 1 to execute 	 >>>>>> (ProjectContact.java:35)	13:36:4
Feature :	ProjectContact	 >>>>>> (ProjectContact.java:60)	13:36:4
Scenario :	Verify user able view removed contact in contact list	 >>>>>> (ProjectContact.java:61)	13:36:4
DataSetName :	AddContact
	 >>>>>> (ProjectContact.java:62)	13:36:4
SCENARIO STATE Init	 >>>>>> (Hooks.java:24)	13:36:4
Thread Local getDrive()	 >>>>>> (DriverHandler.java:87)	13:36:6
3 columns(s) affected	 >>>>>> (Connection.java:93)	13:36:6
1 row(s) affected	 >>>>>> (Connection.java:73)	13:36:6
1 row(s) affected	 >>>>>> (Connection.java:73)	13:36:6
1 row(s) affected	 >>>>>> (Connection.java:73)	13:36:6
BROWSER STACK SESSION : 	 >>>>>> (OutputSheetLogger.java:174)	13:36:6
Thread Local getDrive()	 >>>>>> (DriverHandler.java:87)	13:36:6
878b229784fe9d0bd64a8026421dc7db	 >>>>>> (OutputSheetLogger.java:175)	13:36:6
Entered try in open	 >>>>>> (IsgLandingPage.java:145)	13:36:6
embedScreenshot	 >>>>>> (GlobalFunction.java:74)	13:36:13
highlightElement	 >>>>>> (GlobalFunction.java:74)	13:36:13
Thread Local getDrive()	 >>>>>> (DriverHandler.java:87)	13:36:13
unHighlightElement	 >>>>>> (GlobalFunction.java:74)	13:36:13
forceClick	 >>>>>> (GlobalFunction.java:74)	13:36:13
Clicked Login	 >>>>>> (IsgLandingPage.java:179)	13:36:14
username : NGS3@isg-one.com	 >>>>>> (IsgLandingPage.java:181)	13:36:18
password : T|2txZ>UJs	 >>>>>> (IsgLandingPage.java:183)	13:36:18
embedScreenshot	 >>>>>> (GlobalFunction.java:74)	13:36:18
highlightElement	 >>>>>> (GlobalFunction.java:74)	13:36:18
Thread Local getDrive()	 >>>>>> (DriverHandler.java:87)	13:36:18
unHighlightElement	 >>>>>> (GlobalFunction.java:74)	13:36:18
click	 >>>>>> (GlobalFunction.java:74)	13:36:19
isPresent	 >>>>>> (GlobalFunction.java:74)	13:36:19
Thread Local getDrive()	 >>>>>> (DriverHandler.java:87)	13:36:19
Thread Local getDrive()	 >>>>>> (DriverHandler.java:87)	13:36:19
Thread Local getDrive()	 >>>>>> (DriverHandler.java:87)	13:36:19
isPresent	 >>>>>> (GlobalFunction.java:74)	13:36:19
waitForElementClickabality	 >>>>>> (GlobalFunction.java:74)	13:36:20
getText	 >>>>>> (GlobalFunction.java:74)	13:36:35
Number of Active Transaction: Active transactions (2)	 >>>>>> (ProjectContact.java:113)	13:36:35
embedScreenshot	 >>>>>> (GlobalFunction.java:74)	13:36:35
Thread Local getDrive()	 >>>>>> (DriverHandler.java:87)	13:36:35
zAssertTrue	 >>>>>> (GlobalFunction.java:74)	13:36:35
waitForElement	 >>>>>> (GlobalFunction.java:74)	13:36:35
isPresent	 >>>>>> (GlobalFunction.java:74)	13:36:35
isPresent	 >>>>>> (GlobalFunction.java:74)	13:36:35
click	 >>>>>> (GlobalFunction.java:74)	13:36:45
embedScreenshot	 >>>>>> (GlobalFunction.java:74)	13:36:45
Thread Local getDrive()	 >>>>>> (DriverHandler.java:87)	13:36:45
waitForElement	 >>>>>> (GlobalFunction.java:74)	13:36:45
isPresent	 >>>>>> (GlobalFunction.java:74)	13:36:45
1
isPresent	 >>>>>> (GlobalFunction.java:74)	13:36:47
2
isPresent	 >>>>>> (GlobalFunction.java:74)	13:36:49
isPresent	 >>>>>> (GlobalFunction.java:74)	13:36:49
waitForceScrollClick	 >>>>>> (GlobalFunction.java:74)	13:36:54
waitForElement	 >>>>>> (GlobalFunction.java:74)	13:36:54
forceScrollToElement	 >>>>>> (GlobalFunction.java:74)	13:36:54
forceClick	 >>>>>> (GlobalFunction.java:74)	13:36:55
waitForElement	 >>>>>> (GlobalFunction.java:74)	13:36:56
isPresent	 >>>>>> (GlobalFunction.java:74)	13:36:56
isPresent	 >>>>>> (GlobalFunction.java:74)	13:36:56
click	 >>>>>> (GlobalFunction.java:74)	13:37:1
embedScreenshot	 >>>>>> (GlobalFunction.java:74)	13:37:1
Thread Local getDrive()	 >>>>>> (DriverHandler.java:87)	13:37:1
waitForElement	 >>>>>> (GlobalFunction.java:74)	13:37:1
isPresent	 >>>>>> (GlobalFunction.java:74)	13:37:1
isPresent	 >>>>>> (GlobalFunction.java:74)	13:37:1
click	 >>>>>> (GlobalFunction.java:74)	13:37:6
embedScreenshot	 >>>>>> (GlobalFunction.java:74)	13:37:7
Thread Local getDrive()	 >>>>>> (DriverHandler.java:87)	13:37:7
1 row(s) affected	 >>>>>> (Connection.java:73)	13:37:7
1 row(s) affected	 >>>>>> (Connection.java:73)	13:37:7
1 row(s) affected	 >>>>>> (Connection.java:73)	13:37:7
[INFO]	 Attempt 1 of 1 to execute  [PASSED]	 >>>>>> (ProjectContact.java:38)	13:37:7
Feature :	ProjectContact	 >>>>>> (ProjectContact.java:60)	13:37:7
Scenario :	Verify user able view removed contact in contact list	 >>>>>> (ProjectContact.java:61)	13:37:7
DataSetName :	AddContact
	 >>>>>> (ProjectContact.java:62)	13:37:7
]]></system-out>
    <system-err><![CDATA[[ERROR] Problem while finding out runner name
java.lang.NullPointerException
	at com.zensar.scriptutils.ScenarioState.<init>(ScenarioState.java:56)
	at sun.reflect.GeneratedConstructorAccessor134.newInstance(Unknown Source)
	at sun.reflect.DelegatingConstructorAccessorImpl.newInstance(DelegatingConstructorAccessorImpl.java:45)
	at java.lang.reflect.Constructor.newInstance(Constructor.java:423)
	at org.picocontainer.injectors.AbstractInjector.newInstance(AbstractInjector.java:145)
	at org.picocontainer.injectors.ConstructorInjector$1.run(ConstructorInjector.java:342)
	at org.picocontainer.injectors.AbstractInjector$ThreadLocalCyclicDependencyGuard.observe(AbstractInjector.java:270)
	at org.picocontainer.injectors.ConstructorInjector.getComponentInstance(ConstructorInjector.java:364)
	at org.picocontainer.injectors.AbstractInjectionFactory$LifecycleAdapter.getComponentInstance(AbstractInjectionFactory.java:56)
	at org.picocontainer.behaviors.AbstractBehavior.getComponentInstance(AbstractBehavior.java:64)
	at org.picocontainer.behaviors.Stored.getComponentInstance(Stored.java:91)
	at org.picocontainer.DefaultPicoContainer.getInstance(DefaultPicoContainer.java:699)
	at org.picocontainer.DefaultPicoContainer.getComponent(DefaultPicoContainer.java:647)
	at org.picocontainer.DefaultPicoContainer.getComponent(DefaultPicoContainer.java:632)
	at org.picocontainer.parameters.BasicComponentParameter$1.resolveInstance(BasicComponentParameter.java:118)
	at org.picocontainer.parameters.ComponentParameter$1.resolveInstance(ComponentParameter.java:136)
	at org.picocontainer.injectors.SingleMemberInjector.getParameter(SingleMemberInjector.java:78)
	at org.picocontainer.injectors.ConstructorInjector$CtorAndAdapters.getParameterArguments(ConstructorInjector.java:309)
	at org.picocontainer.injectors.ConstructorInjector$1.run(ConstructorInjector.java:335)
	at org.picocontainer.injectors.AbstractInjector$ThreadLocalCyclicDependencyGuard.observe(AbstractInjector.java:270)
	at org.picocontainer.injectors.ConstructorInjector.getComponentInstance(ConstructorInjector.java:364)
	at org.picocontainer.injectors.AbstractInjectionFactory$LifecycleAdapter.getComponentInstance(AbstractInjectionFactory.java:56)
	at org.picocontainer.behaviors.AbstractBehavior.getComponentInstance(AbstractBehavior.java:64)
	at org.picocontainer.behaviors.Stored.getComponentInstance(Stored.java:91)
	at org.picocontainer.DefaultPicoContainer.getInstance(DefaultPicoContainer.java:699)
	at org.picocontainer.DefaultPicoContainer.getComponent(DefaultPicoContainer.java:647)
	at org.picocontainer.DefaultPicoContainer.getComponent(DefaultPicoContainer.java:678)
	at cucumber.runtime.java.picocontainer.PicoFactory.getInstance(PicoFactory.java:40)
	at cucumber.runtime.java.JavaHookDefinition.execute(JavaHookDefinition.java:60)
	at cucumber.runner.HookDefinitionMatch.runStep(HookDefinitionMatch.java:16)
	at cucumber.runner.TestStep.executeStep(TestStep.java:63)
	at cucumber.runner.TestStep.run(TestStep.java:49)
	at cucumber.runner.TestCase.run(TestCase.java:40)
	at cucumber.runner.Runner.runPickle(Runner.java:40)
	at cucumber.api.testng.TestNGCucumberRunner.runScenario(TestNGCucumberRunner.java:68)
	at com.zensar.runner.ProjectContact.feature(ProjectContact.java:37)
	at sun.reflect.NativeMethodAccessorImpl.invoke0(Native Method)
	at sun.reflect.NativeMethodAccessorImpl.invoke(NativeMethodAccessorImpl.java:62)
	at sun.reflect.DelegatingMethodAccessorImpl.invoke(DelegatingMethodAccessorImpl.java:43)
	at java.lang.reflect.Method.invoke(Method.java:498)
	at org.testng.internal.MethodInvocationHelper.invokeMethod(MethodInvocationHelper.java:124)
	at org.testng.internal.Invoker.invokeMethod(Invoker.java:583)
	at org.testng.internal.Invoker.invokeTestMethod(Invoker.java:719)
	at org.testng.internal.Invoker.invokeTestMethods(Invoker.java:989)
	at org.testng.internal.TestMethodWorker.invokeTestMethods(TestMethodWorker.java:125)
	at org.testng.internal.TestMethodWorker.run(TestMethodWorker.java:109)
	at org.testng.TestRunner.privateRun(TestRunner.java:648)
	at org.testng.TestRunner.run(TestRunner.java:505)
	at org.testng.SuiteRunner.runTest(SuiteRunner.java:455)
	at org.testng.SuiteRunner.access$000(SuiteRunner.java:40)
	at org.testng.SuiteRunner$SuiteWorker.run(SuiteRunner.java:489)
	at org.testng.internal.thread.ThreadUtil$1.call(ThreadUtil.java:52)
	at java.util.concurrent.FutureTask.run(FutureTask.java:266)
	at java.util.concurrent.ThreadPoolExecutor.runWorker(ThreadPoolExecutor.java:1149)
	at java.util.concurrent.ThreadPoolExecutor$Worker.run(ThreadPoolExecutor.java:624)
	at java.lang.Thread.run(Thread.java:748)
1095359 [TestNG-tests-3] INFO io.github.bonigarcia.wdm.WebDriverManager - Using chromedriver 122.0.6261.111 (resolved driver for Chrome 122)
1095368 [TestNG-tests-3] INFO io.github.bonigarcia.wdm.WebDriverManager - Exporting webdriver.chrome.driver as C:\Users\vs106039\.cache\selenium\chromedriver\win64\122.0.6261.111\chromedriver.exe
Starting ChromeDriver 122.0.6261.111 (9d4c1072da62b411b351a38b9ed6214ab236aa7b-refs/branch-heads/6261@{#1015}) on port 28336
Only local connections are allowed.
Please see https://chromedriver.chromium.org/security-considerations for suggestions on keeping ChromeDriver safe.
ChromeDriver was started successfully.
Mar 12, 2024 1:36:06 PM org.openqa.selenium.remote.ProtocolHandshake createSession
INFO: Detected dialect: W3C
]]></system-err>
  </testcase>
  <testcase name="feature[com.zensar.scriptutils.PickleWrapper@47fd1d4d](7)" classname="com.zensar.runner.ProjectContact" time="75.053">
    <system-out><![CDATA[[INFO]	 Attempt 1 of 1 to execute 	 >>>>>> (ProjectContact.java:35)	13:37:7
Feature :	ProjectContact	 >>>>>> (ProjectContact.java:60)	13:37:7
Scenario :	Verify user able view ISG Contact & add Project responsibilities	 >>>>>> (ProjectContact.java:61)	13:37:7
DataSetName :	AddContact
	 >>>>>> (ProjectContact.java:62)	13:37:7
SCENARIO STATE Init	 >>>>>> (Hooks.java:24)	13:37:7
Thread Local getDrive()	 >>>>>> (DriverHandler.java:87)	13:37:9
3 columns(s) affected	 >>>>>> (Connection.java:93)	13:37:9
1 row(s) affected	 >>>>>> (Connection.java:73)	13:37:9
1 row(s) affected	 >>>>>> (Connection.java:73)	13:37:9
1 row(s) affected	 >>>>>> (Connection.java:73)	13:37:9
BROWSER STACK SESSION : 	 >>>>>> (OutputSheetLogger.java:174)	13:37:9
Thread Local getDrive()	 >>>>>> (DriverHandler.java:87)	13:37:9
d6c8a6bd55d58dbe682b2b01df528317	 >>>>>> (OutputSheetLogger.java:175)	13:37:9
Entered try in open	 >>>>>> (IsgLandingPage.java:145)	13:37:9
embedScreenshot	 >>>>>> (GlobalFunction.java:74)	13:37:16
highlightElement	 >>>>>> (GlobalFunction.java:74)	13:37:16
Thread Local getDrive()	 >>>>>> (DriverHandler.java:87)	13:37:16
unHighlightElement	 >>>>>> (GlobalFunction.java:74)	13:37:16
forceClick	 >>>>>> (GlobalFunction.java:74)	13:37:16
Clicked Login	 >>>>>> (IsgLandingPage.java:179)	13:37:17
username : NGS3@isg-one.com	 >>>>>> (IsgLandingPage.java:181)	13:37:21
password : T|2txZ>UJs	 >>>>>> (IsgLandingPage.java:183)	13:37:21
embedScreenshot	 >>>>>> (GlobalFunction.java:74)	13:37:21
highlightElement	 >>>>>> (GlobalFunction.java:74)	13:37:21
Thread Local getDrive()	 >>>>>> (DriverHandler.java:87)	13:37:21
unHighlightElement	 >>>>>> (GlobalFunction.java:74)	13:37:21
click	 >>>>>> (GlobalFunction.java:74)	13:37:21
isPresent	 >>>>>> (GlobalFunction.java:74)	13:37:21
Thread Local getDrive()	 >>>>>> (DriverHandler.java:87)	13:37:21
Thread Local getDrive()	 >>>>>> (DriverHandler.java:87)	13:37:21
Thread Local getDrive()	 >>>>>> (DriverHandler.java:87)	13:37:21
isPresent	 >>>>>> (GlobalFunction.java:74)	13:37:21
waitForElementClickabality	 >>>>>> (GlobalFunction.java:74)	13:37:22
getText	 >>>>>> (GlobalFunction.java:74)	13:37:37
Number of Active Transaction: Active transactions (2)	 >>>>>> (ProjectContact.java:113)	13:37:37
embedScreenshot	 >>>>>> (GlobalFunction.java:74)	13:37:37
Thread Local getDrive()	 >>>>>> (DriverHandler.java:87)	13:37:37
zAssertTrue	 >>>>>> (GlobalFunction.java:74)	13:37:37
waitForElement	 >>>>>> (GlobalFunction.java:74)	13:37:37
isPresent	 >>>>>> (GlobalFunction.java:74)	13:37:37
isPresent	 >>>>>> (GlobalFunction.java:74)	13:37:37
click	 >>>>>> (GlobalFunction.java:74)	13:37:47
embedScreenshot	 >>>>>> (GlobalFunction.java:74)	13:37:47
Thread Local getDrive()	 >>>>>> (DriverHandler.java:87)	13:37:47
waitForElement	 >>>>>> (GlobalFunction.java:74)	13:37:47
isPresent	 >>>>>> (GlobalFunction.java:74)	13:37:47
1
isPresent	 >>>>>> (GlobalFunction.java:74)	13:37:49
2
isPresent	 >>>>>> (GlobalFunction.java:74)	13:37:51
isPresent	 >>>>>> (GlobalFunction.java:74)	13:37:52
waitForceScrollClick	 >>>>>> (GlobalFunction.java:74)	13:37:57
waitForElement	 >>>>>> (GlobalFunction.java:74)	13:37:57
forceScrollToElement	 >>>>>> (GlobalFunction.java:74)	13:37:57
forceClick	 >>>>>> (GlobalFunction.java:74)	13:37:57
waitForElement	 >>>>>> (GlobalFunction.java:74)	13:37:58
isPresent	 >>>>>> (GlobalFunction.java:74)	13:37:58
1
isPresent	 >>>>>> (GlobalFunction.java:74)	13:38:0
2
isPresent	 >>>>>> (GlobalFunction.java:74)	13:38:2
3
isPresent	 >>>>>> (GlobalFunction.java:74)	13:38:4
4
isPresent	 >>>>>> (GlobalFunction.java:74)	13:38:6
5
isPresent	 >>>>>> (GlobalFunction.java:74)	13:38:8
isPresent	 >>>>>> (GlobalFunction.java:74)	13:38:8
click	 >>>>>> (GlobalFunction.java:74)	13:38:13
embedScreenshot	 >>>>>> (GlobalFunction.java:74)	13:38:13
Thread Local getDrive()	 >>>>>> (DriverHandler.java:87)	13:38:13
waitForElement	 >>>>>> (GlobalFunction.java:74)	13:38:14
isPresent	 >>>>>> (GlobalFunction.java:74)	13:38:14
isPresent	 >>>>>> (GlobalFunction.java:74)	13:38:14
click	 >>>>>> (GlobalFunction.java:74)	13:38:19
embedScreenshot	 >>>>>> (GlobalFunction.java:74)	13:38:19
Thread Local getDrive()	 >>>>>> (DriverHandler.java:87)	13:38:19
click	 >>>>>> (GlobalFunction.java:74)	13:38:19
click	 >>>>>> (GlobalFunction.java:74)	13:38:21
isPresent	 >>>>>> (GlobalFunction.java:74)	13:38:21
zAssertTrue	 >>>>>> (GlobalFunction.java:74)	13:38:21
click	 >>>>>> (GlobalFunction.java:74)	13:38:21
isPresent	 >>>>>> (GlobalFunction.java:74)	13:38:22
zAssertTrue	 >>>>>> (GlobalFunction.java:74)	13:38:22
1 row(s) affected	 >>>>>> (Connection.java:73)	13:38:22
1 row(s) affected	 >>>>>> (Connection.java:73)	13:38:22
1 row(s) affected	 >>>>>> (Connection.java:73)	13:38:22
[INFO]	 Attempt 1 of 1 to execute  [PASSED]	 >>>>>> (ProjectContact.java:38)	13:38:22
Feature :	ProjectContact	 >>>>>> (ProjectContact.java:60)	13:38:22
Scenario :	Verify user able view ISG Contact & add Project responsibilities	 >>>>>> (ProjectContact.java:61)	13:38:22
DataSetName :	AddContact
	 >>>>>> (ProjectContact.java:62)	13:38:22
]]></system-out>
    <system-err><![CDATA[[ERROR] Problem while finding out runner name
java.lang.NullPointerException
	at com.zensar.scriptutils.ScenarioState.<init>(ScenarioState.java:56)
	at sun.reflect.GeneratedConstructorAccessor134.newInstance(Unknown Source)
	at sun.reflect.DelegatingConstructorAccessorImpl.newInstance(DelegatingConstructorAccessorImpl.java:45)
	at java.lang.reflect.Constructor.newInstance(Constructor.java:423)
	at org.picocontainer.injectors.AbstractInjector.newInstance(AbstractInjector.java:145)
	at org.picocontainer.injectors.ConstructorInjector$1.run(ConstructorInjector.java:342)
	at org.picocontainer.injectors.AbstractInjector$ThreadLocalCyclicDependencyGuard.observe(AbstractInjector.java:270)
	at org.picocontainer.injectors.ConstructorInjector.getComponentInstance(ConstructorInjector.java:364)
	at org.picocontainer.injectors.AbstractInjectionFactory$LifecycleAdapter.getComponentInstance(AbstractInjectionFactory.java:56)
	at org.picocontainer.behaviors.AbstractBehavior.getComponentInstance(AbstractBehavior.java:64)
	at org.picocontainer.behaviors.Stored.getComponentInstance(Stored.java:91)
	at org.picocontainer.DefaultPicoContainer.getInstance(DefaultPicoContainer.java:699)
	at org.picocontainer.DefaultPicoContainer.getComponent(DefaultPicoContainer.java:647)
	at org.picocontainer.DefaultPicoContainer.getComponent(DefaultPicoContainer.java:632)
	at org.picocontainer.parameters.BasicComponentParameter$1.resolveInstance(BasicComponentParameter.java:118)
	at org.picocontainer.parameters.ComponentParameter$1.resolveInstance(ComponentParameter.java:136)
	at org.picocontainer.injectors.SingleMemberInjector.getParameter(SingleMemberInjector.java:78)
	at org.picocontainer.injectors.ConstructorInjector$CtorAndAdapters.getParameterArguments(ConstructorInjector.java:309)
	at org.picocontainer.injectors.ConstructorInjector$1.run(ConstructorInjector.java:335)
	at org.picocontainer.injectors.AbstractInjector$ThreadLocalCyclicDependencyGuard.observe(AbstractInjector.java:270)
	at org.picocontainer.injectors.ConstructorInjector.getComponentInstance(ConstructorInjector.java:364)
	at org.picocontainer.injectors.AbstractInjectionFactory$LifecycleAdapter.getComponentInstance(AbstractInjectionFactory.java:56)
	at org.picocontainer.behaviors.AbstractBehavior.getComponentInstance(AbstractBehavior.java:64)
	at org.picocontainer.behaviors.Stored.getComponentInstance(Stored.java:91)
	at org.picocontainer.DefaultPicoContainer.getInstance(DefaultPicoContainer.java:699)
	at org.picocontainer.DefaultPicoContainer.getComponent(DefaultPicoContainer.java:647)
	at org.picocontainer.DefaultPicoContainer.getComponent(DefaultPicoContainer.java:678)
	at cucumber.runtime.java.picocontainer.PicoFactory.getInstance(PicoFactory.java:40)
	at cucumber.runtime.java.JavaHookDefinition.execute(JavaHookDefinition.java:60)
	at cucumber.runner.HookDefinitionMatch.runStep(HookDefinitionMatch.java:16)
	at cucumber.runner.TestStep.executeStep(TestStep.java:63)
	at cucumber.runner.TestStep.run(TestStep.java:49)
	at cucumber.runner.TestCase.run(TestCase.java:40)
	at cucumber.runner.Runner.runPickle(Runner.java:40)
	at cucumber.api.testng.TestNGCucumberRunner.runScenario(TestNGCucumberRunner.java:68)
	at com.zensar.runner.ProjectContact.feature(ProjectContact.java:37)
	at sun.reflect.NativeMethodAccessorImpl.invoke0(Native Method)
	at sun.reflect.NativeMethodAccessorImpl.invoke(NativeMethodAccessorImpl.java:62)
	at sun.reflect.DelegatingMethodAccessorImpl.invoke(DelegatingMethodAccessorImpl.java:43)
	at java.lang.reflect.Method.invoke(Method.java:498)
	at org.testng.internal.MethodInvocationHelper.invokeMethod(MethodInvocationHelper.java:124)
	at org.testng.internal.Invoker.invokeMethod(Invoker.java:583)
	at org.testng.internal.Invoker.invokeTestMethod(Invoker.java:719)
	at org.testng.internal.Invoker.invokeTestMethods(Invoker.java:989)
	at org.testng.internal.TestMethodWorker.invokeTestMethods(TestMethodWorker.java:125)
	at org.testng.internal.TestMethodWorker.run(TestMethodWorker.java:109)
	at org.testng.TestRunner.privateRun(TestRunner.java:648)
	at org.testng.TestRunner.run(TestRunner.java:505)
	at org.testng.SuiteRunner.runTest(SuiteRunner.java:455)
	at org.testng.SuiteRunner.access$000(SuiteRunner.java:40)
	at org.testng.SuiteRunner$SuiteWorker.run(SuiteRunner.java:489)
	at org.testng.internal.thread.ThreadUtil$1.call(ThreadUtil.java:52)
	at java.util.concurrent.FutureTask.run(FutureTask.java:266)
	at java.util.concurrent.ThreadPoolExecutor.runWorker(ThreadPoolExecutor.java:1149)
	at java.util.concurrent.ThreadPoolExecutor$Worker.run(ThreadPoolExecutor.java:624)
	at java.lang.Thread.run(Thread.java:748)
1157792 [TestNG-tests-3] INFO io.github.bonigarcia.wdm.WebDriverManager - Using chromedriver 122.0.6261.111 (resolved driver for Chrome 122)
1157802 [TestNG-tests-3] INFO io.github.bonigarcia.wdm.WebDriverManager - Exporting webdriver.chrome.driver as C:\Users\vs106039\.cache\selenium\chromedriver\win64\122.0.6261.111\chromedriver.exe
Starting ChromeDriver 122.0.6261.111 (9d4c1072da62b411b351a38b9ed6214ab236aa7b-refs/branch-heads/6261@{#1015}) on port 20684
Only local connections are allowed.
Please see https://chromedriver.chromium.org/security-considerations for suggestions on keeping ChromeDriver safe.
ChromeDriver was started successfully.
Mar 12, 2024 1:37:09 PM org.openqa.selenium.remote.ProtocolHandshake createSession
INFO: Detected dialect: W3C
]]></system-err>
  </testcase>
  <testcase name="feature[com.zensar.scriptutils.PickleWrapper@410158d1](8)" classname="com.zensar.runner.ProjectContact" time="120.442">
    <system-out><![CDATA[[INFO]	 Attempt 1 of 1 to execute 	 >>>>>> (ProjectContact.java:35)	13:38:22
Feature :	ProjectContact	 >>>>>> (ProjectContact.java:60)	13:38:22
Scenario :	Verify user not able to remove ISG Contact	 >>>>>> (ProjectContact.java:61)	13:38:22
DataSetName :	AddContact
	 >>>>>> (ProjectContact.java:62)	13:38:22
SCENARIO STATE Init	 >>>>>> (Hooks.java:24)	13:38:22
Thread Local getDrive()	 >>>>>> (DriverHandler.java:87)	13:38:24
3 columns(s) affected	 >>>>>> (Connection.java:93)	13:38:24
1 row(s) affected	 >>>>>> (Connection.java:73)	13:38:24
1 row(s) affected	 >>>>>> (Connection.java:73)	13:38:24
1 row(s) affected	 >>>>>> (Connection.java:73)	13:38:24
BROWSER STACK SESSION : 	 >>>>>> (OutputSheetLogger.java:174)	13:38:24
Thread Local getDrive()	 >>>>>> (DriverHandler.java:87)	13:38:24
cdaa79e0da912d93e202e077c6d4cd1f	 >>>>>> (OutputSheetLogger.java:175)	13:38:24
Entered try in open	 >>>>>> (IsgLandingPage.java:145)	13:38:24
embedScreenshot	 >>>>>> (GlobalFunction.java:74)	13:38:28
highlightElement	 >>>>>> (GlobalFunction.java:74)	13:38:28
Thread Local getDrive()	 >>>>>> (DriverHandler.java:87)	13:38:28
unHighlightElement	 >>>>>> (GlobalFunction.java:74)	13:38:28
forceClick	 >>>>>> (GlobalFunction.java:74)	13:38:28
Clicked Login	 >>>>>> (IsgLandingPage.java:179)	13:38:30
username : NGS3@isg-one.com	 >>>>>> (IsgLandingPage.java:181)	13:38:33
password : T|2txZ>UJs	 >>>>>> (IsgLandingPage.java:183)	13:38:33
embedScreenshot	 >>>>>> (GlobalFunction.java:74)	13:38:33
highlightElement	 >>>>>> (GlobalFunction.java:74)	13:38:33
Thread Local getDrive()	 >>>>>> (DriverHandler.java:87)	13:38:33
unHighlightElement	 >>>>>> (GlobalFunction.java:74)	13:38:33
click	 >>>>>> (GlobalFunction.java:74)	13:38:33
isPresent	 >>>>>> (GlobalFunction.java:74)	13:38:34
Thread Local getDrive()	 >>>>>> (DriverHandler.java:87)	13:38:34
Thread Local getDrive()	 >>>>>> (DriverHandler.java:87)	13:38:34
Thread Local getDrive()	 >>>>>> (DriverHandler.java:87)	13:38:34
isPresent	 >>>>>> (GlobalFunction.java:74)	13:38:34
waitForElementClickabality	 >>>>>> (GlobalFunction.java:74)	13:38:35
getText	 >>>>>> (GlobalFunction.java:74)	13:38:50
Number of Active Transaction: Active transactions (2)	 >>>>>> (ProjectContact.java:113)	13:38:50
embedScreenshot	 >>>>>> (GlobalFunction.java:74)	13:38:50
Thread Local getDrive()	 >>>>>> (DriverHandler.java:87)	13:38:50
zAssertTrue	 >>>>>> (GlobalFunction.java:74)	13:38:50
waitForElement	 >>>>>> (GlobalFunction.java:74)	13:38:50
isPresent	 >>>>>> (GlobalFunction.java:74)	13:38:50
isPresent	 >>>>>> (GlobalFunction.java:74)	13:38:50
click	 >>>>>> (GlobalFunction.java:74)	13:39:0
embedScreenshot	 >>>>>> (GlobalFunction.java:74)	13:39:0
Thread Local getDrive()	 >>>>>> (DriverHandler.java:87)	13:39:0
waitForElement	 >>>>>> (GlobalFunction.java:74)	13:39:0
isPresent	 >>>>>> (GlobalFunction.java:74)	13:39:0
1
isPresent	 >>>>>> (GlobalFunction.java:74)	13:39:2
2
isPresent	 >>>>>> (GlobalFunction.java:74)	13:39:4
isPresent	 >>>>>> (GlobalFunction.java:74)	13:39:4
waitForceScrollClick	 >>>>>> (GlobalFunction.java:74)	13:39:9
waitForElement	 >>>>>> (GlobalFunction.java:74)	13:39:9
forceScrollToElement	 >>>>>> (GlobalFunction.java:74)	13:39:9
forceClick	 >>>>>> (GlobalFunction.java:74)	13:39:10
waitForElement	 >>>>>> (GlobalFunction.java:74)	13:39:11
isPresent	 >>>>>> (GlobalFunction.java:74)	13:39:11
1
isPresent	 >>>>>> (GlobalFunction.java:74)	13:39:13
2
isPresent	 >>>>>> (GlobalFunction.java:74)	13:39:15
isPresent	 >>>>>> (GlobalFunction.java:74)	13:39:15
click	 >>>>>> (GlobalFunction.java:74)	13:39:20
embedScreenshot	 >>>>>> (GlobalFunction.java:74)	13:39:20
Thread Local getDrive()	 >>>>>> (DriverHandler.java:87)	13:39:20
waitForElement	 >>>>>> (GlobalFunction.java:74)	13:39:20
isPresent	 >>>>>> (GlobalFunction.java:74)	13:39:20
1
isPresent	 >>>>>> (GlobalFunction.java:74)	13:39:22
2
isPresent	 >>>>>> (GlobalFunction.java:74)	13:39:24
3
isPresent	 >>>>>> (GlobalFunction.java:74)	13:39:26
4
isPresent	 >>>>>> (GlobalFunction.java:74)	13:39:28
5
isPresent	 >>>>>> (GlobalFunction.java:74)	13:39:30
6
isPresent	 >>>>>> (GlobalFunction.java:74)	13:39:33
7
isPresent	 >>>>>> (GlobalFunction.java:74)	13:39:35
8
isPresent	 >>>>>> (GlobalFunction.java:74)	13:39:37
9
isPresent	 >>>>>> (GlobalFunction.java:74)	13:39:39
10
isPresent	 >>>>>> (GlobalFunction.java:74)	13:39:41
11
isPresent	 >>>>>> (GlobalFunction.java:74)	13:39:43
12
isPresent	 >>>>>> (GlobalFunction.java:74)	13:39:45
13
isPresent	 >>>>>> (GlobalFunction.java:74)	13:39:47
14
isPresent	 >>>>>> (GlobalFunction.java:74)	13:39:49
15
isPresent	 >>>>>> (GlobalFunction.java:74)	13:39:51
16
isPresent	 >>>>>> (GlobalFunction.java:74)	13:39:53
17
isPresent	 >>>>>> (GlobalFunction.java:74)	13:39:55
18
isPresent	 >>>>>> (GlobalFunction.java:74)	13:39:57
19
isPresent	 >>>>>> (GlobalFunction.java:74)	13:39:59
20
isPresent	 >>>>>> (GlobalFunction.java:74)	13:40:1
21
isPresent	 >>>>>> (GlobalFunction.java:74)	13:40:3
22
isPresent	 >>>>>> (GlobalFunction.java:74)	13:40:5
23
isPresent	 >>>>>> (GlobalFunction.java:74)	13:40:7
24
isPresent	 >>>>>> (GlobalFunction.java:74)	13:40:10
25
isPresent	 >>>>>> (GlobalFunction.java:74)	13:40:12
26
isPresent	 >>>>>> (GlobalFunction.java:74)	13:40:14
27
isPresent	 >>>>>> (GlobalFunction.java:74)	13:40:16
28
isPresent	 >>>>>> (GlobalFunction.java:74)	13:40:18
29
isPresent	 >>>>>> (GlobalFunction.java:74)	13:40:20
30
isPresent	 >>>>>> (GlobalFunction.java:74)	13:40:22
isPresent	 >>>>>> (GlobalFunction.java:74)	13:40:22
embedScreenshot	 >>>>>> (GlobalFunction.java:74)	13:40:22
Thread Local getDrive()	 >>>>>> (DriverHandler.java:87)	13:40:22
1 row(s) affected	 >>>>>> (Connection.java:73)	13:40:22
1 row(s) affected	 >>>>>> (Connection.java:73)	13:40:22
1 row(s) affected	 >>>>>> (Connection.java:73)	13:40:22


[ERROR]	 Attempt 1 of 1 to execute  [FAILED]	 >>>>>> (ProjectContact.java:44)	13:40:22
Feature :	ProjectContact	 >>>>>> (ProjectContact.java:60)	13:40:22
Scenario :	Verify user not able to remove ISG Contact	 >>>>>> (ProjectContact.java:61)	13:40:22
DataSetName :	AddContact
	 >>>>>> (ProjectContact.java:62)	13:40:22
[INFO]	 Not going to attempt again.	 >>>>>> (ProjectContact.java:50)	13:40:22
]]></system-out>
    <system-err><![CDATA[[ERROR] Problem while finding out runner name
java.lang.NullPointerException
	at com.zensar.scriptutils.ScenarioState.<init>(ScenarioState.java:56)
	at sun.reflect.GeneratedConstructorAccessor134.newInstance(Unknown Source)
	at sun.reflect.DelegatingConstructorAccessorImpl.newInstance(DelegatingConstructorAccessorImpl.java:45)
	at java.lang.reflect.Constructor.newInstance(Constructor.java:423)
	at org.picocontainer.injectors.AbstractInjector.newInstance(AbstractInjector.java:145)
	at org.picocontainer.injectors.ConstructorInjector$1.run(ConstructorInjector.java:342)
	at org.picocontainer.injectors.AbstractInjector$ThreadLocalCyclicDependencyGuard.observe(AbstractInjector.java:270)
	at org.picocontainer.injectors.ConstructorInjector.getComponentInstance(ConstructorInjector.java:364)
	at org.picocontainer.injectors.AbstractInjectionFactory$LifecycleAdapter.getComponentInstance(AbstractInjectionFactory.java:56)
	at org.picocontainer.behaviors.AbstractBehavior.getComponentInstance(AbstractBehavior.java:64)
	at org.picocontainer.behaviors.Stored.getComponentInstance(Stored.java:91)
	at org.picocontainer.DefaultPicoContainer.getInstance(DefaultPicoContainer.java:699)
	at org.picocontainer.DefaultPicoContainer.getComponent(DefaultPicoContainer.java:647)
	at org.picocontainer.DefaultPicoContainer.getComponent(DefaultPicoContainer.java:632)
	at org.picocontainer.parameters.BasicComponentParameter$1.resolveInstance(BasicComponentParameter.java:118)
	at org.picocontainer.parameters.ComponentParameter$1.resolveInstance(ComponentParameter.java:136)
	at org.picocontainer.injectors.SingleMemberInjector.getParameter(SingleMemberInjector.java:78)
	at org.picocontainer.injectors.ConstructorInjector$CtorAndAdapters.getParameterArguments(ConstructorInjector.java:309)
	at org.picocontainer.injectors.ConstructorInjector$1.run(ConstructorInjector.java:335)
	at org.picocontainer.injectors.AbstractInjector$ThreadLocalCyclicDependencyGuard.observe(AbstractInjector.java:270)
	at org.picocontainer.injectors.ConstructorInjector.getComponentInstance(ConstructorInjector.java:364)
	at org.picocontainer.injectors.AbstractInjectionFactory$LifecycleAdapter.getComponentInstance(AbstractInjectionFactory.java:56)
	at org.picocontainer.behaviors.AbstractBehavior.getComponentInstance(AbstractBehavior.java:64)
	at org.picocontainer.behaviors.Stored.getComponentInstance(Stored.java:91)
	at org.picocontainer.DefaultPicoContainer.getInstance(DefaultPicoContainer.java:699)
	at org.picocontainer.DefaultPicoContainer.getComponent(DefaultPicoContainer.java:647)
	at org.picocontainer.DefaultPicoContainer.getComponent(DefaultPicoContainer.java:678)
	at cucumber.runtime.java.picocontainer.PicoFactory.getInstance(PicoFactory.java:40)
	at cucumber.runtime.java.JavaHookDefinition.execute(JavaHookDefinition.java:60)
	at cucumber.runner.HookDefinitionMatch.runStep(HookDefinitionMatch.java:16)
	at cucumber.runner.TestStep.executeStep(TestStep.java:63)
	at cucumber.runner.TestStep.run(TestStep.java:49)
	at cucumber.runner.TestCase.run(TestCase.java:40)
	at cucumber.runner.Runner.runPickle(Runner.java:40)
	at cucumber.api.testng.TestNGCucumberRunner.runScenario(TestNGCucumberRunner.java:68)
	at com.zensar.runner.ProjectContact.feature(ProjectContact.java:37)
	at sun.reflect.NativeMethodAccessorImpl.invoke0(Native Method)
	at sun.reflect.NativeMethodAccessorImpl.invoke(NativeMethodAccessorImpl.java:62)
	at sun.reflect.DelegatingMethodAccessorImpl.invoke(DelegatingMethodAccessorImpl.java:43)
	at java.lang.reflect.Method.invoke(Method.java:498)
	at org.testng.internal.MethodInvocationHelper.invokeMethod(MethodInvocationHelper.java:124)
	at org.testng.internal.Invoker.invokeMethod(Invoker.java:583)
	at org.testng.internal.Invoker.invokeTestMethod(Invoker.java:719)
	at org.testng.internal.Invoker.invokeTestMethods(Invoker.java:989)
	at org.testng.internal.TestMethodWorker.invokeTestMethods(TestMethodWorker.java:125)
	at org.testng.internal.TestMethodWorker.run(TestMethodWorker.java:109)
	at org.testng.TestRunner.privateRun(TestRunner.java:648)
	at org.testng.TestRunner.run(TestRunner.java:505)
	at org.testng.SuiteRunner.runTest(SuiteRunner.java:455)
	at org.testng.SuiteRunner.access$000(SuiteRunner.java:40)
	at org.testng.SuiteRunner$SuiteWorker.run(SuiteRunner.java:489)
	at org.testng.internal.thread.ThreadUtil$1.call(ThreadUtil.java:52)
	at java.util.concurrent.FutureTask.run(FutureTask.java:266)
	at java.util.concurrent.ThreadPoolExecutor.runWorker(ThreadPoolExecutor.java:1149)
	at java.util.concurrent.ThreadPoolExecutor$Worker.run(ThreadPoolExecutor.java:624)
	at java.lang.Thread.run(Thread.java:748)
1232826 [TestNG-tests-3] INFO io.github.bonigarcia.wdm.WebDriverManager - Using chromedriver 122.0.6261.111 (resolved driver for Chrome 122)
1232832 [TestNG-tests-3] INFO io.github.bonigarcia.wdm.WebDriverManager - Exporting webdriver.chrome.driver as C:\Users\vs106039\.cache\selenium\chromedriver\win64\122.0.6261.111\chromedriver.exe
Starting ChromeDriver 122.0.6261.111 (9d4c1072da62b411b351a38b9ed6214ab236aa7b-refs/branch-heads/6261@{#1015}) on port 6934
Only local connections are allowed.
Please see https://chromedriver.chromium.org/security-considerations for suggestions on keeping ChromeDriver safe.
ChromeDriver was started successfully.
Mar 12, 2024 1:38:24 PM org.openqa.selenium.remote.ProtocolHandshake createSession
INFO: Detected dialect: W3C
org.openqa.selenium.NoSuchElementException: no such element: Unable to locate element: {"method":"xpath","selector":"//button[@class='btn secondary-btn-large ng-star-inserted']"}
  (Session info: chrome=122.0.6261.112)
For documentation on this error, please visit: https://www.seleniumhq.org/exceptions/no_such_element.html
Build info: version: '3.141.59', revision: 'e82be7d358', time: '2018-11-14T08:17:03'
System info: host: 'EUROW42SLPC5721', ip: '192.168.29.116', os.name: 'Windows 10', os.arch: 'amd64', os.version: '10.0', java.version: '1.8.0_221'
Driver info: org.openqa.selenium.chrome.ChromeDriver
Capabilities {acceptInsecureCerts: false, browserName: chrome, browserVersion: 122.0.6261.112, chrome: {chromedriverVersion: 122.0.6261.111 (9d4c1072da6..., userDataDir: C:\Users\vs106039\AppData\L...}, fedcm:accounts: true, goog:chromeOptions: {debuggerAddress: localhost:56285}, javascriptEnabled: true, networkConnectionEnabled: false, pageLoadStrategy: normal, platform: WINDOWS, platformName: WINDOWS, proxy: Proxy(), setWindowRect: true, strictFileInteractability: false, timeouts: {implicit: 0, pageLoad: 300000, script: 30000}, unhandledPromptBehavior: dismiss and notify, webauthn:extension:credBlob: true, webauthn:extension:largeBlob: true, webauthn:extension:minPinLength: true, webauthn:extension:prf: true, webauthn:virtualAuthenticators: true}
Session ID: cdaa79e0da912d93e202e077c6d4cd1f
*** Element info: {Using=xpath, value=//button[@class='btn secondary-btn-large ng-star-inserted']}
	at sun.reflect.GeneratedConstructorAccessor91.newInstance(Unknown Source)
	at sun.reflect.DelegatingConstructorAccessorImpl.newInstance(DelegatingConstructorAccessorImpl.java:45)
	at java.lang.reflect.Constructor.newInstance(Constructor.java:423)
	at org.openqa.selenium.remote.http.W3CHttpResponseCodec.createException(W3CHttpResponseCodec.java:187)
	at org.openqa.selenium.remote.http.W3CHttpResponseCodec.decode(W3CHttpResponseCodec.java:122)
	at org.openqa.selenium.remote.http.W3CHttpResponseCodec.decode(W3CHttpResponseCodec.java:49)
	at org.openqa.selenium.remote.HttpCommandExecutor.execute(HttpCommandExecutor.java:158)
	at org.openqa.selenium.remote.service.DriverCommandExecutor.execute(DriverCommandExecutor.java:83)
	at org.openqa.selenium.remote.RemoteWebDriver.execute(RemoteWebDriver.java:552)
	at org.openqa.selenium.remote.RemoteWebDriver.findElement(RemoteWebDriver.java:323)
	at org.openqa.selenium.remote.RemoteWebDriver.findElementByXPath(RemoteWebDriver.java:428)
	at org.openqa.selenium.By$ByXPath.findElement(By.java:353)
	at org.openqa.selenium.remote.RemoteWebDriver.findElement(RemoteWebDriver.java:315)
	at sun.reflect.GeneratedMethodAccessor8.invoke(Unknown Source)
	at sun.reflect.DelegatingMethodAccessorImpl.invoke(DelegatingMethodAccessorImpl.java:43)
	at java.lang.reflect.Method.invoke(Method.java:498)
	at org.openqa.selenium.support.events.EventFiringWebDriver.lambda$new$1(EventFiringWebDriver.java:105)
	at com.sun.proxy.$Proxy25.findElement(Unknown Source)
	at org.openqa.selenium.support.events.EventFiringWebDriver.findElement(EventFiringWebDriver.java:194)
	at org.openqa.selenium.support.pagefactory.DefaultElementLocator.findElement(DefaultElementLocator.java:69)
	at org.openqa.selenium.support.pagefactory.internal.LocatingElementHandler.invoke(LocatingElementHandler.java:38)
	at com.sun.proxy.$Proxy28.isDisplayed(Unknown Source)
	at com.zensar.scriptutils.GlobalFunction.waitForElement(GlobalFunction.java:1677)
	at com.zensar.pageobjects.ProjectContact.RemoveContactButton(ProjectContact.java:355)
	at com.zensar.stepDefinations.ActiveTransactionProjectContactStepDefinitions.verify_remove_contact_button(ActiveTransactionProjectContactStepDefinitions.java:158)
	at ✽.Verify there is no remove contact button(src/main/java/com/zensar/features/ProjectContact.feature:119)
]]></system-err>
  </testcase>
  <testcase name="feature[com.zensar.scriptutils.PickleWrapper@7b2e1eb5](9)" classname="com.zensar.runner.ProjectContact" time="62.746">
    <system-out><![CDATA[[INFO]	 Attempt 1 of 1 to execute 	 >>>>>> (ProjectContact.java:35)	13:40:22
Feature :	ProjectContact	 >>>>>> (ProjectContact.java:60)	13:40:22
Scenario :	Verify user not able to see Edit contact & remove contact button for non ISG Contact	 >>>>>> (ProjectContact.java:61)	13:40:22
DataSetName :	AddContact
	 >>>>>> (ProjectContact.java:62)	13:40:22
SCENARIO STATE Init	 >>>>>> (Hooks.java:24)	13:40:22
Thread Local getDrive()	 >>>>>> (DriverHandler.java:87)	13:40:24
3 columns(s) affected	 >>>>>> (Connection.java:93)	13:40:24
1 row(s) affected	 >>>>>> (Connection.java:73)	13:40:24
1 row(s) affected	 >>>>>> (Connection.java:73)	13:40:24
1 row(s) affected	 >>>>>> (Connection.java:73)	13:40:24
BROWSER STACK SESSION : 	 >>>>>> (OutputSheetLogger.java:174)	13:40:24
Thread Local getDrive()	 >>>>>> (DriverHandler.java:87)	13:40:24
e30a0aeef864fc5541106edb7d9f2986	 >>>>>> (OutputSheetLogger.java:175)	13:40:24
Entered try in open	 >>>>>> (IsgLandingPage.java:145)	13:40:24
embedScreenshot	 >>>>>> (GlobalFunction.java:74)	13:40:29
highlightElement	 >>>>>> (GlobalFunction.java:74)	13:40:29
Thread Local getDrive()	 >>>>>> (DriverHandler.java:87)	13:40:29
unHighlightElement	 >>>>>> (GlobalFunction.java:74)	13:40:29
forceClick	 >>>>>> (GlobalFunction.java:74)	13:40:29
Clicked Login	 >>>>>> (IsgLandingPage.java:179)	13:40:30
username : NGS3@isg-one.com	 >>>>>> (IsgLandingPage.java:181)	13:40:34
password : T|2txZ>UJs	 >>>>>> (IsgLandingPage.java:183)	13:40:34
embedScreenshot	 >>>>>> (GlobalFunction.java:74)	13:40:34
highlightElement	 >>>>>> (GlobalFunction.java:74)	13:40:34
Thread Local getDrive()	 >>>>>> (DriverHandler.java:87)	13:40:34
unHighlightElement	 >>>>>> (GlobalFunction.java:74)	13:40:34
click	 >>>>>> (GlobalFunction.java:74)	13:40:34
isPresent	 >>>>>> (GlobalFunction.java:74)	13:40:35
Thread Local getDrive()	 >>>>>> (DriverHandler.java:87)	13:40:35
Thread Local getDrive()	 >>>>>> (DriverHandler.java:87)	13:40:35
Thread Local getDrive()	 >>>>>> (DriverHandler.java:87)	13:40:35
isPresent	 >>>>>> (GlobalFunction.java:74)	13:40:35
waitForElementClickabality	 >>>>>> (GlobalFunction.java:74)	13:40:36
getText	 >>>>>> (GlobalFunction.java:74)	13:40:54
Number of Active Transaction: Active transactions (2)	 >>>>>> (ProjectContact.java:113)	13:40:54
embedScreenshot	 >>>>>> (GlobalFunction.java:74)	13:40:54
Thread Local getDrive()	 >>>>>> (DriverHandler.java:87)	13:40:54
zAssertTrue	 >>>>>> (GlobalFunction.java:74)	13:40:54
waitForElement	 >>>>>> (GlobalFunction.java:74)	13:40:54
isPresent	 >>>>>> (GlobalFunction.java:74)	13:40:54
isPresent	 >>>>>> (GlobalFunction.java:74)	13:40:55
click	 >>>>>> (GlobalFunction.java:74)	13:41:5
embedScreenshot	 >>>>>> (GlobalFunction.java:74)	13:41:5
Thread Local getDrive()	 >>>>>> (DriverHandler.java:87)	13:41:5
waitForElement	 >>>>>> (GlobalFunction.java:74)	13:41:5
isPresent	 >>>>>> (GlobalFunction.java:74)	13:41:5
1
isPresent	 >>>>>> (GlobalFunction.java:74)	13:41:7
2
isPresent	 >>>>>> (GlobalFunction.java:74)	13:41:9
isPresent	 >>>>>> (GlobalFunction.java:74)	13:41:9
waitForceScrollClick	 >>>>>> (GlobalFunction.java:74)	13:41:14
waitForElement	 >>>>>> (GlobalFunction.java:74)	13:41:14
forceScrollToElement	 >>>>>> (GlobalFunction.java:74)	13:41:14
forceClick	 >>>>>> (GlobalFunction.java:74)	13:41:15
waitForElement	 >>>>>> (GlobalFunction.java:74)	13:41:15
isPresent	 >>>>>> (GlobalFunction.java:74)	13:41:15
1
isPresent	 >>>>>> (GlobalFunction.java:74)	13:41:17
2
isPresent	 >>>>>> (GlobalFunction.java:74)	13:41:19
isPresent	 >>>>>> (GlobalFunction.java:74)	13:41:20
click	 >>>>>> (GlobalFunction.java:74)	13:41:25
embedScreenshot	 >>>>>> (GlobalFunction.java:74)	13:41:25
Thread Local getDrive()	 >>>>>> (DriverHandler.java:87)	13:41:25
1 row(s) affected	 >>>>>> (Connection.java:73)	13:41:25
1 row(s) affected	 >>>>>> (Connection.java:73)	13:41:25
1 row(s) affected	 >>>>>> (Connection.java:73)	13:41:25


[ERROR]	 Attempt 1 of 1 to execute  [FAILED]	 >>>>>> (ProjectContact.java:44)	13:41:25
Feature :	ProjectContact	 >>>>>> (ProjectContact.java:60)	13:41:25
Scenario :	Verify user not able to see Edit contact & remove contact button for non ISG Contact	 >>>>>> (ProjectContact.java:61)	13:41:25
DataSetName :	AddContact
	 >>>>>> (ProjectContact.java:62)	13:41:25
[INFO]	 Not going to attempt again.	 >>>>>> (ProjectContact.java:50)	13:41:25
]]></system-out>
    <system-err><![CDATA[[ERROR] Problem while finding out runner name
java.lang.NullPointerException
	at com.zensar.scriptutils.ScenarioState.<init>(ScenarioState.java:56)
	at sun.reflect.GeneratedConstructorAccessor134.newInstance(Unknown Source)
	at sun.reflect.DelegatingConstructorAccessorImpl.newInstance(DelegatingConstructorAccessorImpl.java:45)
	at java.lang.reflect.Constructor.newInstance(Constructor.java:423)
	at org.picocontainer.injectors.AbstractInjector.newInstance(AbstractInjector.java:145)
	at org.picocontainer.injectors.ConstructorInjector$1.run(ConstructorInjector.java:342)
	at org.picocontainer.injectors.AbstractInjector$ThreadLocalCyclicDependencyGuard.observe(AbstractInjector.java:270)
	at org.picocontainer.injectors.ConstructorInjector.getComponentInstance(ConstructorInjector.java:364)
	at org.picocontainer.injectors.AbstractInjectionFactory$LifecycleAdapter.getComponentInstance(AbstractInjectionFactory.java:56)
	at org.picocontainer.behaviors.AbstractBehavior.getComponentInstance(AbstractBehavior.java:64)
	at org.picocontainer.behaviors.Stored.getComponentInstance(Stored.java:91)
	at org.picocontainer.DefaultPicoContainer.getInstance(DefaultPicoContainer.java:699)
	at org.picocontainer.DefaultPicoContainer.getComponent(DefaultPicoContainer.java:647)
	at org.picocontainer.DefaultPicoContainer.getComponent(DefaultPicoContainer.java:632)
	at org.picocontainer.parameters.BasicComponentParameter$1.resolveInstance(BasicComponentParameter.java:118)
	at org.picocontainer.parameters.ComponentParameter$1.resolveInstance(ComponentParameter.java:136)
	at org.picocontainer.injectors.SingleMemberInjector.getParameter(SingleMemberInjector.java:78)
	at org.picocontainer.injectors.ConstructorInjector$CtorAndAdapters.getParameterArguments(ConstructorInjector.java:309)
	at org.picocontainer.injectors.ConstructorInjector$1.run(ConstructorInjector.java:335)
	at org.picocontainer.injectors.AbstractInjector$ThreadLocalCyclicDependencyGuard.observe(AbstractInjector.java:270)
	at org.picocontainer.injectors.ConstructorInjector.getComponentInstance(ConstructorInjector.java:364)
	at org.picocontainer.injectors.AbstractInjectionFactory$LifecycleAdapter.getComponentInstance(AbstractInjectionFactory.java:56)
	at org.picocontainer.behaviors.AbstractBehavior.getComponentInstance(AbstractBehavior.java:64)
	at org.picocontainer.behaviors.Stored.getComponentInstance(Stored.java:91)
	at org.picocontainer.DefaultPicoContainer.getInstance(DefaultPicoContainer.java:699)
	at org.picocontainer.DefaultPicoContainer.getComponent(DefaultPicoContainer.java:647)
	at org.picocontainer.DefaultPicoContainer.getComponent(DefaultPicoContainer.java:678)
	at cucumber.runtime.java.picocontainer.PicoFactory.getInstance(PicoFactory.java:40)
	at cucumber.runtime.java.JavaHookDefinition.execute(JavaHookDefinition.java:60)
	at cucumber.runner.HookDefinitionMatch.runStep(HookDefinitionMatch.java:16)
	at cucumber.runner.TestStep.executeStep(TestStep.java:63)
	at cucumber.runner.TestStep.run(TestStep.java:49)
	at cucumber.runner.TestCase.run(TestCase.java:40)
	at cucumber.runner.Runner.runPickle(Runner.java:40)
	at cucumber.api.testng.TestNGCucumberRunner.runScenario(TestNGCucumberRunner.java:68)
	at com.zensar.runner.ProjectContact.feature(ProjectContact.java:37)
	at sun.reflect.NativeMethodAccessorImpl.invoke0(Native Method)
	at sun.reflect.NativeMethodAccessorImpl.invoke(NativeMethodAccessorImpl.java:62)
	at sun.reflect.DelegatingMethodAccessorImpl.invoke(DelegatingMethodAccessorImpl.java:43)
	at java.lang.reflect.Method.invoke(Method.java:498)
	at org.testng.internal.MethodInvocationHelper.invokeMethod(MethodInvocationHelper.java:124)
	at org.testng.internal.Invoker.invokeMethod(Invoker.java:583)
	at org.testng.internal.Invoker.invokeTestMethod(Invoker.java:719)
	at org.testng.internal.Invoker.invokeTestMethods(Invoker.java:989)
	at org.testng.internal.TestMethodWorker.invokeTestMethods(TestMethodWorker.java:125)
	at org.testng.internal.TestMethodWorker.run(TestMethodWorker.java:109)
	at org.testng.TestRunner.privateRun(TestRunner.java:648)
	at org.testng.TestRunner.run(TestRunner.java:505)
	at org.testng.SuiteRunner.runTest(SuiteRunner.java:455)
	at org.testng.SuiteRunner.access$000(SuiteRunner.java:40)
	at org.testng.SuiteRunner$SuiteWorker.run(SuiteRunner.java:489)
	at org.testng.internal.thread.ThreadUtil$1.call(ThreadUtil.java:52)
	at java.util.concurrent.FutureTask.run(FutureTask.java:266)
	at java.util.concurrent.ThreadPoolExecutor.runWorker(ThreadPoolExecutor.java:1149)
	at java.util.concurrent.ThreadPoolExecutor$Worker.run(ThreadPoolExecutor.java:624)
	at java.lang.Thread.run(Thread.java:748)
1353315 [TestNG-tests-3] INFO io.github.bonigarcia.wdm.WebDriverManager - Using chromedriver 122.0.6261.111 (resolved driver for Chrome 122)
1353325 [TestNG-tests-3] INFO io.github.bonigarcia.wdm.WebDriverManager - Exporting webdriver.chrome.driver as C:\Users\vs106039\.cache\selenium\chromedriver\win64\122.0.6261.111\chromedriver.exe
Starting ChromeDriver 122.0.6261.111 (9d4c1072da62b411b351a38b9ed6214ab236aa7b-refs/branch-heads/6261@{#1015}) on port 27342
Only local connections are allowed.
Please see https://chromedriver.chromium.org/security-considerations for suggestions on keeping ChromeDriver safe.
ChromeDriver was started successfully.
Mar 12, 2024 1:40:24 PM org.openqa.selenium.remote.ProtocolHandshake createSession
INFO: Detected dialect: W3C
org.testng.SkipException: There are undefined steps
	at cucumber.api.testng.TestCaseResultListener.getError(TestCaseResultListener.java:60)
	at cucumber.api.testng.TestNGCucumberRunner.runScenario(TestNGCucumberRunner.java:72)
	at com.zensar.runner.ProjectContact.feature(ProjectContact.java:37)
	at sun.reflect.NativeMethodAccessorImpl.invoke0(Native Method)
	at sun.reflect.NativeMethodAccessorImpl.invoke(NativeMethodAccessorImpl.java:62)
	at sun.reflect.DelegatingMethodAccessorImpl.invoke(DelegatingMethodAccessorImpl.java:43)
	at java.lang.reflect.Method.invoke(Method.java:498)
	at org.testng.internal.MethodInvocationHelper.invokeMethod(MethodInvocationHelper.java:124)
	at org.testng.internal.Invoker.invokeMethod(Invoker.java:583)
	at org.testng.internal.Invoker.invokeTestMethod(Invoker.java:719)
	at org.testng.internal.Invoker.invokeTestMethods(Invoker.java:989)
	at org.testng.internal.TestMethodWorker.invokeTestMethods(TestMethodWorker.java:125)
	at org.testng.internal.TestMethodWorker.run(TestMethodWorker.java:109)
	at org.testng.TestRunner.privateRun(TestRunner.java:648)
	at org.testng.TestRunner.run(TestRunner.java:505)
	at org.testng.SuiteRunner.runTest(SuiteRunner.java:455)
	at org.testng.SuiteRunner.access$000(SuiteRunner.java:40)
	at org.testng.SuiteRunner$SuiteWorker.run(SuiteRunner.java:489)
	at org.testng.internal.thread.ThreadUtil$1.call(ThreadUtil.java:52)
	at java.util.concurrent.FutureTask.run(FutureTask.java:266)
	at java.util.concurrent.ThreadPoolExecutor.runWorker(ThreadPoolExecutor.java:1149)
	at java.util.concurrent.ThreadPoolExecutor$Worker.run(ThreadPoolExecutor.java:624)
	at java.lang.Thread.run(Thread.java:748)
]]></system-err>
  </testcase>
  <testcase name="feature[com.zensar.scriptutils.PickleWrapper@3e1c10ae](10)" classname="com.zensar.runner.ProjectContact" time="140.059">
    <system-out><![CDATA[[INFO]	 Attempt 1 of 1 to execute 	 >>>>>> (ProjectContact.java:35)	13:41:25
Feature :	ProjectContact	 >>>>>> (ProjectContact.java:60)	13:41:25
Scenario :	Verify user can not add duplicate contact	 >>>>>> (ProjectContact.java:61)	13:41:25
DataSetName :	AddContact
	 >>>>>> (ProjectContact.java:62)	13:41:25
SCENARIO STATE Init	 >>>>>> (Hooks.java:24)	13:41:25
Thread Local getDrive()	 >>>>>> (DriverHandler.java:87)	13:41:27
3 columns(s) affected	 >>>>>> (Connection.java:93)	13:41:27
1 row(s) affected	 >>>>>> (Connection.java:73)	13:41:27
1 row(s) affected	 >>>>>> (Connection.java:73)	13:41:27
1 row(s) affected	 >>>>>> (Connection.java:73)	13:41:27
BROWSER STACK SESSION : 	 >>>>>> (OutputSheetLogger.java:174)	13:41:27
Thread Local getDrive()	 >>>>>> (DriverHandler.java:87)	13:41:27
cf8557607df68a4193a954dc25041c85	 >>>>>> (OutputSheetLogger.java:175)	13:41:27
Entered try in open	 >>>>>> (IsgLandingPage.java:145)	13:41:27
embedScreenshot	 >>>>>> (GlobalFunction.java:74)	13:41:32
highlightElement	 >>>>>> (GlobalFunction.java:74)	13:41:32
Thread Local getDrive()	 >>>>>> (DriverHandler.java:87)	13:41:32
unHighlightElement	 >>>>>> (GlobalFunction.java:74)	13:41:32
forceClick	 >>>>>> (GlobalFunction.java:74)	13:41:32
Clicked Login	 >>>>>> (IsgLandingPage.java:179)	13:41:33
username : NGS3@isg-one.com	 >>>>>> (IsgLandingPage.java:181)	13:41:37
password : T|2txZ>UJs	 >>>>>> (IsgLandingPage.java:183)	13:41:37
embedScreenshot	 >>>>>> (GlobalFunction.java:74)	13:41:37
highlightElement	 >>>>>> (GlobalFunction.java:74)	13:41:37
Thread Local getDrive()	 >>>>>> (DriverHandler.java:87)	13:41:37
unHighlightElement	 >>>>>> (GlobalFunction.java:74)	13:41:37
click	 >>>>>> (GlobalFunction.java:74)	13:41:37
isPresent	 >>>>>> (GlobalFunction.java:74)	13:41:37
Thread Local getDrive()	 >>>>>> (DriverHandler.java:87)	13:41:37
Thread Local getDrive()	 >>>>>> (DriverHandler.java:87)	13:41:37
Thread Local getDrive()	 >>>>>> (DriverHandler.java:87)	13:41:37
isPresent	 >>>>>> (GlobalFunction.java:74)	13:41:37
waitForElementClickabality	 >>>>>> (GlobalFunction.java:74)	13:41:38
getText	 >>>>>> (GlobalFunction.java:74)	13:41:53
Number of Active Transaction: Active transactions (2)	 >>>>>> (ProjectContact.java:113)	13:41:53
embedScreenshot	 >>>>>> (GlobalFunction.java:74)	13:41:53
Thread Local getDrive()	 >>>>>> (DriverHandler.java:87)	13:41:53
zAssertTrue	 >>>>>> (GlobalFunction.java:74)	13:41:53
waitForElement	 >>>>>> (GlobalFunction.java:74)	13:41:53
isPresent	 >>>>>> (GlobalFunction.java:74)	13:41:53
isPresent	 >>>>>> (GlobalFunction.java:74)	13:41:53
click	 >>>>>> (GlobalFunction.java:74)	13:42:3
embedScreenshot	 >>>>>> (GlobalFunction.java:74)	13:42:3
Thread Local getDrive()	 >>>>>> (DriverHandler.java:87)	13:42:3
waitForElement	 >>>>>> (GlobalFunction.java:74)	13:42:3
isPresent	 >>>>>> (GlobalFunction.java:74)	13:42:3
1
isPresent	 >>>>>> (GlobalFunction.java:74)	13:42:5
2
isPresent	 >>>>>> (GlobalFunction.java:74)	13:42:7
isPresent	 >>>>>> (GlobalFunction.java:74)	13:42:7
waitForceScrollClick	 >>>>>> (GlobalFunction.java:74)	13:42:12
waitForElement	 >>>>>> (GlobalFunction.java:74)	13:42:12
forceScrollToElement	 >>>>>> (GlobalFunction.java:74)	13:42:13
forceClick	 >>>>>> (GlobalFunction.java:74)	13:42:13
waitForElement	 >>>>>> (GlobalFunction.java:74)	13:42:14
isPresent	 >>>>>> (GlobalFunction.java:74)	13:42:14
1
isPresent	 >>>>>> (GlobalFunction.java:74)	13:42:16
2
isPresent	 >>>>>> (GlobalFunction.java:74)	13:42:18
isPresent	 >>>>>> (GlobalFunction.java:74)	13:42:18
click	 >>>>>> (GlobalFunction.java:74)	13:42:23
>>>ExcelInput  ProjectContact  - AddContact  - FirstName	 >>>>>> (ExcelInput.java:14)	13:42:28
Value:Himanshu	 >>>>>> (ExcelInput.java:22)	13:42:28
clearAndEnterText	 >>>>>> (GlobalFunction.java:74)	13:42:28
isPresent	 >>>>>> (GlobalFunction.java:74)	13:42:28
zAssertTrue	 >>>>>> (GlobalFunction.java:74)	13:42:28
>>>ExcelInput  ProjectContact  - AddContact  - LastName	 >>>>>> (ExcelInput.java:14)	13:42:33
Value:Upreti	 >>>>>> (ExcelInput.java:22)	13:42:33
clearAndEnterText	 >>>>>> (GlobalFunction.java:74)	13:42:33
embedScreenshot	 >>>>>> (GlobalFunction.java:74)	13:42:34
Thread Local getDrive()	 >>>>>> (DriverHandler.java:87)	13:42:34
isPresent	 >>>>>> (GlobalFunction.java:74)	13:42:34
zAssertTrue	 >>>>>> (GlobalFunction.java:74)	13:42:34
waitForElement	 >>>>>> (GlobalFunction.java:74)	13:42:34
isPresent	 >>>>>> (GlobalFunction.java:74)	13:42:34
isPresent	 >>>>>> (GlobalFunction.java:74)	13:42:34
>>>ExcelInput  ProjectContact  - AddContact  - ProjectRole	 >>>>>> (ExcelInput.java:14)	13:42:39
Value:Client team member	 >>>>>> (ExcelInput.java:22)	13:42:39
selectBoxByVisibleTextContains	 >>>>>> (GlobalFunction.java:74)	13:42:39
embedScreenshot	 >>>>>> (GlobalFunction.java:74)	13:42:39
Thread Local getDrive()	 >>>>>> (DriverHandler.java:87)	13:42:39
>>>ExcelInput  ProjectContact  - AddContact  - ClientEmail	 >>>>>> (ExcelInput.java:14)	13:42:44
Value:Tester@yopmail.com	 >>>>>> (ExcelInput.java:22)	13:42:44
clearAndEnterText	 >>>>>> (GlobalFunction.java:74)	13:42:44
embedScreenshot	 >>>>>> (GlobalFunction.java:74)	13:42:44
Thread Local getDrive()	 >>>>>> (DriverHandler.java:87)	13:42:44
isPresent	 >>>>>> (GlobalFunction.java:74)	13:42:45
zAssertTrue	 >>>>>> (GlobalFunction.java:74)	13:42:45
click	 >>>>>> (GlobalFunction.java:74)	13:42:45
1 row(s) affected	 >>>>>> (Connection.java:73)	13:43:45
1 row(s) affected	 >>>>>> (Connection.java:73)	13:43:45
1 row(s) affected	 >>>>>> (Connection.java:73)	13:43:45


[ERROR]	 Attempt 1 of 1 to execute  [FAILED]	 >>>>>> (ProjectContact.java:44)	13:43:45
Feature :	ProjectContact	 >>>>>> (ProjectContact.java:60)	13:43:45
Scenario :	Verify user can not add duplicate contact	 >>>>>> (ProjectContact.java:61)	13:43:45
DataSetName :	AddContact
	 >>>>>> (ProjectContact.java:62)	13:43:45
[INFO]	 Not going to attempt again.	 >>>>>> (ProjectContact.java:50)	13:43:45
]]></system-out>
    <system-err><![CDATA[[ERROR] Problem while finding out runner name
java.lang.NullPointerException
	at com.zensar.scriptutils.ScenarioState.<init>(ScenarioState.java:56)
	at sun.reflect.GeneratedConstructorAccessor134.newInstance(Unknown Source)
	at sun.reflect.DelegatingConstructorAccessorImpl.newInstance(DelegatingConstructorAccessorImpl.java:45)
	at java.lang.reflect.Constructor.newInstance(Constructor.java:423)
	at org.picocontainer.injectors.AbstractInjector.newInstance(AbstractInjector.java:145)
	at org.picocontainer.injectors.ConstructorInjector$1.run(ConstructorInjector.java:342)
	at org.picocontainer.injectors.AbstractInjector$ThreadLocalCyclicDependencyGuard.observe(AbstractInjector.java:270)
	at org.picocontainer.injectors.ConstructorInjector.getComponentInstance(ConstructorInjector.java:364)
	at org.picocontainer.injectors.AbstractInjectionFactory$LifecycleAdapter.getComponentInstance(AbstractInjectionFactory.java:56)
	at org.picocontainer.behaviors.AbstractBehavior.getComponentInstance(AbstractBehavior.java:64)
	at org.picocontainer.behaviors.Stored.getComponentInstance(Stored.java:91)
	at org.picocontainer.DefaultPicoContainer.getInstance(DefaultPicoContainer.java:699)
	at org.picocontainer.DefaultPicoContainer.getComponent(DefaultPicoContainer.java:647)
	at org.picocontainer.DefaultPicoContainer.getComponent(DefaultPicoContainer.java:632)
	at org.picocontainer.parameters.BasicComponentParameter$1.resolveInstance(BasicComponentParameter.java:118)
	at org.picocontainer.parameters.ComponentParameter$1.resolveInstance(ComponentParameter.java:136)
	at org.picocontainer.injectors.SingleMemberInjector.getParameter(SingleMemberInjector.java:78)
	at org.picocontainer.injectors.ConstructorInjector$CtorAndAdapters.getParameterArguments(ConstructorInjector.java:309)
	at org.picocontainer.injectors.ConstructorInjector$1.run(ConstructorInjector.java:335)
	at org.picocontainer.injectors.AbstractInjector$ThreadLocalCyclicDependencyGuard.observe(AbstractInjector.java:270)
	at org.picocontainer.injectors.ConstructorInjector.getComponentInstance(ConstructorInjector.java:364)
	at org.picocontainer.injectors.AbstractInjectionFactory$LifecycleAdapter.getComponentInstance(AbstractInjectionFactory.java:56)
	at org.picocontainer.behaviors.AbstractBehavior.getComponentInstance(AbstractBehavior.java:64)
	at org.picocontainer.behaviors.Stored.getComponentInstance(Stored.java:91)
	at org.picocontainer.DefaultPicoContainer.getInstance(DefaultPicoContainer.java:699)
	at org.picocontainer.DefaultPicoContainer.getComponent(DefaultPicoContainer.java:647)
	at org.picocontainer.DefaultPicoContainer.getComponent(DefaultPicoContainer.java:678)
	at cucumber.runtime.java.picocontainer.PicoFactory.getInstance(PicoFactory.java:40)
	at cucumber.runtime.java.JavaHookDefinition.execute(JavaHookDefinition.java:60)
	at cucumber.runner.HookDefinitionMatch.runStep(HookDefinitionMatch.java:16)
	at cucumber.runner.TestStep.executeStep(TestStep.java:63)
	at cucumber.runner.TestStep.run(TestStep.java:49)
	at cucumber.runner.TestCase.run(TestCase.java:40)
	at cucumber.runner.Runner.runPickle(Runner.java:40)
	at cucumber.api.testng.TestNGCucumberRunner.runScenario(TestNGCucumberRunner.java:68)
	at com.zensar.runner.ProjectContact.feature(ProjectContact.java:37)
	at sun.reflect.NativeMethodAccessorImpl.invoke0(Native Method)
	at sun.reflect.NativeMethodAccessorImpl.invoke(NativeMethodAccessorImpl.java:62)
	at sun.reflect.DelegatingMethodAccessorImpl.invoke(DelegatingMethodAccessorImpl.java:43)
	at java.lang.reflect.Method.invoke(Method.java:498)
	at org.testng.internal.MethodInvocationHelper.invokeMethod(MethodInvocationHelper.java:124)
	at org.testng.internal.Invoker.invokeMethod(Invoker.java:583)
	at org.testng.internal.Invoker.invokeTestMethod(Invoker.java:719)
	at org.testng.internal.Invoker.invokeTestMethods(Invoker.java:989)
	at org.testng.internal.TestMethodWorker.invokeTestMethods(TestMethodWorker.java:125)
	at org.testng.internal.TestMethodWorker.run(TestMethodWorker.java:109)
	at org.testng.TestRunner.privateRun(TestRunner.java:648)
	at org.testng.TestRunner.run(TestRunner.java:505)
	at org.testng.SuiteRunner.runTest(SuiteRunner.java:455)
	at org.testng.SuiteRunner.access$000(SuiteRunner.java:40)
	at org.testng.SuiteRunner$SuiteWorker.run(SuiteRunner.java:489)
	at org.testng.internal.thread.ThreadUtil$1.call(ThreadUtil.java:52)
	at java.util.concurrent.FutureTask.run(FutureTask.java:266)
	at java.util.concurrent.ThreadPoolExecutor.runWorker(ThreadPoolExecutor.java:1149)
	at java.util.concurrent.ThreadPoolExecutor$Worker.run(ThreadPoolExecutor.java:624)
	at java.lang.Thread.run(Thread.java:748)
1416022 [TestNG-tests-3] INFO io.github.bonigarcia.wdm.WebDriverManager - Using chromedriver 122.0.6261.111 (resolved driver for Chrome 122)
1416029 [TestNG-tests-3] INFO io.github.bonigarcia.wdm.WebDriverManager - Exporting webdriver.chrome.driver as C:\Users\vs106039\.cache\selenium\chromedriver\win64\122.0.6261.111\chromedriver.exe
Starting ChromeDriver 122.0.6261.111 (9d4c1072da62b411b351a38b9ed6214ab236aa7b-refs/branch-heads/6261@{#1015}) on port 24194
Only local connections are allowed.
Please see https://chromedriver.chromium.org/security-considerations for suggestions on keeping ChromeDriver safe.
ChromeDriver was started successfully.
Mar 12, 2024 1:41:27 PM org.openqa.selenium.remote.ProtocolHandshake createSession
INFO: Detected dialect: W3C
org.openqa.selenium.NoSuchElementException: no such element: Unable to locate element: {"method":"xpath","selector":"//p[@class='errorMsg ng-star-inserted']"}
  (Session info: chrome=122.0.6261.112)
For documentation on this error, please visit: https://www.seleniumhq.org/exceptions/no_such_element.html
Build info: version: '3.141.59', revision: 'e82be7d358', time: '2018-11-14T08:17:03'
System info: host: 'EUROW42SLPC5721', ip: '192.168.29.116', os.name: 'Windows 10', os.arch: 'amd64', os.version: '10.0', java.version: '1.8.0_221'
Driver info: org.openqa.selenium.chrome.ChromeDriver
Capabilities {acceptInsecureCerts: false, browserName: chrome, browserVersion: 122.0.6261.112, chrome: {chromedriverVersion: 122.0.6261.111 (9d4c1072da6..., userDataDir: C:\Users\vs106039\AppData\L...}, fedcm:accounts: true, goog:chromeOptions: {debuggerAddress: localhost:56428}, javascriptEnabled: true, networkConnectionEnabled: false, pageLoadStrategy: normal, platform: WINDOWS, platformName: WINDOWS, proxy: Proxy(), setWindowRect: true, strictFileInteractability: false, timeouts: {implicit: 0, pageLoad: 300000, script: 30000}, unhandledPromptBehavior: dismiss and notify, webauthn:extension:credBlob: true, webauthn:extension:largeBlob: true, webauthn:extension:minPinLength: true, webauthn:extension:prf: true, webauthn:virtualAuthenticators: true}
Session ID: cf8557607df68a4193a954dc25041c85
*** Element info: {Using=xpath, value=//p[@class='errorMsg ng-star-inserted']}
	at sun.reflect.GeneratedConstructorAccessor91.newInstance(Unknown Source)
	at sun.reflect.DelegatingConstructorAccessorImpl.newInstance(DelegatingConstructorAccessorImpl.java:45)
	at java.lang.reflect.Constructor.newInstance(Constructor.java:423)
	at org.openqa.selenium.remote.http.W3CHttpResponseCodec.createException(W3CHttpResponseCodec.java:187)
	at org.openqa.selenium.remote.http.W3CHttpResponseCodec.decode(W3CHttpResponseCodec.java:122)
	at org.openqa.selenium.remote.http.W3CHttpResponseCodec.decode(W3CHttpResponseCodec.java:49)
	at org.openqa.selenium.remote.HttpCommandExecutor.execute(HttpCommandExecutor.java:158)
	at org.openqa.selenium.remote.service.DriverCommandExecutor.execute(DriverCommandExecutor.java:83)
	at org.openqa.selenium.remote.RemoteWebDriver.execute(RemoteWebDriver.java:552)
	at org.openqa.selenium.remote.RemoteWebDriver.findElement(RemoteWebDriver.java:323)
	at org.openqa.selenium.remote.RemoteWebDriver.findElementByXPath(RemoteWebDriver.java:428)
	at org.openqa.selenium.By$ByXPath.findElement(By.java:353)
	at org.openqa.selenium.remote.RemoteWebDriver.findElement(RemoteWebDriver.java:315)
	at sun.reflect.GeneratedMethodAccessor8.invoke(Unknown Source)
	at sun.reflect.DelegatingMethodAccessorImpl.invoke(DelegatingMethodAccessorImpl.java:43)
	at java.lang.reflect.Method.invoke(Method.java:498)
	at org.openqa.selenium.support.events.EventFiringWebDriver.lambda$new$1(EventFiringWebDriver.java:105)
	at com.sun.proxy.$Proxy25.findElement(Unknown Source)
	at org.openqa.selenium.support.events.EventFiringWebDriver.findElement(EventFiringWebDriver.java:194)
	at org.openqa.selenium.support.pagefactory.DefaultElementLocator.findElement(DefaultElementLocator.java:69)
	at org.openqa.selenium.support.pagefactory.internal.LocatingElementHandler.invoke(LocatingElementHandler.java:38)
	at com.sun.proxy.$Proxy28.isDisplayed(Unknown Source)
	at com.zensar.pageobjects.ProjectContact.DuplicateContactAdd(ProjectContact.java:371)
	at com.zensar.stepDefinations.ActiveTransactionProjectContactStepDefinitions.add_Email_Address_Member_Click_on_save_Contact(ActiveTransactionProjectContactStepDefinitions.java:163)
	at ✽.Add Email Address for the Member and Click on save Contact for Duplicate(src/main/java/com/zensar/features/ProjectContact.feature:144)
]]></system-err>
  </testcase>
  <testcase name="feature[com.zensar.scriptutils.PickleWrapper@4722771b](11)" classname="com.zensar.runner.ProjectContact" time="144.476">
    <system-out><![CDATA[[INFO]	 Attempt 1 of 1 to execute 	 >>>>>> (ProjectContact.java:35)	13:43:45
Feature :	ProjectContact	 >>>>>> (ProjectContact.java:60)	13:43:45
Scenario :	Verify user can not add ISG contact	 >>>>>> (ProjectContact.java:61)	13:43:45
DataSetName :	AddContact
	 >>>>>> (ProjectContact.java:62)	13:43:45
SCENARIO STATE Init	 >>>>>> (Hooks.java:24)	13:43:45
Thread Local getDrive()	 >>>>>> (DriverHandler.java:87)	13:43:51
3 columns(s) affected	 >>>>>> (Connection.java:93)	13:43:51
1 row(s) affected	 >>>>>> (Connection.java:73)	13:43:51
1 row(s) affected	 >>>>>> (Connection.java:73)	13:43:51
1 row(s) affected	 >>>>>> (Connection.java:73)	13:43:51
BROWSER STACK SESSION : 	 >>>>>> (OutputSheetLogger.java:174)	13:43:51
Thread Local getDrive()	 >>>>>> (DriverHandler.java:87)	13:43:51
57d2ffbfca20815e89a3be4a2db8ba3d	 >>>>>> (OutputSheetLogger.java:175)	13:43:51
Entered try in open	 >>>>>> (IsgLandingPage.java:145)	13:43:51
embedScreenshot	 >>>>>> (GlobalFunction.java:74)	13:43:56
highlightElement	 >>>>>> (GlobalFunction.java:74)	13:43:56
Thread Local getDrive()	 >>>>>> (DriverHandler.java:87)	13:43:56
unHighlightElement	 >>>>>> (GlobalFunction.java:74)	13:43:56
forceClick	 >>>>>> (GlobalFunction.java:74)	13:43:56
Clicked Login	 >>>>>> (IsgLandingPage.java:179)	13:43:57
username : NGS3@isg-one.com	 >>>>>> (IsgLandingPage.java:181)	13:44:1
password : T|2txZ>UJs	 >>>>>> (IsgLandingPage.java:183)	13:44:1
embedScreenshot	 >>>>>> (GlobalFunction.java:74)	13:44:1
highlightElement	 >>>>>> (GlobalFunction.java:74)	13:44:1
Thread Local getDrive()	 >>>>>> (DriverHandler.java:87)	13:44:1
unHighlightElement	 >>>>>> (GlobalFunction.java:74)	13:44:1
click	 >>>>>> (GlobalFunction.java:74)	13:44:1
isPresent	 >>>>>> (GlobalFunction.java:74)	13:44:2
Thread Local getDrive()	 >>>>>> (DriverHandler.java:87)	13:44:2
Thread Local getDrive()	 >>>>>> (DriverHandler.java:87)	13:44:2
Thread Local getDrive()	 >>>>>> (DriverHandler.java:87)	13:44:2
isPresent	 >>>>>> (GlobalFunction.java:74)	13:44:2
waitForElementClickabality	 >>>>>> (GlobalFunction.java:74)	13:44:3
getText	 >>>>>> (GlobalFunction.java:74)	13:44:17
Number of Active Transaction: Active transactions (2)	 >>>>>> (ProjectContact.java:113)	13:44:17
embedScreenshot	 >>>>>> (GlobalFunction.java:74)	13:44:17
Thread Local getDrive()	 >>>>>> (DriverHandler.java:87)	13:44:17
zAssertTrue	 >>>>>> (GlobalFunction.java:74)	13:44:17
waitForElement	 >>>>>> (GlobalFunction.java:74)	13:44:17
isPresent	 >>>>>> (GlobalFunction.java:74)	13:44:17
isPresent	 >>>>>> (GlobalFunction.java:74)	13:44:18
click	 >>>>>> (GlobalFunction.java:74)	13:44:28
embedScreenshot	 >>>>>> (GlobalFunction.java:74)	13:44:28
Thread Local getDrive()	 >>>>>> (DriverHandler.java:87)	13:44:28
waitForElement	 >>>>>> (GlobalFunction.java:74)	13:44:28
isPresent	 >>>>>> (GlobalFunction.java:74)	13:44:28
1
isPresent	 >>>>>> (GlobalFunction.java:74)	13:44:30
2
isPresent	 >>>>>> (GlobalFunction.java:74)	13:44:32
isPresent	 >>>>>> (GlobalFunction.java:74)	13:44:32
waitForceScrollClick	 >>>>>> (GlobalFunction.java:74)	13:44:37
waitForElement	 >>>>>> (GlobalFunction.java:74)	13:44:37
forceScrollToElement	 >>>>>> (GlobalFunction.java:74)	13:44:37
forceClick	 >>>>>> (GlobalFunction.java:74)	13:44:38
waitForElement	 >>>>>> (GlobalFunction.java:74)	13:44:38
isPresent	 >>>>>> (GlobalFunction.java:74)	13:44:38
1
isPresent	 >>>>>> (GlobalFunction.java:74)	13:44:40
2
isPresent	 >>>>>> (GlobalFunction.java:74)	13:44:42
isPresent	 >>>>>> (GlobalFunction.java:74)	13:44:43
click	 >>>>>> (GlobalFunction.java:74)	13:44:48
>>>ExcelInput  ProjectContact  - AddContact  - FirstName	 >>>>>> (ExcelInput.java:14)	13:44:53
Value:Himanshu	 >>>>>> (ExcelInput.java:22)	13:44:53
clearAndEnterText	 >>>>>> (GlobalFunction.java:74)	13:44:53
isPresent	 >>>>>> (GlobalFunction.java:74)	13:44:53
zAssertTrue	 >>>>>> (GlobalFunction.java:74)	13:44:53
>>>ExcelInput  ProjectContact  - AddContact  - LastName	 >>>>>> (ExcelInput.java:14)	13:44:58
Value:Upreti	 >>>>>> (ExcelInput.java:22)	13:44:58
clearAndEnterText	 >>>>>> (GlobalFunction.java:74)	13:44:58
embedScreenshot	 >>>>>> (GlobalFunction.java:74)	13:44:58
Thread Local getDrive()	 >>>>>> (DriverHandler.java:87)	13:44:58
isPresent	 >>>>>> (GlobalFunction.java:74)	13:44:58
zAssertTrue	 >>>>>> (GlobalFunction.java:74)	13:44:58
waitForElement	 >>>>>> (GlobalFunction.java:74)	13:44:58
isPresent	 >>>>>> (GlobalFunction.java:74)	13:44:58
isPresent	 >>>>>> (GlobalFunction.java:74)	13:44:59
>>>ExcelInput  ProjectContact  - AddContact  - ProjectRole	 >>>>>> (ExcelInput.java:14)	13:45:4
Value:Client team member	 >>>>>> (ExcelInput.java:22)	13:45:4
selectBoxByVisibleTextContains	 >>>>>> (GlobalFunction.java:74)	13:45:4
embedScreenshot	 >>>>>> (GlobalFunction.java:74)	13:45:4
Thread Local getDrive()	 >>>>>> (DriverHandler.java:87)	13:45:4
>>>ExcelInput  ProjectContact  - AddContact  - ISGEmail	 >>>>>> (ExcelInput.java:14)	13:45:9
Value:Test@isg-one.com	 >>>>>> (ExcelInput.java:22)	13:45:9
clearAndEnterText	 >>>>>> (GlobalFunction.java:74)	13:45:9
embedScreenshot	 >>>>>> (GlobalFunction.java:74)	13:45:9
Thread Local getDrive()	 >>>>>> (DriverHandler.java:87)	13:45:9
isPresent	 >>>>>> (GlobalFunction.java:74)	13:45:9
zAssertTrue	 >>>>>> (GlobalFunction.java:74)	13:45:9
click	 >>>>>> (GlobalFunction.java:74)	13:45:9
1 row(s) affected	 >>>>>> (Connection.java:73)	13:46:9
1 row(s) affected	 >>>>>> (Connection.java:73)	13:46:9
1 row(s) affected	 >>>>>> (Connection.java:73)	13:46:9


[ERROR]	 Attempt 1 of 1 to execute  [FAILED]	 >>>>>> (ProjectContact.java:44)	13:46:9
Feature :	ProjectContact	 >>>>>> (ProjectContact.java:60)	13:46:9
Scenario :	Verify user can not add ISG contact	 >>>>>> (ProjectContact.java:61)	13:46:9
DataSetName :	AddContact
	 >>>>>> (ProjectContact.java:62)	13:46:9
[INFO]	 Not going to attempt again.	 >>>>>> (ProjectContact.java:50)	13:46:9
]]></system-out>
    <system-err><![CDATA[[ERROR] Problem while finding out runner name
java.lang.NullPointerException
	at com.zensar.scriptutils.ScenarioState.<init>(ScenarioState.java:56)
	at sun.reflect.GeneratedConstructorAccessor134.newInstance(Unknown Source)
	at sun.reflect.DelegatingConstructorAccessorImpl.newInstance(DelegatingConstructorAccessorImpl.java:45)
	at java.lang.reflect.Constructor.newInstance(Constructor.java:423)
	at org.picocontainer.injectors.AbstractInjector.newInstance(AbstractInjector.java:145)
	at org.picocontainer.injectors.ConstructorInjector$1.run(ConstructorInjector.java:342)
	at org.picocontainer.injectors.AbstractInjector$ThreadLocalCyclicDependencyGuard.observe(AbstractInjector.java:270)
	at org.picocontainer.injectors.ConstructorInjector.getComponentInstance(ConstructorInjector.java:364)
	at org.picocontainer.injectors.AbstractInjectionFactory$LifecycleAdapter.getComponentInstance(AbstractInjectionFactory.java:56)
	at org.picocontainer.behaviors.AbstractBehavior.getComponentInstance(AbstractBehavior.java:64)
	at org.picocontainer.behaviors.Stored.getComponentInstance(Stored.java:91)
	at org.picocontainer.DefaultPicoContainer.getInstance(DefaultPicoContainer.java:699)
	at org.picocontainer.DefaultPicoContainer.getComponent(DefaultPicoContainer.java:647)
	at org.picocontainer.DefaultPicoContainer.getComponent(DefaultPicoContainer.java:632)
	at org.picocontainer.parameters.BasicComponentParameter$1.resolveInstance(BasicComponentParameter.java:118)
	at org.picocontainer.parameters.ComponentParameter$1.resolveInstance(ComponentParameter.java:136)
	at org.picocontainer.injectors.SingleMemberInjector.getParameter(SingleMemberInjector.java:78)
	at org.picocontainer.injectors.ConstructorInjector$CtorAndAdapters.getParameterArguments(ConstructorInjector.java:309)
	at org.picocontainer.injectors.ConstructorInjector$1.run(ConstructorInjector.java:335)
	at org.picocontainer.injectors.AbstractInjector$ThreadLocalCyclicDependencyGuard.observe(AbstractInjector.java:270)
	at org.picocontainer.injectors.ConstructorInjector.getComponentInstance(ConstructorInjector.java:364)
	at org.picocontainer.injectors.AbstractInjectionFactory$LifecycleAdapter.getComponentInstance(AbstractInjectionFactory.java:56)
	at org.picocontainer.behaviors.AbstractBehavior.getComponentInstance(AbstractBehavior.java:64)
	at org.picocontainer.behaviors.Stored.getComponentInstance(Stored.java:91)
	at org.picocontainer.DefaultPicoContainer.getInstance(DefaultPicoContainer.java:699)
	at org.picocontainer.DefaultPicoContainer.getComponent(DefaultPicoContainer.java:647)
	at org.picocontainer.DefaultPicoContainer.getComponent(DefaultPicoContainer.java:678)
	at cucumber.runtime.java.picocontainer.PicoFactory.getInstance(PicoFactory.java:40)
	at cucumber.runtime.java.JavaHookDefinition.execute(JavaHookDefinition.java:60)
	at cucumber.runner.HookDefinitionMatch.runStep(HookDefinitionMatch.java:16)
	at cucumber.runner.TestStep.executeStep(TestStep.java:63)
	at cucumber.runner.TestStep.run(TestStep.java:49)
	at cucumber.runner.TestCase.run(TestCase.java:40)
	at cucumber.runner.Runner.runPickle(Runner.java:40)
	at cucumber.api.testng.TestNGCucumberRunner.runScenario(TestNGCucumberRunner.java:68)
	at com.zensar.runner.ProjectContact.feature(ProjectContact.java:37)
	at sun.reflect.NativeMethodAccessorImpl.invoke0(Native Method)
	at sun.reflect.NativeMethodAccessorImpl.invoke(NativeMethodAccessorImpl.java:62)
	at sun.reflect.DelegatingMethodAccessorImpl.invoke(DelegatingMethodAccessorImpl.java:43)
	at java.lang.reflect.Method.invoke(Method.java:498)
	at org.testng.internal.MethodInvocationHelper.invokeMethod(MethodInvocationHelper.java:124)
	at org.testng.internal.Invoker.invokeMethod(Invoker.java:583)
	at org.testng.internal.Invoker.invokeTestMethod(Invoker.java:719)
	at org.testng.internal.Invoker.invokeTestMethods(Invoker.java:989)
	at org.testng.internal.TestMethodWorker.invokeTestMethods(TestMethodWorker.java:125)
	at org.testng.internal.TestMethodWorker.run(TestMethodWorker.java:109)
	at org.testng.TestRunner.privateRun(TestRunner.java:648)
	at org.testng.TestRunner.run(TestRunner.java:505)
	at org.testng.SuiteRunner.runTest(SuiteRunner.java:455)
	at org.testng.SuiteRunner.access$000(SuiteRunner.java:40)
	at org.testng.SuiteRunner$SuiteWorker.run(SuiteRunner.java:489)
	at org.testng.internal.thread.ThreadUtil$1.call(ThreadUtil.java:52)
	at java.util.concurrent.FutureTask.run(FutureTask.java:266)
	at java.util.concurrent.ThreadPoolExecutor.runWorker(ThreadPoolExecutor.java:1149)
	at java.util.concurrent.ThreadPoolExecutor$Worker.run(ThreadPoolExecutor.java:624)
	at java.lang.Thread.run(Thread.java:748)
1558532 [TestNG-tests-3] INFO io.github.bonigarcia.wdm.WebDriverManager - Using chromedriver 122.0.6261.111 (resolved driver for Chrome 122)
1558541 [TestNG-tests-3] INFO io.github.bonigarcia.wdm.WebDriverManager - Exporting webdriver.chrome.driver as C:\Users\vs106039\.cache\selenium\chromedriver\win64\122.0.6261.111\chromedriver.exe
Starting ChromeDriver 122.0.6261.111 (9d4c1072da62b411b351a38b9ed6214ab236aa7b-refs/branch-heads/6261@{#1015}) on port 35567
Only local connections are allowed.
Please see https://chromedriver.chromium.org/security-considerations for suggestions on keeping ChromeDriver safe.
ChromeDriver was started successfully.
Mar 12, 2024 1:43:51 PM org.openqa.selenium.remote.ProtocolHandshake createSession
INFO: Detected dialect: W3C
org.openqa.selenium.json.JsonException: java.lang.reflect.InvocationTargetException
Build info: version: '3.141.59', revision: 'e82be7d358', time: '2018-11-14T08:17:03'
System info: host: 'EUROW42SLPC5721', ip: '192.168.29.116', os.name: 'Windows 10', os.arch: 'amd64', os.version: '10.0', java.version: '1.8.0_221'
Driver info: driver.version: EventFiringWebDriver
	at org.openqa.selenium.json.JsonOutput.convertUsingMethod(JsonOutput.java:332)
	at org.openqa.selenium.json.JsonOutput.lambda$new$16(JsonOutput.java:155)
	at org.openqa.selenium.json.JsonOutput.write(JsonOutput.java:264)
	at org.openqa.selenium.json.JsonOutput.lambda$null$21(JsonOutput.java:168)
	at java.util.LinkedHashMap$LinkedValues.forEach(LinkedHashMap.java:608)
	at org.openqa.selenium.json.JsonOutput.lambda$new$22(JsonOutput.java:168)
	at org.openqa.selenium.json.JsonOutput.write(JsonOutput.java:264)
	at org.openqa.selenium.json.JsonOutput.lambda$null$23(JsonOutput.java:177)
	at com.google.common.collect.SingletonImmutableBiMap.forEach(SingletonImmutableBiMap.java:65)
	at org.openqa.selenium.json.JsonOutput.lambda$new$24(JsonOutput.java:176)
	at org.openqa.selenium.json.JsonOutput.write(JsonOutput.java:264)
	at org.openqa.selenium.json.JsonOutput.write(JsonOutput.java:255)
	at org.openqa.selenium.json.Json.toJson(Json.java:42)
	at org.openqa.selenium.remote.http.AbstractHttpCommandCodec.encode(AbstractHttpCommandCodec.java:227)
	at org.openqa.selenium.remote.http.AbstractHttpCommandCodec.encode(AbstractHttpCommandCodec.java:117)
	at org.openqa.selenium.remote.HttpCommandExecutor.execute(HttpCommandExecutor.java:152)
	at org.openqa.selenium.remote.service.DriverCommandExecutor.execute(DriverCommandExecutor.java:83)
	at org.openqa.selenium.remote.RemoteWebDriver.execute(RemoteWebDriver.java:552)
	at org.openqa.selenium.remote.RemoteWebDriver.perform(RemoteWebDriver.java:618)
	at sun.reflect.GeneratedMethodAccessor19.invoke(Unknown Source)
	at sun.reflect.DelegatingMethodAccessorImpl.invoke(DelegatingMethodAccessorImpl.java:43)
	at java.lang.reflect.Method.invoke(Method.java:498)
	at org.openqa.selenium.support.events.EventFiringWebDriver.lambda$new$1(EventFiringWebDriver.java:105)
	at com.sun.proxy.$Proxy25.perform(Unknown Source)
	at org.openqa.selenium.support.events.EventFiringWebDriver.perform(EventFiringWebDriver.java:360)
	at org.openqa.selenium.interactions.Actions$BuiltAction.perform(Actions.java:639)
	at com.zensar.scriptutils.GlobalFunction.click(GlobalFunction.java:408)
	at com.zensar.pageobjects.ProjectContact.ISGContactAdd(ProjectContact.java:380)
	at com.zensar.stepDefinations.ActiveTransactionProjectContactStepDefinitions.add_Email_Address_ISG_Click_save_Contact(ActiveTransactionProjectContactStepDefinitions.java:168)
	at ✽.Add Email Address for the ISG and Click on save Contact(src/main/java/com/zensar/features/ProjectContact.feature:159)
	Suppressed: org.openqa.selenium.json.JsonException: Attempting to close incomplete json stream
Build info: version: '3.141.59', revision: 'e82be7d358', time: '2018-11-14T08:17:03'
System info: host: 'EUROW42SLPC5721', ip: '192.168.29.116', os.name: 'Windows 10', os.arch: 'amd64', os.version: '10.0', java.version: '1.8.0_221'
Driver info: driver.version: EventFiringWebDriver
		at org.openqa.selenium.json.JsonOutput.close(JsonOutput.java:279)
		at org.openqa.selenium.json.Json.toJson(Json.java:44)
		at org.openqa.selenium.remote.http.AbstractHttpCommandCodec.encode(AbstractHttpCommandCodec.java:227)
		at org.openqa.selenium.remote.http.AbstractHttpCommandCodec.encode(AbstractHttpCommandCodec.java:117)
		at org.openqa.selenium.remote.HttpCommandExecutor.execute(HttpCommandExecutor.java:152)
		at org.openqa.selenium.remote.service.DriverCommandExecutor.execute(DriverCommandExecutor.java:83)
		at org.openqa.selenium.remote.RemoteWebDriver.execute(RemoteWebDriver.java:552)
		at org.openqa.selenium.remote.RemoteWebDriver.perform(RemoteWebDriver.java:618)
		at sun.reflect.GeneratedMethodAccessor19.invoke(Unknown Source)
		at sun.reflect.DelegatingMethodAccessorImpl.invoke(DelegatingMethodAccessorImpl.java:43)
		at java.lang.reflect.Method.invoke(Method.java:498)
		at org.openqa.selenium.support.events.EventFiringWebDriver.lambda$new$1(EventFiringWebDriver.java:105)
		at com.sun.proxy.$Proxy25.perform(Unknown Source)
		at org.openqa.selenium.support.events.EventFiringWebDriver.perform(EventFiringWebDriver.java:360)
		at org.openqa.selenium.interactions.Actions$BuiltAction.perform(Actions.java:639)
		at com.zensar.scriptutils.GlobalFunction.click(GlobalFunction.java:408)
		at com.zensar.pageobjects.ProjectContact.ISGContactAdd(ProjectContact.java:380)
		at com.zensar.stepDefinations.ActiveTransactionProjectContactStepDefinitions.add_Email_Address_ISG_Click_save_Contact(ActiveTransactionProjectContactStepDefinitions.java:168)
		at sun.reflect.NativeMethodAccessorImpl.invoke0(Native Method)
		at sun.reflect.NativeMethodAccessorImpl.invoke(NativeMethodAccessorImpl.java:62)
		at sun.reflect.DelegatingMethodAccessorImpl.invoke(DelegatingMethodAccessorImpl.java:43)
		at java.lang.reflect.Method.invoke(Method.java:498)
		at cucumber.runtime.Utils$1.call(Utils.java:26)
		at cucumber.runtime.Timeout.timeout(Timeout.java:16)
		at cucumber.runtime.Utils.invoke(Utils.java:20)
		at cucumber.runtime.java.JavaStepDefinition.execute(JavaStepDefinition.java:49)
		at cucumber.runner.PickleStepDefinitionMatch.runStep(PickleStepDefinitionMatch.java:50)
		at cucumber.runner.TestStep.executeStep(TestStep.java:63)
		at cucumber.runner.TestStep.run(TestStep.java:49)
		at cucumber.runner.PickleStepTestStep.run(PickleStepTestStep.java:43)
		at cucumber.runner.TestCase.run(TestCase.java:44)
		at cucumber.runner.Runner.runPickle(Runner.java:40)
		at cucumber.api.testng.TestNGCucumberRunner.runScenario(TestNGCucumberRunner.java:68)
		at com.zensar.runner.ProjectContact.feature(ProjectContact.java:37)
		at sun.reflect.NativeMethodAccessorImpl.invoke0(Native Method)
		at sun.reflect.NativeMethodAccessorImpl.invoke(NativeMethodAccessorImpl.java:62)
		at sun.reflect.DelegatingMethodAccessorImpl.invoke(DelegatingMethodAccessorImpl.java:43)
		at java.lang.reflect.Method.invoke(Method.java:498)
		at org.testng.internal.MethodInvocationHelper.invokeMethod(MethodInvocationHelper.java:124)
		at org.testng.internal.Invoker.invokeMethod(Invoker.java:583)
		at org.testng.internal.Invoker.invokeTestMethod(Invoker.java:719)
		at org.testng.internal.Invoker.invokeTestMethods(Invoker.java:989)
		at org.testng.internal.TestMethodWorker.invokeTestMethods(TestMethodWorker.java:125)
		at org.testng.internal.TestMethodWorker.run(TestMethodWorker.java:109)
		at org.testng.TestRunner.privateRun(TestRunner.java:648)
		at org.testng.TestRunner.run(TestRunner.java:505)
		at org.testng.SuiteRunner.runTest(SuiteRunner.java:455)
		at org.testng.SuiteRunner.access$000(SuiteRunner.java:40)
		at org.testng.SuiteRunner$SuiteWorker.run(SuiteRunner.java:489)
		at org.testng.internal.thread.ThreadUtil$1.call(ThreadUtil.java:52)
		at java.util.concurrent.FutureTask.run(FutureTask.java:266)
		at java.util.concurrent.ThreadPoolExecutor.runWorker(ThreadPoolExecutor.java:1149)
		at java.util.concurrent.ThreadPoolExecutor$Worker.run(ThreadPoolExecutor.java:624)
		at java.lang.Thread.run(Thread.java:748)
Caused by: java.lang.reflect.InvocationTargetException
	at sun.reflect.GeneratedMethodAccessor20.invoke(Unknown Source)
	at sun.reflect.DelegatingMethodAccessorImpl.invoke(DelegatingMethodAccessorImpl.java:43)
	at java.lang.reflect.Method.invoke(Method.java:498)
	at org.openqa.selenium.json.JsonOutput.convertUsingMethod(JsonOutput.java:328)
	at org.openqa.selenium.json.JsonOutput.lambda$new$16(JsonOutput.java:155)
	at org.openqa.selenium.json.JsonOutput.write(JsonOutput.java:264)
	at org.openqa.selenium.json.JsonOutput.lambda$null$21(JsonOutput.java:168)
	at java.util.LinkedHashMap$LinkedValues.forEach(LinkedHashMap.java:608)
	at org.openqa.selenium.json.JsonOutput.lambda$new$22(JsonOutput.java:168)
	at org.openqa.selenium.json.JsonOutput.write(JsonOutput.java:264)
	at org.openqa.selenium.json.JsonOutput.lambda$null$23(JsonOutput.java:177)
	at com.google.common.collect.SingletonImmutableBiMap.forEach(SingletonImmutableBiMap.java:65)
	at org.openqa.selenium.json.JsonOutput.lambda$new$24(JsonOutput.java:176)
	at org.openqa.selenium.json.JsonOutput.write(JsonOutput.java:264)
	at org.openqa.selenium.json.JsonOutput.write(JsonOutput.java:255)
	at org.openqa.selenium.json.Json.toJson(Json.java:42)
	at org.openqa.selenium.remote.http.AbstractHttpCommandCodec.encode(AbstractHttpCommandCodec.java:227)
	at org.openqa.selenium.remote.http.AbstractHttpCommandCodec.encode(AbstractHttpCommandCodec.java:117)
	at org.openqa.selenium.remote.HttpCommandExecutor.execute(HttpCommandExecutor.java:152)
	at org.openqa.selenium.remote.service.DriverCommandExecutor.execute(DriverCommandExecutor.java:83)
	at org.openqa.selenium.remote.RemoteWebDriver.execute(RemoteWebDriver.java:552)
	at org.openqa.selenium.remote.RemoteWebDriver.perform(RemoteWebDriver.java:618)
	at sun.reflect.GeneratedMethodAccessor19.invoke(Unknown Source)
	at sun.reflect.DelegatingMethodAccessorImpl.invoke(DelegatingMethodAccessorImpl.java:43)
	at java.lang.reflect.Method.invoke(Method.java:498)
	at org.openqa.selenium.support.events.EventFiringWebDriver.lambda$new$1(EventFiringWebDriver.java:105)
	at com.sun.proxy.$Proxy25.perform(Unknown Source)
	at org.openqa.selenium.support.events.EventFiringWebDriver.perform(EventFiringWebDriver.java:360)
	at org.openqa.selenium.interactions.Actions$BuiltAction.perform(Actions.java:639)
	at com.zensar.scriptutils.GlobalFunction.click(GlobalFunction.java:408)
	at com.zensar.pageobjects.ProjectContact.ISGContactAdd(ProjectContact.java:380)
	at com.zensar.stepDefinations.ActiveTransactionProjectContactStepDefinitions.add_Email_Address_ISG_Click_save_Contact(ActiveTransactionProjectContactStepDefinitions.java:168)
	at sun.reflect.NativeMethodAccessorImpl.invoke0(Native Method)
	at sun.reflect.NativeMethodAccessorImpl.invoke(NativeMethodAccessorImpl.java:62)
	at sun.reflect.DelegatingMethodAccessorImpl.invoke(DelegatingMethodAccessorImpl.java:43)
	at java.lang.reflect.Method.invoke(Method.java:498)
	at cucumber.runtime.Utils$1.call(Utils.java:26)
	at cucumber.runtime.Timeout.timeout(Timeout.java:16)
	at cucumber.runtime.Utils.invoke(Utils.java:20)
	at cucumber.runtime.java.JavaStepDefinition.execute(JavaStepDefinition.java:49)
	at cucumber.runner.PickleStepDefinitionMatch.runStep(PickleStepDefinitionMatch.java:50)
	at cucumber.runner.TestStep.executeStep(TestStep.java:63)
	at cucumber.runner.TestStep.run(TestStep.java:49)
	at cucumber.runner.PickleStepTestStep.run(PickleStepTestStep.java:43)
	at cucumber.runner.TestCase.run(TestCase.java:44)
	at cucumber.runner.Runner.runPickle(Runner.java:40)
	at cucumber.api.testng.TestNGCucumberRunner.runScenario(TestNGCucumberRunner.java:68)
	at com.zensar.runner.ProjectContact.feature(ProjectContact.java:37)
	at sun.reflect.NativeMethodAccessorImpl.invoke0(Native Method)
	at sun.reflect.NativeMethodAccessorImpl.invoke(NativeMethodAccessorImpl.java:62)
	at sun.reflect.DelegatingMethodAccessorImpl.invoke(DelegatingMethodAccessorImpl.java:43)
	at java.lang.reflect.Method.invoke(Method.java:498)
	at org.testng.internal.MethodInvocationHelper.invokeMethod(MethodInvocationHelper.java:124)
	at org.testng.internal.Invoker.invokeMethod(Invoker.java:583)
	at org.testng.internal.Invoker.invokeTestMethod(Invoker.java:719)
	at org.testng.internal.Invoker.invokeTestMethods(Invoker.java:989)
	at org.testng.internal.TestMethodWorker.invokeTestMethods(TestMethodWorker.java:125)
	at org.testng.internal.TestMethodWorker.run(TestMethodWorker.java:109)
	at org.testng.TestRunner.privateRun(TestRunner.java:648)
	at org.testng.TestRunner.run(TestRunner.java:505)
	at org.testng.SuiteRunner.runTest(SuiteRunner.java:455)
	at org.testng.SuiteRunner.access$000(SuiteRunner.java:40)
	at org.testng.SuiteRunner$SuiteWorker.run(SuiteRunner.java:489)
	at org.testng.internal.thread.ThreadUtil$1.call(ThreadUtil.java:52)
	at java.util.concurrent.FutureTask.run(FutureTask.java:266)
	at java.util.concurrent.ThreadPoolExecutor.runWorker(ThreadPoolExecutor.java:1149)
	at java.util.concurrent.ThreadPoolExecutor$Worker.run(ThreadPoolExecutor.java:624)
	at java.lang.Thread.run(Thread.java:748)
Caused by: org.openqa.selenium.NoSuchElementException: no such element: Unable to locate element: {"method":"xpath","selector":"//button[@class='btn primary-btn-large saveFormsDetails saveClientContact ng-star-inserted']"}
  (Session info: chrome=122.0.6261.112)
For documentation on this error, please visit: https://www.seleniumhq.org/exceptions/no_such_element.html
Build info: version: '3.141.59', revision: 'e82be7d358', time: '2018-11-14T08:17:03'
System info: host: 'EUROW42SLPC5721', ip: '192.168.29.116', os.name: 'Windows 10', os.arch: 'amd64', os.version: '10.0', java.version: '1.8.0_221'
Driver info: org.openqa.selenium.chrome.ChromeDriver
Capabilities {acceptInsecureCerts: false, browserName: chrome, browserVersion: 122.0.6261.112, chrome: {chromedriverVersion: 122.0.6261.111 (9d4c1072da6..., userDataDir: C:\Users\vs106039\AppData\L...}, fedcm:accounts: true, goog:chromeOptions: {debuggerAddress: localhost:56512}, javascriptEnabled: true, networkConnectionEnabled: false, pageLoadStrategy: normal, platform: WINDOWS, platformName: WINDOWS, proxy: Proxy(), setWindowRect: true, strictFileInteractability: false, timeouts: {implicit: 0, pageLoad: 300000, script: 30000}, unhandledPromptBehavior: dismiss and notify, webauthn:extension:credBlob: true, webauthn:extension:largeBlob: true, webauthn:extension:minPinLength: true, webauthn:extension:prf: true, webauthn:virtualAuthenticators: true}
Session ID: 57d2ffbfca20815e89a3be4a2db8ba3d
*** Element info: {Using=xpath, value=//button[@class='btn primary-btn-large saveFormsDetails saveClientContact ng-star-inserted']}
	at sun.reflect.GeneratedConstructorAccessor91.newInstance(Unknown Source)
	at sun.reflect.DelegatingConstructorAccessorImpl.newInstance(DelegatingConstructorAccessorImpl.java:45)
	at java.lang.reflect.Constructor.newInstance(Constructor.java:423)
	at org.openqa.selenium.remote.http.W3CHttpResponseCodec.createException(W3CHttpResponseCodec.java:187)
	at org.openqa.selenium.remote.http.W3CHttpResponseCodec.decode(W3CHttpResponseCodec.java:122)
	at org.openqa.selenium.remote.http.W3CHttpResponseCodec.decode(W3CHttpResponseCodec.java:49)
	at org.openqa.selenium.remote.HttpCommandExecutor.execute(HttpCommandExecutor.java:158)
	at org.openqa.selenium.remote.service.DriverCommandExecutor.execute(DriverCommandExecutor.java:83)
	at org.openqa.selenium.remote.RemoteWebDriver.execute(RemoteWebDriver.java:552)
	at org.openqa.selenium.remote.RemoteWebDriver.findElement(RemoteWebDriver.java:323)
	at org.openqa.selenium.remote.RemoteWebDriver.findElementByXPath(RemoteWebDriver.java:428)
	at org.openqa.selenium.By$ByXPath.findElement(By.java:353)
	at org.openqa.selenium.remote.RemoteWebDriver.findElement(RemoteWebDriver.java:315)
	at sun.reflect.GeneratedMethodAccessor8.invoke(Unknown Source)
	at sun.reflect.DelegatingMethodAccessorImpl.invoke(DelegatingMethodAccessorImpl.java:43)
	at java.lang.reflect.Method.invoke(Method.java:498)
	at org.openqa.selenium.support.events.EventFiringWebDriver.lambda$new$1(EventFiringWebDriver.java:105)
	at com.sun.proxy.$Proxy25.findElement(Unknown Source)
	at org.openqa.selenium.support.events.EventFiringWebDriver.findElement(EventFiringWebDriver.java:194)
	at org.openqa.selenium.support.pagefactory.DefaultElementLocator.findElement(DefaultElementLocator.java:69)
	at org.openqa.selenium.support.pagefactory.internal.LocatingElementHandler.invoke(LocatingElementHandler.java:38)
	at com.sun.proxy.$Proxy28.getWrappedElement(Unknown Source)
	at org.openqa.selenium.interactions.PointerInput$Origin.asArg(PointerInput.java:204)
	at org.openqa.selenium.interactions.PointerInput$Move.encode(PointerInput.java:155)
	at org.openqa.selenium.interactions.Sequence.encode(Sequence.java:75)
	at org.openqa.selenium.interactions.Sequence.toJson(Sequence.java:84)
	... 68 more
]]></system-err>
  </testcase>
  <testcase name="feature[com.zensar.scriptutils.PickleWrapper@6525e6db](12)" classname="com.zensar.runner.ProjectContact" time="83.315">
    <system-out><![CDATA[[INFO]	 Attempt 1 of 1 to execute 	 >>>>>> (ProjectContact.java:35)	13:46:9
Feature :	ProjectContact	 >>>>>> (ProjectContact.java:60)	13:46:9
Scenario :	Verify user can not add duplicate attorney	 >>>>>> (ProjectContact.java:61)	13:46:9
DataSetName :	AddContact
	 >>>>>> (ProjectContact.java:62)	13:46:9
SCENARIO STATE Init	 >>>>>> (Hooks.java:24)	13:46:9
Thread Local getDrive()	 >>>>>> (DriverHandler.java:87)	13:46:12
3 columns(s) affected	 >>>>>> (Connection.java:93)	13:46:12
1 row(s) affected	 >>>>>> (Connection.java:73)	13:46:12
1 row(s) affected	 >>>>>> (Connection.java:73)	13:46:12
1 row(s) affected	 >>>>>> (Connection.java:73)	13:46:12
BROWSER STACK SESSION : 	 >>>>>> (OutputSheetLogger.java:174)	13:46:12
Thread Local getDrive()	 >>>>>> (DriverHandler.java:87)	13:46:12
5e40194dc41079052767e1df7f835aa7	 >>>>>> (OutputSheetLogger.java:175)	13:46:12
Entered try in open	 >>>>>> (IsgLandingPage.java:145)	13:46:12
embedScreenshot	 >>>>>> (GlobalFunction.java:74)	13:46:16
highlightElement	 >>>>>> (GlobalFunction.java:74)	13:46:16
Thread Local getDrive()	 >>>>>> (DriverHandler.java:87)	13:46:16
unHighlightElement	 >>>>>> (GlobalFunction.java:74)	13:46:17
forceClick	 >>>>>> (GlobalFunction.java:74)	13:46:17
Clicked Login	 >>>>>> (IsgLandingPage.java:179)	13:46:18
username : NGS3@isg-one.com	 >>>>>> (IsgLandingPage.java:181)	13:46:23
password : T|2txZ>UJs	 >>>>>> (IsgLandingPage.java:183)	13:46:23
embedScreenshot	 >>>>>> (GlobalFunction.java:74)	13:46:23
highlightElement	 >>>>>> (GlobalFunction.java:74)	13:46:23
Thread Local getDrive()	 >>>>>> (DriverHandler.java:87)	13:46:23
unHighlightElement	 >>>>>> (GlobalFunction.java:74)	13:46:24
click	 >>>>>> (GlobalFunction.java:74)	13:46:24
isPresent	 >>>>>> (GlobalFunction.java:74)	13:46:24
Thread Local getDrive()	 >>>>>> (DriverHandler.java:87)	13:46:24
Thread Local getDrive()	 >>>>>> (DriverHandler.java:87)	13:46:24
Thread Local getDrive()	 >>>>>> (DriverHandler.java:87)	13:46:24
isPresent	 >>>>>> (GlobalFunction.java:74)	13:46:24
waitForElementClickabality	 >>>>>> (GlobalFunction.java:74)	13:46:25
getText	 >>>>>> (GlobalFunction.java:74)	13:46:40
Number of Active Transaction: Active transactions (2)	 >>>>>> (ProjectContact.java:113)	13:46:40
embedScreenshot	 >>>>>> (GlobalFunction.java:74)	13:46:40
Thread Local getDrive()	 >>>>>> (DriverHandler.java:87)	13:46:40
zAssertTrue	 >>>>>> (GlobalFunction.java:74)	13:46:40
waitForElement	 >>>>>> (GlobalFunction.java:74)	13:46:40
isPresent	 >>>>>> (GlobalFunction.java:74)	13:46:40
isPresent	 >>>>>> (GlobalFunction.java:74)	13:46:40
click	 >>>>>> (GlobalFunction.java:74)	13:46:50
embedScreenshot	 >>>>>> (GlobalFunction.java:74)	13:46:50
Thread Local getDrive()	 >>>>>> (DriverHandler.java:87)	13:46:50
waitForElement	 >>>>>> (GlobalFunction.java:74)	13:46:50
isPresent	 >>>>>> (GlobalFunction.java:74)	13:46:50
1
isPresent	 >>>>>> (GlobalFunction.java:74)	13:46:52
2
isPresent	 >>>>>> (GlobalFunction.java:74)	13:46:54
isPresent	 >>>>>> (GlobalFunction.java:74)	13:46:55
waitForceScrollClick	 >>>>>> (GlobalFunction.java:74)	13:47:0
waitForElement	 >>>>>> (GlobalFunction.java:74)	13:47:0
forceScrollToElement	 >>>>>> (GlobalFunction.java:74)	13:47:0
forceClick	 >>>>>> (GlobalFunction.java:74)	13:47:0
waitForElement	 >>>>>> (GlobalFunction.java:74)	13:47:1
isPresent	 >>>>>> (GlobalFunction.java:74)	13:47:1
1
isPresent	 >>>>>> (GlobalFunction.java:74)	13:47:3
2
isPresent	 >>>>>> (GlobalFunction.java:74)	13:47:5
isPresent	 >>>>>> (GlobalFunction.java:74)	13:47:5
click	 >>>>>> (GlobalFunction.java:74)	13:47:10
>>>ExcelInput  ProjectContact  - AddContact  - FirstName	 >>>>>> (ExcelInput.java:14)	13:47:16
Value:Himanshu	 >>>>>> (ExcelInput.java:22)	13:47:16
clearAndEnterText	 >>>>>> (GlobalFunction.java:74)	13:47:16
isPresent	 >>>>>> (GlobalFunction.java:74)	13:47:16
zAssertTrue	 >>>>>> (GlobalFunction.java:74)	13:47:16
>>>ExcelInput  ProjectContact  - AddContact  - LastName	 >>>>>> (ExcelInput.java:14)	13:47:21
Value:Upreti	 >>>>>> (ExcelInput.java:22)	13:47:21
clearAndEnterText	 >>>>>> (GlobalFunction.java:74)	13:47:21
embedScreenshot	 >>>>>> (GlobalFunction.java:74)	13:47:21
Thread Local getDrive()	 >>>>>> (DriverHandler.java:87)	13:47:21
isPresent	 >>>>>> (GlobalFunction.java:74)	13:47:21
zAssertTrue	 >>>>>> (GlobalFunction.java:74)	13:47:21
waitForElement	 >>>>>> (GlobalFunction.java:74)	13:47:21
isPresent	 >>>>>> (GlobalFunction.java:74)	13:47:21
isPresent	 >>>>>> (GlobalFunction.java:74)	13:47:21
>>>ExcelInput  ProjectContact  - AddContact  - ProjectRole	 >>>>>> (ExcelInput.java:14)	13:47:26
Value:Client team member	 >>>>>> (ExcelInput.java:22)	13:47:26
selectBoxByVisibleTextContains	 >>>>>> (GlobalFunction.java:74)	13:47:26
embedScreenshot	 >>>>>> (GlobalFunction.java:74)	13:47:26
Thread Local getDrive()	 >>>>>> (DriverHandler.java:87)	13:47:26
>>>ExcelInput  ProjectContact  - AddContact  - Attorney Email	 >>>>>> (ExcelInput.java:14)	13:47:32
Value:Tester@yopmail.com	 >>>>>> (ExcelInput.java:22)	13:47:32
clearAndEnterText	 >>>>>> (GlobalFunction.java:74)	13:47:32
embedScreenshot	 >>>>>> (GlobalFunction.java:74)	13:47:32
Thread Local getDrive()	 >>>>>> (DriverHandler.java:87)	13:47:32
isPresent	 >>>>>> (GlobalFunction.java:74)	13:47:32
zAssertTrue	 >>>>>> (GlobalFunction.java:74)	13:47:32
click	 >>>>>> (GlobalFunction.java:74)	13:47:32
zAssertTrueAndTakeScreenshot	 >>>>>> (GlobalFunction.java:74)	13:47:33
embedScreenshot	 >>>>>> (GlobalFunction.java:74)	13:47:33
Thread Local getDrive()	 >>>>>> (DriverHandler.java:87)	13:47:33
1 row(s) affected	 >>>>>> (Connection.java:73)	13:47:33
1 row(s) affected	 >>>>>> (Connection.java:73)	13:47:33
1 row(s) affected	 >>>>>> (Connection.java:73)	13:47:33
[INFO]	 Attempt 1 of 1 to execute  [PASSED]	 >>>>>> (ProjectContact.java:38)	13:47:33
Feature :	ProjectContact	 >>>>>> (ProjectContact.java:60)	13:47:33
Scenario :	Verify user can not add duplicate attorney	 >>>>>> (ProjectContact.java:61)	13:47:33
DataSetName :	AddContact
	 >>>>>> (ProjectContact.java:62)	13:47:33
]]></system-out>
    <system-err><![CDATA[[ERROR] Problem while finding out runner name
java.lang.NullPointerException
	at com.zensar.scriptutils.ScenarioState.<init>(ScenarioState.java:56)
	at sun.reflect.GeneratedConstructorAccessor134.newInstance(Unknown Source)
	at sun.reflect.DelegatingConstructorAccessorImpl.newInstance(DelegatingConstructorAccessorImpl.java:45)
	at java.lang.reflect.Constructor.newInstance(Constructor.java:423)
	at org.picocontainer.injectors.AbstractInjector.newInstance(AbstractInjector.java:145)
	at org.picocontainer.injectors.ConstructorInjector$1.run(ConstructorInjector.java:342)
	at org.picocontainer.injectors.AbstractInjector$ThreadLocalCyclicDependencyGuard.observe(AbstractInjector.java:270)
	at org.picocontainer.injectors.ConstructorInjector.getComponentInstance(ConstructorInjector.java:364)
	at org.picocontainer.injectors.AbstractInjectionFactory$LifecycleAdapter.getComponentInstance(AbstractInjectionFactory.java:56)
	at org.picocontainer.behaviors.AbstractBehavior.getComponentInstance(AbstractBehavior.java:64)
	at org.picocontainer.behaviors.Stored.getComponentInstance(Stored.java:91)
	at org.picocontainer.DefaultPicoContainer.getInstance(DefaultPicoContainer.java:699)
	at org.picocontainer.DefaultPicoContainer.getComponent(DefaultPicoContainer.java:647)
	at org.picocontainer.DefaultPicoContainer.getComponent(DefaultPicoContainer.java:632)
	at org.picocontainer.parameters.BasicComponentParameter$1.resolveInstance(BasicComponentParameter.java:118)
	at org.picocontainer.parameters.ComponentParameter$1.resolveInstance(ComponentParameter.java:136)
	at org.picocontainer.injectors.SingleMemberInjector.getParameter(SingleMemberInjector.java:78)
	at org.picocontainer.injectors.ConstructorInjector$CtorAndAdapters.getParameterArguments(ConstructorInjector.java:309)
	at org.picocontainer.injectors.ConstructorInjector$1.run(ConstructorInjector.java:335)
	at org.picocontainer.injectors.AbstractInjector$ThreadLocalCyclicDependencyGuard.observe(AbstractInjector.java:270)
	at org.picocontainer.injectors.ConstructorInjector.getComponentInstance(ConstructorInjector.java:364)
	at org.picocontainer.injectors.AbstractInjectionFactory$LifecycleAdapter.getComponentInstance(AbstractInjectionFactory.java:56)
	at org.picocontainer.behaviors.AbstractBehavior.getComponentInstance(AbstractBehavior.java:64)
	at org.picocontainer.behaviors.Stored.getComponentInstance(Stored.java:91)
	at org.picocontainer.DefaultPicoContainer.getInstance(DefaultPicoContainer.java:699)
	at org.picocontainer.DefaultPicoContainer.getComponent(DefaultPicoContainer.java:647)
	at org.picocontainer.DefaultPicoContainer.getComponent(DefaultPicoContainer.java:678)
	at cucumber.runtime.java.picocontainer.PicoFactory.getInstance(PicoFactory.java:40)
	at cucumber.runtime.java.JavaHookDefinition.execute(JavaHookDefinition.java:60)
	at cucumber.runner.HookDefinitionMatch.runStep(HookDefinitionMatch.java:16)
	at cucumber.runner.TestStep.executeStep(TestStep.java:63)
	at cucumber.runner.TestStep.run(TestStep.java:49)
	at cucumber.runner.TestCase.run(TestCase.java:40)
	at cucumber.runner.Runner.runPickle(Runner.java:40)
	at cucumber.api.testng.TestNGCucumberRunner.runScenario(TestNGCucumberRunner.java:68)
	at com.zensar.runner.ProjectContact.feature(ProjectContact.java:37)
	at sun.reflect.NativeMethodAccessorImpl.invoke0(Native Method)
	at sun.reflect.NativeMethodAccessorImpl.invoke(NativeMethodAccessorImpl.java:62)
	at sun.reflect.DelegatingMethodAccessorImpl.invoke(DelegatingMethodAccessorImpl.java:43)
	at java.lang.reflect.Method.invoke(Method.java:498)
	at org.testng.internal.MethodInvocationHelper.invokeMethod(MethodInvocationHelper.java:124)
	at org.testng.internal.Invoker.invokeMethod(Invoker.java:583)
	at org.testng.internal.Invoker.invokeTestMethod(Invoker.java:719)
	at org.testng.internal.Invoker.invokeTestMethods(Invoker.java:989)
	at org.testng.internal.TestMethodWorker.invokeTestMethods(TestMethodWorker.java:125)
	at org.testng.internal.TestMethodWorker.run(TestMethodWorker.java:109)
	at org.testng.TestRunner.privateRun(TestRunner.java:648)
	at org.testng.TestRunner.run(TestRunner.java:505)
	at org.testng.SuiteRunner.runTest(SuiteRunner.java:455)
	at org.testng.SuiteRunner.access$000(SuiteRunner.java:40)
	at org.testng.SuiteRunner$SuiteWorker.run(SuiteRunner.java:489)
	at org.testng.internal.thread.ThreadUtil$1.call(ThreadUtil.java:52)
	at java.util.concurrent.FutureTask.run(FutureTask.java:266)
	at java.util.concurrent.ThreadPoolExecutor.runWorker(ThreadPoolExecutor.java:1149)
	at java.util.concurrent.ThreadPoolExecutor$Worker.run(ThreadPoolExecutor.java:624)
	at java.lang.Thread.run(Thread.java:748)
1700557 [TestNG-tests-3] INFO io.github.bonigarcia.wdm.WebDriverManager - Using chromedriver 122.0.6261.111 (resolved driver for Chrome 122)
1700568 [TestNG-tests-3] INFO io.github.bonigarcia.wdm.WebDriverManager - Exporting webdriver.chrome.driver as C:\Users\vs106039\.cache\selenium\chromedriver\win64\122.0.6261.111\chromedriver.exe
Starting ChromeDriver 122.0.6261.111 (9d4c1072da62b411b351a38b9ed6214ab236aa7b-refs/branch-heads/6261@{#1015}) on port 36057
Only local connections are allowed.
Please see https://chromedriver.chromium.org/security-considerations for suggestions on keeping ChromeDriver safe.
ChromeDriver was started successfully.
Mar 12, 2024 1:46:11 PM org.openqa.selenium.remote.ProtocolHandshake createSession
INFO: Detected dialect: W3C
]]></system-err>
  </testcase>
</testsuite>