<?xml version="1.0" encoding="UTF-8"?>
<!-- Generated by org.testng.reporters.JUnitReportReporter -->
<testsuite skipped="0" hostname="EUROW42SLPC5721" name="com.zensar.runner.ActiveTransactionScopeBuilder" tests="4" failures="0" timestamp="12 Mar 2024 08:17:36 GMT" time="265.679" errors="0">
  <testcase name="feature" time="70.000" classname="com.zensar.runner.ActiveTransactionScopeBuilder"/>
  <testcase name="feature" time="63.105" classname="com.zensar.runner.ActiveTransactionScopeBuilder"/>
  <testcase name="feature" time="71.180" classname="com.zensar.runner.ActiveTransactionScopeBuilder"/>
  <testcase name="feature" time="61.394" classname="com.zensar.runner.ActiveTransactionScopeBuilder"/>
</testsuite> <!-- com.zensar.runner.ActiveTransactionScopeBuilder -->
