<?xml version="1.0" encoding="UTF-8"?>
<!-- Generated by org.testng.reporters.JUnitReportReporter -->
<testsuite skipped="0" hostname="EUROW42SLPC5721" name="com.zensar.runner.SetupProject" tests="7" failures="0" timestamp="12 Mar 2024 08:17:36 GMT" time="374.877" errors="0">
  <testcase name="feature" time="58.009" classname="com.zensar.runner.SetupProject"/>
  <testcase name="feature" time="55.656" classname="com.zensar.runner.SetupProject"/>
  <testcase name="feature" time="68.352" classname="com.zensar.runner.SetupProject"/>
  <testcase name="feature" time="28.869" classname="com.zensar.runner.SetupProject"/>
  <testcase name="feature" time="56.411" classname="com.zensar.runner.SetupProject"/>
  <testcase name="feature" time="52.603" classname="com.zensar.runner.SetupProject"/>
  <testcase name="feature" time="54.977" classname="com.zensar.runner.SetupProject"/>
</testsuite> <!-- com.zensar.runner.SetupProject -->
