<?xml version="1.0" encoding="UTF-8"?>
<!-- Generated by org.testng.reporters.JUnitReportReporter -->
<testsuite skipped="0" hostname="EUROW42SLPC5721" name="com.zensar.runner.ActiveTransaction" tests="5" failures="0" timestamp="12 Mar 2024 08:17:36 GMT" time="602.189" errors="0">
  <testcase name="feature" time="93.950" classname="com.zensar.runner.ActiveTransaction"/>
  <testcase name="feature" time="180.700" classname="com.zensar.runner.ActiveTransaction"/>
  <testcase name="feature" time="78.214" classname="com.zensar.runner.ActiveTransaction"/>
  <testcase name="feature" time="130.828" classname="com.zensar.runner.ActiveTransaction"/>
  <testcase name="feature" time="118.497" classname="com.zensar.runner.ActiveTransaction"/>
</testsuite> <!-- com.zensar.runner.ActiveTransaction -->
