<?xml version="1.0" encoding="UTF-8"?>
<!-- Generated by org.testng.reporters.JUnitReportReporter -->
<testsuite skipped="0" hostname="EUROW42SLPC5721" name="com.zensar.runner.CloseTransaction" tests="1" failures="0" timestamp="12 Mar 2024 08:17:36 GMT" time="96.781" errors="0">
  <testcase name="feature" time="96.781" classname="com.zensar.runner.CloseTransaction"/>
</testsuite> <!-- com.zensar.runner.CloseTransaction -->
