<?xml version="1.0" encoding="UTF-8"?>
<!-- Generated by org.testng.reporters.JUnitReportReporter -->
<testsuite skipped="0" hostname="EUROW42SLPC5721" name="com.zensar.runner.ActiveTransactionProviderList" tests="6" failures="0" timestamp="12 Mar 2024 08:17:36 GMT" time="469.527" errors="0">
  <testcase name="feature" time="55.693" classname="com.zensar.runner.ActiveTransactionProviderList"/>
  <testcase name="feature" time="122.457" classname="com.zensar.runner.ActiveTransactionProviderList"/>
  <testcase name="feature" time="49.771" classname="com.zensar.runner.ActiveTransactionProviderList"/>
  <testcase name="feature" time="55.176" classname="com.zensar.runner.ActiveTransactionProviderList"/>
  <testcase name="feature" time="119.599" classname="com.zensar.runner.ActiveTransactionProviderList"/>
  <testcase name="feature" time="66.831" classname="com.zensar.runner.ActiveTransactionProviderList"/>
</testsuite> <!-- com.zensar.runner.ActiveTransactionProviderList -->
