<?xml version="1.0" encoding="UTF-8"?>
<!-- Generated by org.testng.reporters.JUnitReportReporter -->
<testsuite skipped="0" hostname="EUROW42SLPC5721" name="com.zensar.runner.ProjectContact" tests="12" failures="0" timestamp="12 Mar 2024 08:17:36 GMT" time="1142.686" errors="0">
  <testcase name="feature" time="101.409" classname="com.zensar.runner.ProjectContact"/>
  <testcase name="feature" time="92.011" classname="com.zensar.runner.ProjectContact"/>
  <testcase name="feature" time="120.447" classname="com.zensar.runner.ProjectContact"/>
  <testcase name="feature" time="140.061" classname="com.zensar.runner.ProjectContact"/>
  <testcase name="feature" time="62.750" classname="com.zensar.runner.ProjectContact"/>
  <testcase name="feature" time="75.053" classname="com.zensar.runner.ProjectContact"/>
  <testcase name="feature" time="83.333" classname="com.zensar.runner.ProjectContact"/>
  <testcase name="feature" time="62.423" classname="com.zensar.runner.ProjectContact"/>
  <testcase name="feature" time="144.463" classname="com.zensar.runner.ProjectContact"/>
  <testcase name="feature" time="78.168" classname="com.zensar.runner.ProjectContact"/>
  <testcase name="feature" time="83.069" classname="com.zensar.runner.ProjectContact"/>
  <testcase name="feature" time="99.499" classname="com.zensar.runner.ProjectContact"/>
</testsuite> <!-- com.zensar.runner.ProjectContact -->
