<?xml version="1.0" encoding="UTF-8"?>
<!-- Generated by org.testng.reporters.JUnitReportReporter -->
<testsuite skipped="0" hostname="EUROW42SLPC5721" name="com.zensar.runner.ActiveTransactionProjectContact" tests="4" failures="0" timestamp="12 Mar 2024 08:17:36 GMT" time="271.588" errors="0">
  <testcase name="feature" time="66.907" classname="com.zensar.runner.ActiveTransactionProjectContact"/>
  <testcase name="feature" time="67.871" classname="com.zensar.runner.ActiveTransactionProjectContact"/>
  <testcase name="feature" time="71.959" classname="com.zensar.runner.ActiveTransactionProjectContact"/>
  <testcase name="feature" time="64.851" classname="com.zensar.runner.ActiveTransactionProjectContact"/>
</testsuite> <!-- com.zensar.runner.ActiveTransactionProjectContact -->
